['209']
['307']
['310']
['267']
['6']
['251']
['340']
['255']
['124']
['330']
['96']
['339']
['44']
['351']
['258']
['202']
['27']
['189', '50', '21', '298', '357', '181', '68', '228', '268', '201', '237', '239', '125', '254', '304', '163', '170', '61', '119', '249', '151', '23', '275', '127', '32', '64', '335', '8', '260', '191', '231', '204']
['135', '156', '152', '157', '203', '269', '214', '24', '290', '141', '224', '71', '235', '306', '38', '276', '9', '122', '3', '205', '245', '262', '349', '95', '363', '13', '238', '266', '17', '73', '25', '132', '14', '1', '288', '227', '165', '252', '321', '149', '174', '59', '81', '263', '212', '182', '277', '312', '129', '257', '57', '89', '55']
['302', '308', '52', '317', '168', '207', '362', '107', '344', '164', '285', '30', '150', '299', '118', '92', '188', '70', '147', '82', '12', '301', '361', '197', '272', '173', '186', '347', '208', '123', '58', '67', '93', '300', '18', '244', '356', '144', '48', '166', '259', '143', '353', '72', '342', '337', '256', '91', '278', '265', '162', '246', '226']
['134', '153', '215', '223', '338', '225', '90', '86', '331', '295', '341', '319', '36', '154', '328', '281', '117', '345', '327', '51', '29', '287', '140', '28', '33', '136', '43', '78', '177', '192', '49', '193', '133', '180', '329', '187', '42', '291', '355', '88', '94', '217', '138', '109', '324', '98', '34', '333', '271', '253', '63', '11', '199']
['221', '46', '222', '65', '103', '155', '274', '160', '111', '196', '248', '195', '247', '322', '305', '145', '261', '234', '37', '297', '7', '323', '294', '360', '336', '2', '332', '326', '200', '76', '120', '106', '359', '74', '354', '233', '314', '179', '216', '320', '137', '316', '230', '45', '79', '158', '54', '318', '69', '210', '171', '289', '282', '35']
['131', '66', '194', '39', '121', '315', '240', '53', '325', '311', '185', '80', '169', '105', '83', '250', '146', '343', '148', '352', '22', '190', '116', '159', '113', '350', '139', '97', '102', '213', '47', '19', '273', '183', '20', '101', '303', '219', '283', '242', '10', '184', '284', '175', '279', '75', '198', '100', '229', '313', '60']
['115', '4', '236', '293', '296', '264', '56', '62', '270', '211', '99', '41', '348', '243', '85', '161', '346', '130', '218', '128', '241', '206', '84', '31', '0', '110', '108', '5', '334', '40', '15', '292', '309', '16', '220', '172', '126', '114', '280', '112', '142', '77', '104', '178', '87', '286', '26', '167', '358', '176', '232']
