['ahs']
['abh']
['aah']
['agc']
['aim']
['ags']
['adb']
['age']
['aai']
['ahp']
['ajo']
['aep']
['acl']
['ach']
['acc']
['aby']
['adt']
['ajl']
['ain']
['aew']
['aiz']
['adq']
['ahy']
['aca']
['aao']
['acg']
['ahz']
['ahb']
['afd']
['acb']
['aiv']
['ads']
['agd']
['ais']
['acs']
['aal']
['arl', 'abl', 'aoo', 'asd', 'aso', 'atf']
['apm', 'apo', 'aqa', 'arf', 'arx', 'asm', 'aae', 'adl', 'aph', 'app', 'aqm', 'aqr', 'arg', 'asr', 'acn', 'aol', 'aow', 'aqc', 'arz', 'ata', 'aav', 'abz', 'aed', 'aeq', 'aqs', 'apj', 'ard', 'aqv', 'atb', 'aom', 'apc', 'aqu', 'are', 'ass', 'ade', 'adh', 'arw']
['arc', 'aap', 'aes', 'adw', 'abv', 'acu', 'adc', 'adn', 'adp', 'aox', 'ary', 'aov', 'asp', 'apl', 'apr', 'aqi', 'aqp', 'aqt', 'arh', 'arp', 'asj', 'asn', 'asq', 'abc', 'aar', 'aan', 'acj', 'aec', 'aei', 'aej', 'arb', 'ari', 'aqk', 'apd', 'apg', 'api']
['aor', 'apf', 'aqb', 'arj', 'ars', 'abb', 'abk', 'abr', 'act', 'ada', 'ado', 'asz', 'ark', 'ash', 'apq', 'arq', 'arr', 'asb', 'asl', 'aem', 'acz', 'aaf', 'aag', 'abf', 'acr', 'ast', 'aqd', 'asi', 'asg', 'aru', 'aop', 'aoy', 'aoz', 'apt', 'apw']
['apa', 'apx', 'aea', 'aeb', 'aad', 'abt', 'acq', 'acx', 'adj', 'adr', 'aee', 'anz', 'apv', 'aqz', 'asv', 'aeu', 'acd', 'acv', 'aat', 'aac', 'abs', 'acy', 'aeo', 'aet', 'asy', 'aos', 'aqj', 'aql', 'aoq', 'aqh', 'aqn', 'arm', 'asu', 'aeg', 'add', 'aam']
['ase', 'atd', 'aci', 'aiu', 'aas', 'abu', 'adm', 'aeh', 'apu', 'asw', 'alp', 'amq', 'apz', 'adi', 'adz', 'acw', 'adk', 'adv', 'aon', 'arv', 'apn', 'aqo', 'asc', 'aax', 'aaz', 'acf', 'adg', 'aaa', 'aaq', 'aco', 'adf', 'adx', 'art', 'ara', 'asx', 'aqx']
['anh', 'arn', 'aba', 'aab', 'aaj', 'abp', 'ack', 'acp', 'afn', 'ahc', 'aia', 'alg', 'amc', 'aqe', 'ajs', 'akc', 'alh', 'amx', 'anj', 'aou', 'apb', 'abi', 'ajg', 'aay', 'ace', 'aer', 'amm', 'apy', 'asf', 'ask', 'ady', 'abn', 'abw', 'amj', 'ano']
['agi', 'akj', 'ajy', 'alf', 'amy', 'anq', 'aro', 'aen', 'afg', 'ajw', 'amw', 'aoh', 'aqy', 'aak', 'aef', 'aek', 'abj', 'afv', 'ate', 'apk', 'amd', 'aju', 'akv', 'amn', 'ang', 'anm', 'ann', 'aot', 'acm', 'afp', 'abx', 'agf', 'ahd', 'aqf', 'alu', 'ana']
['akn', 'asa', 'anc', 'anv', 'ajx', 'akl', 'akz', 'all', 'aly', 'amr', 'amu', 'aqq', 'aaw', 'abq', 'afa', 'agr', 'ail', 'ajf', 'alq', 'amz', 'ame', 'akg', 'alj', 'alb', 'amp', 'and', 'aoa', 'aqg', 'aqw', 'abd', 'afh', 'aau', 'afb']
['aky', 'aku', 'akx', 'alm', 'anf', 'ahj', 'agg', 'ahk', 'aik', 'akr', 'alv', 'aob', 'aoe', 'aps', 'aji', 'abe', 'ael', 'afy', 'atc', 'alz', 'ama', 'aoj', 'alw', 'amf', 'anb', 'ank', 'aoc', 'aip', 'adu', 'aix', 'anl', 'alx', 'alt', 'abm', 'ahi', 'aja']
['afr', 'agt', 'agu', 'aic', 'ajr', 'akf', 'alr', 'amh', 'afc', 'aff', 'afj', 'agv', 'ait', 'anx', 'akk', 'aks', 'amb', 'ami', 'amk', 'aht', 'anp', 'amv', 'ajt', 'akp', 'amt', 'ant', 'aoi', 'ahe', 'ahq', 'aiq', 'afw', 'ahg', 'aif', 'aog', 'ako', 'aod', 'akt']
['agy', 'agz', 'agx', 'ahn', 'ahr', 'ani', 'aok', 'ald', 'ajv', 'anr', 'afl', 'afo', 'afs', 'aft', 'ago', 'aje', 'amg', 'anu', 'ape', 'aml', 'aka', 'ahh', 'aof', 'akq', 'akd', 'ake', 'ahx', 'ahv', 'agn', 'ahf', 'aij', 'ans', 'abo', 'ajp', 'aii']
['ala', 'ali', 'aig', 'aez', 'afk', 'ahl', 'ajk', 'ajz', 'agm', 'afx', 'aho', 'ajc', 'alc', 'aev', 'ahw', 'akm', 'any', 'agj', 'aiy', 'ajn', 'aex', 'ajj', 'akw', 'alo', 'aki', 'aiw', 'agq', 'afq', 'agh', 'aha', 'ajd', 'ajm', 'ams', 'aln', 'alk']
['akb', 'akh', 'als', 'aey', 'ahu', 'ajq', 'ahm', 'amo', 'afu', 'aga', 'agb', 'agw', 'ane', 'afm', 'air', 'agp', 'ale', 'ajh', 'aih', 'aio', 'aid', 'afz', 'agk', 'agl', 'anw', 'afe', 'afi', 'aie', 'abg', 'aib', 'ajb']
