['243']
['187']
['217']
['43']
['152']
['27']
['156']
['141']
['145']
['18']
['69']
['20']
['93']
['184']
['214']
['206']
['197']
['22']
['246']
['260']
['172']
['90']
['223']
['168']
['225']
['200']
['139']
['269']
['148']
['193']
['220']
['98']
['68']
['222']
['47']
['267']
['185']
['57']
['170']
['104']
['105']
['53']
['87']
['96']
['92']
['207']
['6']
['78']
['209']
['108']
['52']
['219']
['117']
['49']
['239', '103', '28', '151', '229', '107', '224', '123', '122', '88']
['71', '157', '154', '140', '64', '15', '35', '73', '161']
['233', '215', '138', '113', '99', '255', '29', '118', '33']
['67', '114', '111', '106', '212', '256']
['198', '254', '247', '196', '188', '50', '63', '110']
['195', '54', '264', '192', '132', '266', '261', '178', '59']
['228', '201', '216', '165', '5', '174', '38']
['112', '119', '91', '81', '262', '263', '173', '70', '166', '251']
['9', '120', '236', '76', '190', '147', '205', '4', '163', '155']
['134', '253', '171', '238', '124', '149']
['226', '204', '211', '51', '130', '191', '36', '240', '208', '42']
['8', '175', '235', '75', '231', '1', '48', '13', '97', '142']
['126', '16', '60', '86', '137']
['3', '250', '40', '182', '62', '25', '37']
['30', '109', '65', '131', '45', '146', '199', '245', '26', '128']
['77', '21', '234', '46', '257', '210', '189', '32', '176', '159']
['61', '180', '82', '249']
['34', '11', '153', '94', '183', '167', '10', '74', '203', '135']
['186', '213', '129', '85', '177', '2', '121', '181', '133', '241']
['56', '144', '237', '150', '127', '17', '221', '95', '100', '194']
['115', '248', '19', '89', '179']
['232', '268', '125', '158']
['230', '7', '169', '162', '202', '72', '12', '265', '252', '23']
['66', '41', '80', '31', '84', '39']
['116', '164', '83', '79', '244', '160', '101', '102', '14', '227']
['58', '258', '44', '136', '242']
['259', '218', '143', '0', '55', '24']
