['48']
['271']
['141']
['14']
['383']
['350']
['107']
['86']
['7']
['11']
['236']
['307']
['113']
['254']
['396']
['55']
['296']
['179']
['324']
['344']
['63']
['214']
['162']
['246']
['309']
['60']
['143']
['262']
['102']
['232']
['209']
['361']
['78']
['291']
['147']
['348']
['88']
['208']
['13']
['371']
['82']
['288']
['105']
['345']
['117']
['62']
['84']
['314']
['395']
['237']
['259']
['248']
['231']
['186']
['168']
['305']
['303']
['181']
['90']
['399']
['66']
['140']
['242']
['282']
['189']
['336']
['65']
['58']
['3']
['89']
['37']
['20']
['177']
['118']
['194']
['190']
['91']
['333']
['240']
['23']
['222']
['274']
['281']
['321']
['330']
['124']
['115']
['373']
['326']
['353']
['235']
['74']
['21']
['114']
['154']
['211']
['99']
['378']
['103']
['53']
['377']
['96']
['127']
['247']
['152']
['217']
['253']
['47']
['327']
['286']
['156']
['159']
['16']
['167']
['120']
['337']
['135']
['328']
['210']
['180']
['195']
['287']
['325']
['54']
['230']
['144']
['4']
['77']
['9']
['24']
['223']
['258']
['369']
['340']
['160']
['257']
['239']
['17']
['151']
['228']
['295']
['220']
['22']
['59']
['106']
['10']
['128']
['43']
['221']
['381']
['28']
['166']
['123']
['161']
['317']
['386']
['42']
['273']
['310']
['75']
['397']
['294']
['178']
['201']
['27']
['174']
['207']
['0']
['349']
['276']
['112']
['94']
['29']
['216']
['71']
['5']
['352']
['199']
['158']
['109']
['52', '67', '108', '111', '136', '137', '184', '196', '203', '206', '233', '234', '245', '265', '272', '280', '338', '339', '357', '363']
['171', '380', '360', '41', '365', '290', '376', '12', '366', '175', '329', '45', '119', '148', '100', '2', '18', '49', '50']
['38', '51', '72', '139', '372', '19', '173', '354', '393', '251', '6', '398', '391', '129', '358', '335', '212', '255', '218']
['198', '130', '92', '226', '61', '122', '270', '359', '341', '250', '68', '375']
['153', '142', '131', '368', '83', '356', '202', '299', '36', '278', '165', '323', '138', '110', '334', '176', '40', '284', '267', '269']
['263', '30', '35', '204', '33', '85', '298', '260', '169', '283']
['132', '170', '384', '297', '277', '134', '308', '69', '79', '302', '343', '34', '8', '64', '155', '379', '367', '193', '346', '39']
['355', '76', '224', '394', '121', '227', '249', '256']
['213', '268', '188', '200', '312', '389', '44', '104', '101', '342', '15', '313', '32', '241', '351', '264', '347']
['311', '285', '192', '57', '279', '322', '172', '93', '261', '332']
['183', '185', '304', '301', '392', '157', '318', '98', '87', '388', '315', '25', '225', '191']
['364', '243', '205', '390', '1', '275', '73']
['244', '319', '215', '133']
['219', '229', '26', '306', '374', '382', '95', '266', '163', '145', '150', '316', '97']
['146', '331', '164', '292', '320', '238']
['252', '56', '385', '182']
['300', '187', '125', '387', '126', '289', '362', '149', '116']
['46', '81', '70']
['80', '197', '293', '370']
['31']
