['10']
['120']
['194']
['221']
['245']
['37']
['79']
['58']
['222']
['171']
['3']
['228']
['67']
['116']
['121']
['138']
['14']
['63']
['45']
['76']
['52']
['205']
['212']
['90']
['160']
['13']
['73']
['133']
['86']
['103']
['206']
['40']
['233']
['16']
['150']
['184']
['164']
['113']
['219']
['2']
['108']
['170']
['159']
['18']
['238']
['156']
['127']
['43']
['11']
['193']
['26']
['178']
['175']
['246']
['247']
['226']
['62']
['54']
['106']
['48']
['109']
['111']
['200']
['44']
['70']
['166']
['69']
['17']
['80']
['220']
['223']
['85']
['49']
['181']
['147']
['196']
['88']
['89']
['187']
['7']
['172']
['60']
['27']
['155']
['23']
['214']
['152']
['21']
['50']
['8']
['239']
['101']
['174']
['42']
['6']
['241']
['55']
['72']
['28']
['25']
['209']
['237']
['188']
['215']
['1']
['51']
['211']
['225']
['128']
['202']
['35']
['129']
['123']
['53']
['0']
['68']
['19']
['224']
['110', '167', '114', '135', '180']
['136', '102', '46', '104', '5', '47', '65', '198', '229', '132', '93', '75', '115', '227']
['30', '105', '176', '189', '24', '134', '204', '242', '22', '15', '149', '139', '157', '124', '98', '96', '64', '117', '177', '186', '9', '218', '168', '163', '119', '240']
['185', '20', '199', '97', '210', '201', '131', '143', '161', '217', '158', '203', '235', '148', '32', '56']
['78', '82', '126', '36', '130', '216', '191', '249', '87', '169', '140', '99', '145', '236', '38', '125', '39', '137']
['144', '213', '74', '95', '94', '41', '190', '118', '12', '59', '162', '29', '122', '107', '31', '243', '234', '33']
['100', '4', '165', '179', '192', '142', '91', '197', '244', '232', '231', '207', '182']
['83', '84', '154', '71', '208', '183', '57', '141', '61', '66', '77', '92', '195', '173', '230', '146', '153', '112', '81', '248', '151', '34']
