['367']
['302']
['212']
['449']
['303']
['472']
['380']
['291']
['3']
['33']
['275']
['195']
['363']
['473']
['437']
['160']
['190']
['196']
['465']
['487']
['200']
['500']
['15']
['495']
['365']
['362']
['115']
['55']
['136']
['483']
['482']
['327']
['478']
['238']
['386']
['9']
['402']
['22']
['401']
['5']
['129']
['95']
['85']
['172']
['224']
['233']
['162']
['17']
['463']
['62']
['207']
['242']
['199']
['350']
['454']
['125']
['470']
['25']
['74']
['282']
['7']
['258']
['24']
['222']
['318']
['348']
['137']
['16']
['120']
['26']
['104']
['436']
['374']
['434']
['203']
['260', '71', '78', '97', '358', '251', '256', '40', '443', '28', '442', '368', '126', '230', '83', '59', '347', '186', '109', '330']
['343', '290', '313', '193', '444', '398', '381', '354', '352', '43', '234', '453', '438', '98', '68', '393', '268', '113', '399', '488']
['178', '271', '489', '107', '80', '161', '108', '261', '379', '266', '458', '165', '54', '413', '82', '198', '235']
['276', '86', '52', '139', '341', '111', '29', '431', '270', '322', '175', '231', '44', '308', '257', '211', '38', '221', '310', '486']
['45', '42', '452', '424', '299', '425', '150', '4', '229', '288', '462', '423', '273', '93', '158', '27', '451', '135', '153', '217']
['406', '269', '170', '253', '346', '114', '69', '155', '485', '494', '476', '213', '331', '421', '300', '414', '244']
['384', '191', '246', '20', '30', '497', '448', '259', '329', '152', '237', '283', '356', '188', '169', '307', '76', '41', '440', '321']
['315', '477', '337', '46', '361', '11', '147', '400', '492', '149', '66', '183', '91', '298', '142', '19', '360', '96', '274', '240']
['484', '284', '209', '168', '286', '429', '90', '102', '185', '407', '490', '373', '171']
['314', '140', '267', '100', '21', '226', '202', '366', '128', '110', '223', '339', '471', '220', '84', '138', '279', '163', '394', '63']
['99', '18', '37', '409', '289', '382', '319', '159', '383', '116', '70', '493', '468', '216', '278', '272', '204', '8', '123', '297']
['184', '89', '265', '317', '435', '127', '372', '301', '326', '280', '164', '249', '13', '58', '359', '479', '316', '122', '417', '133']
['50', '232', '119', '214', '134', '498', '61']
['277', '56', '201', '65', '60', '225', '12', '370', '395', '205', '480', '369', '157', '426', '73', '53', '340', '79', '422', '325']
['292', '31', '391', '35', '433', '239', '375', '106', '154', '294', '94', '121', '88', '466', '36', '408', '23', '353', '387', '48']
['236', '264', '177', '430', '243', '304', '474', '192', '342', '248', '306', '491']
['378', '252', '130', '67', '255', '364', '447', '428', '241', '228', '180', '14', '432', '496', '460', '305', '39', '77', '357', '418']
['254', '112', '143', '320', '403', '323', '227', '333', '51', '404', '344', '410', '187', '34', '441', '49', '64', '499', '385', '92']
['388', '311', '1', '87', '173', '124', '182', '405', '146', '411', '81', '475', '208']
['144', '176', '456', '309', '390', '118', '332', '296', '377', '117', '2', '245', '218']
['148', '250', '189', '336', '287', '194', '174', '132', '457', '355', '47', '145', '312', '281', '328', '412', '295', '415']
['371', '392', '345', '455', '469', '439', '416', '446', '10', '445', '197', '450', '262', '351', '181', '389']
['219', '247', '166', '464', '349', '167', '103', '206', '6', '151', '32', '179', '397']
['75', '105', '396', '141', '427', '131', '334', '57', '156', '419', '72']
['293', '338', '263', '420', '215', '101', '461', '335', '376', '459', '481', '467', '210', '324', '285']
