['gk', 'en', 'ag', 'fn', 'fc', 'gy', 'gx', 'bq', 'v', 'aw']
['hz', 'hq', 'gq', 'jb', 'f', 'kg', 'dk', 'cn', 'be', 'fu']
['bw', 'j', 'eq', 'jo', 'ex', 'jp', 'hp', 'ip', 'd', 'io']
['dp', 'h', 'gf', 'ec', 'cw', 'gj', 'ki', 'bi', 'de', 'hy']
['iw', 'jh', 'js', 'fr', 'fx', 'hf', 'jq', 'gu', 'es', 'fv']
['bp', 'cr', 'at', 'b', 'ea', 'ih', 'hn', 'ct', 'ga', 'hk']
['bc', 'bt', 'zz', 'he', 's', 'aa', 'bd', 'gd', 'gw', 'ha']
['ce', 'ad', 'eg', 'eb', 'gp', 'u', 'p', 'jg', 'o', 'ae']
['w', 'fp', 'co', 'hv', 'af', 'bh', 'r', 'bk', 'il', 'jz']
['gz', 'eu', 'br', 'cl', 'ia', 'hc', 'jw', 'ef', 'cc', 'am']
['jj', 'hx', 'jt', 'gn', 'ah', 'y', 'hs', 'gt', 'er', 'bb']
['hd', 'bf', 'jk', 'ik', 'bg', 'cg', 'ai', 'ie', 'ht', 'is']
['fe', 'ho', 'du', 'fj', 'gh', 'ca', 'ge', 'ez', 'gg', 'hm']
['e', 'ft', 'ba', 'da', 'cx', 'cj', 'ac', 'dc', 'c', 'ev']
['fz', 'ax', 'im', 'iv', 'au', 'cp', 'kb', 'ab', 'bx', 'dt']
['dw', 'fy', 'dg', 'fq', 'ci', 'jy', 'fd', 'by', 'cu', 'ck']
['ch', 'dz', 'kf', 'if', 'jn', 'cb', 'cs', 'ke', 'el', 'aq']
['ju', 'fb', 'hg', 'dx', 'ao', 'dv', 'ej', 'fa', 'ar', 'gm']
['fg', 'aj', 'fo', 'et', 'iz', 'gc', 'bm', 'hu', 'fl', 'kn']
['n', 'cy', 'az', 'dr', 'ic', 'as', 'hl', 'dn', 'gi', 'dh']
['eo', 'bn', 'kc', 'kk', 'ay', 'kj', 'dm', 'cf', 'gs', 'ee']
['kl', 'fm', 'kd', 'bu', 'db', 'jf', 'a', 'l', 'dj', 'fs']
['jm', 'ff', 'ap', 'cd', 'ib', 'gl', 'jl', 'kh', 'cz', 'hh']
['gb', 'bv', 'ka', 'fi', 'hi', 'ei', 'df', 'in', 'i', 'ds']
['ii', 'eh', 'dd', 'cv', 'gr', 'ep', 'ig', 'an', 'it', 'bo']
['t', 'jc', 'cm', 'fw', 'al', 'go', 'ew', 'dy', 'iu', 'ir']
['km', 'jd', 'bl', 'm', 'jr', 'ix', 'hb', 'bj', 'cq', 'je']
['hj', 'dq', 'fk', 'z', 'x', 'ek', 'av', 'dl', 'iy', 'jx']
['di', 'bz', 'bs', 'gv', 'hr', 'em', 'ey', 'q', 'hw', 'ij']
['ed', 'g', 'k', 'do', 'iq', 'ak', 'fh', 'ji', 'jv', 'ja']
