['D5B']
['JWV']
['tfQ']
['P8b', 'XMr', 'm5j', 'ZQL', 'gkI', 'b99']
['u1N', '4KN', 'aZv', 'DoC', 'xqY', 'emD', 'jFu', 'Gu6', 'SMj', 'PqY', '17Q', 'u9Q']
['Itn', 'uH4', 'nqI', 'fKV', 'mGb', 'LiP', 'fFJ', 'CU9', 'rz4', 'YFC', '0Qs', 'dlb']
['Ql9', 'wGp', 'Pas', 'Qtt', 'vJC', '5jv', '1gc', 'cFa', 'oSw', 'zEh', 'zfK', 'iTo']
['oZQ', 'i4H', 'MQT', 'x8V', '5U2', 'ZVF', 'x86', 'rC8', 'USE', 'YUZ', 'Mvm', 'upV']
['qLD', 'Bfu', 'nkl', 'FzE', 'e8d', 'z1H', 'LTB', 'QDa', 'VVW', 'mIe', 'Wmv', 'gE4']
['4gy', '1aX', 'AK4', 'F9o', '6sH', 'GpL', 'iiE', 'Fws', 'Y2z', 'oak', 'zgJ', 'IU6']
['JVP', '8j5', 'aLB', 'wgA', 'oSh', 'v6U', 'b7z', 'AHs', 'xx7', 'a4K', 'klv', 'psG']
['pf5', 'qkE', 'NGB', 'ZxX', 'MrD', '6Hl', '8uz', 'PiG', '81k', 'EoI', 'FbA', 'U0P']
['PQT', 'e8H', 'W8n', 'HkK', 'tKI', 'FkC', '70K', 'qPq', 'mcI', 'N08', 'YBr', '1RB']
['69w', '4p5', 'BDE', 'nQv', 'kte', 'KS2', 'PlJ', 'HvR', 'Swe', 'Fmb', '9NA', 'Ke0']
['j3s', 'tpP', 'QhQ', 'kZ0', 'gTC', 'gEU', 'f9z', 'WLk', 'yAp', 'Ns3', 'X5J']
['e6S', 'slQ', 'KRy', 'zTH', 's1n', '4fp', 'JyM', 'Xim', 'VCH', 'mRG', 'KZy', '27J']
['bA6', '1uW', 'n99', 'XHa', 'G2k', 'txp', 'rgC', '0ID', 'vyM', 'gfv', 'xpw', 'Zc5']
['dvU', 'wqW', 'ZNv', 'TUB', '0RD', 'J8r', 'xz4', 'bAf', 'fFE', '28R', 'rmu', 'W4L']
['Jla', 'xxJ', 'i9C', 'kiK', 'XlR', 'NiX', 's6M', '4LY', '4nb', 'pTi', '2UA', 'kT2']
['mFO', '6na', 'uVg', '5zB', 'I2i', 'rYU', 'Twl', 'czy', '19T', 'etm', '0gI', 'U4K']
['5i6', 'kYz', 'blA', 'WLo', '3kn', 'JYa', 'Qyh', 'uGP', 'EJa', 'WXJ', 'xLA', '8VG']
['d60', 'VZ7', 'gWT', 'aTI', 'CYA', 'tm4', 'Epk', 'nc0', 'Afe', 'NyP', 'AKr', 'nRH']
['dLc', 'BPL', '2mv', 'U0Z', '8nm', 'Z7b', 'stN', '5qS', 'iS6', 'YNK', 'jEj']
['NqO', 'Qti', 's3z', 'cDc', 'rMd', 'hYw', 'GUX', 'PJa', 'cmd', 'hdp', 'hHB', 'WB2']
['oPH', 'ptf', 'lKO', 'L1u', '3QX', 'qmj', 'Qa3', 'ziA', 'bDO', 'uQL', 'FEQ', 'VoJ']
['JfN', 'VAV', '6ro', '6pB', 'iFt', 'OCL', 'Ot9', 'VPb', 'uZt', 'SmS', 'SV9', 'B99']
['HWv', 'jWX', 'rXN', 'mLL', 'gVV', 'h3r', 'b9f', 'fQ3', 'eGG', 'hct', 'UPL']
['gEp', 'UDc', 'Hbr', 'sfk', 'a55', 'IZQ', '9ug', 'Eou', 'hiF', 'I2S', '2vJ', 'JLF']
['AcJ', 'Jgp', 'nQj', 'iGU', 'xRH', 'Ihb', 'iW8', 'c3v', 'dNX', 'Hi0', 'SFn', 'IJ1']
['W2Z', 'jGk', 'zfD', 'KGR', 'UmG', '5Li', 'ULj', 'cEk', 'tEu', 'tK7', 'MNb', '1QY']
['96X', 'H68', 'g08', 'PPi', 'tFU', 'X9s', 'nf5', 'D40', 'ux2', 'BV4', 'rGT', 'mLF']
['8uu', '00m', 'H9O', 'dSZ', 'SiL', 'EJD', 'YEe', 'euj', '1xS', 'E2A', '4Nd', 'btz']
['QEF', 'vca', 'AJT', 'uii', 'qDy', 'yLV', '0oy', '5n5', 'iba', 'PoH', 'sKX', 'wwD']
['6Ip', 'Tn8', 'Hyj', 'mUL', 'Hxo', 'hQH', 'JcP', 'ZFU', 'ISX', 'ttO', 'YMC', 'lsG']
['bLd', 'Kn8', 'ewc', 'X5a', 'oUs', 'GRw', 'ZY3', 'CwC', 'NXP', 'O2z', 'h6l', '9F9']
