['149']
['194']
['26']
['126']
['11']
['245']
['255']
['104']
['234']
['148']
['181', '25', '136', '292', '268', '1', '76', '174', '213', '72', '85', '259', '18', '248', '242']
['178', '209', '99', '240', '272', '161', '119', '252', '239', '118', '38', '66', '187', '238', '141']
['36', '44', '163', '154', '251', '184', '91', '262', '221', '279', '29', '61', '3', '196', '6']
['137', '33', '162', '180', '108', '200', '274', '17', '62', '45', '265', '93', '160', '59', '284']
['50', '24', '216', '120', '226', '283', '112', '269', '94', '109', '281', '88', '103', '71', '134']
['258', '107', '294', '182', '188', '4', '282', '145', '183', '55', '128', '144', '208', '31']
['250', '143', '179', '232', '60', '207', '278', '189', '175', '173', '295', '117', '275', '124']
['297', '125', '102', '197', '79', '63', '127', '223', '146', '172', '68', '211', '165', '291', '298']
['41', '176', '138', '230', '21', '285', '202', '164', '276', '48', '167', '299', '77', '288']
['70', '267', '101', '54', '156', '201', '222', '231', '249', '229', '37', '51', '19', '257', '151']
['199', '75', '30', '243', '49', '5', '42', '293', '57', '190', '233', '98', '28', '261', '96']
['121', '244', '74', '215', '140', '263', '157', '227', '168', '235', '290', '14', '203', '83', '113']
['171', '289', '158', '73', '22', '142', '260', '150', '81', '266', '256', '186']
['23', '111', '205', '105', '15', '34', '16', '166', '47', '106', '236', '273', '139', '131', '224']
['80', '191', '110', '10', '116', '153', '254', '155', '58', '65', '12', '39', '192']
['212', '198', '152', '241', '90', '246', '147', '218', '53', '271', '2', '247', '52', '129', '0']
['84', '204', '64', '220', '46', '253', '89', '123', '56', '95', '67', '35', '27', '185']
['287', '114', '219', '7', '214', '228', '193', '87', '78', '40', '225', '100', '210', '97', '115']
['270', '217', '170', '206', '9', '237', '277', '177', '32', '280', '43', '86', '8', '296', '195']
['122', '92', '20', '135', '132', '69', '286', '264', '82', '130', '133', '159', '13', '169']
