['Casie']
['Catriona']
['Brandea']
['Bride']
['Cele', 'Berna', 'Anet']
['Athena', 'Christabella', 'Anabal', 'Aile', 'Bobbie', 'Alikee', 'Betteann', 'Arliene', 'Barbra', 'Austina']
['Agnola', 'Cammi', 'Anabelle', 'Carlee', 'Cherise', 'Calli', 'Aili', 'Bernadine', 'Bamby', 'Binni']
['Billy', 'Alicea', 'Caron', 'Amy', 'Alyda', 'Catie', 'Charity', 'Cheslie', 'Beatrice', 'Berni']
['Celie', 'Andi', 'Analiese', 'Babita', 'Alexia', 'Brigid', 'Berty', 'Brittaney', 'Caroljean', 'Cathrine']
['Ashlie', 'Chelsey', 'Alexandrina', 'Babs', 'Berri', 'Ardella', 'Ardra', 'Caro', 'Benetta', 'Angelina']
['Anallese', 'Bryna', 'Cherilyn', 'Amargo', 'Berta', 'Ailene', 'Bert', 'Alix', 'Cami', 'Brandy']
['Charlot', 'Angie', 'Aimil', 'Amanda', 'Babbette', 'Allissa', 'Carmel', 'Alice', 'Candra', 'Bill']
['Anjela', 'Aaren', 'Cariotta', 'April', 'Caralie', 'Adelice', 'Augusta', 'Chiquia', 'Addi', 'Athene']
['Caril', 'Audy', 'Cassondra', 'Annabelle', 'Cesya', 'Alexi', 'Bobbee', 'Angela', 'Alys']
['Bernete', 'Caren', 'Chelsy', 'Anne', 'David', 'Bess', 'Carlye', 'Adoree', 'Almeda', 'Adelheid']
['Babbie', 'Ali', 'Christyna', 'Aubine', 'Andrea', 'Ashli', 'Celestine', 'Carina']
['Aveline', 'Annabela', 'Charyl', 'Carena', 'Barbey', 'Cody', 'Asia', 'Arlina', 'Barbabra', 'Christye']
['Annelise', 'Celestyn', 'Bliss', 'Cherye', 'Brier', 'Aubrette', 'Blythe', 'Cammy', 'Ardeen', 'Cherrita']
['Abra', 'Andree', 'Bellanca', 'Candis', 'Brigida', 'Bibbie', 'Annora', 'Bobbye', 'Betty']
['Callida', 'Carlyn', 'Angil', 'Caryl', 'Bernardine', 'Bobinette', 'Caryn', 'Brandie', 'Ariela', 'Bunny']
['Angel', 'Adorne', 'Bethany', 'Penny', 'Catharine', 'Agatha', 'Ardene', 'Bobby', 'Bobette', 'Chiarra']
['Allix', 'Cacilia', 'Charmion', 'Arlene', 'Alysa', 'Christal', 'Alie', 'Beverie', 'Anica', 'Alanah']
['Christel', 'Cal', 'Annadiane', 'Camel', 'Carlynn', 'Brandise', 'Carrissa', 'Auroora', 'Carmine', 'Anni']
['Astrix', 'Bessy', 'Billi', 'Aeriel', 'Chanda', 'Catlee', 'Calla', 'Annabel', 'Alisun', 'Carmelita']
['Billie', 'Aurelea', 'Amabel', 'Ada', 'Casandra', 'Alverta', 'Alayne', 'Barbaraanne', 'Bernardina', 'Belita']
['Brandi', 'Agace', 'Benita', 'Carole', 'Ara', 'Ambur', 'Avis', 'Carolina', 'Alejandra', 'Blanche']
