['407']
['28']
['398']
['301']
['310']
['70']
['333']
['243']
['368']
['158']
['311']
['173']
['199']
['111']
['356']
['276']
['394', '361', '349', '80', '137', '197', '351', '117', '220', '89', '206', '76', '377', '262', '162', '15', '23', '39', '92', '119', '172', '174', '192', '202', '293', '300', '302', '357', '390', '396']
['324', '295', '133', '359', '340', '145', '419', '253', '384', '379', '405', '360', '316', '321', '248', '343', '225', '412', '138', '326', '364', '157', '279', '149', '14', '72', '184', '156', '106', '203']
['160', '299', '254', '105', '53', '166', '193', '10', '46', '337', '144', '153', '413', '348', '30', '200', '308', '161', '31', '62', '122', '362', '314', '389', '315', '403', '395', '416', '227', '97']
['408', '196', '404', '263', '170', '255', '1', '336', '242', '98', '322', '129', '283', '401', '126', '4', '374', '388', '272', '372', '258', '270', '260', '256', '93', '108', '290', '169', '319', '101']
['179', '285', '171', '180', '380', '210', '328', '100', '131', '366', '51', '56', '273', '312', '44', '309', '109', '344', '9', '346', '370', '397', '325', '47', '83', '146', '6', '165', '369', '406']
['132', '151', '58', '286', '355', '128', '205', '130', '185', '176', '251', '33', '94', '87', '331', '275', '69', '41', '66', '63', '383', '186', '67', '7', '110', '57', '181', '32', '95', '294']
['247', '234', '120', '339', '20', '37', '21', '296', '249', '358', '143', '332', '306', '211', '264', '26', '338', '257', '367', '103', '5', '281', '410', '214', '244', '329', '77', '399']
['352', '265', '341', '268', '25', '393', '90', '61', '250', '188', '318', '240', '18', '3', '229', '373', '386', '141', '104', '208', '363', '222', '387', '182', '261', '418', '292', '297', '52', '147']
['16', '139', '50', '88', '228', '59', '218', '112', '183', '391', '284', '68', '245', '271', '118', '236', '113', '54', '238', '330', '223', '414', '215', '78', '305']
['345', '400', '42', '278', '219', '221', '163', '375', '85', '55', '226', '191', '127', '392', '385', '34', '159', '36', '82', '411', '237', '135', '216', '164', '45', '317', '140', '29', '150', '43']
['201', '417', '148', '13', '382', '142', '178', '212', '232', '376', '409', '327', '115', '347', '167', '71', '266', '75', '207', '49', '231', '198', '124', '189', '213', '187', '298', '35', '102', '24']
['204', '381', '79', '353', '224', '402', '280', '320', '8', '107', '303', '289', '154', '136', '323', '313', '246', '342', '114', '152', '350', '19', '194', '123', '233', '334', '86']
['365', '274', '230', '91', '288', '74', '304', '12', '287', '217', '282', '2', '291', '73', '121', '48', '177', '64', '209', '40', '252', '96', '307', '155', '335', '125', '168', '277', '175']
['415', '190', '99', '60', '354', '269', '38', '235', '239', '195', '27', '134', '81', '65', '259', '11', '378', '241', '267', '371', '17', '116', '0', '84', '22']
