['173']
['497']
['306']
['148']
['55']
['91']
['374']
['293', '297', '303', '307', '309', '312', '317', '320', '339', '344', '353', '360', '363', '369', '379', '394', '415', '427', '449', '494']
['83', '162', '318', '176', '280', '120', '65', '27', '121', '451', '15', '29', '319', '130', '6', '9', '35', '44', '51', '52', '58', '64', '74', '98', '100', '102', '106', '122', '127', '145', '149', '157', '161', '182', '226', '243', '245', '274', '284', '290']
['50', '361', '43', '47', '305', '426', '163', '207', '170', '392', '414', '270', '193', '325', '348', '401', '89', '201', '322', '371', '90', '221', '16', '175', '263', '80', '164', '457', '31', '362', '40', '487', '155', '480', '188', '421', '14', '228', '123', '402']
['463', '465', '75', '425', '19', '333', '272', '279', '397', '189', '472', '269', '311', '230', '313', '477', '186', '282', '110', '486', '140', '187', '137', '354', '160', '255', '387', '191', '327', '138', '165', '223', '30', '12', '124', '356', '289', '445', '190', '21']
['200', '76', '300', '490', '32', '422', '206', '285', '491', '62', '153', '382', '17', '316', '219', '444', '324', '63', '107', '69', '236', '79', '132', '489', '456', '181', '336', '286', '112', '406', '159', '18', '114', '366', '61', '211', '96', '352', '395', '10']
['499', '72', '276', '41', '438', '240', '262', '154', '492', '292', '283', '399', '144', '433', '192', '424', '142', '247', '118', '416', '2', '393', '408', '372', '156', '185', '234', '367', '439', '295', '431', '5', '423', '7', '495', '341', '45', '259', '59', '466']
['260', '256', '264', '384', '385', '202', '116', '218', '329', '101', '128', '235', '429', '254', '287', '109', '326', '315', '49', '468', '97', '194', '450', '357', '25', '166', '493', '351', '461', '302', '229', '328', '169', '104', '39', '225', '93', '346', '205']
['133', '358', '432', '215', '420', '398', '167', '172', '380', '470', '288', '273', '342', '199', '335', '136', '345', '257', '294', '126', '71', '143', '73', '208', '180', '340', '331', '473', '224', '383', '278', '237', '291', '23', '60', '443', '355', '430', '232']
['105', '147', '174', '20', '113', '151', '389', '459', '68', '301', '266', '222', '332', '57', '412', '261', '183', '482', '314', '249', '419', '66', '56', '77', '217', '54', '103', '418', '296', '403', '129', '108', '271', '435', '268', '119', '233', '209', '267']
['330', '227', '3', '92', '42', '365', '471', '125', '33', '488', '448', '28', '152', '321', '370', '368', '464', '94', '134', '400', '251', '241', '214', '434', '95', '11', '81', '485', '281', '381', '117', '53', '196', '239', '407', '88', '455', '250', '195', '212']
['203', '37', '469', '453', '308', '231', '364', '442', '304', '146', '168', '131', '496', '158', '26', '483', '350', '417', '177', '391', '436', '252', '178', '388', '405', '36', '428', '479', '141', '409', '244', '373', '277', '310', '447', '390']
['467', '82', '441', '458', '70', '460', '0', '481', '343', '475', '347', '216', '378', '38', '34', '139', '87', '476', '323', '410', '337', '115', '135', '84', '85', '179', '375', '171', '22', '253', '111', '404', '67', '213', '411', '462', '210', '275', '4', '197']
['248', '220', '1', '258', '242', '150', '376', '359', '440', '396', '13', '437', '478', '452', '78', '446', '484', '48', '299', '454', '298', '349', '99', '338', '413', '238', '184', '386', '8', '204', '474', '198', '46', '86', '246', '377', '334', '24', '265', '498']
