['1']
['5']
['0']
['2']
['3']
['4']
['6']
['8']
['12']
['7']
['9']
['10']
['11']
['13']
['15']
['19']
['14']
['16']
['17']
['18']
['20']
['22']
['26']
['21']
['23']
['24']
['25']
['27']
['29']
['33']
['28']
['30']
['31']
['32']
['34']
['36']
['424', '426']
['419', '421', '420', '422', '423']
['414', '413', '415', '416', '417']
['406', '408', '409', '410', '412']
['401', '402', '403', '405', '407']
['395', '396', '398', '400', '399']
['389', '391', '393', '392', '394']
['384', '386', '385', '387', '388']
['379', '378', '380', '381', '382']
['371', '373', '374', '375', '377']
['366', '367', '368', '370', '372']
['360', '361', '363', '365', '364']
['354', '356', '358', '357', '359']
['349', '351', '350', '352', '353']
['344', '343', '345', '346', '347']
['336', '338', '339', '340', '342']
['331', '332', '333', '335', '337']
['325', '326', '328', '330', '329']
['319', '321', '323', '322', '324']
['314', '316', '315', '317', '318']
['309', '308', '310', '311', '312']
['301', '303', '304', '305', '307']
['296', '297', '298', '300', '302']
['290', '291', '293', '295', '294']
['284', '286', '288', '287', '289']
['279', '281', '280', '282', '283']
['274', '273', '275', '276', '277']
['266', '268', '269', '270', '272']
['261', '262', '263', '265', '267']
['255', '256', '258', '260', '259']
['249', '251', '253', '252', '254']
['244', '246', '245', '247', '248']
['239', '238', '240', '241', '242']
['231', '233', '234', '235', '237']
['226', '227', '228', '230', '232']
['220', '221', '223', '225', '224']
['214', '216', '218', '217', '219']
['209', '211', '210', '212', '213']
['204', '203', '205', '206', '207']
['196', '198', '199', '200', '202']
['191', '192', '193', '195', '197']
['185', '186', '188', '190', '189']
['179', '181', '183', '182', '184']
['174', '176', '175', '177', '178']
['169', '168', '170', '171', '172']
['161', '163', '164', '165', '167']
['156', '157', '158', '160', '162']
['150', '151', '153', '155', '154']
['144', '146', '148', '147', '149']
['139', '141', '140', '142', '143']
['134', '133', '135', '136', '137']
['126', '128', '129', '130', '132']
['121', '122', '123', '125', '127']
['115', '116', '118', '120', '119']
['109', '111', '113', '112', '114']
['104', '106', '105', '107', '108']
['99', '98', '100', '101', '102']
['91', '93', '94', '95', '97']
['86', '87', '88', '90', '92']
['80', '81', '83', '85', '84']
['74', '76', '78', '77', '79']
['69', '71', '70', '72', '73']
['64', '63', '65', '66', '67']
['56', '58', '59', '60', '62']
['51', '52', '53', '55', '57']
['45', '46', '48', '50', '49']
['43', '42', '44']
[]
['40']
['35']
['37']
['38']
['39']
['425']
['390', '397', '404', '411', '418']
['355', '362', '369', '376', '383']
['320', '327', '334', '341', '348']
['285', '292', '299', '306', '313']
['250', '257', '264', '271', '278']
['215', '222', '229', '236', '243']
['180', '187', '194', '201', '208']
['145', '152', '159', '166', '173']
['110', '117', '124', '131', '138']
['75', '82', '89', '96', '103']
['47', '54', '61', '68']
['41']
