['a198']
['a367']
['a241']
['a17']
['a164']
['a201']
['a106']
['a188']
['a110']
['a290']
['a40']
['a174']
['a61', 'a113']
['a243', 'a12', 'a199', 'a91', 'a216', 'a379', 'a81', 'a322', 'a163', 'a50', 'a103', 'a51', 'a21', 'a6', 'a23', 'a317', 'a244', 'a82', 'a44', 'a135']
['a55', 'a355', 'a277', 'a182', 'a202', 'a160', 'a56', 'a39', 'a108', 'a245', 'a47', 'a206', 'a374', 'a186', 'a139', 'a118', 'a184', 'a84', 'a276', 'a117']
['a42', 'a65', 'a171', 'a221', 'a78', 'a167', 'a360', 'a231', 'a155', 'a89', 'a138', 'a275', 'a46', 'a200', 'a306', 'a294', 'a372', 'a98', 'a214', 'a237']
['a308', 'a270', 'a235', 'a19', 'a52', 'a1', 'a399', 'a115', 'a165', 'a8', 'a268', 'a99', 'a210', 'a62', 'a18', 'a382', 'a217', 'a309', 'a343', 'a53']
['a292', 'a80', 'a339', 'a36', 'a338', 'a329', 'a310', 'a393', 'a334', 'a93', 'a197', 'a64', 'a111', 'a189', 'a230', 'a333', 'a11', 'a97', 'a303', 'a86']
['a265', 'a137', 'a107', 'a269', 'a4', 'a289', 'a142', 'a129', 'a124', 'a300', 'a207', 'a172', 'a156']
['a181', 'a120', 'a90', 'a344', 'a26', 'a274', 'a22', 'a77', 'a70', 'a340', 'a177', 'a0', 'a239', 'a170', 'a169']
