['13']
['1112']
['11']
['1111']
['62']
['58']
['139', '91', '9', '105', '394', '193', '77', '6', '195', '447', '284', '66', '177', '67', '190', '304', '11129']
['263', '19', '419', '405', '467', '417', '38', '458', '362', '349', '42', '125', '26', '262', '261', '157', '424', '122', '194', '74', '64', '302', '22', '108', '281', '216', '289', '231', '149', '197']
['4', '90', '21', '159', '146', '138', '10', '143', '439', '465', '338', '392', '279', '455', '101', '296', '307', '187', '52', '429', '119', '383', '367', '211', '361', '437', '323', '94', '355', '54']
['30', '87', '85', '134', '27', '432', '354', '181', '408', '403', '220', '217', '79', '111', '268', '406', '198', '34', '414', '221', '80', '99', '379', '129', '315', '224', '164', '182', '272', '204']
['259', '288', '256', '212', '258', '449', '401', '102', '183', '230', '176', '299', '209', '376', '386', '287', '251', '285', '154', '380', '189', '169', '73', '1', '330', '165', '148', '59', '411', '5']
['150', '180', '128', '245', '254', '184', '336', '295', '162', '461', '333', '384', '178', '311', '97', '246', '374', '60', '248', '133', '33', '310', '116', '375', '348', '55', '163', '57', '396', '326']
['303', '464', '7', '385', '115', '453', '316', '366', '300', '215', '247', '93', '442', '420', '328', '167', '18', '202', '132', '153', '435', '136', '436', '104', '29', '82', '364', '332', '413', '305']
['249', '428', '40', '199', '274', '452', '292', '369', '441', '72', '372', '232', '16', '339', '344', '306', '324', '196', '373', '106', '409', '234', '158', '92', '53', '173', '244', '398', '321', '377']
['331', '127', '457', '275', '145', '236', '147', '140', '346', '71', '171', '225', '351', '78', '319', '12', '415', '68', '175', '434', '35', '448', '28', '200', '241', '144', '388', '120', '410', '298']
['103', '269', '170', '213', '462', '427', '253', '226', '84', '156', '168', '454', '20', '412', '114', '36', '280', '240', '313', '382', '8', '218', '49', '341', '358', '161', '334', '98', '291', '267']
['446', '151', '260', '186', '430', '243', '278', '56', '126', '264', '378', '309', '308', '444', '25', '293', '0', '360', '219', '166', '228', '270', '141', '368', '11113', '203', '257', '283', '301', '340']
['117', '422', '404', '266', '14', '252', '188', '265', '172', '15', '286', '363', '83', '23', '206', '121', '185', '356', '318', '352', '50', '81', '214', '342', '365', '31', '271', '61', '63', '69']
['75', '418', '277', '229', '456', '451', '242', '391', '350', '426', '402', '381', '76', '41', '131', '137', '11112', '395', '389', '459', '397', '39', '227', '431', '450', '416', '335', '179', '130', '205']
['37', '239', '95', '32', '329', '160', '142', '1118', '235', '124', '11114', '11116', '11126', '208', '325', '24', '250', '343', '290', '347', '123', '43', '314', '233', '445', '297', '327', '89']
['70', '1114', '47', '1113', '1117', '11122', '11124', '425', '11127', '11128', '174', '86', '48', '65', '191', '345', '438', '370', '88', '238', '51', '320', '353', '45', '466', '100', '400', '399', '294']
['237', '359', '11120', '371', '17', '433', '110', '255', '393', '223', '192', '11111', '11115', '282', '276', '317', '463', '440', '152', '109', '387', '273', '155', '390', '46', '337', '222', '113', '135', '443']
['1116', '107', '11119', '118', '1119', '11117', '423', '96', '207', '11110', '2', '312', '11118', '357', '11121', '407', '460', '112', '1115', '210', '11123', '3', '11125', '421', '44', '322', '201']
