['ZCF', 'LXJ', 'XXQ', 'PME', 'WJS', 'APD', 'GXJ', 'YTQ', 'ZPA', 'GYM', 'LWA', 'WHJ', 'MJV', 'YYG', 'OVZ', 'QYA', 'BCW', 'POJ', 'SCK', 'IAM', 'YAR', 'IUE', 'WKY', 'KVY', 'JVR']
['CDW', 'JWQ', 'WWT', 'BFH', 'PTX', 'IFU', 'ECG', 'IDJ', 'DNE', 'TWL', 'ZRO', 'CRF', 'TUK', 'JMO', 'RBJ', 'TQM', 'HPV', 'LHD', 'NDB', 'LLX', 'PAU', 'GGP', 'WGY', 'BZI', 'FSW']
['XJW', 'KUO', 'QIK', 'KVD', 'ALI', 'AHE', 'OEN', 'MNB', 'NTW', 'PZA', 'SCX', 'ZIT', 'XRV', 'ABC', 'IQJ', 'AGI', 'XVQ', 'RKO', 'RZW', 'CFP', 'XCX', 'FPT', 'IEK', 'JXM', 'SQR']
['FMU', 'JSL', 'BEQ', 'JTZ', 'MAC', 'EPR', 'AYJ', 'CGQ', 'QCJ', 'CCY', 'RDG', 'QTQ', 'BBZ', 'BDX', 'MCI', 'TQB', 'QJK', 'FQC', 'NDJ', 'VCY', 'PBP', 'DTU', 'MWQ', 'ULP', 'XFW']
['RIX', 'NPS', 'YTR', 'WZL', 'SFD', 'IKW', 'ALG', 'QLH', 'IIT', 'IUY', 'IKB', 'KDV', 'GBL', 'TMD', 'MSC', 'HXF', 'GUE', 'VYF', 'FUR', 'NDI', 'UGW', 'XNY', 'AWX', 'PGE', 'UKF']
['GLR', 'UDD', 'AIM', 'XKQ', 'UOM', 'ASO', 'SRP', 'FWN', 'WCD', 'MED', 'OCI', 'NJD', 'KLZ', 'WSD', 'CXP', 'DMH', 'ZFO', 'MUL', 'IDO', 'SMM', 'GMF', 'EBB', 'WCB', 'VTH', 'JZY']
['YOA', 'NXI', 'DAT', 'SCZ', 'EAA', 'KEQ', 'MBZ', 'HXZ', 'DTW', 'DFW', 'WIF', 'QVI', 'YPX', 'KJN', 'NGH', 'IKN', 'YVQ', 'SUT', 'YEN', 'XPW', 'NGI', 'EBA', 'DWU', 'CGD', 'RNM']
['UTL', 'PYK', 'YDT', 'JME', 'BRY', 'CIH', 'VQR', 'RKH', 'GSB', 'QTR', 'DJA', 'MYN', 'KXZ', 'POC', 'YKH', 'FWA', 'VMW', 'DCZ', 'QRE', 'WTX', 'CEY', 'TLC', 'YSP', 'LZI', 'YYJ']
['QMI', 'CAO', 'KLS', 'TDJ', 'FJH', 'RSJ', 'AYK', 'YSM', 'OFJ', 'HGD', 'UMO', 'ZKY', 'UKO', 'PGO', 'PJW', 'HMT', 'IPV', 'FOW', 'RYT', 'RUP', 'SUP', 'PVS', 'TGH', 'FTL', 'SDF']
['YKQ', 'TBN', 'XEO', 'JGS', 'ZGL', 'SNS', 'WDF', 'DHT', 'LJA', 'WJI', 'YKR', 'ESU', 'CJB', 'MMS', 'WWL', 'LZP', 'RYA', 'BCI', 'JZA', 'EBY', 'AQN', 'GGM', 'FXH', 'QZB', 'ITN']
['SCS', 'ROL', 'TGW', 'BTJ', 'LBW', 'HBC', 'QNG', 'MUO', 'BLK', 'LHQ', 'SFB', 'UEN', 'IYH', 'GUQ', 'KLM', 'LMU', 'HPH', 'FCU', 'IFO', 'ONX', 'QEP', 'PVQ', 'NHA', 'MZP', 'ZBF']
['VWR', 'CHR', 'ELJ', 'NLI', 'KNZ', 'DMP', 'EDP', 'WER', 'JJB', 'EZU', 'HZF', 'SAQ', 'NWB', 'FTE', 'NFI', 'RUR', 'IPG', 'FXI', 'ZJU', 'TKB', 'GPL', 'KAJ', 'ZCY', 'VXB', 'YNR']
['JHO', 'UZY', 'JKL', 'UFK', 'MIE', 'PAS', 'QAM', 'QDB', 'DMN', 'XWK', 'RXD', 'HCD', 'AMV', 'ARM', 'AZD', 'GFL', 'HHK', 'XVF', 'JMT', 'XEN', 'GGA', 'FDS', 'YYU', 'BIN', 'FPR']
['ACP', 'WLU', 'SGT', 'KZQ', 'KMP', 'LOQ', 'CZB', 'FHI', 'MVS', 'PDU', 'NNG', 'EKJ', 'EQX', 'INO', 'ZQN', 'EUK', 'LZE', 'MOH', 'MJR', 'KSW', 'TSS', 'RIA', 'TBT', 'WMY', 'LWH']
['XHQ', 'YWW', 'SNW', 'SFJ', 'FEV', 'HYW', 'MLN', 'JDC', 'ZFK', 'IPK', 'VRD', 'JII', 'FWB', 'FCJ', 'ODG', 'QLI', 'YYC', 'YKF', 'RJS', 'XOE', 'NOP', 'NUG', 'HIG', 'MUV', 'JOQ']
['TFT', 'QIB', 'JUQ', 'YSD', 'GWT', 'ACJ', 'UHU', 'ZNQ', 'FJL', 'POR', 'OON', 'KLV', 'IIY', 'CDZ', 'DAW', 'JZV', 'YER', 'HTW', 'AJB', 'XIY', 'JXZ', 'SDH', 'ELO', 'TFQ', 'HNC']
['CFJ', 'SNM', 'DYU', 'UHE', 'DXK', 'TFN', 'SRB', 'SYQ', 'MSE', 'PCL', 'LUT', 'BJR', 'UIO', 'RSG', 'PIL', 'YDL', 'RNU', 'DOT', 'QQN', 'DZR', 'UZU', 'LGP', 'VMJ', 'FXX', 'OHR']
['PON', 'UCH', 'FOD', 'IYD', 'NXU', 'OZT', 'OII', 'HJA', 'PAX', 'IPY', 'PMO', 'MIN', 'QBJ', 'NSI', 'AUL', 'DRX', 'SQS', 'YUG', 'ARV', 'ZFU', 'VFM', 'FTI', 'TVY', 'GEF', 'EDD']
['GUN', 'TVZ', 'VFV', 'WYK', 'EEA', 'LTC', 'XQI', 'GUR', 'MVB', 'EWG', 'CNU', 'OLD', 'XDE', 'CYA', 'KMD', 'WUI', 'THJ', 'ZBU', 'CUZ', 'SFK', 'MLH', 'YHX', 'DTS', 'GUT', 'PKK']
['TMR', 'OXU', 'SUQ', 'QTJ', 'WED', 'RYE', 'KNO', 'NQL', 'HUN', 'HGF', 'VWX', 'GPH', 'CHA', 'YLS', 'VZX', 'VAC', 'SGO', 'QFE', 'UNW', 'HQB', 'BHL', 'EOF', 'FKU', 'NLS', 'ALL']
