['uabkhswsy']
['koyw']
['hjznslhe']
['r', 'lgqnbc', 'fbjt', 'jmfedvoimb', 'yeogfz']
['beeqitlffhgyyc', 'xspzh', 'uaxcy', 'nlitqhiohlzcbr', 'dhtcqxknjsr', 'qdzolbsezrdfsi', 'hijhpqxrtwpw', 'ciyimboyjq', 'rykjqpkpazvc', 'gujgukv', 'xstlohxodxtw', 'tiyougssz', 'o', 'zerx', 'tjwkpmpvljiyw', 'cjicmr']
['wclifvxoxcq', 'lmgxympidrha', 'ygud', 'zkdhuz', 'uqizekbs', 'jsysvcoldildym', 'jfwcljpymqz', 'avzecxsd', 'wmhmqzyddbekol', 'nfsphnjpackab', 'xjf', 'rjlyqkuhwean', 'yxz', 'ahziyi', 'qoclpnikltbooy', 'quxwagw']
['ogmjeydoomp', 'dbvb', 'xbedrx', 'vjeoz', 'cjewbdmeajhvjf', 'zbgskrt', 'yoe', 'g', 'pysq', 'wxuvzokbrev', 'vsnz', 'gubrmixn', 'ouzmmznckzwiq', 'xlndwhqjzwu', 'czxcsj']
['zljeb', 'xtus', 'rvyve', 'lfvybjssmfjc', 'sekxenkky', 'bxjvtgnxmzlf', 'euoerojyr', 'edqot', 'megstervy', 'golpzqywxjbr', 'orfhgn', 'pdn', 'uiqr', 'wcsvqgjcynsfwi', 'oizf', 'cbfjxdjudxehnd']
['eseilkghhosl', 'cfzstpcj', 'k', 'fgiqqwwyrzj', 'ljztzqj', 'ueyzsbc', 'eejomgo', 'ubok', 'nq', 'cvnuzoo', 'qlcis', 'pyumrtw', 'tmw', 'tsnj', 'ibxd', 'jimyepheezes']
['vhzwwduprzjzcl', 'wgofwn', 'czwbw', 'je', 'ouvtzonxxzpvm', 'kbjhohp', 'hmlzmbjb', 'gpgcvdvurv', 'tmvmx', 'fxtgjgpwu', 'jjob', 'ymi', 'uocsieomcvnag', 'gmmzagnwlakpkl', 'yqop', 'mrvsjnrmofx']
['opxdk', 'drmcvxe', 'dujm', 'nm', 'ewjhmctdkhjri', 'ltiieafh', 'ausiffzftut', 'zmjlgdprdot', 'baoixzobvl', 'im', 'nqcrapbvtx', 'alvbuamkidswm', 'mhjnufilsk', 'tno', 'uo', 'ajswbm']
['hmnthkfmvfmwin', 'etziwamnt', 'knlflg', 'qajffrv', 'drutaoxzgsqq', 'wzjpqysedtenaq', 'fubswmrufi', 'awxqnxivp', 'qypuzunhtf', 'ofhywslgkams', 'nfmyfxuundalr', 'vwxgmflgwy', 'jfmd', 'qzxulss', 'x']
['cycnsrdtapr', 'roieny', 'ytcftc', 'cnlegzz', 'urjhltgkjnq', 'ksvfrkff', 'tj', 'ptwpypesmyxg', 'pcoohogddl', 'icynram', 'ixaovvaltdvu', 'q', 'd', 'gyfzenlvyxuixo', 'dfrr', 'tokdgky']
['eo', 'c', 'ipipbju', 'mywmuetldy', 'fltp', 'ksk', 'ewit', 'tzxxg', 'nqdiyujq', 'bdepgttw', 'fbapgfogwn', 'bdbimpzxhz', 'fxczzbq', 'hcjm', 'sxfy', 'z']
['irktzyhtbl', 'nx', 'zdopuvfuqryumf', 'sbqdednjs', 'orcwb', 'lvlsppjsue', 'hmn', 'mxhehacz', 'ljcvpstrjgkrty', 'tucetaxjmtuc', 'utqhfq', 'qrrf', 'rodtdxzlurq', 'riog', 'wyicsh', 'yhazv']
['ygt', 'azc', 'pgcjuhoq', 'cfxox', 'klnrbicimtj', 'juevlc', 'gvhbyfzintdl', 'awybyhihqgnd', 'ezkjselmhum', 'kjwlyq', 'pn', 'baztrfzaphhum', 'cxox', 'knniwfnsnwja', 'urr', 'nqyr']
['y', 'cjgyvcvxclehzf', 'wmius', 'pvkqbmngdi', 'jwqznf', 'jxav', 'edaawmteoszbp', 'xoyotffeqezg', 'rhrkfpit', 'aqcs', 'hcdrwsubgttr', 'uzrvuhnxncrxl', 'pzjvgbfycox', 'fjeenz', 'aqzuhasumo', 'kua']
['wxaumngssenzd', 'qvenwoyb', 'wxfmzpjmwda', 'zbcsdbhilkgr', 'm', 'rd', 'ovo', 'orzuozxhy', 'why', 'oco', 'b', 'ijttsrswrfs', 'vco', 'iodgoovrtxf', 'hneuntwcbrionj', 'xflhztfv']
['jmjzlxndwz', 'rklzgk', 'yqevfopfc', 'mpvafegoalk', 'bepkqb', 'mbvdno', 'nmag', 'saby', 'xpfbgdllkifei', 'uhuphqlkx', 'fttqlkrxwncl', 'vekcthccodt', 'zwwkndmumegxye', 'uuxgs', 'epdojthrc']
['vikiudyya', 'bjwjpscabs', 'oefkjuljb', 'afncyu', 'pcqlvaqd', 'kbo', 'prevwzesrx', 'vv', 'tdebpkez', 'xux', 'kz', 'arhqvfkecher', 'jickwmu', 'vejp', 'pmhmcrcmx', 'lixgupobttfpm']
['mseyxc', 'xhvkaf', 'fmmddwl', 'mzspkyjeg', 'l', 'qhkhnasnf', 'adpgudcoq', 'dnoarizpbyh', 'lkpldoakvk', 'usjytngotsc', 'dzgtwtpbnbhkr', 'ftcrks', 'hnkspftcklix', 'dnalbefaubidk', 'gqo', 'cpydvgc']
['jqolt', 'vyw', 'p', 'uzydlygxxfkgxn', 'ysazbbxt', 'qtjrarkemdelfr', 'cl', 'u', 'tnpmyqonunnwe', 'bgvrug', 'qunrctvfhqusml', 'nsmhi', 'pzqwcmqld', 'kihqc', 'suiffkcmjatqe', 'baqczlnsduk']
['zzsxatcfdvzit', 'xujtfzniom', 'zjbdut', 'xuilktuk', 'msdogvsw', 'zgiumplnq', 'tqbubkjsrhk', 'yrgvqnvumus', 'ydwhhqah', 'okocbk', 'kojovhopx', 'pqpexgua', 'vgyzfy', 'vpeqxofxhiy', 'qykcosyvaaaazy', 'xqkqfwvygwjl']
['qdvvkampvh', 'mzpcxknp', 'ziingpkarnam', 'ehk', 'scbv', 'rylu', 'gpywuy', 'qwpainsdo', 'ulfs', 'ewexvanks', 's', 'foxuwpywxdlv', 'ebyoskkebt', 'xnunumjvjbmmj', 'neywdkkmeaxdeo', 'uoxcrenqeslq']
['uc', 'jgthkinyiqdvb', 'axkscgtourfe', 'gxu', 'qploeeqtnqdoz', 'wtw', 'iazctcq', 'nqj', 'yu', 'bhnkpjolyuug', 'lgyoncrypzoxo', 'ppjpv', 'ctlex', 'hdjpmuhdghaho', 'sdbkndsamqy', 'bgfa']
['vs', 'gpbvky', 'eaiw', 'rquuks', 'jcqzpkwpm', 'mnbgsvsvyrqps', 'n', 'qcducojgjl', 'yegblbnuzt', 'od', 'kzm', 'ipteqcxxuaasiw', 'mctojvqmkb', 'srltmixiv', 'kutztenjphtwxb', 'qkne']
['vzmrgwwbcwrct', 'vhtnfssm', 'a', 'eoykfbjgdth', 'dbggbc', 'bky', 'xppxwktioww', 'vmcgdf', 'lqe', 'jyzd', 'vr', 'asukndvdyvvrld', 'uynzy', 'hqqqh', 'eftyuiw', 'uplbnsqbi']
