['312']
['171']
['435']
['106']
['379']
['191']
['361']
['375']
['326']
['52']
['467', '172', '281', '161', '28', '392', '388', '404', '407', '174', '362']
['443', '79', '386', '96', '456', '359', '134', '212', '306', '350', '77', '15', '301', '46', '389', '433', '86', '292', '216', '405', '304', '446', '471', '98', '168', '270', '67', '351', '156', '248', '95', '196', '243', '334', '223', '309', '425', '56', '412', '397', '403', '260', '34']
['406', '142', '247', '203', '133', '387', '396', '176', '313', '12', '436', '8', '360', '353', '266', '162', '459', '80', '9', '240', '332', '61', '348', '194', '264', '206', '457', '420', '271', '41', '249', '437', '132', '180', '166', '448', '100', '300', '423', '33', '355', '70']
['47', '153', '181', '188', '335', '328', '451', '87', '14', '127', '279', '19', '481', '294', '220', '469', '349', '440', '144', '32', '465', '238', '263', '123', '105', '187', '363', '208', '250', '327', '117', '0', '303', '424', '410', '401', '310', '90', '262', '444', '185', '463', '57']
['177', '140', '175', '6', '112', '421', '182', '283', '319', '356', '22', '447', '31', '76', '5', '461', '277', '17', '128', '113', '141', '414', '173', '83', '337', '253', '39', '36', '74', '450', '316', '366', '268', '131', '302', '475', '119', '415', '482', '29', '241', '65', '78']
['114', '402', '20', '151', '13', '345', '45', '346', '393', '169', '468', '118', '458', '63', '102', '246', '99', '371', '73', '23', '49', '184', '329', '449', '101', '136', '59', '193', '69', '121', '284', '221', '438', '368', '189', '297', '430', '324', '434', '233', '286', '325', '295']
['483', '145', '195', '256', '92', '378', '287', '234', '357', '155', '344', '198', '91', '395', '367', '321', '7', '439', '431', '265', '3', '381', '255', '38', '394', '21', '382', '66', '370', '299', '68', '426', '116', '282', '226', '261', '27', '26', '318', '298', '460', '120', '320']
['333', '307', '115', '352', '273', '88', '178', '466', '314', '82', '336', '258', '205', '296', '93', '58', '197', '413', '230', '331', '190', '18', '417', '122', '215', '452', '235', '477', '42', '210', '228', '251', '462', '391', '244', '55', '139', '54', '383', '85', '339', '474', '285']
['154', '164', '293', '103', '64', '347', '202', '236', '43', '186', '165', '104', '207', '269', '124', '384', '419', '411', '227', '338', '257', '192', '97', '4', '10', '204', '330', '308', '476', '44', '259', '390', '224', '213', '288', '432', '150', '222', '380', '179', '454', '453', '201']
['342', '289', '111', '369', '239', '323', '30', '373', '376', '130', '322', '372', '157', '267', '254', '291', '214', '71', '53', '305', '280', '40', '50', '442', '231', '311', '81', '445', '149', '51', '229', '217', '147', '183', '48', '167', '35', '478', '170', '252', '354']
['152', '129', '209', '89', '16', '364', '138', '135', '160', '480', '146', '2', '225', '418', '232', '385', '75', '315', '340', '272', '199', '84', '470', '416', '317', '408', '341', '11', '429', '455', '399', '25', '62', '398', '200', '211', '125', '108', '473']
['237', '158', '290', '365', '276', '110', '374', '274', '422', '377', '143', '245', '137', '109', '159', '163', '24', '358', '218', '37', '148', '60', '464', '428', '126', '107', '427', '472', '219', '278', '479', '72', '1', '94', '242', '275', '409', '441', '400', '343']
