['0']
['5']
['12']
['429']
['8']
['11']
['2']
['3']
['121', '127', '75', '37', '74', '103', '179', '243', '308', '196', '45', '247', '218', '314', '119', '156', '418', '62', '202', '228']
['287', '288', '285', '293', '324', '312', '356', '378', '377', '298', '24', '137', '162', '13', '113', '31', '323', '42', '231', '66', '29', '52', '50', '59', '80', '109', '320', '354', '337', '53']
['177', '210', '244', '242', '260', '271', '272', '292', '327', '333', '362', '350', '359', '366', '150', '108', '64', '19', '431', '163', '450', '497', '393', '143', '39', '98', '159', '235', '264', '290']
['344', '368', '369', '154', '363', '70', '197', '88', '18', '41', '281', '348', '454', '390', '395', '415', '460', '9', '7', '20', '21', '57', '54', '78', '81', '71', '116', '120', '440', '187']
['48', '43', '49', '63', '101', '118', '112', '114', '111', '185', '189', '181', '186', '207', '211', '220', '229', '452', '236', '251', '249', '257', '259', '299', '321', '315', '310', '322', '340', '341']
['280', '284', '295', '297', '458', '305', '311', '334', '339', '367', '22', '46', '453', '316', '167', '353', '442', '178', '93', '107', '155', '76', '386', '391', '389', '411', '394', '4', '26']
['478', '480', '481', '383', '396', '468', '400', '402', '34', '44', '55', '61', '65', '99', '95', '128', '125', '130', '142', '182', '214', '227', '238', '432', '239', '451', '261', '291', '282']
['192', '198', '222', '205', '206', '216', '225', '248', '253', '240', '267', '274', '270', '265', '433', '326', '319', '347', '332', '358', '371', '364', '85', '165', '68', '349', '233', '457', '426', '209']
['190', '110', '399', '414', '483', '388', '406', '409', '462', '465', '40', '51', '58', '92', '104', '102', '132', '129', '126', '138', '140', '136', '135', '147', '144', '173', '175', '184']
['10', '30', '35', '83', '90', '446', '176', '203', '201', '194', '241', '266', '258', '279', '296', '307', '317', '325', '330', '328', '357', '351', '375', '27', '87', '169', '91', '273', '157']
['276', '283', '300', '303', '309', '343', '345', '361', '352', '430', '372', '420', '72', '105', '148', '1', '86', '329', '436', '445', '355', '381', '387', '419', '476', '384', '463', '475', '498', '489']
['382', '410', '416', '493', '469', '473', '479', '25', '33', '28', '36', '96', '106', '94', '435', '133', '134', '141', '158', '160', '152', '166', '208', '221', '223', '250', '254', '246', '269']
['212', '213', '224', '237', '255', '262', '263', '439', '294', '302', '331', '338', '342', '448', '374', '379', '373', '459', '23', '153', '145', '195', '360', '188', '73', '60', '67', '6', '380', '397']
['275', '278', '427', '313', '346', '370', '365', '139', '146', '32', '168', '318', '423', '180', '408', '385', '392', '413', '485', '466', '16', '14', '38', '77', '89', '164', '183', '174', '456', '200']
['447', '79', '484', '492', '401', '477', '404', '407', '487', '488', '486', '474', '412', '15', '56', '82', '69', '455', '117', '149', '151', '170', '172', '204', '191', '199', '232', '256', '252', '268']
['122', '124', '193', '219', '424', '234', '245', '301', '443', '398', '464', '467', '470', '495', '471', '100', '97', '115', '123', '171', '438', '217', '215', '226', '230', '289', '304', '434', '441']
['444', '499', '491', '17', '428', '437', '461', '286', '472', '449', '84', '306', '335', '494', '490', '131', '161', '277', '336', '376', '421', '425', '482', '405', '496', '403', '417', '47', '422']
