['213']
['220']
['290']
['469']
['347']
['475']
['197']
['425']
['421']
['350']
['302']
['195']
['79']
['211']
['87']
['499']
['75']
['88']
['217']
['497']
['96']
['135']
['137']
['19', '473', '25', '24', '428', '17']
['33', '304', '288', '21', '142', '429', '262', '375', '440', '28', '427', '15', '32', '436', '292', '128', '29', '442', '426']
['132', '472', '26', '116', '387', '253', '139', '474', '138', '20', '439', '481', '293', '18', '23', '30', '174', '291', '413']
['240', '254', '238', '144', '249', '136', '410', '477', '119', '129', '16', '56', '120', '216', '437', '299', '470', '432', '261']
['438', '295', '388', '140', '143', '248', '113', '260', '443', '378', '133', '385', '230', '444', '322', '234', '131', '115']
['430', '236', '468', '71', '252', '434', '386', '175', '222', '258', '478', '294', '377', '289', '431', '111', '263', '109']
['112', '171', '255', '22', '219', '376', '123', '81', '51', '441', '173', '58', '231', '65', '27', '250', '110', '114', '433']
['467', '380', '297', '298', '69', '166', '381', '311', '117', '167', '435', '405', '108', '224', '118', '466', '80', '64', '247']
['82', '300', '239', '63', '296', '313', '59', '401', '242', '176', '70', '303', '379', '232', '31', '408', '301', '227', '77']
['310', '85', '343', '383', '130', '246', '251', '178', '68', '315', '169', '259', '471', '406', '134', '218', '179', '326']
['215', '317', '491', '480', '177', '107', '316', '62', '122', '221', '482', '479', '409', '490', '78', '193', '229']
['362', '141', '324', '400', '148', '257', '382', '318', '493', '384', '73', '287', '476', '256', '170', '55', '228']
['312', '489', '223', '74', '487', '402', '492', '61', '226', '67', '264', '404', '196', '486', '180', '168', '494', '323']
['225', '390', '199', '172', '191', '66', '450', '330', '121', '146', '314', '76', '328', '83', '49', '412']
['483', '271', '394', '397', '192', '327', '147', '267', '332', '99', '190', '319', '94', '200', '235', '361', '57', '333']
['458', '268', '485', '393', '457', '455', '389', '35', '237', '396', '206', '370', '366', '272', '269', '47', '456', '8', '484']
['89', '189', '233', '48', '42', '407', '241', '321', '86', '363', '72', '50', '336', '194', '266', '325', '93', '411', '403']
['100', '7', '198', '342', '338', '488', '449', '2', '341', '1', '45', '451', '335', '337', '331', '265', '329', '60']
['205', '360', '103', '391', '37', '92', '204', '365', '207', '52', '145', '452', '102', '95', '46', '453', '334', '84']
['395', '460', '90', '54', '97', '150', '53', '274', '4', '156', '5', '270', '152', '91', '98', '209', '320', '465']
['101', '39', '339', '181', '151', '157', '359', '185', '160', '186', '358', '188', '40', '273', '6', '159', '364', '208', '454']
['155', '41', '202', '0', '38', '201', '371', '34', '3', '149', '398', '374', '399', '344', '417', '459', '153', '203', '373']
['367', '416', '463', '369', '183', '415', '14', '11', '36', '276', '372', '340', '187', '348', '154', '392', '182']
['423', '464', '355', '351', '286', '353', '283', '349', '161', '368', '422', '462', '280', '461', '346', '419', '279', '158', '345']
['212', '285', '284', '282', '357', '305', '214', '9', '418', '414', '420', '354', '278', '184', '12', '306', '13']
['448', '307', '498', '424', '309', '495', '275', '308', '356', '352', '496', '10', '210', '277', '281']
['43', '44', '245', '244', '104', '106', '243', '105', '127', '124', '125', '165', '164', '163', '446', '126', '447', '445', '162']
