['48']
['132']
['259']
['260']
['229']
['1']
['100']
['71']
['81']
['22']
['151']
['345']
['321']
['116']
['333']
['92']
['143']
['224']
['108']
['365']
['103']
['280']
['82']
['376']
['106']
['183']
['134']
['41']
['74']
['18']
['83']
['24']
['95']
['384']
['353']
['8']
['264']
['171']
['332']
['308']
['182']
['316']
['357']
['36']
['49']
['305']
['96']
['325']
['320']
['322']
['393']
['373']
['168']
['291']
['383']
['131']
['394']
['12']
['125']
['186']
['381']
['282']
['363']
['348']
['112']
['243']
['110']
['253']
['189']
['318']
['250']
['271']
['312']
['314']
['251']
['158']
['34']
['133']
['327']
['178', '85', '217', '70', '204', '298', '334', '215', '28', '153']
['307', '254', '144', '177', '196', '43', '94', '262', '359', '9']
['263', '238', '86', '155', '61', '385', '391', '296', '371', '38']
['32', '301', '46', '193', '227', '199', '105', '55', '272', '350']
['58', '222', '98', '77', '198', '73', '172', '117', '203', '91']
['67', '68', '328', '211', '302', '235', '208', '223', '200', '362']
['256', '240', '368', '176', '148', '226', '17', '337', '137', '30']
['97', '37', '233', '56', '287', '11', '374', '244', '127', '191']
['128', '179', '206', '248', '247', '99', '161', '194', '299', '315']
['284', '126', '76']
['295']
['47']
['245']
['331', '347', '45', '90', '130', '361', '65']
['232', '306', '33', '249', '382', '88', '188', '278', '187', '154']
['57', '366', '25', '129', '174', '210', '121', '60', '190', '358']
['54']
['279']
['289']
['237', '351', '209', '197', '62']
['330']
