['121']
['71']
['237']
['146']
['92']
['416']
['166']
['465']
['105']
['335']
['313']
['415']
['414']
['324']
['308']
['63']
['253']
['410']
['342']
['95']
['85']
['69']
['348']
['431']
['37']
['464', '286', '26', '337', '130', '321', '23', '281', '201', '50', '483', '290', '58', '488', '330', '25', '306', '88', '347', '80']
['29', '303', '220', '150', '89', '198', '38', '96', '428', '22', '56', '129', '249', '138', '227', '433', '266', '459', '123']
['8', '117', '0', '12', '454', '10', '314', '393', '31', '196', '154', '186', '274', '362', '272', '173', '68', '457', '190', '383']
['498', '292', '182', '16', '466', '108', '61', '179', '276', '417', '270', '412', '40', '336', '401', '382', '159', '204']
['361', '139', '238', '381', '79', '39', '499', '145', '364', '340', '28', '392', '349', '395', '496', '137', '177', '479', '153', '375']
['278', '318', '168', '396', '44', '327', '288', '359', '402', '142', '442', '441', '264', '223', '114', '148', '245', '420', '132', '380']
['112', '426', '403', '326', '397', '157', '356', '376', '125', '119', '282', '9', '429', '232', '445', '97', '474', '161']
['450', '319', '407', '295', '268', '115', '13', '298', '379', '151', '463', '311', '273', '15', '331', '46', '399', '408', '351', '72']
['263', '78', '472', '47', '405', '170', '451', '257', '203', '4', '224', '226', '400', '413', '32', '42', '261', '174', '209']
['252', '427', '425', '446', '36', '206', '53', '74', '394', '76', '471', '484', '481', '421', '475', '432', '265', '350', '258', '423']
['328', '109', '437', '41', '27', '207', '120', '461', '283', '304', '216', '176', '279', '113', '110', '217', '59', '444', '199', '251']
['243', '167', '219', '366', '296', '73', '374', '107', '387', '485', '256', '323', '346', '325', '269', '372']
['285', '438', '316', '33', '398', '360', '116', '181', '244', '332', '189', '60', '495', '493', '455', '440', '18', '341', '355', '490']
['67', '65', '239', '424', '233', '385', '64', '430', '49', '262', '334', '215', '435', '184', '160', '210']
['422', '365', '5', '333', '468', '94', '388', '363', '267', '83', '171', '494', '320', '344', '378', '133', '242', '439', '93', '98']
['369', '185', '248', '2', '87', '14', '100', '86', '195', '122', '289', '57', '343', '24', '231', '82', '99', '480', '35', '354']
['152', '247', '418', '240', '478', '300', '370', '149', '163', '197', '477', '315', '456', '54', '180', '358', '491']
['52', '34', '43', '143', '90', '434', '241', '371', '55', '222', '188', '497', '339', '228', '250', '389', '302', '101', '338', '406']
['211', '178', '367', '322', '411', '6', '212', '345', '102', '75', '48', '487', '448', '131', '386', '460', '7', '191', '106']
['194', '277', '462', '305', '373', '254', '208', '458', '297', '234', '404', '155', '218', '352', '19', '45', '284', '172']
['111', '20', '66', '11', '81', '134', '453', '486', '135', '213', '128', '275', '443', '301', '169', '287', '312', '294', '246', '103']
['271', '77', '449', '147', '140', '384', '492', '489', '299', '469', '317', '353', '162', '368', '221', '230', '62']
['187', '377', '482', '175', '200', '30', '291', '136', '229', '467', '310', '236', '70', '126', '476', '280', '419', '329', '118', '202']
['473', '447', '390', '144', '141', '124', '391', '309', '225', '452', '259', '51', '235', '164', '183', '307', '192', '91', '436']
['470', '165', '1', '127', '205', '357', '260', '158', '193', '214', '3', '293', '17', '21', '104', '409', '84', '156', '255']
