['fzsjvuk']
['skvsmyl']
['aocuywp']
['jaikykc', 'mbrlttj', 'wqohgce', 'rljbssd', 'jojnukl', 'cutedox', 'vxktmpe', 'ndqmeid']
['cjyrens', 'bnuxlph', 'kolwqja', 'rqdjqiq', 'zrhphdg', 'yvvwjem', 'ozoxsck', 'reolqff', 'jwpfwqz', 'gmqbbof', 'fieuife', 'jmjdmxv', 'rxnxrbl', 'mirwseo', 'bkrlzdx', 'kpqzpfs']
['ksrplzq', 'ulqqnrx', 'uwgeeaz', 'vvadaaj', 'crmjrbf', 'nbftfsb', 'dcysunk', 'abxurqr', 'qavmxlu', 'jbhevly', 'rnluyib', 'vvwlixv', 'omyynfi', 'pkosxjv', 'jigaagt', 'fdccgyr']
['ypwfljl', 'pmckuxh', 'kuwyrgr', 'jtkovjl', 'mcirxcd', 'igvkuru', 'lpzhylm', 'huwkfqk', 'tjtezbn', 'vwcmgzh', 'gnlcixq', 'pojnkue', 'afvpuoz', 'kitxrio', 'pjsyeez', 'xlypwfl']
['dgvegls', 'ovyjjfm', 'kctacue', 'dazkzcz', 'yiuitfo', 'owgzpow', 'vogmqqe', 'fhuqtfp', 'egezjtl', 'fzplaod', 'ipxjgfz', 'liqhklu', 'dsvowko', 'mtbiczg', 'vkrrkcg', 'wjosnfy']
['qufxqvh', 'bpbiuoh', 'bolryno', 'vbcaiur', 'ebtqhua', 'edebgoj', 'fxswbii', 'drtgipl', 'vahwsck', 'yoqrhdw', 'uckdnaa', 'ljxgjfb', 'nvjeors', 'egfbifk', 'uhhhxgy', 'qerzkir']
['jcoguvu', 'uckaokp', 'grhnknx', 'zxlpndu', 'efrtcpo', 'vrvkaaa', 'momhmut', 'mtrmooo', 'etkmfom', 'mgtzswf', 'pcrzoox', 'mqeymdi', 'wdahnhw', 'wlhpnux', 'ljllxhw', 'cvokrsd']
['nlfhgdx', 'lehooqa', 'cewygrc', 'hylhzqr', 'iudsrjy', 'ypncztk', 'yfabxdu', 'aowxwvx', 'dlfncva', 'awftunn', 'kjhsxww', 'mlehrqr', 'vmrdoff', 'xxradgz', 'bwpwdoy']
['nsjgubf', 'yqtlogi', 'jhstklj', 'emvhlci', 'idyyroc', 'uekjkik', 'hlruggb', 'upucitb', 'zvuccyi', 'kuhueyd', 'hqikiss', 'pxgrikq', 'coupfju', 'fufnjyf', 'brpqwlx', 'werprzm']
['urujvnn', 'urudgpc', 'ueyjznc', 'rxngmkt', 'crzdxig', 'hvnuihp', 'goxywvb', 'yssbhls', 'uitiunf', 'alvvzcr', 'lcmynyw', 'ohgorzn', 'nbhknmw', 'spgwzqj', 'zrimkhj', 'ydirvrp']
['ugpqnzn', 'hrmwoaf', 'newswsl', 'qimiqpx', 'pwaalip', 'ehfkaur', 'ygoytty', 'eiuywkb', 'bvvitzv', 'apuclff', 'wklasyt', 'upxaolv', 'gdvcboj', 'hutontm', 'rroxpwu', 'xaawrda']
['thidksk', 'axxwrug', 'adzdoyj', 'okdlbya', 'ktqbsnt', 'clcozil', 'ciynmhw', 'ptcbphe', 'owvackd', 'oqqfikf', 'jgbbizt', 'quaahkj', 'ebexhbz', 'shztxik', 'ljxjare', 'szriiex']
['hscfpsc', 'otmayxy', 'ekbghpg', 'ptpmisy', 'asyegiw', 'hlkffeh', 'jivtfds', 'atfmxqs', 'jzqcfee', 'rorsdzp', 'lfxhllc', 'oegoznu', 'ymwwchd', 'whaalyx', 'fgubrui', 'dtfwkrc']
['eezxrdd', 'labghhm', 'odoqgfk', 'lucqgzc', 'uahwspd', 'iuddtax', 'pcdlpcz', 'xabjjff', 'glkfhro', 'crclbim', 'bbevbps', 'zexclum', 'dwfazac', 'engjphl', 'acgwdsb', 'vjpstks']
['iiybggp', 'itivxup', 'pvwdbuk', 'ktyynlr', 'wznyiaw', 'gmapuez', 'weondbg', 'gevooyy', 'joerrak', 'oayxvdx', 'dubzmmn', 'nkylhqw', 'npbmbcl', 'hnpufhr', 'ojujfds', 'lqjdzbc']
['ngznfds', 'poyacsv', 'opcamxc', 'dtmsxwk', 'sipicas', 'zxijrwr', 'wxbassh', 'aslzxho', 'douqsoq', 'ksjmenx', 'nrplxxf', 'vshvlic', 'rfhgsrd', 'mmsicju', 'xcjwaaa', 'kiwoauy']
['vfebggx', 'jygmmrk', 'nqmwwmz', 'djzcmeu', 'sfzipfj', 'aytcnpm', 'qhwwalp', 'rqevvql', 'zxtfzys', 'jbockfp', 'bnyrwnb', 'mnxptfo', 'pnnzbti', 'rbpdoot', 'bfonhts', 'kvfjhzh']
['ofsoyop', 'frxrjcw', 'kzgbgcg', 'mltjlsu', 'atvqyki', 'uuqtrnp', 'rbwdwlz', 'xxqfkzr', 'jnwitwp', 'vvjtuhb', 'xxhgtbs', 'lpzovzo', 'gdkxxon', 'sgrvtpg', 'igtcqiv']
['lmgvnku', 'upgszso', 'joqmipo', 'gmultvj', 'znskrzx', 'ylscqcm', 'dnxxgal', 'roothgi', 'upzignf', 'puotspj', 'jrguwdk', 'mbzuntj', 'huzgikq', 'qxwwqfk', 'ximpauw', 'mclspox']
['ehcdgdr', 'zmgjecs', 'mqwftjq', 'hncniof', 'aenkmpt', 'aadjodd', 'nzhlxzk', 'ytvwmpd', 'hfzbxzo', 'bundjpw', 'wmodcaj', 'dpgzdmu', 'jdufzkb', 'dpmxdni', 'dmsftgx', 'qqeafqd']
['gbuoffj', 'vowjmgf', 'jxlxfoo', 'ntanocw', 'jplsynx', 'raymfyf', 'ulpkpaf', 'bhbfrfj', 'sieoave', 'korcvcx', 'cjhldsy', 'nehlpbv', 'bwxgkld', 'amfrehb', 'njoxkmb']
['hxlagmh', 'qifpupk', 'gceicua', 'xdofsvh', 'tqjelgo', 'ftbfwum', 'ylnttkr', 'ynxyoyb', 'emqikpe', 'olzxpzb', 'zfqckzr', 'sfjkptj', 'laxdipx', 'kadvzfh', 'hwprfxd', 'eghatxl']
['zhdvxfc', 'vuedrix', 'tfsfpnw', 'capkmzr', 'qgpciwf', 'ljqttnn', 'azzpyql', 'fhflmkc', 'qlgkouj', 'ckbpvbd', 'bymyfhs', 'qccnlus', 'oikctcj', 'cmlcnuo', 'xuppdvy', 'xsjadss']
['fhrabmr', 'wenwqgs', 'nrctxxu', 'tgshqis', 'sfjvtxw', 'dqbtiaw', 'noyikuy', 'szlzdlt', 'qwcwszq', 'bxtdbjc', 'ultrowi', 'jnfpvkg', 'tdrolvx', 'nndfzgt', 'wellvsr', 'tjcagrq']
