['Lorena', 'Julianne', 'Leilani', 'Regina', 'Esperanza', 'Tierra', 'Breana', 'Madelynn', 'Clare', 'Sydnee']
['Deborah', 'Nora', 'Jayden', 'Alanna', 'Macey', 'Kenya', 'Genevieve', 'Marlene', 'Piper', 'Barbara']
['Madyson', 'Irene', 'Janae', 'Johanna', 'Regan', 'Larissa', 'Paulina', 'Alma', 'Lucia', 'Nichole']
['Karissa', 'Ayanna', 'Bailee', 'Jayda', 'Maddison', 'Ellen', 'Kaylin', 'Felicity', 'Tania', 'Alina']
['Kaleigh', 'Tyler', 'Iris', 'Krista', 'Tia', 'Susan', 'Theresa', 'Mckayla', 'Lilly', 'Lesley']
['Tiara', 'Jaden', 'Talia', 'Hailee', 'Marisol', 'Allie', 'Cara', 'Viviana', 'Noelle', 'Carissa']
['Cristina', 'Raquel', 'Ashleigh', 'Baylee', 'Marina', 'Meagan', 'Ellie', 'Renee', 'Julissa', 'Marie']
['Paola', 'Wendy', 'Lucy', 'Deja', 'Katlyn', 'Esther', 'Josie', 'Teresa', 'Ruth', 'Krystal']
['Aliyah', 'Anne', 'Rose', 'Kailey', 'Liliana', 'Marisa', 'Alaina', 'Kassidy', 'Ashlee', 'Anastasia']
['Dominique', 'Sidney', 'Tori', 'Celeste', 'Vivian', 'Makenna', 'Miriam', 'Alissa', 'Meredith', 'Shania']
['Kristina', 'Asia', 'Katelynn', 'Kyla', 'Macy', 'Alison', 'Sadie', 'Skyler', 'Nadia', 'Sandra']
['Jordyn', 'Amaya', 'Claudia', 'Makenzie', 'Maggie', 'Savanna', 'Casey', 'Delaney', 'Raven', 'Christine']
['Camryn', 'Lindsay', 'Avery', 'Brooklyn', 'Ava', 'Desiree', 'Ariel', 'Kendall', 'Julie', 'Selena']
['Michaela', 'Daniela', 'Angelina', 'Alexia', 'Rebekah', 'Carly', 'Alejandra', 'Bianca', 'Hanna', 'Peyton']
['Kennedy', 'Kristen', 'Daisy', 'Angelica', 'Evelyn', 'Brittney', 'Bethany', 'Shannon', 'Karen', 'Hope']
['Melanie', 'Mikayla', 'Angel', 'Heather', 'Jade', 'Gabriela', 'Caitlyn', 'Skylar', 'Madelyn', 'Meghan']
['Marissa', 'Laura', 'Catherine', 'Mia', 'Claire', 'Gabriella', 'Erica', 'Cassandra', 'Kylie', 'Maya']
['Mary', 'Sierra', 'Vanessa', 'Jenna', 'Caroline', 'Madeline', 'Courtney', 'Kimberly', 'Brittany', 'Trinity']
['Devin', 'Aileen', 'Shyanne', 'Adrienne', 'Luz', 'Athena', 'Chyna', 'Kelli', 'Brooke', 'Michelle']
['Chasity', 'Carrie', 'Malia', 'Sylvia', 'Angie', 'Elaina', 'Sonia', 'Tayler', 'Kaley', 'Eden']
['Kaila', 'Justine', 'Janelle', 'Brisa', 'Sasha', 'Felicia', 'Cora', 'Mayra', 'Skye', 'Ann']
['Kiley', 'Colleen', 'Jaclyn', 'Tyra', 'Rhiannon', 'Madisyn', 'Pamela', 'Alyson', 'Fiona', 'Emely']
['Yasmin', 'Tamara', 'Abbey', 'Sharon', 'Serenity', 'Jane', 'Halle', 'Phoebe', 'Kiera', 'Kiersten']
['Brandi', 'Litzy', 'Francesca', 'Alisha', 'Brandy', 'Hunter', 'Zoey', 'Layla', 'Janet', 'Tamia']
['Anahi', 'Jacquelyn', 'Daniella', 'Eleanor', 'Gisselle', 'Virginia', 'Cheyanne', 'Harley', 'Mikaela', 'India']
['Emilee', 'Georgia', 'Kamryn', 'Heaven', 'Monique', 'Cassie', 'Tiana', 'Heidi', 'Ashton', 'Gloria']
['Josephine', 'Reagan', 'Kristin', 'Imani', 'Deanna', 'Nia', 'Clarissa', 'Gillian', 'Callie', 'Addison']
['Ella', 'Ruby', 'Cindy', 'Jaqueline', 'Tessa', 'Kassandra', 'Mercedes', 'Kiana', 'Madeleine', 'Charlotte']
['Allyson', 'Juliana', 'Guadalupe', 'Julianna', 'Genesis', 'Elise', 'Kirsten', 'Alexus', 'Yesenia', 'Jayla']
['Mallory', 'April', 'Serena', 'Giselle', 'Aaliyah', 'Natalia', 'Valeria', 'Nancy', 'Patricia', 'Jazmin']
['Valerie', 'Naomi', 'Alondra', 'Esmeralda', 'Jasmin', 'Abby', 'Kyra', 'Cameron', 'Kylee', 'Amelia']
['Chelsea', 'Jamie', 'Diamond', 'Payton', 'Sofia', 'Kaitlin', 'Sophie', 'Cynthia', 'Monica', 'Brenda']
['Adriana', 'Lillian', 'Kiara', 'Riley', 'Mckenzie', 'Crystal', 'Britney', 'Ana', 'Veronica', 'Isabelle']
['Tiffany', 'Audrey', 'Cassidy', 'Kelly', 'Miranda', 'Margaret', 'Ariana', 'Jillian', 'Jocelyn', 'Lily']
['Jada', 'Breanna', 'Mariah', 'Isabel', 'Kathryn', 'Kelsey', 'Sabrina', 'Leah', 'Cheyenne', 'Diana']
['Erin', 'Jacqueline', 'Sara', 'Christina', 'Faith', 'Bailey', 'Makayla', 'Caitlin', 'Kaylee', 'Paige']
['Perla', 'Elisa', 'Cristal', 'Arielle', 'Eliana', 'Melina', 'Jordan', 'Amber', 'Danielle', 'Gabrielle']
['Zaria', 'Sage', 'Macie', 'Tianna', 'Kailee', 'Carlie', 'Amari', 'Marilyn', 'Miracle', 'Brooklynn']
['Tatum', 'Alice', 'Alayna', 'Lexi', 'Kelsie', 'Taryn', 'Charity', 'Paris', 'Angelique', 'Chelsey']
['Kaitlynn', 'Haleigh', 'Madalyn', 'Kaylie', 'Kasey', 'Elisabeth', 'Lesly', 'Tatyana', 'Melody', 'Carla']
['Rosa', 'Bryanna', 'Destinee', 'Clara', 'Ivy', 'Kayleigh', 'Jenny', 'Linda', 'Gina', 'Lizbeth']
['Cecilia', 'Kira', 'Eva', 'Dakota', 'Hallie', 'Dana', 'Brenna', 'Carolyn', 'Shayla', 'Logan']
['Joanna', 'Katrina', 'Tara', 'Gracie', 'Jazmine', 'Tatiana', 'Priscilla', 'Camille', 'Bridget', 'Natasha']
['Mckenna', 'Kathleen', 'Adrianna', 'Lauryn', 'Nina', 'Kate', 'Cierra', 'Rachael', 'Elena', 'Fatima']
['Erika', 'Arianna', 'Summer', 'Hayley', 'Karina', 'Mya', 'Ashlyn', 'Kendra', 'Kara', 'Holly']
['Shelby', 'Briana', 'Autumn', 'Angela', 'Molly', 'Alexandria', 'Leslie', 'Alexa', 'Katie', 'Lindsey']
['Kali', 'Annika', 'Annabelle', 'Joy', 'Aurora', 'Toni', 'Eve', 'Andrea', 'Katelyn', 'Melissa']
['Tabitha', 'Mariana', 'Denise', 'Helen', 'Martha', 'Lacey', 'Eliza', 'Ashlynn', 'Jessie', 'Yasmine']
['Aubrey', 'Gianna', 'Alana', 'Haylee', 'Whitney', 'Carolina', 'Ciara', 'Rylee', 'Lisa', 'Annie']
['Zoe', 'Carley', 'Precious', 'Carmen', 'Kierra', 'Emilie', 'Amy', 'Alicia', 'Lydia', 'Karla']
