['122']
['195']
['313']
['384']
['64']
['118']
['327', '345', '39', '108', '1', '372', '367', '318', '370', '167']
['275', '378', '202', '390', '77', '117', '324', '188', '261', '56', '290', '173', '374', '229', '60', '211', '110', '133', '255', '282', '2', '176', '380', '393', '331', '166', '57', '246', '329', '131']
['221', '391', '111', '141', '263', '161', '281', '349', '47', '385', '32', '254', '30', '301', '233', '103', '94', '119', '55', '91', '248', '18', '217', '322', '244', '132', '104', '92', '84', '205']
['339', '272', '287', '93', '187', '9', '292', '135', '172', '186', '388', '279', '171', '52', '48', '399', '268', '353', '365', '398', '180', '28', '29', '63', '293', '11', '145', '238', '12', '319']
['237', '361', '214', '199', '364', '264', '129', '269', '196', '371', '283', '206', '105', '71', '236', '387', '174', '51', '165', '88', '72', '383', '46', '312', '96', '159', '183', '113', '271', '337']
['125', '181', '276', '212', '251', '82', '106', '190', '392', '42', '107', '250', '216', '8', '289', '121', '209', '341', '198', '340', '223', '49', '323', '265', '175', '19', '297', '35', '73', '76']
['302', '346', '220', '351', '10', '224', '394', '354', '143', '245', '260', '207', '85', '89', '124', '193', '170', '61', '80', '7', '228', '357', '240', '241', '160', '299', '382', '168', '50', '156']
['332', '247', '267', '58', '109', '304', '112', '14', '305', '213', '177', '142', '334', '381', '147', '69', '41', '86', '358', '37', '153', '298', '140', '243', '155', '288', '311', '164', '25', '44']
['24', '389', '360', '379', '59', '98', '116', '215', '335', '291', '62', '222', '252', '307', '149', '368', '38', '78', '139', '203', '40', '150', '306', '158', '102', '6', '326', '152']
['308', '342', '130', '184', '128', '197', '296', '347', '81', '26', '386', '23', '3', '201', '343', '320', '377', '315', '278', '280', '239', '356', '396', '325', '0', '300', '363', '115', '53', '67']
['295', '136', '294', '114', '270', '273', '218', '83', '189', '277', '328', '13', '350', '259', '151', '284', '74', '262', '194', '234', '249', '16', '68', '138', '366', '65', '163', '395']
['178', '210', '330', '185', '285', '34', '303', '231', '355', '144', '123', '257', '204', '230', '70', '20', '200', '21', '373', '134', '235', '90', '162', '253', '146', '17', '120', '27', '127', '208']
['100', '191', '369', '344', '226', '66', '182', '256', '154', '266', '87', '314', '316', '348', '227', '22', '336', '376', '258', '33', '157', '359', '99', '101', '179', '352', '192', '4', '36']
['310', '232', '45', '137', '317', '242', '397', '54', '286', '126', '274', '333', '97', '43', '375', '362', '95', '148', '321', '309', '219', '31', '169', '75', '15', '5', '338', '79', '225']
