['0']
['3']
['5']
['6']
['9']
['11']
['12']
['13']
['15']
['18']
['16']
['21']
['20']
['23']
['26']
['25']
['27']
['28']
['29']
['30']
['32']
['33']
['35']
['37']
['36']
['39']
['42']
['40']
['43']
['44']
['45']
['47']
['49']
['48']
['51']
['53']
['52']
['55']
['59']
['56']
['61']
['62']
['64']
['66']
['70']
['69']
['74']
['73']
['75']
['77']
['79']
['82']
['81']
['83']
['85']
['86']
['88']
['90']
['93']
['94']
['98']
['96']
['99']
['101']
['103']
['391', '395', '393', '394', '399']
['377', '382', '380', '383', '387', '390', '388']
['367', '365', '366', '371', '374', '372', '375']
['345', '349', '355', '356', '362', '361', '363']
['334', '332', '335', '337', '342', '340', '343']
['320', '321', '322', '324', '331', '329', '330']
['310', '315', '312', '314', '319', '316', '318']
['292', '295', '296', '300', '304', '308', '309']
['281', '282', '287', '288', '289', '290', '294']
['266', '271', '275', '272', '274', '276', '283']
['252', '258', '263', '261', '262', '265', '264']
['234', '239', '237', '238', '241', '247', '251']
['223', '224', '229', '228', '231', '232', '233']
['205', '206', '211', '215', '218', '221', '220']
['191', '193', '199', '203', '201', '202', '204']
['179', '182', '181', '183', '187', '184', '186']
['152', '155', '157', '162', '166', '169', '173']
['138', '141', '144', '151', '148', '150', '154']
['122', '127', '131', '128', '130', '133']
[]
['107']
['104']
['109']
['108']
['111']
['113']
['114']
['352', '359', '368', '378', '384']
['299', '303', '306', '326', '339', '347', '350']
['244', '248', '255', '257', '268', '279', '284']
['195', '197', '208', '212', '217', '227', '242']
['158', '160', '165', '171', '174', '177', '189']
['121', '124', '134', '136', '142', '146']
['116']
['118']
