['0']
['30']
['60']
['90']
['120']
['150']
['180']
['210']
['240']
['270']
['1']
['271']
['31']
['61']
['91']
['176', '206', '236', '266', '147', '177', '207', '237', '267', '28', '298', '58', '88', '118', '148', '178', '208', '268', '239', '269']
['294', '54', '84', '114', '144', '174', '204', '234', '264', '25', '295', '55', '85', '115', '145', '175', '205', '235', '265', '26']
['140', '170', '200', '21', '22', '292', '52', '82', '112', '142', '172', '202', '232', '262', '23', '293', '53', '233', '263', '24']
['138', '168', '198', '228', '258', '19', '289', '49', '79', '109', '139', '169', '199', '229', '259', '20', '290', '50', '80', '110']
['46', '76', '106', '136', '166', '196', '226', '256', '17', '107', '137', '167', '197', '227', '257', '18', '288', '48', '78', '108']
['193', '223', '253', '14', '284', '44', '74', '104', '134', '164', '194', '224', '254', '15', '285', '45', '75', '105', '16', '286']
['130', '160', '190', '220', '250', '11', '281', '41', '71', '101', '131', '161', '191', '221', '251', '222', '252', '13', '133', '163']
['98', '128', '158', '188', '218', '248', '9', '279', '39', '69', '99', '129', '159', '189', '219', '249', '10', '280', '40', '70']
['245', '6', '276', '36', '66', '96', '126', '156', '186', '216', '246', '127', '157', '187', '217', '247', '8', '278', '38', '68']
['182', '212', '242', '3', '273', '33', '63', '93', '153', '183', '213', '243', '154', '184', '214', '244', '5', '275', '185', '215']
['86', '116', '146', '57', '87', '117', '238', '29', '299', '59', '89', '119', '149', '181', '152']
['165', '195', '225', '255', '287', '47', '77', '230', '260', '171', '201', '231', '261', '83', '113', '143', '173', '203', '296', '56']
['155', '7', '277', '37', '67', '97', '100', '12', '282', '42', '72', '102', '132', '162', '192', '283', '43', '73', '103', '135']
['121', '151', '211', '241', '2', '272', '32', '62', '92', '122', '123', '274', '34', '94', '124', '35', '65', '95', '125']
['4', '64', '291', '51', '81', '111', '141', '27', '297', '179', '209']
