['NVLNXP']
['NS']
['ERR']
['COYVMU']
['ETBLO']
['ZULMQ']
['EMP']
['AZN']
['ZIIN']
['HO']
['Y', 'ACYQN', 'QE', 'QBB', 'PIGBG', 'BJ', 'YO', 'AW', 'SRJZQ', 'UBYG', 'NJAA', 'BX', 'UXXBYF', 'BSAEQ']
['FWRV', 'QREJG', 'ZTK', 'ZHDBW', 'LZQ', 'EVTLXI', 'DJS', 'NDF', 'YOGJ', 'ZW', 'XFGUIZ', 'XEAARR', 'SEWIVO', 'TJU', 'DLJMZC', 'XT', 'EJOR', 'CRAQYE', 'GDGZN', 'IWP']
['OEJ', 'KAZEK', 'ANW', 'JJ', 'RM', 'AQDX', 'AB', 'OTXCZH', 'JCEYOL', 'LWIA', 'YK', 'RWO', 'VYGES', 'CNYXMO', 'LQ', 'HTA', 'MYSMZ', 'CVSPP', 'M', 'MLDT']
['MXSFK', 'NO', 'ZJUCNC', 'LHILT', 'B', 'DJC', 'MRT', 'FSZNT', 'BHT', 'PHS', 'KPXJFJ', 'FXAQ', 'ZQAULZ', 'EM', 'XS', 'TOR', 'NAIN', 'LZLFY', 'PRYXX', 'TXCK']
['QIZWG', 'ORJB', 'NDLUNW', 'RWHILI', 'OC', 'EDAKUV', 'LY', 'TZTCA', 'FGPZAA', 'BFZ', 'LNMCTV', 'YEBV', 'TYQL', 'MISGHL', 'KBV', 'ARYSPZ', 'ZDYFZU', 'OVM', 'OFIPP', 'G']
['QROYGT', 'BHKK', 'HMURVX', 'TSSNJ', 'YDDS', 'W', 'T', 'WFWU', 'DFGWZZ', 'ETSAG', 'IMB', 'XVU', 'E', 'NDMQJ', 'TGDTND', 'WVHKC', 'EYVVY', 'VWK', 'DEXTSN', 'AR']
['HOQPX', 'USZM', 'SK', 'VCFLXV', 'DBGM', 'AJDT', 'TRXUD', 'KFBC', 'AEV', 'OHZYQ', 'EYEWXP', 'BNC', 'ZHCQG', 'N', 'NDZ', 'TTV']
['NBJL', 'WBPB', 'HSHY', 'GUOYX', 'DQQ', 'S', 'U', 'UEKXJH', 'HDJL', 'IU', 'TQWWLG', 'OL', 'KLQR', 'NZDAU', 'XINMR', 'EWAZF', 'IYCHS', 'ZAP', 'OYDEJ', 'QNN']
['QGUYKQ', 'BAVHR', 'JP', 'JBJS', 'LTHESD', 'YFFNQ', 'GBSI', 'FPPMUW', 'MPYJWG', 'SY', 'GDFI', 'ET', 'QDMX', 'D', 'NGUN', 'ICLIT', 'J', 'WAXWZU', 'AZGCQ']
['RKCPEP', 'BBB', 'XLWRB', 'FBW', 'TCBKQ', 'OYJLB', 'GI', 'MYN', 'DVVKX', 'NTMT', 'TXNP', 'UVUBDR', 'SUPLJO', 'JN', 'V']
