['27']
['4']
['10']
['15']
['26']
['24']
['28']
['14']
['20']
['25']
['29']
['7']
['23']
['19']
['270']
['1']
['12']
['11']
['32']
['35']
['38']
['44']
['18', '36', '45', '54', '63', '72', '81', '90', '99', '108', '117', '126', '135', '144', '153', '162', '171', '180', '189', '198', '207', '216', '225', '234', '243', '252', '261']
['102', '51', '233', '157', '220', '88', '191', '203', '114', '113', '106', '188', '246', '262', '3', '83', '178', '6', '148', '158', '141', '199', '118', '79', '8', '60', '98', '156', '195', '2', '17', '69', '47', '257', '0', '9']
['159', '176', '177', '185', '197', '212', '210', '267', '43', '56', '96', '149', '249', '254', '42', '104', '147', '232', '236', '78', '93', '71', '31', '269', '110', '5', '164', '181', '235', '122', '125', '211', '227', '132', '223', '61', '224']
['245', '139', '169', '184', '205', '242', '264', '76', '241', '167', '194', '258', '39', '165', '137', '238', '263', '230', '62', '163', '64', '74', '94', '111', '129', '217', '250', '260', '34', '89', '123', '131', '136', '138', '150']
['49', '68', '229', '240', '37', '53', '66', '80', '73', '95', '103', '128', '160', '70', '112', '151', '175', '16', '33', '133', '86', '119', '174', '215', '237', '213', '55', '101', '134', '190', '209', '13', '21', '52', '166', '204']
['206', '218', '30', '109', '202', '208', '84', '107', '140', '145', '170', '173', '200', '222', '244', '268', '201', '259', '253', '59', '82', '130', '221', '251', '255', '196', '247', '265', '186', '228', '22', '92', '87', '187', '91', '172']
['256', '266', '124', '115', '121', '143', '154', '40', '58', '116', '146', '168', '192', '219', '161', '65', '67', '85', '41', '127', '105', '48', '152', '179', '182', '214', '226', '100', '120', '183', '231', '248', '46', '77', '142', '50']
['271', '272', '273', '274', '275', '276', '277', '278', '279', '280', '281', '282', '283', '284', '285', '286', '287', '288', '289', '290', '291', '292', '293', '294', '295', '296', '297', '298', '299', '97', '193', '57', '75', '155', '239']
