['JodieMeeks']
['EkpeUdoh', 'MikeScott']
['CJMiles', 'RodneyHood']
['DavisBertans', 'OGAnunoby']
['GeorgeHill', 'ManuGinobili']
['ZachCollins', 'KostaKoufos']
['JaredDudley', 'EdDavis']
['RichaunHolmes', 'AlexLen']
['WesleyIwundu', 'JerrydBayless']
['JoshHuestis', 'ShelvinMack']
['DougMcDermott', 'AlexAbrines']
['NikolaMirotic', 'KyleOQuinn']
['ShabazzMuhammad', 'DanteCunningham']
['JabariParker', 'NemanjaBjelica']
['DionWaiters', 'JasonTerry']
['DeyontaDavis', 'BamAdebayo']
['CoreyBrewer', 'BenMcLemore']
['AlJefferson', 'JordanClarkson']
['NeneHilario', 'DomantasSabonis']
['PatrickMcCaw', 'LucMbahaMoute']
['SamDekker', 'DavidWest']
['AveryBradley', 'BlakeGriffin']
['IshSmith', 'ReggieJackson']
['PaulMillsap', 'TorreyCraig']
['MaxiKleber', 'SalahMejri']
['DwyaneWade', 'CediOsman']
['KrisDunn', 'PaulZipser']
['TreveonGraham', 'MichaelCarterWilliams']
['QuincyAcy', 'TylerZeller']
['MarcusMorris', 'DanielTheis']
['IsaiahTaylor', 'MalcolmDelaney']
['MarkieffMorris', 'TomasSatoransky']
['BradleyBeal', 'OttoPorter']
['RudyGobert', 'RoyceONeale']
['DonovanMitchell', 'JoeIngles']
['PascalSiakam', 'JakobPoeltl']
['DeMarDeRozan', 'KyleLowry']
['DannyGreen', 'DejounteMurray']
['LaMarcusAldridge', 'PattyMills']
['GarrettTemple', 'ZachRandolph']
['BogdanBogdanovic', 'WillieCauleyStein']
['EvanTurner', 'ShabazzNapier']
['CJMcCollum', 'DamianLillard']
['TylerUlis', 'TroyDaniels']
['TJWarren', 'DraganBender']
['JoelEmbiid', 'TJMcConnell']
['BenSimmons', 'RobertCovington']
['NikolaVucevic', 'MarioHezonja']
['JonathonSimmons', 'AaronGordon']
['JeramiGrant', 'RaymondFelton']
['RussellWestbrook', 'PaulGeorge']
['MichaelBeasley', 'KristapsPorzingis']
['CourtneyLee', 'TimHardaway']
['DeMarcusCousins', 'RajonRondo']
['JrueHoliday', 'AnthonyDavis']
['JimmyButler', 'JamalCrawford']
['AndrewWiggins', 'KarlAnthonyTowns']
['JohnHenson', 'MalcolmBrogdon']
['KhrisMiddleton', 'GiannisAntetokounmpo']
['JamesJohnson', 'KellyOlynyk']
['JoshRichardson', 'GoranDragic']
['JaMychalGreen', 'MarioChalmers']
['MarcGasol', 'DillonBrooks']
['LonzoBall', 'BrookLopez']
['KentaviousCaldwellPope', 'KyleKuzma']
['DarrenCollison', 'LanceStephenson']
['ThaddeusYoung', 'VictorOladipo']
['ClintCapela', 'ChrisPaul']
['JamesHarden', 'PJTucker']
['AndreIguodala', 'NickYoung']
['KlayThompson', 'KevinDurant']
['WesleyJohnson', 'MontrezlHarrell']
['TobiasHarris', 'LouWilliams']
['StanleyJohnson', 'LangstonGalloway']
['MasonPlumlee', 'AndreDrummond']
['JamalMurray', 'GaryHarris']
['DwightPowell', 'WillBarton']
['YogiFerrell', 'DirkNowitzki']
['JaeCrowder', 'HarrisonBarnes']
['JRSmith', 'KyleKorver']
['DavidNwaba', 'LeBronJames']
['DenzelValentine', 'JerianGrant']
['MichaelKiddGilchrist', 'JustinHoliday']
['DwightHoward', 'JeremyLamb']
['CarisLeVert', 'KembaWalker']
['AllenCrabbe', 'RondaeHollisJefferson']
['MarcusSmart', 'SpencerDinwiddie']
['AlHorford', 'KyrieIrving']
['MarcoBelinelli', 'JaysonTatum']
['DennisSchroder', 'DewayneDedmon']
['JohnWall', 'TaureanWallerPrince']
['MarcinGortat', 'IanMahinmi']
['JonasJerebko', 'KellyOubre']
['DerrickFavors', 'AlecBurks']
['FredVanVleet', 'RickyRubio']
['JonasValanciunas', 'DelonWright']
['BrynForbes', 'SergeIbaka']
['PauGasol', 'RudyGay']
['JustinJackson', 'KyleAnderson']
['BuddyHield', 'SkalLabissiere']
['PatConnaughton', 'DeAaronFox']
['AlFarouqAminu', 'MauriceHarkless']
['MarqueseChriss', 'JusufNurkic']
['DevinBooker', 'TysonChandler']
['AmirJohnson', 'JoshJackson']
['JJRedick', 'TimotheLuwawuCabarrot']
['BismackBiyombo', 'DarioSaric']
['DJAugustin', 'ElfridPayton']
['PatrickPatterson', 'EvanFournier']
['StevenAdams', 'AndreRoberson']
['JarrettJack', 'CarmeloAnthony']
['FrankNtilikina', 'LanceThomas']
['IanClark', 'EnesKanter']
['DariusMiller', 'JameerNelson']
['TyusJones', 'ETwaunMoore']
['JeffTeague', 'GorguiDieng']
['ThonMaker', 'TajGibson']
['TonySnell', 'SterlingBrown']
['JustiseWinslow', 'EricBledsoe']
['WayneEllington', 'HassanWhiteside']
['AndrewHarrison', 'TylerJohnson']
['TyrekeEvans', 'JamesEnnis']
['JoshHart', 'JarellMartin']
['BrandonIngram', 'LarryNance']
['MylesTurner', 'JuliusRandle']
['CoryJoseph', 'JoeYoung']
['RyanAnderson', 'BojanBogdanovic']
['EricGordon', 'GeraldGreen']
['ShaunLivingston', 'TrevorAriza']
['StephenCurry', 'ZazaPachulia']
['SindariusThornwell', 'DraymondGreen']
['AustinRivers', 'MilosTeodosic']
['ReggieBullock', 'DeAndreJordan']
['TreyLyles', 'AnthonyTolliver']
['WilsonChandler', 'EmmanuelMudiay']
['JJBarea', 'NikolaJokic']
['DennisSmith', 'DevinHarris']
['TristanThompson', 'WesleyMatthews']
['KevinLove', 'JoseCalderon']
['BobbyPortis', 'JeffGreen']
['RobinLopez', 'CristianoFelicio']
['FrankKaminsky', 'LauriMarkkanen']
['NicolasBatum', 'MalikMonk']
['JarrettAllen', 'MarvinWilliams']
['JoeHarris', 'DAngeloRussell']
['AronBaynes', 'DeMarreCarroll']
['TerryRozier', 'SemiOjeleye']
['ErsanIlyasova', 'JaylenBrown']
['JohnCollins', 'MikeMuscala']
['LukeKennard', 'KentBazemore']
