['CD']
['JO']
['DJ']
['OB']
['EX']
['LN']
['RK']
['QL']
['PY']
['GI']
['KQ']
['KB']
['I']
['KV']
['ST']
['MK']
['LG']
['NX']
['NS']
['MO']
['HB']
['CQ']
['JF']
['BL']
['BM']
['ON']
['OI']
['RS']
['NV']
['X']
['MY']
['BE']
['OG']
['LI']
['DK']
['Q']
['GJ']
['CJ']
['HC']
['HY']
['RN']
['G']
['KI']
['DS']
['MC']
['HU']
['MV']
['HZ']
['MX']
['DP']
['U', 'Y', 'OZ', 'KL', 'NH', 'DR', 'HJ', 'RY', 'RH', 'BU']
['HG', 'GF', 'JC', 'DY', 'SJ', 'GB', 'QI', 'EF']
['O', 'R', 'NU', 'M', 'H', 'PZ', 'CA', 'IG', 'RD', 'DT']
['CV', 'EM', 'PU', 'MP', 'HO', 'OX', 'PT', 'DL', 'OK', 'EI']
['CP', 'FK', 'NR', 'GV', 'SR', 'QC', 'CE', 'LE', 'RR', 'RB']
['BH', 'PO', 'BP', 'W', 'JW', 'MH', 'BR', 'ER', 'QE']
['FY', 'EG', 'LC', 'DN', 'KE', 'SN', 'QZ', 'QH', 'PS', 'EP']
['SS', 'GO', 'EV', 'PI', 'BC', 'OJ', 'SI', 'GU', 'NG', 'JG']
['DE', 'OP', 'OS', 'NP', 'ME', 'NZ', 'GE', 'LS', 'QQ', 'RE']
['IM', 'SO', 'RG', 'FV', 'KG', 'OO', 'CR', 'OH', 'KK', 'TE']
['JU', 'PA', 'N', 'PM', 'HP', 'NQ', 'IA', 'NA', 'NC', 'FO']
['CM', 'OE', 'TF', 'SU', 'FG', 'QY', 'FL', 'DQ', 'BD', 'LL']
['QX', 'QM', 'GW', 'EB', 'GQ', 'JT', 'JE', 'QU']
['GN', 'RI', 'JZ', 'FW', 'BZ']
['PG', 'EZ', 'MM', 'IW', 'HD', 'KM', 'CK', 'EK', 'RZ', 'LR']
['GP', 'JH', 'KS', 'ES', 'KU', 'QJ', 'OM', 'EH', 'TD', 'LB']
['LD', 'SW', 'IN', 'SX', 'KT', 'OD', 'MN', 'LV', 'KX', 'KO']
['PK', 'RA', 'RF', 'EU']
['JB', 'FR', 'JR', 'PL', 'FJ', 'FB', 'EJ', 'RX', 'PW', 'GL']
['KC', 'C', 'KD', 'HE', 'EY', 'JJ', 'IR', 'QN', 'JQ', 'JI']
['DF', 'GZ', 'P', 'L', 'J', 'SQ', 'KN', 'JK', 'PJ', 'JV']
['CI', 'BQ', 'DO', 'SH', 'MF', 'SK', 'CH', 'ET', 'SA', 'LY']
['DI', 'V', 'NF', 'OC', 'ED', 'EA', 'KZ']
['DB', 'SB', 'K', 'IZ', 'FZ', 'PQ', 'IY', 'CF', 'JD', 'SL']
['MI', 'GR', 'F', 'LJ', 'FT', 'DG', 'BG', 'IF', 'BT', 'NL']
['ND', 'LZ', 'FE', 'NK', 'HQ', 'FP', 'BI', 'IX', 'B', 'IC']
['MB', 'IK', 'FS', 'EO', 'FF', 'BK', 'IV', 'SC', 'LM', 'KP']
['KW', 'RU', 'RT']
['OT', 'IT', 'DV', 'IE', 'DX', 'FX', 'MT', 'CW', 'E', 'OR']
['PV', 'ID', 'EW', 'HL', 'IL', 'IH', 'JX', 'GY', 'PH', 'HW']
['MU', 'LU', 'MA', 'HK', 'RL', 'QO', 'BJ', 'DW', 'BB', 'SE']
['RM', 'JP', 'QG', 'IO', 'NB', 'JM', 'LW', 'CT', 'FH', 'SM']
['OL', 'RO', 'PD', 'KR', 'TC']
['GX', 'FM', 'QV', 'CN', 'BX', 'QT', 'D', 'EQ', 'SZ', 'NE']
['JN', 'JL', 'QP', 'GK', 'BS', 'SD', 'RJ', 'RV', 'LX', 'FC']
['CX', 'TB', 'KH', 'HR', 'QK', 'QF', 'Z', 'GG', 'QW', 'BN']
['SP', 'PR', 'HX', 'DC', 'LH', 'HV', 'GM', 'LP', 'QA', 'SF']
['CL', 'BV', 'LA', 'PC']
['IS', 'DH', 'MS', 'CG', 'OV', 'PF', 'BO', 'HT', 'QD', 'CB']
['KJ', 'EC', 'MJ', 'PX', 'S', 'HI', 'FQ', 'LF', 'GA', 'NN']
['II', 'NO', 'OY', 'RW', 'OQ', 'KA', 'NI', 'OU', 'SY', 'LO']
['NJ', 'NY', 'MD', 'NW', 'NT', 'PB']
['QS', 'LQ', 'MW', 'A', 'OA', 'KY', 'OF', 'FA', 'FN', 'IJ']
['HM', 'ML', 'GC', 'T', 'CZ', 'JY', 'DD', 'QR', 'QB', 'EN']
['FI', 'PP', 'CO', 'LT', 'GH', 'CU', 'HH', 'FU']
['SG', 'DU', 'MR', 'CS', 'KF', 'BA', 'GD', 'BF', 'MG']
['MZ', 'LK', 'DM', 'NM', 'DZ', 'CY', 'SV', 'EE']
['HF', 'CC', 'PN', 'RP', 'BY', 'IU', 'FD', 'JS']
['MQ', 'PE', 'IP', 'IB', 'GT', 'GS', 'HS', 'TA', 'OW', 'RC']
['BW', 'EL', 'HA', 'RQ', 'HN', 'DA', 'IQ', 'JA']
