['Harry']
['Delia']
['Bonita']
['Pamela']
['Krista']
['Lorenzo']
['Fredrick']
['Katrina']
['Edward']
['Heather']
['Alex']
['Craig']
['Megan']
['Peggy']
['Lydia']
['Vicente']
['Harriett']
['Allen']
['Darryl']
['Maryann']
['Weldon']
['Mavis']
['Nellie']
['Sam']
['Marybeth']
['Hazel']
['Ray']
['Alberta']
['Carla']
['Matthew']
['Curtis']
['Erik']
['Barbra']
['Maxine']
['Nicholas']
['Aileen']
['Frida']
['Richard']
['Manuel']
['Isaac']
['Tanya']
['Dennis']
['Mildred']
['Shane']
['Earl']
['Josie']
['Rick']
['Debbie']
['Debra']
['Hector']
['Vickie']
['Joel']
['Octavia']
['Lela']
['Ericka']
['Angel']
['Joan', 'Myra', 'Rocio', 'Linda', 'Philip', 'Felipe', 'Anthony']
['Eunice', 'Gerard', 'Evelyn', 'Brenda', 'Lena', 'Hildegard', 'Shelly']
['Dorothy', 'Donna', 'Julie', 'Johnathan', 'Kim', 'Tim']
['Jewell', 'Mei', 'Michelle', 'Carrie', 'Geraldine', 'Barry', 'Jayne']
['Michael', 'Emilee', 'Carlos', 'Walter', 'Ashley', 'Wanda']
['Joyce', 'Carroll', 'Iris', 'Damian', 'Pauline', 'Jerome']
['Patrick', 'Brittany', 'Merle', 'Kelli', 'Julia', 'Mary']
['Jennifer', 'Claire', 'Sara', 'Gloria', 'Susan', 'Louis', 'Marjorie']
['Aron', 'Miriam', 'Frances', 'Esther', 'Laura', 'Steven', 'Teresa']
['George', 'Esta', 'Wilbur', 'Marge', 'Jeffery']
['Adrian', 'Carole', 'Roger', 'Stanley', 'Houston', 'Shawna', 'Rhonda']
['Brandon', 'Diane', 'Andre', 'Charlotte', 'Lillie']
['Andrea', 'Christopher', 'Irene', 'Mamie', 'Fletcher', 'Rueben', 'Kathryne']
['Leo', 'Lester', 'Steve', 'Lucia', 'Maria', 'Dan']
['Jeffrey', 'Reggie']
['Mitchell', 'Timothy', 'Joseph', 'Matt', 'Ruthie', 'Arline', 'Mario']
['Rafael', 'Deborah', 'Cheryl', 'Rory', 'Byron', 'Johnnie', 'Sheryl']
['Harriet', 'Victoria', 'Johnny', 'Vera', 'Alvin', 'Jasmine']
['Arturo', 'Scotty', 'Thomas', 'Levi', 'Maureen', 'Josephine', 'Ricardo']
['Gerald', 'Chester', 'Marion', 'Cameron', 'Danielle', 'Corinne', 'Bessie']
['Bernie', 'Cara', 'Gail']
['Maybell', 'Douglas', 'Amanda', 'Jeff', 'Gale', 'Darrin', 'Salvatore']
['Tabatha', 'Stacy', 'Vance', 'Eduardo', 'Vanessa', 'Hilton', 'Samuel']
['Tammy', 'Kenneth', 'Lacey', 'Guadalupe', 'Chris', 'Jason', 'Marta']
['Justine', 'Joe', 'Erma', 'Terry', 'Helen', 'Luis']
['Daphne', 'Kathryn', 'Jammie', 'Loretta', 'Mark', 'Larry', 'Gilbert']
['Christine', 'Doris', 'Jerry', 'Roberta', 'Doretha', 'Katie', 'Tom']
['Antonio', 'Laurie', 'Emerson', 'Beatriz', 'Virginia']
['Melanie', 'Kay', 'Esperanza', 'Samantha', 'Lizzie', 'Patrice', 'Louise']
['Derrick', 'Dolores', 'Devon', 'Patricia', 'Beverly', 'Wilfredo', 'Edwin']
['Anne', 'Lauren', 'Brooks', 'Monica', 'Carolyn', 'Frank', 'Antonietta']
['Gary', 'Rod', 'Brett', 'Judith', 'Cathleen']
['Ada', 'Robert', 'Tomas', 'Lawrence', 'Tracy', 'Anita', 'Nathaniel']
['Carol', 'Eva', 'Alan', 'Jodi', 'Hugo', 'Jane', 'Stephanie']
['Dottie', 'Melony', 'Marla', 'Virgie', 'Kelly']
['Lucy', 'Ella', 'Claudia']
['Patsy', 'Raymond', 'Lowell', 'Melissa', 'David', 'Clara', 'Horace']
['Gene', 'Jessica', 'Clifford', 'Mireya', 'Joy', 'Dena', 'Gladys']
['Billie', 'Noma', 'Benjamin', 'Shante', 'Latonya', 'Elizabeth']
['Kyle', 'James', 'Leola', 'Ted']
['Eric', 'Shaun', 'Jeremy', 'Albert', 'Kurt', 'Lorena', 'Deandre']
['Justin', 'Bernice', 'Roberto', 'Rachel', 'Dewayne', 'Sarah', 'Sandra']
['Bobby', 'Crystal', 'Lorene', 'William', 'John']
['Melvin', 'Lottie', 'Lori', 'Jonathon', 'Jacqueline', 'Margaret', 'Bruce']
['Molly', 'Minnie', 'Martin', 'Robin', 'Norma', 'Zachary', 'Cedric']
['Lisa', 'Paul']
['Alice', 'Ivan', 'Cyndy', 'Pat', 'Erica', 'Catherine', 'Carina']
['Cesar', 'Ruth', 'Dwayne', 'Warren', 'Austin', 'Kristen', 'Ethel']
['Paula', 'Barbara', 'Tommie', 'Alonzo', 'Russel', 'Kelvin', 'Chelsea']
['Phillip', 'Harold', 'Joshua', 'Desiree', 'Katherine', 'Adam', 'Casandra']
['Sally', 'Cindy', 'Ernest', 'Martha', 'Roy', 'Trenton', 'Shawn']
['Jami', 'Beatrice', 'Isabelle', 'Gregory', 'Tommy', 'Lucille']
['Cheri', 'Marcus', 'Raquel', 'Carlton', 'Kristine', 'Janice', 'Grace']
['Henry', 'Tonya', 'Todd', 'Colin', 'Kathleen']
['Emily', 'Carl', 'Christiana', 'Lakesha', 'Olive', 'Hillary', 'Brian']
['Jeanette', 'Randall', 'Cleo', 'Blanche', 'Victor', 'Milton', 'Jim']
['Clyde', 'Ronald', 'Evan', 'Mari']
['Wade', 'Peter', 'Kenny', 'Ladonna', 'Renee']
['Toni', 'Fay', 'Thelma', 'Regina', 'Antoinette', 'Sulema', 'Charles']
['Kimberly', 'Quentin', 'Leigh', 'Donald', 'Elvera']
['Sheldon', 'Mae', 'Sharon', 'Bernadette', 'Argentina', 'Porfirio', 'Newton']
['Arthur', 'Rena', 'Vicky', 'Theresa', 'Randy', 'Lexie', 'Gordon']
['Jonathan', 'Ralph', 'Stephen', 'Juan', 'Phyllis', 'Cynthia']
['Christian', 'Carmen', 'Jewel', 'Jessie', 'Betty', 'Karen']
['Pearl', 'Keith', 'Sheila', 'Shirley', 'Matilda', 'Mona', 'Kristina']
['Heidi', 'Tiara', 'Rebecca', 'Janet', 'Daniel', 'Dawn', 'Julius']
['Anna', 'Nancy', 'Marie', 'Colleen', 'Fred', 'Abdul']
['Oscar', 'Bernard', 'Lidia', 'Annie', 'Jean']
