['1']
['2']
['3']
['4']
['5']
['6']
['7']
['8']
['317', '336', '106', '134', '159', '84', '110']
['350', '367', '118', '279', '72', '78', '170', '216', '296', '355', '356', '364', '276', '113', '133', '312']
['127', '135', '207', '223', '248', '249', '251', '253', '272', '295', '303', '315', '340', '347', '374', '361']
['353', '368', '82', '128', '63', '76', '97', '191', '213', '224', '228', '329', '337', '51', '71', '89']
['229', '236', '240', '246', '247', '256', '257', '264', '273', '274', '278', '291', '302', '309', '342', '344']
['65', '92', '116', '124', '131', '143', '158', '160', '164', '187', '190', '193', '197', '201', '205', '218']
['99', '132', '282', '328', '332', '357', '9', '11', '16', '17', '20', '21', '29', '43', '62']
['292', '299', '300', '307', '334', '345', '352', '365', '12', '67', '75', '208', '167', '225', '298', '49']
['176', '177', '180', '181', '196', '209', '215', '230', '233', '235', '237', '238', '242', '255', '277', '288']
['105', '109', '112', '115', '117', '119', '130', '142', '144', '148', '156', '162', '169', '171', '173', '174']
['323', '341', '90', '262', '293', '22', '26', '35', '39', '53', '66', '68', '69', '91', '104']
['319', '325', '331', '333', '339', '343', '346', '351', '360', '114', '121', '157', '289', '86', '152', '212']
['175', '178', '189', '200', '206', '250', '254', '258', '261', '286', '290', '297', '308', '311', '313', '318']
['38', '42', '46', '50', '58', '64', '98', '100', '111', '129', '147', '154', '155', '161', '163', '168']
['316', '326', '327', '359', '375', '185', '301', '271', '96', '151', '18', '27', '28', '30', '33']
['140', '141', '145', '146', '150', '165', '179', '199', '217', '221', '231', '243', '245', '270', '294', '306']
['23', '25', '56', '57', '59', '79', '81', '83', '85', '87', '126', '136', '138']
['314', '320', '321', '335', '338', '349', '354', '369', '370', '13', '366', '166', '358', '31', '232', '234']
['219', '239', '241', '244', '252', '259', '260', '263', '267', '281', '283', '284', '285', '287', '305', '310']
['120', '122', '123', '125', '137', '149', '153', '172', '184', '186', '192', '194', '198', '202', '203', '204']
['24', '32', '34', '37', '40', '41', '45', '52', '55', '60', '61', '77', '80', '93', '101', '102']
['210', '211', '220', '222', '226', '265', '280', '304', '322', '371', '324', '10', '15', '19']
['269', '330', '362', '363', '372', '373', '275', '44', '47', '54', '70', '74', '88', '139', '182', '195']
['36', '73', '266', '348', '108', '14', '48', '94', '95', '103', '107', '183', '188', '214', '227', '268']
