['18D668', '14A3E7', 'B13536', 'CD374A', '5248A9', '118FE2', 'BCD2F5', '219F75', '539972', 'A89402', 'A4FCD1', '97D861', '8E8C76', 'A0DDCD', '1330B3', '1656DC', '26B294', '1600AD', 'E479C8', '9C0B9D']
['66547C', 'F9011B', 'D6DD9E', 'B2C529', '6BF4D3', '00CD58', '4BD8B1', '49EEB4', '468F31', 'D2BDB6', '72D023', '1D9893', 'D2F8E5', 'D0E36A', '89A551', '7B306C', '029563', '89372A', 'FB3B86', '0264AF']
['052CC7', '1D4417', '8AC55C', 'FBF275', '60B803', '8BEC15', '66B93A', '9CE56C', 'DBF47C', '9BAC71', '2D56C1', '113E1F', '43F505', '3235BA', '8F75EC', '1F4650', 'E2701A', '1A770B', '6E3DED', '35DA72']
['8ECA84', '10BBE1', 'D65E29', 'B49939', '739ABF', '2B3DD7', 'FBB00D', '95F017', 'B38307', '75002A', 'CBE0EA', '1E571E', '75C017', '18AEFC', '4C1D36', '5BEDDF', 'B6FA16', 'E77DD8', '747199', 'AD6105']
['62BC31', 'CC4384', '2E4B9D', 'F13455', '628552', '46371B', 'E46F9E', 'FD33F7', '3A0D10', '672145', 'D79D49', '5C5B8D', 'DF5F9C', '1CAAAC', '09FFA6', '66C38E', '85CFC7', 'E7EFA5', 'DF44F5', '929578']
['6D4C8F', '0FE5DD', 'CC66B0', '3963FC', '923B8C', '81DA52', 'DFE9C6', 'E1B665', '696B37', 'A34095', 'F545E1', 'BA6187', 'D883C0', '605983', 'C0A19A', '81E0FA', 'F1DB81', '5AF312', '7FADE3', 'FAB638']
['26DB4C', '3B6837', '76131B', '2F584A', '22394B', '6EEE66', '0A3E48', 'FC75E7', '2BEC39', 'FECCAB', '552199', '1D528C', 'F1B367', '55B952', '478A7C', 'BE3703', '9ABAFB', '2F46CD', '09CFE9', '2E6B38']
['98497D', '87EE7F', '414B77', '2961DB', '940AC5', '037831', 'AAAF0B', '1E0B30', '099A40', '5332A9', '3228BB', '1F6554', '98B1CA', '1D39ED', '463E2C', '78DB65', 'D363AB', 'DBDDB5', '4AE7C7', '9D8AD8']
['77EB41', 'F33ACF', 'E9F19A', '7B325B', '4AC817', '5E4F6B', '593840', '7C8A3D', '8FF839', '608F21', '1DD8D0', 'C54164', 'E33128', '6C3CD5', 'EB90EE', 'D324E7', 'E93252', '20C0D0', '29D22B', '2819EE']
['5C4F81', '73F93C', '88E0AE', '0B99EF', 'CA893B', '71AE93', 'EDB261', 'DB6CBF', 'FFD642', '71AC6D', 'B2A692', '54C37C', '8254EB', 'D31361', '206150', '24A4D1', '3D4600', '861E09', 'B6ACFC', '316244']
['31C6A3', 'AC34B5', '29267F', 'E8C5B8', 'EFBA0C', 'DDA295', 'CED5FC', 'C19610', '4FCF52', '6AFCAC', 'ABE83F', '6D4DDC', '77042F', '41AFC9', '03B42D', 'E1A380', '28CCA5', '00C269', 'A03FB7', 'B166D1']
['6C5208', '78E144', '05473A', 'BE5B1D', 'BB986B', '77B9A5', 'EB9D60', '1FBE40', 'D9180C', '511040', '49EB71', '9B09E5', '7848BA', '1866E0', '189812', 'BC38A8', '2C02B7', '38EA17', '848C87', '177A03']
['4C0FCD', '19EFAF', 'E15D93', '3D046E', '81A856', 'D6F426', 'E191B0', '8806E7', 'C4882F', 'EC35B5', '920715', '917501', '31B801', 'B4BD91', 'E4C3BA', '4A32EA', 'A4EAD9', '415552', '05F2DC', '26DA83']
['BA7ED0', 'C8F1A7', '035E05', '9330C0', 'B4257C', 'CC9A13', '56B4C2', '90E78E', '565E46', '601CA7', '82BD08', 'FCB503', '0AC7A0', '4D74EB', '5C016B', '33ABEE', '29BFBC', 'E8A38A', '7D4045', '58ED2B']
['865328', '4430C2', '0C3AFF', '25B295', 'AB96B9', '82F466', '4E8355', '34E9FE', '2215AE', 'C748A2', 'E3583F', '8963E1', 'D8A834', 'DCB902', '992AEE', '3D830C', 'CD5322', '7AADBC', '6DCBC8', '01E026']
['2EDC82', '99E133', '6833E8', 'B56D74', '7FE1F2', '45CE10', '5C0D69', '0FC6EE', 'AF83FA', '1986A0', '364B78', '292CB3', '0231A4', '1350AD', '187923', '0D6A28', '4EBF50', '26C6B9', 'FE7E47', '39CAB7']
['69FD70', '51197D', '882258', '0AFD91', 'B85F11', '273165', 'B0F05D', '7CC3A7', '5C91EE', 'C5416A', '369765', '5F88E7', '4DBE20', '1D0C35', '80F9BC', 'EC2626', '8D43AD', 'CC08F5', '1D216B', 'CE0D10']
['0CFFC9', '6246E1', 'B2CB4D', '160ED4', '7F8E1D', '7C730C', '244528', '4BBAFA', '1B06C5', '83752D', 'D98FB6', '0C4437', 'D50881', 'EED7BB', '1743CD', 'C3678B', 'D8492F', 'B00B7F', '04279E', '88FFF8']
['42EE34', '1C3933', '3E7F60', 'E277CB', 'B78EF9', 'D049CD', '068D28', 'F9EB1F', '5A681E', '74ADA7', 'E81232', '0525B9', '36FCBF', 'EE9200', '943005', '8EC8D8', '2D2248', 'F8B91A', '9D6554', 'E4F6EF']
['3EF396', 'CB5EDA', '0E6FA7', 'EEF23E', '31B17E', 'C07CCC', 'FF3177', 'EB3718', 'DDB7C8', '5BC875', 'C96CD6', '93D432', '2B8F4B', 'BB9072', '83ACF7', '4BC7D0', 'A5F27A', '15AA36', '82B105', 'C60FE7']
['5ADC6D', 'D8849E', 'F4C13E', 'F448AE', 'D2EB79', '7647CD', '92C42A', 'C1CAB9', '52FB79', '2B8E0B', '40C7FF', '503A55', '8883AC', '30EA83', 'F32B0B', '8DF985', 'C69699', 'C0EA59', '5B4152', '5D5C76']
['F85131', 'B8B01F', '846154', '3CB50A', 'EF37A6', '9C4CA5', '73271F', '3F75A9', '5E2607', '52BFE5', 'D0E5BE', '34ACF3', '5A5DE8', 'FCD63D', '0E78AA', '94C20E', '7334F9', 'A911EF', '9C5DCF', 'EB7E6A']
['F2B7FD', '9DF876', 'E492E0', '09944C', '420711', '5D4F2F', '6C1A62', '380FF7', '47063A', '823C51', 'F4EDF8', '593AF4', '5451FF', '893D61', '770A4C', 'B0C2D3', '935873', '6E7E64', 'F37211', '026256']
['D78522', 'D78532', '255208', '9FCB42', '3E6399', 'A1D29E', '398310', 'F61AD7', '833C34', 'FD1DAC', '9C4F00', 'C9EF6D', '81A0D3', 'F7F9CB', '400D20', 'A4F4BB', '2DE42A', '30C157', '43FE78', 'B2C27D']
['38515C', 'D83AF7', '57FCD8', '3FAE1E', 'F3EDD7', '99392B', '66F8EA', '718436', 'DE6241', 'C34593', '5A3E90', '2D4D61', '326662', 'B32674', 'E0044F', '5ABFA9', '94AED5', 'F28C7F', 'C2A74D', '9923B4']
