['jLfbGIdF8NGEon0Y']
['mHozpqzGRdLG9V3J']
['ifYXINZ6aWoEH7DB']
['jeBUg50AWiKKXcqu']
['kdGoi6zHyuvQpDcA']
['pc4XYI1U9sz2gRgH']
['5HNleuOCPjtwPnSk']
['JCEXGY45a6XhI134']
['2FdegbHljKsHKTBA']
['mO5EmBb8uTAe7h24']
['fLYl4oUtJEtT3WXS', 's6HfxxwOr7kyVRYn', '9fXxoA9BP65CAYlC', 'BwUXMPQFCQoKmynU', 'rQ2vZVoE2zsn7j2n', '465wnbKcaWS9KjyR', 'qr5UfuChFscZYOmg', 'cevzfVdkwbN1LOHg', '8MqGQNxBebIYhbJr', '2HzgwsEVkypix3nC', 'YwA2IrNgDwNmQ4X7', 'LNPF5ZDGifkCv5d7', 'occtOYhA9au5eR6X', 'kGRhtenQ5q9hswwb', 'pprNka3q6ZMWpXqY', 'b9FLfctwJQNOC9VN', 'SdIfxkOSkUIRLfQB', 'NqrQHgaAzFLFHUAG', '00HmxeY6bz0zRdLQ', 'WEx9DgCSYuFfwe94', 'DUDtR9r0TtgiDZfL', 'DxiF4tTo2RxUXZ8y', 'NbN87nF6OqWtdQlj', 'DY5FGboXvP0k5Yiv']
['3s5et8cQKuLEu6JB', 'DYAxYMznd7oT55H9', 'kfsSdjBxqCHxslcu', 'l2XQuoaIr56XgODs', 'ysj9buPysNBbgChO', '9Nvzp2eZ2mICONWi', 'Jv2T29xwEFJmQQtZ', 'n08r0nH08cWGLMkA', '4qSUW5vXGSu6VJUO', '83dGqpDu2zxQzZGs', 'NRnv49MDtTGpHVxc', '5Zzx4i0IAQE2RVWz', 'dXKYYYyS9W2cTaj9', 'qG1XWRbVRusGQF6F', 'fff6MZkbsbzkcT5x', 'kVqcQ7WwaZtnL73B', 'fXtq6DiWwSlJPez6', 'jcy0hgRQZFlESuxi', 'cYop1pjNFVeMxUK0', 'cM01G1M9z0MXUbDV', 'NlH7Qb7I5GhSNro3', 'AiDoEgTrqFer6BKC', 'VaEnqHyRf0hNsEDx', 'MtBmwDz7TfIU41Hh']
['xKiMJw50CkxXlAgA', 'Ku9M2pEUC4J0vLN1', 'f77vwbDQsEzQiBhB', '51MhJS4vY92pYZac', 'LAtEltJBQ8niQ4W2', 'o1mclFMicAccibNi', 'Q1o7NDDG8KYim3Nn', 'iOHqH8OWSREXB2cM', 'RHBcmom5Cy73V1bY', '8fOPOP5DmyJTHML7', 'z4GmeQgqXR6VSD6w', 'sIfbawRQ3HKPPhCJ', 'gmgonqQ8U7w0GYx1', 'MPSImMqXae6sDWTr', '34o4DIr9JJVfSGqD', 'QTjeGW6aPRVSMi5m', 'FrQYh9cBijltsTDj', 'CkYgx55JmARWACms', 'jmuGDlWlO9ahxM4w', 'Eu0RfXXWUeCxJBKi', 'eszLVKS5eRg4KGDo', 'WHno4ezmIgwkGVox', 'oWr3P0hK65VNGxOG', 'cI9aEMpB3FZEsmKR']
['3UdRTm5qb6DO8xNZ', 'kQX8pdI6gzz46ulS', '5kty8yP2XQIPOzXw', 'nXXMyk3Wkud7hxID', 'UnLR1wcNeTwOAJtF', 'KQAhs7hA7H4Tfcsi', 'l6erWjnWj575seKw', '3Td2kwxznqjcRJXX', '0ocoMWlS5IKQB34o', '8KGLyJD35emnSyyD', 'm2sAMfLBFNk3VswV', 'ZJmVimkB3l2YplyN', 'cNDXNQ6I36fIM5Dm', 'bY3f2QxYqHqwfHaW', 'Zbvwgnguu2zjly6Y', 'sVMikjKU1mZpbuTc', 'JpqVspUd30QH6E8a', 'Y4ftv1criT4zYFfU', 'Zgla5PZkxdTWJz0F', 'HZs9O4DqdcHCZOOP', 'axvCMDPt7DEs0yq3', 'mPlhLkOdHhZm3PXE', 'IUB20JfPRUx07nRo', 'K9eidrKyCyyoau3C', 'C5OVTMPxOGX4G9Ph']
['k78yxDiNDL9DQZZM', 'KKO0Hc5Bzm4lmbLe', 'fggwuZpHMAwTivnl', 'xjDLmjdB8tt61be5', 'P1BjnCuZIs4ebSdF', 'gjNRAhPAcSCZa93r', 'uUijlO9VYwYyKK2e', 'SGMSq6UFXxoGoBF2', 'LdWGDzZlyyi5nYm6', 'VzPHU7LRaZIDJcIJ', 'pWSVlvqwRvaFuZdt', 'WYqsP8RC3jFCKAnr', 'M0MBgVtLLhgAxp8n', 'RJ3Tcv1WMd4nq09M', 'XLyYitTTvMvuXBjR', 'qB3cHtqiqkktDXIk', 'LAgrqfc1LTrEJlg0', 'dScs4IkHL3Kdyaum', 'Z8FGfjakwyNZubOQ', '2ddWtqAFUhjmMXPK', 'KtA5PCDPkIcJduok', 'zcjnMSMAANkELpfx', 'y9od7o2yU31pKVgN', 'CbTRhNh4RWeiRLyR']
['OBvAVh2ITkn2SXSe', 'Inokfxqi1E4Yv7So', '5q4DS6VYgFf9EI1b', 'TvUm6NZ40DyQxuYG', 'sAetB3RbRmY5B0zZ', 'f3Hg1x5PJqUfrHm2', '4C2iumiwPrEBUYuM', '5CvQ8eSUkzrIz0Jh', 'eXiENzpgy1JevsFU', 'SvnJEPdQcqqpJxxq', 'Fdkx42Isp3RmhE5B', '1r6SDBLMjSr98pgV', 'b2Jsc3CHb2SGcmc9', 'Jl0YGCWM6Zi9UX2M', 'lwb4fpTdZMtLowcW', 'JrOTaXNd5s6TjGgu', 'JzGLjFAasqlhIp5x', '3v1C7nOfu3vosCmb', 'YkA8ddbNNMbBaEYg', '4n0IF9frCE2UQnAb', '0iI4lUgX2iAQ76VV', 'ACaYzkdhCr1JXptp', '0n3jyIDkGtBEWU2O', 'LqiR6MLayeDjs8zL', 'tQSYo3YHiOgQ5WzR']
['C7uuBsncZbkpFnqd', '2N0KZbRybwLuBa9A', 'rrP8bAUHc8L7X39y', 'YpoFEjp5yYW8AHnU', 'kbQhnGx3vwt8Xeld', 'ulEkvK728MBsZGdc', 'XIcTD51XvF3NSDEh', 'yUAMDW5Ro373cRAQ', '11zAJEuAzZEHhTbg', 'c44o7U3nbqObJFQb', 'vTKsQykGBXozXz1b', 'LpZdV7wEnbvtCMtP', 'vTjOqYbFuDLnxd4K', 'kedDcxkBk8gws0sf', '1WOtj75OIf6BnyZD', 'CJglsfD5gGweWRkD', 'gUzcOYXZ1e65i1GB', 'vTwaJQRIDUHYcwuB', '2ClXINQskMWU4Nvu', 'KYkp4KCIAWc4y2lW', 'hBu7VoqOLtbKSiIT', 'i34c4JSrQfD1ZmeW', 'NsPzitKGJjQSKTOO']
['X4JwESWwM92yqmiM', 'nx5FAKVXUVLZE5Sd', 'A4G1dCkhQEsEd4RT', 'FeyS7NtdllRJ6yAh', 'cWKEs75eOKW6eiKQ', 'oFEonueVAxoJhw4L', '8wxNdAdJZa6gz3fM', 'cOmHfl0kALYE4Em0', 'oPNFoH7O1euhC3le', 'CithhOn00dMnWZm4', 'tc8QBFTjQuMFZg60', 'vTLQRalC7ZYShria', 'kRtTpQ47twfIDRUB', 'pqusuB1hu9JCzGRh', 'h1VkEdact95pD401', '5dK9uugatZxJQfTN', 'v0K6jIkO8fF9mitF', 'gvxQsxTp0HQgb97I', 'c1zK6S60sPMeG0ha', 'cF3LtuyGaW3SNroU', 'RjHEEzN5Y5n6oZdK', 'Z0yiWtyW5NdKnfO5', '5ehFXf6qHCujZcjU', 'XQ5lffgomZkl33Jk']
['7cuE3UbayOvjd8V7', 'zPe2Hq4h1326ltVz', 'icFd14DZBeOWRIkA', 'MqjiHYNhlUAvKYbb', 'RAMkUNN9Enx4iotP', 'bXPJ1oWREUBu7vXx', 'WvNY6u6cBwKFeMIA', '04Pu99UICug5aLDz', '6H4u9IHFiksM1Tvu', 'XUgFRt6XvAAzfEst', 'ldZtrDEVFnDgCeh6', 'y1zy7NFzuTWb8a9h', 'sUI19xnj5qIrVfL5', 'Ajgtgd7gSzvzSEKr', '6weUR5o25FPDYGBh', 'HSjaQljMXdwwr02a', 'JBrce6mWcKKLGP8c', 'K6wyZRUwa1gLoh3r', 'JpVYggdIC9E8HNnS', 'gl2QA1STQYFwHtlC', 'IaLSRr7uqCHXGrq6', 'sK6hoF0ukvjNZjyW', 'ECVJUNYbByl4L3ID']
['3YsNIZ6xlYx1yeWt', 'XTe22M0ALQPyLcSH', 'm6Wxu7c5hfY9OMLU', 'HvztSmso0ldEDIlI', 'e3n0RO7MH8Stkmhq', 'CtCfpHdQLkjrqF5R', 'zCY4aUkat466PzbN', 'FPf4SHi0Je0JhkAM', 'aUxceVtbSguAILly', 'y63BWn8mL0hGrQaq', 'Z2Ecq8eXKwaJblcA', 'B9GPbArKZY8ANGT3', 'QjAQjPW5BXSo7S85', 'JGHXJJDhzc0X7bcS', 'qLoz86DGaLKxXODB', '8NJ5BVsVHdxRnioD', 'mf8wAGZ1unye6vIK', 'rvPpgKz0UVnt8X50', 'WC7EBi8pUSZDfGiL', 'lPNDAuNARxhIArZi', 'nXXSuoByNc2G2txz', 'WPCw8XqRYMLi2qJD', 'V4K0jyDSwXXin46D', 'EkWr4yxbqAUzNLtd']
