['26']
['242']
['122']
['222']
['41']
['93']
['24']
['293']
['135']
['184']
['64']
['189']
['94']
['210', '123', '133', '287', '260', '244', '126', '0']
['178', '75', '235', '241', '25', '78', '228', '68', '296', '250', '130', '163', '301', '212', '169', '299', '227', '172', '132', '201']
['187', '170', '248', '1', '160', '115', '27', '252', '152', '157', '254', '60', '116', '198', '150', '120', '16']
['34', '230', '121', '165', '295', '153', '138', '73', '134', '258', '192', '281', '179', '202', '52', '268', '35', '176', '182', '113']
['277', '226', '31', '119', '86', '158', '102', '37', '148', '107', '238', '253', '96', '278', '223', '39', '144', '283', '174', '275']
['225', '101', '215', '307', '247', '67', '271', '56', '14', '33', '185', '205', '218', '23', '197', '72', '280', '286']
['9', '249', '29', '151', '224', '12', '232', '269', '195', '272', '216', '214', '103', '156', '36', '162', '233', '261', '63', '159']
['69', '289', '256', '273', '61', '302', '177', '298', '105', '183', '74', '155', '18', '243', '20', '87', '13', '193', '137', '54']
['91', '88', '147', '188', '186', '279', '97', '161', '288', '239', '200', '267', '110', '171', '65', '204', '48', '92']
['245', '276', '22', '8', '219', '234', '251', '304', '5', '257', '294', '124', '77', '81', '229', '265', '66', '255', '140', '71']
['19', '84', '217', '99', '300', '7', '231', '191', '114', '15', '190', '263', '10', '44', '145', '40', '236', '306', '53']
['80', '196', '303', '70', '82', '129', '206', '2', '111', '166', '79', '108', '211', '76', '194', '28', '112', '58']
['95', '285', '143', '291', '17', '203', '46', '118', '51', '89', '264', '38', '175', '57', '262', '142', '106', '146', '4', '85']
['55', '59', '139', '259', '297', '149', '50', '128', '213', '168', '208', '164', '21', '180', '49', '207', '30', '100', '305']
['45', '266', '104', '3', '209', '246', '125', '199', '237', '141', '154', '136', '42', '6', '131', '90', '117', '98', '284', '43']
['292', '11', '83', '127', '240', '221', '167', '270', '109', '47', '181', '290', '32', '220', '173', '282', '62', '274']
