['75']
['318']
['359']
['372']
['105']
['182']
['350']
['447']
['26']
['188']
['302']
['383']
['395']
['135']
['316']
['141', '226', '288', '413', '460', '158', '181', '472', '343', '189', '279', '483', '496', '344', '441']
['124', '340', '453', '151', '306', '391', '125', '419', '338', '134', '223', '424', '292', '301', '347', '25', '221', '389', '39', '82', '210', '191', '264', '106', '239', '498', '404', '438', '467', '50']
['164', '185', '49', '104', '400', '29', '217', '177', '417', '487', '83', '271', '319', '465', '53', '172', '425', '282', '192', '304', '427', '14', '88', '422', '429', '398', '493', '121', '220', '298']
['459', '127', '283', '203', '310', '325', '329', '456', '474', '112', '137', '285', '418', '159', '342', '349', '5', '352', '420', '458', '150', '160', '187', '257', '196', '272', '353', '414']
['332', '328', '146', '387', '412', '163', '40', '335', '300', '120', '490', '122', '463', '385', '190', '208', '378']
