['0']
['32']
['31']
['63']
['62']
['94']
['93']
['125']
['124']
['156']
['155']
['261', '219', '64', '106', '184', '266']
['86', '135', '71', '161', '225', '188', '113', '230', '126', '48', '227', '211', '141', '127', '254', '257']
['54', '255', '19', '205', '26', '129', '296', '158', '192', '6', '146', '25', '267', '252', '182']
['268', '3', '194', '207', '66', '102', '169', '123', '216', '274', '303', '290', '91', '55', '96', '197']
['36', '166', '276', '49', '117', '280', '7', '226', '229', '15', '170', '153', '144', '84', '39', '204']
['163', '23', '148', '27', '60', '160', '224', '43', '167', '112', '201', '92', '275', '238', '271']
['270', '242', '4', '142', '237', '206', '44', '295', '231', '119', '309', '56', '264', '130']
['299', '228', '249', '248', '45', '294', '181', '305', '28', '284', '16', '20', '239', '11', '109']
['152', '308', '168', '42', '301', '191', '171', '209', '85', '90', '246', '208', '22', '233', '111', '47']
['159', '70', '33', '186', '279', '131', '198', '260', '139', '247', '17', '306', '304', '67', '115', '222']
['253', '95', '221', '68', '9', '138', '143', '174', '57', '269', '34', '51', '180', '190', '176', '18']
['133', '164', '12', '46', '298', '243', '173', '78', '140', '183', '114', '128', '277', '59', '235', '147']
['210', '213', '177', '287', '58', '87', '24', '149', '272', '189', '98', '21', '250', '132', '187', '38']
['150', '120', '273', '97', '37', '218', '40', '100', '74', '291', '77', '185', '278', '220', '99', '80']
['76', '107', '108', '30', '265', '53', '35', '65', '179', '203', '172', '1', '69', '286', '136', '293']
['75', '122', '307', '302', '29', '223', '289', '41', '104', '79', '256', '300', '52', '259', '196', '217']
['121', '110', '240', '89', '195', '200', '50', '81', '88', '175', '251', '151', '258', '283']
['2', '8', '10', '134', '245', '116', '199', '162', '154', '212', '178', '292', '13', '281', '202']
['105', '263', '61', '72', '103', '5', '14', '262', '285', '234', '145', '73', '241']
['288', '101', '118', '215', '232', '244', '137', '193', '236', '157', '282', '214', '165', '83', '297', '82']
