['70']
['137']
['336']
['484']
['69']
['436']
['340']
['41']
['85']
['44']
['383']
['205']
['423', '19', '207', '477', '214', '282', '153', '322', '113']
['454', '389', '445', '53', '447', '388', '426', '192', '217', '290']
['16', '194', '109', '420', '398', '37', '167', '234', '97', '27']
['219', '361', '319', '250', '399', '267', '43', '190', '33', '326']
['186', '328', '449', '461', '330', '155', '395', '314', '117', '56']
['95', '135', '168', '143', '304', '4', '378', '233', '430']
['265', '76', '182', '472', '327', '313', '251', '67', '498', '177']
['487', '298', '55', '209', '231', '228', '351', '81', '284', '401']
['301', '163', '482', '65', '337', '374', '418', '22', '434', '20']
['35', '103', '288', '32', '404', '307', '390', '278', '493', '82']
['371', '438', '66', '316', '129', '133', '333', '62', '77', '221']
['216', '99', '299', '130', '5', '183', '258', '212', '270', '175']
['126', '293', '7', '105', '6', '349', '439', '169']
['208', '15', '106', '391', '83', '339', '142', '410', '345', '152']
['98', '222', '107', '13', '474', '463', '481', '375', '318', '425']
['465', '499', '368', '1', '347', '40', '215', '310', '2', '384']
['149', '386', '407', '115', '377', '402', '173', '255', '232', '379']
['198', '344', '39', '181', '210', '239', '247', '80', '392', '488']
['366', '179', '335', '396', '51', '302', '18', '63', '189', '184']
['341', '17', '385', '193', '104', '432', '443', '68', '320', '84']
['464', '479', '462', '74', '45', '28', '332', '195', '405', '415']
['118', '132', '187', '346', '441', '52', '254', '240', '266', '201']
['236', '490', '100', '79', '352', '197', '58', '25', '380', '245']
['427', '204', '429', '11', '162', '156', '421', '300', '165', '122']
['47', '416', '466', '473', '8', '456', '93', '120', '241']
['435', '114', '147', '262', '370', '393', '287', '180', '323', '297']
['202', '478', '131', '269', '273', '444', '414', '452', '312', '87']
['90', '280', '121', '291', '86', '306', '178', '10', '460', '408']
['274', '440', '211', '188', '417', '485', '50', '350', '412', '206']
['224', '36', '353', '253', '108', '311', '26', '92', '315', '455']
['119', '387', '141', '166', '382', '243', '294', '419', '42', '110']
['229', '480', '223', '191', '324', '348', '94', '30', '489', '308']
['57', '295', '433', '367', '329', '91', '470', '486', '364', '363']
['73', '277', '331', '246', '261', '259', '296', '413', '170', '458']
['138', '256', '292', '14', '64', '238', '29', '491', '61', '185']
['360', '71', '161', '3', '136', '34', '227', '24', '230', '492']
['285', '381', '54', '496', '358', '272']
['146', '446', '457', '459', '431', '21', '442', '160', '495', '365']
['203', '220', '31', '369', '199', '289', '48', '394', '157', '468']
['12', '176', '128', '196', '158', '450', '112', '338', '437', '424']
['75', '286', '397', '305', '88', '151', '476', '467', '372', '200']
['359', '334', '500', '373', '237', '451', '244', '59', '101', '283']
['279', '281', '140', '78', '356', '116', '159', '275', '89', '171']
['428', '172', '124', '343', '257', '218', '49', '235', '249', '252']
['471', '139', '317', '72', '357', '242', '406', '23', '150', '154']
['453', '325', '127', '213', '309', '102', '145', '271', '134', '469']
['483', '497', '60', '422', '248', '263', '411', '111', '276', '403']
['268', '125', '321', '144', '260', '226', '148', '448', '400', '342']
['46', '264', '376', '225', '354', '174', '409', '355', '164']
['362', '494', '96', '303', '38', '475', '123', '9']
