['Tanitansy', 'Valli', 'Anabelle', 'Lira', 'Gae', 'Doroteya', 'Kathryn', 'Cristen', 'Zenia', 'Brigitte', 'Nissie', 'Hedwiga', 'Bertie', 'Hortense', 'Brittan']
['Britteny', 'Yovonnda', 'Sherrie', 'Eran', 'Katti', 'Mariellen', 'Diane', 'Bernice', 'Yolanda', 'Alia', 'Tamra', 'Alyson', 'Colline', 'Estele', 'Agnese']
['Josepha', 'Doris', 'Harriet', 'Yoshi', 'Silva', 'Nelie', 'Lesly', 'Starlin', 'Kala', 'Bonita', 'Natalya', 'Xylina', 'Agneta', 'Eve', 'Terese']
['Gale', 'Dena', 'Clarissa', 'Gianina', 'Helyn', 'Belle', 'Edith', 'Vanni', 'Clemence', 'Noreen', 'Gavra', 'Kaitlynn', 'Else', 'Nancie', 'Patty']
['Dee', 'Vinni', 'Idalina', 'Marris', 'Ronnica', 'Leanora', 'Mella', 'Dita', 'Brook', 'Yetta', 'Mei', 'Jacqui', 'Britney', 'Martina', 'Marisa']
['Cathryn', 'Cristionna', 'Oliy', 'Demetria', 'Peg', 'Ranice', 'Haley', 'Mechelle', 'Fredericka', 'Tiffany', 'Morena', 'Amalee', 'Lydie', 'Risa', 'Carri']
['Oralee', 'Janice', 'Erica', 'Shirl', 'Kellie', 'Diahann', 'Della', 'Latisha', 'Charita', 'Lorie', 'Antonietta', 'Bekki', 'Addi', 'Rosene', 'Ansley']
['Cindie', 'Daphene', 'Joanna', 'Gabbie', 'Monique', 'Catha', 'Rosamond', 'Dominica', 'Serena', 'Agnes', 'Myrtle', 'Eolanda', 'Selinda', 'Lisette', 'Reggi']
['Zulema', 'Sileas', 'Mair', 'Sula', 'Johanna', 'Sada', 'Nedda', 'Emelda', 'Roxane', 'Aviva', 'Tarra', 'Lynnet', 'Tiphanie', 'Korney', 'Dorine']
['Sadye', 'Karie', 'Nicki', 'Lotte', 'Estella', 'Orsa', 'Adriane', 'Carla', 'Bridgette', 'Angelica', 'Paulina', 'Jemie', 'Andie', 'Millisent', 'Allie']
['Row', 'Leda', 'Laverne', 'Cristabel', 'Ulrike', 'Krissy', 'Neile', 'Noell', 'Tiffy', 'Vicky', 'Opal', 'Frankie', 'Corly', 'Malva', 'Lorena']
['Pammy', 'Charmine', 'Brunhilda', 'Allene', 'Jolie', 'Cassandra', 'Georgiana', 'Flory', 'Debora', 'Arlee', 'Briny', 'Marlie', 'Rosana', 'Collete', 'Rhodia']
['Ingunna', 'Corinne', 'Idelle', 'Fawnia', 'Conchita', 'Jorrie', 'Roslyn', 'Willi', 'Matilde', 'Tamara', 'Kania', 'Lyda', 'Marabel', 'Anette', 'Jaynell']
['Randie', 'Brear', 'Tim', 'Danni', 'Fania', 'Kathleen', 'Agatha', 'Avivah', 'Lulu', 'Teddi', 'Sandie', 'Joelly', 'Shanie', 'Birgitta', 'Fernande']
['Cassondra', 'Vonni', 'Sheila', 'Rowena', 'Annice', 'Gerry', 'Erminia', 'Kiele', 'Marijo', 'Fran', 'Nicoli', 'Missy', 'Caryn', 'Sofie', 'Kellsie']
['Rhody', 'Tani', 'Stormi', 'Melinde', 'Shoshana', 'Kathy', 'Clemmie', 'Kara', 'Sonni', 'Dyane', 'Rita', 'Dotti', 'Netty', 'Camala', 'Quintana']
['Stefa', 'Veradis', 'Jessamyn', 'Drusy', 'Anabal', 'Desiri', 'Claudie', 'Babara', 'Elvera', 'Nanon', 'Mirna', 'Tallie', 'Andromache', 'Marcella', 'Cheslie']
['Chelsy', 'Austina', 'Sile', 'Meggi', 'Gaby', 'Paige', 'Winifred', 'Kittie', 'Athena', 'Stesha', 'Faythe', 'Adiana', 'Carroll', 'Jen', 'Marcie']
['Ruperta', 'Beatrice', 'Kaitlin', 'Cherilynn', 'Melloney', 'Alexandrina', 'Anastassia', 'Lani', 'Moyna', 'Eulalie', 'Lorain', 'Mufinella', 'Jesse', 'Maxie', 'Anabel']
['Maddalena', 'Gwennie', 'Casi', 'Euphemia', 'Marlena', 'Thia', 'Livy', 'Rivkah', 'Madelena', 'Inga', 'Georgeanne', 'Delly', 'Julie', 'Ramonda', 'Stephannie']
