['48']
['270']
['277']
['265']
['64']
['167']
['75']
['77']
['194']
['126']
['47']
['247']
['54']
['138']
['100']
['61']
['266']
['308']
['274']
['73']
['219']
['357']
['97']
['358']
['345']
['133']
['110']
['118']
['257']
['378']
['164']
['366']
['353']
['327']
['150']
['71']
['191']
['248']
['379']
['273']
['14']
['96']
['290']
['255']
['98']
['291']
['312']
['318']
['328']
['363']
['121']
['350']
['131']
['79']
['125']
['184']
['371']
['67']
['268']
['370']
['23']
['304']
['282']
['62']
['135']
['72']
['207']
['217']
['298']
['149']
['163']
['66']
['369']
['225']
['24']
['162']
['344']
['323']
['18']
['0']
['82']
['211']
['314']
['188']
['279']
['76']
['253']
['221']
['396']
['201']
['41']
['137']
['60']
['169']
['193']
['11']
['392']
['49']
['200']
['288']
['123']
['322']
['143']
['95']
['242']
['141']
['240']
['34']
['55']
['195']
['214']
['238']
['362']
['289']
['182']
['356']
['296']
['347']
['178']
['244']
['106']
['103']
['81']
['310']
['199']
['38']
['119']
['218']
['39']
['399']
['155']
['383']
['269']
['212']
['175']
['85']
['168']
['339']
['297']
['56']
['42']
['333']
['78', '354', '99', '8', '229', '181', '285', '204', '380', '239', '205', '263', '21', '166', '331', '287', '311', '132', '272', '31', '278', '346', '334', '179', '108', '180', '80', '43', '70', '190', '220', '390', '146', '276', '30', '28', '187', '83', '69', '324', '112']
['104', '92', '355', '262', '114', '206', '19', '157', '84', '197', '319', '261', '29', '124', '183', '12', '224', '317', '348', '32', '335', '46', '116', '241', '198', '189', '373', '236', '93', '234', '35', '223', '152', '228', '281', '374', '235']
['144', '349', '156', '303', '302', '101', '129', '107', '364', '254', '102', '251', '216', '309', '227', '258', '391', '68', '105', '293', '341', '90', '44', '7', '342', '15', '233', '87', '161', '91', '57', '111']
['159', '246', '176', '375', '256', '361', '305', '315', '145', '231', '337', '74', '264', '295', '381', '160', '139', '59', '1', '115', '343', '252', '307', '215', '185', '27', '153']
['394', '237', '50', '117', '367', '292', '52', '321', '94', '275', '283', '384', '330', '130', '232', '382', '222', '13', '387', '134', '389', '271', '230', '88', '148', '51', '213', '89', '127', '385', '122', '316', '250', '332']
['284', '45', '173', '136', '294', '368', '393', '154', '243', '210', '376', '9', '174', '53', '151', '259', '338', '372', '329', '5', '336', '286', '359', '63', '395', '202', '209', '280', '22']
['260', '267', '17', '192', '196', '26', '352', '377', '65', '142', '340', '299', '203', '113', '301', '249', '386', '226', '36', '320', '172', '208', '397', '25', '40', '171', '16', '140', '165', '3', '245', '10', '313', '109']
['326', '120', '186', '4', '20', '147', '177', '325', '128', '365', '351', '37', '6', '2', '86', '170', '33', '398', '158', '388', '58', '360', '306', '300']
