['153']
['161']
['198']
['236']
['274']
['313']
['349']
['395']
['412']
['61']
['75']
['142']
['145']
['178']
['276']
['331']
['356']
['420']
['430']
['76']
['124']
['20']
['358']
['381']
['439']
['65']
['158']
['51']
['138']
['170']
['246', '182', '88', '342', '317', '141', '164', '451', '289', '174', '166', '100', '449']
['299', '475', '445', '399', '49', '324', '367', '39', '338', '169', '455', '243', '238', '287', '268', '255', '129', '363']
['471', '278', '282', '437', '386', '434', '405', '58', '465', '54', '415', '298', '55', '94', '221', '385', '245', '228']
['469', '19', '382', '196', '135', '398', '105', '125', '264', '485', '456', '402', '283', '207', '213', '50', '322', '244']
['64', '379', '47', '464', '454', '441', '411', '499', '222', '220', '119', '458', '327', '212', '302', '321']
['314', '144', '29', '467', '259', '240', '494', '12', '267', '450', '69', '193', '326', '117', '487', '477']
['152', '9', '470', '172', '492', '8', '127', '57', '22', '286', '341', '281', '433', '62', '0', '488', '59', '136']
['372', '295', '271', '371', '345', '389', '463', '462', '44', '181', '66', '131', '473', '305', '183']
['284', '113', '218', '253', '400', '14', '383', '89', '139', '231', '391', '167', '380', '45', '303', '370', '262']
['425', '306', '407', '312', '280', '365', '296', '234', '101', '241', '215', '31', '41', '309', '447', '2', '83', '186']
['15', '481', '230', '42', '206', '453', '99', '16', '229', '339', '337', '360', '86', '46', '366', '417', '165', '403']
['444', '480', '307', '423', '250', '110', '318', '6', '459', '239', '347', '354', '394', '150', '377', '214', '258', '108']
['248', '23', '232', '336', '159', '357', '335', '148', '311', '388', '191', '421', '472', '133', '260', '422']
['256', '115', '143', '323', '188', '351', '292', '80', '468', '30', '78', '496', '252', '277', '291', '396', '257', '493']
['486', '146', '79', '121', '352', '92', '483', '251', '5', '28', '288', '378', '192', '208', '466', '457']
['91', '11', '393', '70', '26', '431', '219', '440', '56', '128', '348', '40', '93', '157', '77', '33', '84', '211']
['132', '10', '95', '21', '490', '491', '265', '151', '476', '109', '247', '429', '435', '285']
['216', '154', '74', '432', '362', '201', '343', '346', '27', '35', '60', '319', '390', '269', '25', '489', '404', '7']
['202', '87', '67', '235', '301', '315', '376', '149', '168', '180', '217', '428', '290', '452', '293', '3']
['103', '137', '340', '330', '242', '361', '401', '226', '270', '416', '461', '123', '329', '233', '374', '81', '224', '227']
['1', '484', '155', '17', '90', '387', '162', '478', '71', '297', '4', '111', '266', '68']
['353', '427', '52', '325', '13', '320', '106', '474', '384', '205', '102', '332', '48', '126', '498', '328', '197', '448']
['32', '300', '334', '160', '273', '104', '53', '368', '304', '333', '176', '38', '359', '120']
['294', '438', '203', '184', '279', '210', '163', '194', '43', '355', '72', '179', '373', '254', '316', '82', '392', '482']
['426', '436', '410', '408', '147', '190', '34', '497', '96', '114', '116', '175', '209', '308', '173', '199', '156', '272']
['85', '310', '261', '442', '118', '225', '424', '200', '249', '418', '36', '177', '189', '263', '73', '130', '409']
['204', '185', '112', '237', '275', '375', '24', '406', '171', '397', '495', '364', '413', '223', '37', '350', '107']
['98', '369', '344', '140', '187', '97', '460', '63', '479', '195', '122', '443', '134', '419', '414', '446', '18']
