['111']
['22']
['555555']
['6']
['8']
['AAAAA']
['BBBBBBB']
['CC']
['CCCCC']
['DD']
['DDD']
['EEEEE']
['GGGGGGG']
['JJJ']
['JJJJJJJ']
['JJJJJJJJ']
['KKK']
['MMMMMMMM']
['NN']
['OO']
['SSSSSSSS']
['UUUUU']
['J', 'yyyyyy', 'HHHHHHH', 'SS', 'gg', 'rrr', 'ssssss', 'WWWW', 'nnnnnnnn', 'EEE', 'uuuuu', 'HHHHHH', 'kkkkkk', 'SSSS', 'n', 'cccccc', 'TTTTTT', 'QQQQQ', 'CCC', 'HHH', 'QQQQ', 'LLLLLLLL', 'CCCCCCCC', 'QQQQQQQQ', 'eeeee', 'l', 'yyyyy', 'JJJJ', 'ccc', 'II', 'DDDDD', 'cccccccc', 'h', 'FFFFFFF', 'oooooo', 'OOO', 'UUUU', 'YYYYYYY', 'o', 't', 'llllllll', 'dddddd', 'ssss', 'N', 'KK', 'pppppp', 'III', 'i', 'vvvv', 'PPPPPPP', 'xxxx', 'v', '33', 'RRRR', 'a', 'KKKKK', 'p', 'BBBB', '66']
['ttttttt', '2', 'IIIIII', 'hh', 'HHHH', '333', 'xxxxxxxx', 'r', 'NNNNNN', 'd', 'gggg', 'www', 'TTTTT', 'F', 'ggggg', 'pppppppp', 'zz', 'KKKKKKKK', 'TTT', '7777', 'lllll', 'pp', 'RRR', 'TTTT', 'kkkkkkkk', 'ffffffff', 'u', 'fffff', '77777777', 'SSS', '44444', 'bbbb', 'VVVVVVVV', 'e', 'SSSSSS', 'iii', 'P', 'hhhh', 'H', 'uuuuuuuu', 'cc', 'tttttt', 'X', '11', 'uuuuuu', 'OOOOO', 'KKKK', 'dd', 'NNNNN', 'CCCCCC', 'ppp', 'MM', 'TTTTTTTT', 'LLLLLLL', 'UUU', 'jjjjjjjj', '6666666', 'GG', 'GGGGGG']
['XXXX', 'YYYYYY', 'aaa', 'O', 'aaaaaa', '44', 'BBBBBB', '222', 'HHHHH', 'lllllll', 'G', 'BBBBBBBB', 'ooooooo', 'uuuu', '1', 'WW', 'vv', 'hhhhhhh', 'kkkkkkk', 'qqqqqq', 'S', 'nnnnn', '111111', 'A', 'AAA', 'eee', '888888', 'QQQQQQQ', 'llllll', 'yyyyyyy', 'aaaaaaaa', 'MMMMMM', '777', '8888', 'JJ', 'bbbbbb', 'ss', 'vvvvvvvv', 'nnnn', 'ff', 'VVV', 'kkk', 'XXXXX', 'qqq', 'DDDD', 'HH', 'XXX', '77', 'tttttttt', 'WWWWWW', 's', 'lll', 'jjj', 'OOOOOO', 'ffffff', '2222222', 'sssssss']
['oooo', 'zzzzz', '55555555', 'M', 'aa', 'ppppppp', 'wwww', 'uu', 'xxxxx', '777777', 'ccccc', 'RRRRRRRR', 'CCCC', 'FFFFFFFF', 'b', '555', 'UUUUUU', 'w', '222222', 'PPPPPPPP', 'zzzz', 'jjjj', 'nnnnnnn', 'yyy', '5', 'FFF', '55555', 'K', 'zzzzzzzz', 'k', 'kkkk', 'ddddddd', 'mmmmmm', '4', 'LLLLLL', 'WWWWWWWW', 'IIIII', 'hhhhhhhh', 'mmm', 'c', 'm', '2222', 'CCCCCCC', 'MMM', 'bbb', 'eeeeeeee', 'iiii', 'ooooo', 'WWWWW', 'VV', 'VVVVVV', 'ee', 'oo', '888', 'ppppp', '5555555', 'EEEEEEEE', 'HHHHHHHH']
['PPP', 'mmmm', 'ffff', 'mmmmm', 'XXXXXXX', 'AAAAAA', 'V', 'YYY', 'Z', 'EEEE', '333333', 'BB', 'sss', 'DDDDDDD', 'JJJJJ', 'uuu', '4444444', 'bbbbb', '88888888', 'SSSSS', 'jjjjj', 'vvv', 'nn', 'qqqqqqq', 'wwwwwww', 'R', 'XXXXXXXX', '88', 'aaaa', 'kkkkk', 'FFFFFF', 'nnn', '11111111', 'zzzzzz', 'D', 'XXXXXX', 'DDDDDDDD', 'IIIIIIII', 'Q', 'wwwwwwww', 'GGGGGGGG', 'xxx', 'hhhhh', 'GGGG', 'qq', 'IIII', 'L', 'PPPPPP', 'yy', 'KKKKKKK', 'NNNNNNN', 'B', 'QQ', 'eeeeee', 'GGG', 'SSSSSSS', '5555']
['zzzzzzz', 'kk', 'ttt', '33333333', 'q', 'PPPP', 'ggg', 'vvvvvv', 'rrrrrrr', 'ZZZZZZ', 'C', '666666', 'BBBBB', 'IIIIIII', 'x', '3333333', 'rrrrrrrr', 'f', 'iiiiiii', '4444', 'QQQQQQ', 'RRRRRRR', '3', 'NNN', 'aaaaaaa', 'FFFFF', 'iiiii', 'qqqqqqqq', 'cccc', 'tt', '7', 'sssss', 'EEEEEE', 'OOOOOOO', 'xx', 'vvvvvvv', 'y', '444444', 'JJJJJJ', 'LLL', 'z', 'NNNN', 'yyyyyyyy', 'TT', 'YY', 'dddd', '77777', 'ii', 'ttttt', 'qqqq', 'qqqqq', 'tttt', 'DDDDDD', 'ddddd', '6666']
['AAAAAAA', 'KKKKKK', 'RR', 'rrrr', '88888', '1111', 'eeee', 'Y', 'rrrrrr', '7777777', '444', 'AA', 'zzz', 'YYYYY', 'RRRRR', 'eeeeeee', 'vvvvv', 'LLLLL', 'fff', 'hhh', '66666', '66666666', 'PP', 'T', 'gggggggg', 'xxxxxx', 'AAAA', 'I', 'VVVVV', 'AAAAAAAA', 'nnnnnn', 'rrrrr', 'UU', '8888888', '33333', 'ZZZ', 'll', '3333', 'EEEEEEE', 'uuuuuuu', '11111', 'ZZZZZZZ', 'j', 'jjjjjj', 'YYYY', 'dddddddd', 'pppp', 'iiiiii', 'g', 'xxxxxxx', 'RRRRRR', 'VVVVVVV', 'bb', 'fffffff', 'mm', 'ZZZZ']
['22222', 'UUUUUUUU', 'EE', 'MMMMM', 'WWW', 'wwwww', 'FFFF', 'bbbbbbb', 'hhhhhh', 'ww', 'WWWWWWW', 'bbbbbbbb', 'W', '1111111', 'gggggg', 'ccccccc', '55', '44444444', 'ZZ', 'iiiiiiii', 'jj', 'YYYYYYYY', 'GGGGG', 'MMMMMMM', 'NNNNNNNN', 'U', 'E', 'QQQ', 'ZZZZZZZZ', 'jjjjjjj', 'FF', 'PPPPP', 'aaaaa', 'mmmmmmm', 'rr', 'llll', 'yyyy', 'OOOO', 'BBB', 'OOOOOOOO', 'ggggggg', 'LLLL', '22222222', 'ooo', 'XX', 'VVVV', 'MMMM', 'ZZZZZ', 'wwwwww', 'TTTTTTT', 'mmmmmmmm', 'ddd', '666', 'UUUUUUU', 'ssssssss', 'LL', 'oooooooo']
