['267']
['285']
['287']
['270']
['281']
['274']
['290']
['288']
['295']
['278']
['282']
['272']
['298']
['441']
['444']
['449']
['494', '497', '483', '303', '247', '62', '70', '24', '447', '253', '73', '27', '50', '434', '496', '249', '255', '477', '240', '304', '63', '67', '432', '431', '41', '489', '459', '256', '476', '471', '257', '492', '18', '499', '72']
['191', '210', '173', '232', '131', '158', '119', '93', '122', '166', '110', '216', '136', '180', '236', '178', '144', '167', '153', '161', '102', '100', '137', '105', '209', '112', '197', '56', '65', '368', '325', '409', '372', '386', '352', '371', '126', '482', '488', '429', '436', '6', '424', '292', '35', '48', '9', '30', '32', '7', '79', '80', '342', '486', '484', '446', '405', '181', '175', '235', '141', '213', '202', '196', '203', '200', '211', '113', '190', '57', '60', '69', '361', '450', '442', '443', '430', '252', '262', '310', '26', '19', '17', '22', '16', '25', '13', '14', '4', '258', '299', '44', '76', '250', '2', '46', '480', '487', '498', '440', '473', '479', '474', '478', '125', '179', '111', '219', '114', '120', '188', '147', '198', '58', '55', '51', '66', '59', '134', '406', '366', '357', '448', '493', '491', '475', '472', '433', '435', '439', '437', '438', '254', '12', '40', '37', '204', '85', '485', '451', '495', '490', '481', '74', '233', '174', '227', '53', '61', '64', '68', '52']
['468', '376', '391', '404', '378', '402', '392', '418', '396', '382', '264', '84', '231', '116', '91', '104', '223', '97', '99', '229', '226', '88', '172', '152', '145', '193', '189', '156', '101', '215', '208', '205', '234', '168', '117', '171', '187', '154', '184', '207', '260', '259', '302', '465', '467', '71', '142', '301', '243', '245', '411', '343', '321', '341', '328', '421', '363', '323', '401', '327', '360', '316', '458', '81', '294', '275', '38', '43', '33', '266', '83', '335', '445', '347', '427', '355', '344', '374', '329', '280', '284', '82', '123', '194', '159', '237', '108', '164', '224', '109', '221', '132', '140', '195', '143', '220', '163', '214', '228', '169', '225', '129', '186', '107', '182', '146', '239', '133', '176', '86', '238', '115', '165', '305', '308', '307', '54', '5', '244', '31', '389', '364', '393', '313', '315', '412', '375', '390', '248', '251', '289', '296', '273', '34', '21', '45', '36', '42', '23', '306', '271', '29', '428', '339', '356', '383', '420', '336', '453', '222', '127']
['452', '311', '457', '345', '462', '185', '87', '314', '373', '395', '353', '407', '340', '286', '118', '333', '399', '384', '415', '385', '417', '403', '297', '269', '277', '241', '206', '155', '261', '466', '350', '246', '265', '464', '470', '346', '317', '380', '326', '312', '330', '338', '322', '324', '414', '279', '148', '183', '92', '94', '177', '89', '135', '230', '192', '98', '0', '1', '454', '309', '318', '416', '379', '348', '367', '410', '426', '422', '354', '331', '388', '242', '359', '400', '397', '358', '319', '334', '332', '413', '362', '419', '425', '370', '349', '320', '394', '293', '268', '291', '75', '78', '77', '456', '201', '212', '170', '160', '139', '157', '150', '103', '162', '217', '95', '96', '149', '199', '121', '128', '124', '218', '90', '106', '138', '151', '130', '263', '461', '455', '3', '460', '300', '49', '387', '377', '398', '381', '351', '369', '337', '423', '463', '469', '276', '10', '20', '15', '28', '8', '47', '11', '39', '283', '408', '365']
