['Orfeo7', 'Armando8', 'Rosaria8', 'Lidia6', 'Enzo3', 'Filomena3', 'Mattia1', 'Samira4', 'Carmela3', 'Nestore8', 'Sue2', 'Romeo4', 'Guido6', 'Deborah2', 'Laerte0', 'Sue0', 'Leonardo7', 'Maggiore3', 'Carmela6', 'Orfeo9']
['Walter1', 'Eriberto9', 'Ubaldo2', 'Marianita5', 'Ethan7', 'Giancarlo3', 'Ubaldo1', 'Marzio7', 'Sesto8', 'Domiziano7', 'Raniero0', 'Lisa0', 'Eliziario6', 'Dante0', 'Claudia6', 'Italo5', 'Ilario9', 'Edilio5', 'Teseo4', 'Davide5']
['Anastasio7', 'Lidia0', 'Armando0', 'Albino1', 'Cleros4', 'Laura9', 'Mariagiulia3', 'Jack2', 'Ferdinando0', 'Benedetta5', 'Bettino1', 'Fiorenzo7', 'Orfeo1', 'Marianita1', 'Antonino6', 'Osea0', 'Brigitta5', 'Matilde9', 'Demis2', 'Maika6']
['Gilda2', 'Lazzaro2', 'Concetta1', 'Leonardo1', 'Luigi4', 'Cleros2', 'Emanuel3', 'Marieva8', 'Santo9', 'Elga3', 'Tazio7', 'Ercole4', 'Odone4', 'Elga8', 'Tristano8', 'Sandro2', 'Gianmarco5', 'Alberto5', 'Nestore4', 'Costanzo6']
['Fortunata6', 'Rodolfo9', 'Anselmo9', 'Cleopatra1', 'Umberto9', 'Jole3', 'Jacopo3', 'Alighieri1', 'Santo3', 'Giorgio2', 'Cirino1', 'Lauro5', 'Marino4', 'Cleros6', 'Gianantonio5', 'Erminia5', 'Folco6', 'Davide8', 'Filomena4', 'Michael4']
['Lino4', 'Noah6', 'Doriana2', 'Enrico1', 'Giorgio3', 'Marieva7', 'Sarita4', 'Sasha9', 'Rosalba1', 'Giordano5', 'Edilio6', 'Piersilvio3', 'Renzo6', 'Mariagiulia0', 'Karim8', 'Sebastian2', 'Maggiore2', 'Folco8', 'Graziano0', 'Terzo7']
['Pablo7', 'Cleopatra7', 'Erminio9', 'Iacopo2', 'Quirino1', 'Radames4', 'Furio5', 'Radames7', 'Walter3', 'Folco0', 'Artes8', 'Siro2', 'Eusebio6', 'Modesto4', 'Audenico0', 'Max1', 'Valdo2', 'Donatella7', 'Luce0', 'Joshua3']
['Evangelista9', 'Rocco9', 'Genziana8', 'Leonardo0', 'Enzo6', 'Penelope5', 'Eustachio1', 'Celeste3', 'Osvaldo5', 'Armando5', 'Bortolo5', 'Dante5', 'Sarita7', 'Walter7', 'Gianmaria7', 'Piersilvio0', 'Joseph7', 'Folco4', 'Michele7', 'Lia2']
['Baldassarre3', 'Romeo2', 'Pietro1', 'Priamo0', 'Ludovico2', 'Iacopo1', 'Quarto3', 'Ercole2', 'Sibilla4', 'Giovanna5', 'Orfeo5', 'Egisto1', 'Monia6', 'Ione9', 'Italo9', 'Zelida4', 'Elda2', 'Maika9', 'Aroldo4', 'Siro8']
['Mariagiulia9', 'Secondo5', 'Ermes4', 'Osea9', 'Elda4', 'Emidio9', 'Lauro3', 'Liborio4', 'Rebecca2', 'Bortolo9', 'Fatima9', 'Eusebio3', 'Mietta1', 'Carlo1', 'Loris4', 'Edipo5', 'Mattia6', 'Cassiopea3', 'Sabatino1', 'Giorgio6']
['Oretta9', 'Edipo4', 'Demis3', 'Siro3', 'Gioacchino6', 'Loretta1', 'Odone9', 'Diamante6', 'Assia0', 'Michael9', 'Costanzo4', 'Fernando8', 'Amedeo6', 'Giacinto6', 'Sasha7', 'Rebecca6', 'Tristano5', 'Umberto6', 'Anselmo8', 'Sesto4']
['Jelena1', 'Nathan2', 'Carmelo4', 'Ursula5', 'Tancredi6', 'Caligola0', 'Tolomeo6', 'Kayla9', 'Fabiano3', 'Karim1', 'Azue3', 'Tommaso8', 'Nayade9', 'Caligola7', 'Fabio9', 'Augusto8', 'Prisca2', 'Lamberto6', 'Elsa0', 'Ethan9']
['Flaviana6', 'Joshua0', 'Muzio8', 'Kai5', 'Sirio1', 'Gianleonardo6', 'Quasimodo0', 'Enzo0', 'Monia8', 'Noah0', 'Diamante4', 'Gianriccardo2', 'Anastasio3', 'Liborio8', 'Matteo9', 'Bibiana4', 'Ausonio0', 'Renato5', 'Sabino2', 'Jacopo4']
['Damiana9', 'Benedetta4', 'Arcibaldo8', 'Timoteo5', 'Luigi7', 'Alessio7', 'Sirio6', 'Cleros5', 'Adriano0', 'Marzio5', 'Anselmo3', 'Cleopatra8', 'Kayla3', 'Ileana5', 'Ermes9', 'Odino9', 'Mattia9', 'Ethan3', 'Davide1', 'Giovanna3']
['Cira7', 'Costantino7', 'Trevis8', 'Mauro7', 'Ulrico6', 'Ettore0', 'Deborah9', 'Alan9', 'Concetta9', 'Assia4', 'Vera2', 'Zaccaria2', 'Maruska3', 'Fatima2', 'Alessio3', 'Nestore6', 'Caio6', 'Marzio4', 'Primo1', 'Joannes5']
['Nestore5', 'Ian2', 'Radames1', 'Odone8', 'Marianita7', 'Nabil5', 'Trevis3', 'Mirko4', 'Cesidia8', 'Fiorenzo1', 'Guido1', 'Laura1', 'Edilio2', 'Tolomeo0', 'Cosetta2', 'Ruth1', 'Amedeo5', 'Miriam7', 'Prisca3', 'Amerigo1']
['Amerigo5', 'Amedeo1', 'Cira8', 'Giulio2', 'Claudia1', 'Pacifico0', 'Marina7', 'Marianita8', 'Secondo0', 'Trevis2', 'Patrizio4', 'Samira6', 'Mietta0', 'Isabel1', 'Renzo5', 'Benedetta1', 'Ludovico9', 'Noel4', 'Siro0', 'Arturo8']
['Violante6', 'Deborah4', 'Folco3', 'Kris3', 'Loredana6', 'Elio3', 'Nazzareno0', 'Erminia8', 'Arduino5', 'Miriana4', 'Timoteo9', 'Serse1', 'Nathan9', 'Ferdinando6', 'Mecren5', 'Demi9', 'Rosita1', 'Gregorio2', 'Elio8', 'Clodovea2']
['Dylan9', 'Rosalino0', 'Miriam8', 'Fortunata0', 'Loretta4', 'Gilda5', 'Fabio8', 'Eustachio2', 'Rufo5', 'Rebecca5', 'Oreste0', 'Nico6', 'Fiorentino3', 'Cassiopea9', 'Guendalina3', 'Gaetano5', 'Nestore7', 'Silvano4', 'Miriana9', 'Pierfrancesco0']
['Gregorio7', 'Arduino8', 'Mietta2', 'Sesto2', 'Gianriccardo3', 'Pablo9', 'Cleros7', 'Marcella3', 'Rita6', 'Ivano3', 'Lorenzo9', 'Caio2', 'Ercole8', 'Alessandro3', 'Miriana7', 'Nicoletta3', 'Mirko6', 'Hector0', 'Umberto0', 'Tazio1']
['Laerte5', 'Erminia2', 'Sebastian4', 'Valdo9', 'Olimpia3', 'Erminio4', 'Rosalino2', 'Ercole1', 'Jari0', 'Demi6', 'Loredana0', 'Priamo8', 'Demis1', 'Irene7', 'Siro9', 'Soriana6', 'Celeste4', 'Raoul7', 'Gianantonio6', 'Danthon5']
['Jari2', 'Antonio9', 'Jarno1', 'Joseph3', 'Kris2', 'Akira3', 'Antimo9', 'Alighiero7', 'Vania3', 'Fiorenzo8', 'Vinicio8', 'Marino8', 'Rosalba8', 'Concetta5', 'Oretta5', 'Marina4', 'Mariano0', 'Primo9', 'Gaetano4', 'Nico1']
['Eriberto7', 'Orfeo4', 'Enzo7', 'Marvin0', 'Xavier7', 'Danuta0', 'Eriberto1', 'Odino6', 'Cleopatra5', 'Lidia4', 'Mecren9', 'Thea5', 'Adriano1', 'Emanuel1', 'Damiana2', 'Fatima0', 'Osea1', 'Clodovea1', 'Tancredi5', 'Isabel6']
['Gerlando9', 'Vania2', 'Xavier5', 'Brigitta8', 'Manfredi5', 'Luce6', 'Gianantonio3', 'Giobbe6', 'Nathan3', 'Rosolino0', 'Ercole9', 'Giulietta7', 'Gioacchino7', 'Elsa1', 'Penelope7', 'Emanuel7', 'Marcella0', 'Moreno5', 'Laerte9', 'Bibiana6']
['Avide3', 'Primo3', 'Nestore3', 'Battista3', 'Bettino8', 'Fabiano1', 'Ian0', 'Timoteo4', 'Marcella4', 'Gelsomina6', 'Mariagiulia4', 'Gavino8', 'Thea4', 'Cassiopea8', 'Marina6', 'Ariel9', 'Tancredi4', 'Giacobbe7', 'Marzio6', 'Pacifico5']
