['Sherline']
['Geralda', 'Devinne', 'Sephira', 'Karisa', 'Veronike', 'Sophie', 'Johnette', 'Sheree', 'Allsun', 'Genni', 'Dulcea', 'Faith', 'Mareah']
['Mariette', 'Meris', 'Janette', 'Martguerita', 'Thalia', 'Jobina', 'Miquela', 'Jessamyn', 'Heather', 'Kelcey', 'Brandise', 'Kristin', 'Bibbie', 'Chris', 'Vi', 'Shaina', 'Sharla', 'Wilow', 'Brynna']
['Marigold', 'Debby', 'Lita', 'Jeannette', 'Frankie', 'Shay', 'Raven', 'Lori', 'Corinna', 'Ula', 'Viva', 'Fawne', 'Tamarra', 'Betteanne', 'Natalina', 'Minnnie', 'Tova', 'Rebbecca', 'Libbi']
['Cristina', 'Anya', 'Carlye', 'Melva', 'Constantina', 'Reggi', 'Toma', 'Lona', 'Lisbeth', 'Harriett', 'Flori', 'Jeralee', 'Arliene', 'Pavla', 'AnnaDiane', 'Sayre', 'Nora', 'Crystie', 'Kinna']
['Tilda', 'Darcee', 'Lia', 'Elinor', 'Gigi', 'Maryjo', 'Ondrea', 'Mina', 'Madonna', 'Brenn', 'Barbe', 'Madalena', 'Erna', 'Andriette', 'Ashlen', 'Dolores', 'Coral', 'Toni', 'Nelia']
['Roseann', 'Esmaria', 'Inna', 'Fredelia', 'Lorrin', 'Jacquenette', 'Corey', 'Randene', 'Marjie', 'Feliza', 'Pollyanna', 'Cordie', 'Uta', 'Verina', 'Vivia', 'Brigid', 'Keri', 'Erinna', 'Riannon']
['Amabel', 'Anjanette', 'Silva', 'Freda', 'Laurice', 'Geri', 'Noelyn', 'Evangeline', 'Madelin', 'Debbie', 'Gwendolen', 'Joleen', 'Cory', 'Daisi', 'Kata', 'Lina', 'Sofia', 'Tammy', 'Winifred']
['Ellie', 'Idalina', 'Tatiana', 'Shelia', 'Camilla', 'Jada', 'Jane', 'Raye', 'Neila', 'Nadine', 'Cordy', 'Cate', 'Marylou', 'Meggy', 'Merrielle', 'Tanhya', 'Barbaraanne', 'Rozanna', 'Joannes']
['Dianna', 'Claudina', 'Emilee', 'Amitie', 'Rosalinde', 'Cecelia', 'Paula', 'Rosene', 'Libby', 'Alyce', 'Kylen', 'Brandie', 'Phil', 'Katleen', 'Reeva', 'Ray', 'Jaclyn', 'Analise']
['Alvina', 'Henriette', 'Jsandye', 'Kerstin', 'Leora', 'Carline', 'Christabel', 'Eddi', 'Coretta', 'Mehetabel', 'Isabelle', 'Misti', 'Lisabeth', 'Honey', 'Ortensia', 'Bria', 'Denyse', 'Siusan', 'Una']
['Gayle', 'Natka', 'Almeda', 'Serena', 'Andree', 'Kalindi', 'Tersina', 'Vallie', 'Tessy', 'Gwenette', 'Renelle', 'Nerissa', 'Suellen', 'Jodi', 'Shelli', 'Maddalena', 'Madelyn', 'Zita', 'Koressa']
['Shayne', 'Ethelind', 'Ivie', 'Constantia', 'Lorna', 'Erma', 'Kettie', 'Starr', 'Patience', 'Eadie', 'Kacey', 'Pansie', 'Penny', 'Moyra', 'Eve', 'Saundra', 'Janey', 'Karol', 'Lavinia']
['Catina', 'Jennica', 'Paulette', 'Reta', 'Kippy', 'Lettie', 'Heidie', 'Costanza', 'Christina', 'Arleyne', 'Linette', 'Kaylyn', 'Nolana', 'Laverna', 'Lilla', 'Biddie', 'Thomasina', 'Kiersten', 'Delila']
['Avivah', 'Milena', 'Paulina', 'Drucill', 'Jeannine', 'Matilda', 'Sheena', 'Clari', 'Neilla', 'Joly', 'Gussy', 'Vin', 'Carmelia', 'Zoe', 'Philomena', 'Goldina', 'Imogen', 'Bonnee', 'Cammie']
['Gerrilee', 'Deny', 'Lyn', 'Megan', 'Sheilah', 'Tresa', 'Trista', 'Jenna', 'Loria', 'Vickie', 'Rosalind', 'Vanessa', 'Prudi', 'Midge', 'Lanni', 'Dayle', 'Deeann', 'Henrietta', 'Sibylle']
['Shayna', 'Lorena', 'Cinnamon', 'Jess', 'Melodie', 'Lois', 'Nicoli', 'Vonny', 'Hendrika', 'Nerta', 'Marlyn', 'Sheeree', 'Sue', 'Maryl', 'Valerie', 'Rachel', 'Gaynor', 'Ashely', 'Idell']
['Magdaia', 'Marla', 'Lorinda', 'Lauretta', 'Pandora', 'Lillis', 'Susana', 'Annalee', 'Patti', 'Jaime', 'Donella', 'Essa', 'Ashli', 'Elisabet', 'Tamarah', 'Dulcia', 'Hatty', 'Callie', 'Phedra']
['Emmalynne', 'Carree', 'Jessika', 'Lorraine', 'Kania', 'Valentine', 'Marice', 'Leona', 'Ginger', 'Eula', 'Kora', 'Mia', 'Marcia', 'Charis', 'Annie', 'Sallyanne', 'Mable', 'Tressa', 'Dana']
['Herminia', 'Clemmie', 'Therine', 'Livia', 'Aubrette', 'Gabriell', 'Zorana', 'Gerianna', 'Cayla', 'Siobhan', 'Kellen', 'Mariejeanne', 'Harrie', 'HelenElizabeth', 'Licha', 'Stepha', 'AnnaDiana', 'Billy', 'Laverne']
['Fayth', 'Willabella', 'Cherry', 'Clemmy', 'Ealasaid', 'Fayina', 'Emelina', 'Bell', 'Christin', 'Edi', 'Giselle', 'Nevsa', 'Vilma', 'Oliy', 'Leilah', 'Shelby', 'Tanya', 'Phillis', 'Camille']
['Katalin', 'Jolie', 'Wilone', 'Pippy', 'Kassia', 'Liz', 'Emmy', 'Jeniffer', 'Goldi', 'Jorey', 'Jeannie', 'Anthe', 'Genna', 'Danell', 'Myrilla', 'Romonda', 'Edeline', 'Grazia', 'Blake']
['Garland', 'Hyacinth', 'Lynnett', 'Brynne', 'Ardenia', 'Tiffani', 'Rasla', 'Terra', 'Bessy', 'Sara', 'Laura', 'Dulcie', 'Pierrette', 'Elayne', 'Ardine', 'Laraine', 'Karlotta', 'Corella', 'Tybi']
['Joycelin', 'Shani', 'Katha', 'Yalonda', 'Giralda', 'Bobbie', 'Kay', 'Caryn', 'Susi', 'Lila', 'Rosina', 'Wendeline', 'Pia', 'Kial', 'Jasmin', 'Trude', 'Evvy', 'Chrystel', 'Tobi']
['Natala', 'Merline', 'SheilaKathryn', 'Laureen', 'Robena', 'Helenka', 'Raine', 'Marley', 'Renae', 'Lacey', 'Sharron', 'Stefa', 'Lindsy', 'Courtnay', 'Kathlin', 'Chelsea', 'Nomi', 'Cynde', 'Di']
