['Dario']
['Orval']
['Barry']
['Lorie']
['Major']
['Rufus']
['Claud']
['Ilene']
['Tommy']
['Holly']
['Sofia']
['Brock']
['Adela']
['Mason']
['Bruno']
['Clara', 'Robyn', 'Flora', 'Tyron', 'Hyman', 'Mario', 'Ruben', 'Tanya', 'Janis', 'Joann', 'Tammi', 'Daron', 'Randi', 'Julio', 'Lanny', 'Jacob', 'Garry', 'Elvia', 'Cliff', 'Robin', 'Nadia', 'Pedro', 'Amber', 'Deann', 'Moshe', 'Donna', 'Debra', 'Timmy', 'Randy', 'Grant', 'Olive', 'Terri', 'Karen', 'Merle', 'Berta', 'Percy', 'Clint', 'Verna', 'Roman', 'Pansy', 'Micah', 'Pearl', 'Brant', 'Jason', 'Eddie', 'Elvin', 'Tonya', 'Nancy', 'Benny', 'Twila']
['Chong', 'Kevin', 'Brian', 'Marci', 'Davis', 'Clyde', 'Bryce', 'Patti', 'Ronny', 'Tessa', 'Brady', 'Jamel', 'Peter', 'Lorna', 'Erick', 'Dusty', 'Hilda', 'Effie', 'Sandy', 'Corey', 'Fidel', 'Kathy', 'Sonja', 'Kirby', 'Erica', 'Katie', 'Monty', 'Teddy', 'Sally', 'Dwain', 'Annie', 'Fritz', 'Sammy', 'Rusty', 'Leila', 'Billy', 'Sybil', 'Willy', 'Wendy', 'Shaun', 'Linda', 'Mamie', 'Alton', 'Audra', 'Sonny', 'Tonia', 'Leann', 'Wanda', 'Craig', 'Homer']
['Irvin', 'Viola', 'Casey', 'Wally', 'Laura', 'Staci', 'Lauri', 'Ebony', 'Cyrus', 'Ahmad', 'Chang', 'Marty', 'Basil', 'Perry', 'Wyatt', 'Chris', 'Gayle', 'Daisy', 'Bryon', 'Avery', 'Jamar', 'James', 'Elsie', 'Clark', 'Paige', 'Lyman', 'Wendi', 'Tasha', 'Darin', 'Helga', 'Edwin', 'Renee', 'Maria', 'Buddy', 'Leroy', 'Elias', 'Ariel', 'Wilma', 'Louis', 'Freda', 'Odell', 'Chase', 'Danny', 'Brent', 'Amado', 'Aaron', 'Rhoda', 'Sheri', 'Maude', 'Jared']
['Lucio', 'Mable', 'Della', 'Devin', 'Terry', 'Zelma', 'Jayne', 'Julia', 'Maura', 'Naomi', 'Jaime', 'Ellen', 'Becky', 'Jonah', 'Steve', 'Ernie', 'Myron', 'Issac', 'Allan', 'Emery', 'Nelda', 'Sadie', 'David', 'Janet', 'Tracy', 'Lydia', 'Mitzi', 'Ollie', 'Vicky', 'Bryan', 'Josef', 'Britt', 'Roger', 'Marla', 'Ervin', 'Karin', 'Aline', 'Felix', 'Moses', 'Josie', 'Erika', 'Cindy', 'Trent', 'Leona', 'Margo', 'Dixie', 'Greta', 'Marcy', 'Kayla', 'Melba']
['Hazel', 'Lacey', 'Emily', 'Joyce', 'Shane', 'Bobbi', 'Essie', 'Carla', 'Queen', 'Misty', 'Elmer', 'Doris', 'Adele', 'Alvin', 'Nikki', 'Quinn', 'Arlen', 'Donny', 'Bette', 'Cesar', 'Malik', 'Candy', 'Carly', 'Alice', 'Mandy', 'Mikel', 'Kelly', 'April', 'Elena', 'Mitch', 'Rhett', 'Roxie', 'Vilma', 'Dante', 'Betsy']
