['227']
['400']
['433']
['626']
['246']
['342', '247', '396', '500']
['290', '347', '200', '521', '475', '201', '526', '209', '628', '509', '255', '278', '557', '465', '272', '446', '164', '603', '629', '474', '597', '233']
['576', '194', '235', '482', '147', '280', '561', '274', '148', '623', '413', '453', '270', '301', '514', '187', '510', '352', '454', '332', '333', '393']
['225', '213', '594', '156', '318', '579', '171', '397', '311', '193', '564', '607', '334', '240', '409', '547', '571', '508', '302', '360', '459', '463']
['185', '516', '522', '329', '220', '388', '430', '568', '458', '460', '357', '593', '585', '533', '408', '587', '351', '627', '364', '472', '181', '494']
['316', '599', '524', '495', '595', '410', '555', '373', '570', '340', '268', '159', '592', '208', '589', '438', '230', '449', '619', '254', '502', '411']
['344', '315', '471', '567', '146', '422', '432', '434', '286', '204', '498', '421', '353', '211', '611', '324', '305', '160', '484', '376', '550', '390']
['175', '277', '414', '559', '232', '452', '578', '196', '496', '335', '470', '153', '536', '366', '322', '605', '356', '206', '282', '466', '553', '403']
['217', '242', '249', '419', '443', '166', '331', '308', '162', '417', '229', '281', '323', '598', '261', '615', '172', '150', '412', '237', '573']
['481', '617', '381', '600', '202', '528', '529', '154', '437', '372', '251', '299', '275', '478', '382', '581', '238', '513', '444', '520', '467', '252']
['541', '583', '355', '622', '399', '380', '492', '431', '210', '503', '218', '525', '259', '569', '241', '343', '291', '284', '169', '149', '441', '407']
['222', '423', '398', '464', '507', '427', '336', '618', '476', '580', '298', '538', '387', '263', '207', '401', '604', '178', '264', '269', '188', '543']
['504', '591', '424', '288', '231', '296', '267', '566', '319', '234', '276', '505', '253', '405', '279', '477', '244', '325', '620', '243', '310', '377']
['358', '190', '163', '297', '552', '451', '239', '337', '374', '493', '588', '485', '491', '174', '177', '545', '586', '224']
['457', '499', '469', '450', '216', '531', '436', '168', '537', '542', '223', '180', '283', '285', '609', '307', '612', '497', '289', '338', '212', '602']
['621', '456', '527', '515', '260', '183', '384', '197', '551', '532', '365', '350', '448', '361', '404', '546', '554', '511', '362', '613', '287', '523']
['447', '539', '367', '151', '179', '415', '248', '391', '345', '266', '294', '368', '182', '370', '189', '534', '205', '486', '304', '406', '574', '354']
