['223']
['0']
['1']
['2']
['3']
['4']
['5']
['6']
['241', '242', '91', '194', '217']
['144', '175', '186', '189', '200', '220']
['70', '80', '83', '85', '114', '124']
['27', '29', '31', '36', '56', '57']
['250', '10', '17', '21', '24']
['239', '240', '243', '245', '247', '248']
['219', '221', '222', '224', '230', '233']
['209', '210', '211', '212', '214', '216']
['198', '201', '202', '203', '205', '207']
['179', '180', '183', '185', '195', '197']
['158', '160', '165', '170', '172', '177']
['142', '147', '149', '150', '156', '157']
['129', '130', '132', '133', '140', '141']
['119', '120', '122', '123', '127', '128']
['94', '95', '98', '103', '104', '113']
['71', '75', '79', '82', '87', '89']
['49', '50', '52', '53', '55', '58']
['33', '37', '38', '40', '42', '43']
['16', '18', '19', '20', '23', '28']
['8', '12', '13', '14', '15']
['237', '238', '244', '246', '249']
['229', '231', '232', '234', '235', '236']
['215', '218', '225', '226', '227', '228']
['196', '199', '204', '206', '208', '213']
['184', '187', '188', '190', '191', '193']
['173', '174', '176', '178', '181', '182']
['164', '166', '167', '168', '169', '171']
['154', '155', '159', '161', '162', '163']
['145', '146', '148', '151', '152', '153']
['134', '136', '137', '138', '139', '143']
['117', '118', '121', '125', '126', '131']
['109', '110', '111', '112', '115', '116']
['101', '102', '105', '106', '107', '108']
['90', '92', '96', '97', '99', '100']
['77', '78', '81', '84', '86', '88']
['68', '69', '72', '73', '74', '76']
['62', '63', '64', '65', '66', '67']
['48', '51', '54', '59', '60', '61']
['39', '41', '44', '45', '46', '47']
['25', '26', '30', '32', '34', '35']
['7', '9', '11', '22']
['93', '135', '192']
