['Jude']
['Logan']
['Kaleb']
['Ryder']
['Miles']
['Evan']
['Micah']
['Jasper']
['Maverick']
['Tristan']
['Emerson']
['Brooks']
['Karter']
['Clayton']
['Dallas']
['Omar']
['David']
['Damian']
['Caden']
['Eduardo']
['Patrick']
['Tucker']
['Martin']
['Gael', 'Jayce', 'Adriel', 'Robert', 'Dean', 'Jesus', 'Kenneth']
['Jason', 'Timothy', 'Ryker', 'Alex', 'Nicholas', 'Levi', 'Andres', 'Brady', 'Andrew', 'Leonardo']
['Joseph', 'Josiah', 'Lukas', 'Cole', 'Iker', 'Luke', 'Waylon', 'Richard', 'William', 'Zane']
['Angel', 'Colt', 'Nathan', 'Giovanni', 'Knox', 'Owen', 'Jaxon', 'Barrett', 'Zachary', 'Ian']
['Camden', 'Charles', 'Leo', 'Stephen', 'Edward']
['Caleb']
['Jeremy']
