['185']
['284']
['315']
['232']
['191']
['118']
['14', '366', '279', '177', '201']
['134', '208', '112', '26', '303', '351', '336', '373', '65', '388', '272', '196']
['61', '321', '37', '147', '5', '252', '170', '324', '31', '100', '343', '6']
['132', '256', '160', '280', '339', '143', '126', '198', '131', '313', '227', '220']
['277', '66', '159', '2', '255', '234', '171', '42', '259', '289', '200', '137']
['268', '393', '230', '17', '165', '385', '273', '194', '4', '375', '359', '291']
['257', '35', '392', '142', '90', '34', '153', '129', '32', '266', '377', '21']
['350', '168', '78', '287', '86', '294', '275', '246', '297', '105', '190', '250']
['57', '179', '122', '11', '7', '145', '79', '29', '354', '22', '209', '299']
['364', '269', '229', '302', '0', '120', '89', '106', '248', '125', '188', '333']
['215', '295', '395', '389', '47', '98', '69', '72', '99', '30', '110', '382']
['81', '238', '109', '204', '205', '342', '387', '39', '300', '285', '323', '391']
['58', '247', '319', '207', '314', '384', '56', '119', '320', '163', '54', '398']
['94', '335', '96', '104', '311', '121', '101', '374', '349', '231', '133', '288']
['381', '88', '318', '260', '23', '182', '298', '358', '15', '337', '117']
['64', '102', '41', '18', '263', '51', '296', '152', '258', '356', '293', '108']
['365', '340', '140', '390', '115', '83', '167', '10', '371', '43', '329', '370']
['372', '162', '146', '49', '397', '103', '63', '187', '154', '378', '202', '77']
['261', '301', '20', '396', '19', '399', '150', '355', '158', '157', '332']
['214', '97', '50', '8', '161', '316', '16', '217', '213', '380', '211', '317']
['197', '276', '253', '363', '283', '176', '189', '326', '199', '305', '210', '309']
['235', '345', '151', '45', '334', '367', '271', '116', '308', '292', '360', '236']
['223', '173', '203', '155', '224', '156', '233', '25', '59', '36', '33', '28']
['46', '172', '352', '67', '27', '107', '55', '183', '219', '73', '123', '278']
['68', '62', '262', '241', '91', '135', '149', '244', '181', '394', '218', '400']
['12', '322', '368', '1', '331', '245', '82', '362', '195', '346', '186', '53']
['60', '95', '80', '71', '282', '139', '3', '338', '169', '130', '264', '48']
['347', '226', '222', '386', '40', '267', '221', '376', '141', '178', '325', '180']
['327', '348', '70', '341', '286', '379', '357', '274', '44', '330']
['290', '225', '383', '265', '240', '85', '75', '52', '175', '128', '251', '74']
['148', '9', '174', '206', '166', '114', '192', '361', '113', '24', '216', '144']
['136', '228', '249', '184', '237', '310', '111', '254', '87', '304', '312']
['369', '242', '353', '306', '328', '38', '281', '138', '127', '307', '93']
['84', '76', '193', '243', '92', '164', '344', '124', '239', '270', '13', '212']
