['0']
['1']
['6']
['7']
['9']
['10']
['12']
['16']
['19']
['20']
['21']
['27']
['28']
['31']
['32']
['35']
['36']
['37']
['39']
['40']
['41']
['43']
['44']
['46']
['47']
['48']
['49']
['50']
['51']
['55']
['57']
['58']
['59']
['60']
['61']
['63']
['64']
['65']
['66']
['69']
['71']
['72']
['73']
['74']
['75']
['76']
['78']
['80']
['82']
['83']
['84']
['86']
['88']
['89']
['90']
['91']
['93']
['97']
['98']
['100']
['103']
['104']
['106']
['108']
['109']
['113']
['114']
['116']
['118']
['119']
['120']
['121']
['122']
['126']
['128']
['130']
['131']
['136']
['137']
['138']
['139']
['141']
['142']
['144']
['146']
['147']
['148']
['150']
['151']
['152']
['153']
['154']
['159']
['160']
['162']
['164']
['165']
['166']
['169']
['170']
['171']
['173']
['174']
['175']
['179']
['180']
['181']
['182']
['184']
['185']
['186']
['189']
['191']
['192']
['194']
['196']
['198']
['200']
['201']
['203']
['204']
['206']
['207']
['208']
['209']
['210']
['212']
['215']
['216']
['217']
['220']
['222']
['223']
['224']
['227']
['228']
['230']
['231']
['232']
['233']
['234']
['235']
['238']
['243']
['244']
['246']
['249']
['250']
['252']
['253']
['254']
['256']
['258']
['261']
['265']
['266']
['267']
['270']
['273']
['274']
['276']
['277']
['278']
['280']
['283']
['284']
['285']
['286']
['288']
['290']
['292']
['294']
['295']
['296']
['297']
['299']
['300']
['301']
['303']
['304']
['307']
['308']
['312']
['313']
['314']
['315']
['319']
['322']
['323']
['324']
['325']
['326']
['327']
['328']
['333']
['334']
['335']
['339']
['340']
['341']
['342']
['345']
['346']
['347']
['348']
['349']
['350']
['351']
['352']
['353']
['354']
['355']
['356']
['237']
['24']
['4', '338']
['190', '193']
['156', '281']
['167', '221']
['357']
['271', '22', '330']
['172', '134']
['199', '358']
['359']
['331', '92', '219']
['248', '287']
['52', '95', '135', '344']
['34', '70', '306', '33']
['360']
['337', '163', '79', '161', '38']
['18', '178']
['318']
['81', '218', '262', '197', '111']
['124']
['127', '272', '8', '29']
['289', '26', '336']
['361']
['15', '242']
['302']
['68', '123', '5', '187', '245']
['188', '225', '11']
['202', '263']
['67']
['362']
['125', '205', '77', '25', '56']
['45', '53', '107']
['129']
['229', '30', '102', '143', '316']
[]
['2']
['260']
['195', '132', '176']
['332', '145', '158', '168', '23']
['309']
['140']
['282', '157', '264']
['13']
['85', '155', '247']
['275']
['17', '310', '110', '214']
['255']
['305', '240', '293', '149']
['54']
['311']
['226', '329']
['317']
['268', '343']
['62']
['236']
['133', '213']
['177', '251', '96']
['321']
['14', '87', '42']
['298']
['241']
['117', '239', '320', '115']
['3']
['94']
['279']
['101', '211', '99']
['259']
['269']
['257', '183']
['112']
['291']
['105']
