['Coraline']
['Charlize']
['Jahred']
['Khalee']
['Yaire']
['Sabastion']
['Kaushik']
['Sevren']
['Ron']
['Dereck']
['Jarem']
['Evia']
['Chyna']
['Mykaylah']
['Jamaine']
['Jovey']
['Eddieberto']
['Quentyn']
['Thadius']
['Crystina']
['Salif']
['Nethra']
['Amr']
['Chidi']
['Kenzington']
['Zamyah']
['Danyca']
['Keyvin']
['Iris']
['Jailon']
['Asa', 'Mikelle', 'Marnae', 'Zaahir', 'Eeliyah', 'Shakila', 'Hayven', 'Keni', 'Antrone', 'Ishmel', 'Lilienne', 'Dusan', 'Oviya', 'Jema', 'Masud', 'Stefanny', 'Jamaad', 'Cicily', 'Sanae']
['Jarrell', 'Griffon', 'Rosalio', 'Jeru', 'Kellon', 'Mylez', 'Katarina', 'Bow', 'Jemiah', 'Kameryn', 'Yarisbel', 'Alyze', 'Jameisha', 'Alaija', 'Tam', 'Aley', 'Kenzlie', 'Nayara', 'Michaell', 'Keili', 'Adeleine', 'Daxen', 'Jos', 'Aleiyah', 'Kairy', 'Tobechi', 'Markise', 'Cordai', 'Jax', 'Hashem']
['Fabrizzio', 'Jerel', 'Ailene', 'Bright', 'Kobe', 'Kaleo', 'Jayme', 'Jacob', 'Bristol', 'Marcellius', 'Thien', 'Denize', 'Antonin', 'Sincere', 'Gracia', 'Tanyla', 'Natasia', 'Amonti', 'Charlett', 'Fox', 'Anouk', 'Azzareya', 'Jasiya', 'Sayd', 'Keion', 'Aarohi', 'Orren', 'Soniah', 'Tafari', 'Donnelle']
['Laticia', 'Jophy', 'Davidjr', 'Estephanie', 'Nancy', 'Milene', 'Lakiyah', 'Soriya', 'Casandra', 'Zahriyah', 'Jesalyn', 'Leilah', 'Zykerria', 'Deriyon', 'Lada', 'Adriene', 'Tasi', 'Gor', 'Evangelyne', 'Mikaelah', 'Yonason', 'Kaira', 'Ellarie', 'Sharlene', 'Emmanuela', 'Seleen', 'Rexford', 'Jirah', 'Loni']
['Dorcas', 'Handsome', 'Kyston', 'Bailynn', 'Cliff', 'Brinleigh', 'Trystian', 'Rayne', 'Dairon', 'Jaydah', 'Jamonte', 'Salmaan', 'Elisah', 'Cylah', 'Marifer', 'Shelbee', 'Dessie', 'Fidel', 'Carine', 'Guy', 'Reynaldo', 'Tralyn', 'Azavier', 'Kensleigh', 'Alison', 'Vinnie', 'Stafford', 'Olive', 'Tyannah']
['Kaeleen', 'Halo', 'Citlally', 'Abhinav', 'Abaan', 'Hesham', 'Jamiyla', 'Anastacio', 'Dajana', 'Fe', 'Rohil', 'Matt', 'Doyle', 'Mircale', 'Mylie', 'Navia', 'Analiah', 'Montana', 'Alyiana', 'Monserath', 'Nakaya', 'Merlina', 'Arsalan', 'Amor', 'Nalaya', 'Jakelin', 'Prakruti', 'Treyonna']
['Jamear', 'Julia', 'Raphael', 'Ramses', 'Abdulrehman', 'Jebediah', 'Farha', 'Kirrah', 'Eliziah', 'Marck', 'Abriyana', 'Nakeya', 'Litsy', 'Helaman', 'Anela', 'Khila', 'Shy', 'Oluwatobi', 'Khloee', 'Serra', 'Carsten', 'Ori', 'Trinitey', 'Deliany', 'Michai', 'Bailei', 'Jabes', 'Atika', 'Jasahn', 'Lukis']
['Quintavious', 'Jersi', 'Shanell', 'Vedika', 'Mykenna', 'Samauri', 'Yajahira', 'Jaaziah', 'Hugo', 'Serenety', 'Adysen', 'Marik', 'Ilyn', 'Merary', 'Veena', 'Takia', 'Sheniyah', 'Kemily', 'Tacori', 'Zolin', 'Kenniyah', 'Jomary', 'Ettel', 'Dea', 'Nishta', 'Shamaiya', 'Alainna', 'Treyson']
['Kamora', 'Jatziry', 'Cyris', 'Alayasia', 'Aylana', 'Makyra', 'Emilie', 'Carena', 'Dainen', 'Armita', 'Kayliann', 'Artyom', 'Akasha', 'Eleah', 'Niemah', 'Zinia', 'Andriy', 'Aryeh', 'Gwendolynn', 'Gertrude', 'Dyami', 'Liat', 'Britnee', 'Spartan', 'Nohely', 'Brenya', 'Apollonia', 'Isaak', 'Sinia', 'Dell']
['Lazaria', 'Ameerah', 'Casondra', 'Lilyonna', 'Endi', 'Jerriah', 'Natsumi', 'Shamiyah', 'Maude', 'Hannelore', 'Jaquan', 'Miley', 'Raeleigh', 'Lealand', 'Zyeir', 'Tahir', 'Malaja', 'Demetreus', 'Aayana', 'Emmely', 'Amritha', 'Keyin', 'Basha', 'Larrissa', 'Quintasia', 'Harlem']
['Leighann', 'Daxx', 'Taigen', 'Seiry', 'Ingrid', 'Kinzie', 'Kirubel', 'Sussy', 'Dhyan', 'Yu', 'Thaddius', 'Zackrey', 'Suri', 'Jandre', 'Derionna', 'Deidre', 'Cisco', 'Keemya', 'Trenise', 'Khamil', 'Azeriah', 'Byron', 'Ebany', 'Mezmariah', 'Deedra', 'Ayahna', 'Dhalia', 'Delara', 'Venezia', 'Lamariah']
['Hakop', 'Artie', 'Nitzia', 'Kimball', 'Rielly', 'Satomi', 'Ally', 'Kitty', 'Mylani', 'Elysha', 'Osmin', 'Rock', 'Feven', 'Tobias', 'Jeremias', 'Kaymarie', 'Kalum', 'Shannel', 'Giannie', 'Renyah', 'Saheim', 'Haya', 'Shalonda', 'Nakari', 'Colie', 'Gunther', 'Jalyiah']
['Anwesha', 'Taye', 'Detravion', 'Kay', 'Gyzelle', 'Elway', 'Caliegh', 'Shahid', 'Lynia', 'Aysenur', 'Jaquis', 'Dominika', 'Dragon', 'Mikyla', 'Juliano', 'Adaley', 'Delisha', 'Jaimarie', 'Larry', 'Ancel', 'Aanyah', 'Kyo', 'Yavian', 'Taegan', 'Lizmari', 'Ganon', 'Sihaam', 'Aizik', 'Ahnaya']
['Antwane', 'Sagan', 'Kariana', 'Vyncent', 'Blaine', 'Aman', 'Margie', 'Anagha', 'Abdulraheem', 'Mumin', 'Yarithza', 'Nidhi', 'Kaeley', 'Coi', 'Zayquan', 'Lauralynn', 'Hallei', 'Jazir', 'Timia', 'Coulson', 'Leib', 'Vanesa', 'Rey', 'Sydelle', 'Mikea', 'Emree', 'Ricky']
['Marcellino', 'Adanna', 'Jahlen', 'Marwan', 'Camill', 'Tashvi', 'Asha', 'Sevastian', 'Jesus', 'Mckaylin', 'Shardae', 'Meryl', 'Devaun', 'Farah', 'Jekeria', 'Sameeha', 'Noha', 'Braeley', 'Benito', 'Marialy', 'Donnovan', 'Johnavan', 'Xaviel', 'Kapena']
['Guadalupe', 'Raymir', 'Joed', 'Leni', 'Lailani', 'Zoiee', 'Aibhilin', 'Adaisha', 'Merissa', 'Cynae', 'Desteni', 'Jezzelle', 'Giankarlo', 'Inaki', 'Anadalay', 'Tayyab', 'Janine', 'Srinath', 'Janesha', 'Tralaya', 'Mailen', 'Alieyah', 'Jaeline', 'Jaleesa', 'Avigail', 'Kvaughn']
['Terriona', 'Zuzanna', 'Marrius', 'Jalilah', 'Tajuan', 'Selena', 'Ryleeann', 'Siena', 'Sashya', 'Tayseer', 'Kenzo', 'Noami', 'Chanze', 'Shanaiya', 'Jdan', 'Vivica', 'Shamyia', 'Kaymi', 'Dashun', 'Abdoulaziz', 'Katalina', 'Liann', 'Avielle', 'Jaleena', 'Gauge', 'Mariaelena', 'Shiala', 'Brydan']
