['351']
['332']
['145']
['80']
['61']
['309']
['100']
['436']
['6']
['125']
['331']
['372']
['478']
['445']
['168']
['427']
['56']
['57']
['488']
['245']
['255']
['441']
['23']
['183']
['74']
['243']
['393']
['40']
['48']
['64']
['5']
['171']
['342']
['247']
['299']
['60']
['211']
['169']
['49']
['292']
['424']
['25']
['384']
['407']
['28']
['43']
['254']
['359']
['244']
['213']
['314']
['438']
['369']
['499']
['224']
['263']
['275']
['368']
['47']
['122']
['353']
['14']
['256']
['11']
['52']
['284']
['220']
['196']
['493']
['134']
['54']
['458']
['93']
['410']
['106']
['215']
['16']
['198']
['218']
['304']
['403']
['238']
['371']
['273']
['258']
['185']
['280']
['396']
['496']
['302']
['192']
['36']
['360']
['209']
['230']
['318']
['202']
['252']
['434']
['216']
['401']
['116']
['307']
['165']
['389']
['29']
['140']
['454']
['176']
['350']
['416']
['286']
['417']
['447']
['234']
['278']
['146']
['205']
['345']
['112']
['240']
['86']
['15']
['374']
['312']
['376']
['35']
['137']
['310']
['439']
['1']
['149']
['73']
['365']
['414']
['127']
['497']
['88']
['156']
['99']
['476']
['437']
['287']
['152']
['271']
['0']
['39']
['354']
['197']
['398']
['355']
['386']
['44']
['78']
['94']
['308']
['337']
['448']
['295']
['431']
['306']
['472']
['333']
['326']
['120']
['440']
['334']
['17']
['126']
['489']
['53']
['79']
['453']
['89']
['429']
['465']
['136']
['26']
['113']
['481']
['119']
['418']
['491']
['212']
['142']
['394']
['362']
['276']
['402']
['170']
['82']
['313']
['471']
['357']
['109']
['172']
['139']
['110']
['161']
['233']
['322']
['105']
['469']
['174']
['141']
['324']
['22']
['421', '425', '430', '435', '446', '449', '451', '460', '464', '468', '475', '480', '483', '484', '492']
['107', '66', '128', '8', '9', '12', '18', '20', '21', '27', '30', '32', '37', '41', '46', '50', '51', '55', '65', '70', '77', '81', '87', '90', '91', '92', '96', '97', '98', '101', '108', '111', '121', '123', '129', '131', '132', '133', '138', '147', '166', '175', '178', '179', '180', '188', '189', '194', '199', '204', '207', '210', '214', '217', '226', '228', '239', '242', '248', '249', '251', '253', '259', '262', '264', '265', '268', '269', '277', '288', '290', '300', '303', '311', '315', '319', '323', '327', '328', '329', '338', '340', '341', '356', '363', '366', '373', '375', '378', '380', '383', '392', '395', '400', '406', '411', '412']
['432', '222', '490', '498', '370', '241', '377', '7', '154', '193', '76', '10', '219', '261', '364', '148', '272', '444', '301', '85', '260', '167', '130', '336', '391', '151', '42', '71', '143', '153', '452', '232', '352', '482', '250', '358', '195', '283', '321', '420', '95', '305', '279', '274', '182', '281', '486', '485', '13', '69', '177', '385', '267', '124', '423', '495', '296', '68', '457', '181', '347', '187', '75', '4', '164', '344', '413', '388', '459', '433', '409', '381', '346', '236', '456', '221', '405', '348', '150', '390', '266', '419', '404', '67', '62', '24', '162', '223', '19', '83', '2', '415', '38', '382', '237', '231', '316']
['361', '115', '257', '349', '367', '343', '103', '190', '155', '160', '117', '487', '201', '443', '184', '470', '422', '235', '72', '339', '426', '466', '474', '455', '118', '408', '282', '31', '399', '289', '298', '477', '157', '320', '186', '246', '291', '58', '173', '203', '163', '33', '225', '467', '270', '494', '208', '144', '397', '34', '317', '463', '387', '462', '135', '63', '102', '479', '428', '473', '379', '294', '114', '206', '158', '191', '325', '45', '330', '159', '104', '200', '297', '450', '461', '335', '229', '84']
['59', '227', '3', '293', '285']
['442']
