['8']
['11']
['13']
['9']
['14']
['12']
['6']
['30']
['28']
['37']
['36']
['32']
['442', '458', '285', '153', '459', '22', '51', '77', '62', '0', '1', '2', '3', '4', '23', '206']
['204', '225', '262', '317', '450', '309', '167', '492', '421', '150', '296', '74', '107', '172', '230', '266', '387', '449', '455', '63', '72', '108', '79', '61', '59', '149', '218', '274', '280', '267']
['314', '352', '390', '447', '202', '418', '403', '58', '90', '148', '179', '183', '189', '216', '214', '284', '337', '338', '16', '20', '50', '70', '75', '68', '105', '109', '137', '170', '194', '192']
['91', '145', '220', '248', '259', '260', '247', '252', '290', '323', '329', '332', '413', '426', '476', '45', '97', '101', '104', '135', '126', '139', '136', '157', '164', '165', '196', '190', '277', '275']
['251', '245', '325', '49', '46', '98', '102', '103', '133', '128', '156', '166', '169', '198', '240', '233', '269', '271', '268', '319', '343', '462', '451', '456', '322', '494', '78', '359', '55', '88']
['99', '130', '171', '168', '203', '242', '264', '273', '278', '263', '307', '313', '346', '395', '438', '85', '341', '43', '42', '339', '310', '485', '117', '144', '182', '175', '173', '185', '176', '254']
['40', '71', '95', '138', '162', '158', '163', '201', '265', '402', '461', '453', '464', '84', '439', '215', '467', '383', '409', '35', '38', '80', '89', '87', '154', '140', '208', '246', '326', '431']
['127', '131', '132', '197', '191', '199', '229', '232', '276', '318', '356', '351', '454', '342', '272', '33', '27', '114', '187', '261', '253', '255', '297', '300', '331', '340', '333', '373', '428', '486']
['235', '236', '241', '348', '345', '353', '404', '448', '25', '82', '440', '474', '29', '57', '94', '86', '146', '180', '186', '212', '286', '289', '291', '327', '374', '384', '365', '472', '19', '134']
['195', '239', '344', '355', '410', '443', '452', '407', '279', '81', '83', '113', '124', '155', '178', '188', '184', '211', '213', '221', '207', '219', '243', '293', '336', '69', '96', '100', '161', '228']
['200', '226', '231', '302', '304', '311', '320', '308', '347', '357', '360', '392', '393', '394', '405', '460', '457', '209', '34', '446', '294', '73', '54', '56', '92', '122', '258', '299', '298']
['181', '244', '335', '429', '237', '349', '358', '354', '408', '445', '222', '363', '419', '64', '123', '120', '111', '210', '217', '250', '281', '324', '334', '362', '466', '489', '483', '48', '205']
['224', '305', '26', '435', '129', '53', '52', '115', '141', '142', '152', '174', '256', '361', '39', '66', '67', '159', '193', '316', '396', '400', '399', '444', '76', '106', '143', '147']
['367', '432', '422', '412', '481', '477', '480', '47', '41', '65', '270', '312', '397', '401', '441', '227', '60', '93', '116', '121', '177', '223', '257', '328', '493', '482', '15', '44', '125', '160']
['371', '416', '471', '303', '119', '249', '282', '288', '465', '370', '491', '118', '295', '330', '375', '420', '427', '430', '437', '234', '301', '18', '24', '31', '110', '283', '364', '366']
['380', '417', '479', '292', '436', '306', '112', '423', '495', '490', '315', '386', '391', '463', '151', '368', '385', '238', '350', '406', '388', '5', '7', '321', '379', '425', '484', '287', '376']
['411', '475', '473', '10', '378', '382', '469', '478', '381', '415', '468', '21', '487', '372', '377', '434', '488', '398', '389', '369', '424', '433', '414', '470', '17']
