['AIQ']
['ANK']
['ASS']
['ALG']
['AGN']
['AGE']
['ATF']
['AHA']
['AAJ']
['AKL']
['AEL']
['AQO']
['APD', 'ACN', 'AEH', 'AQJ', 'AGA', 'ARW', 'AGT', 'AOS', 'ADF', 'AGO', 'AHI', 'ALA', 'AMJ', 'ANH']
['AFU', 'ALK', 'AAU', 'AJY', 'AIH', 'ACO', 'ARC', 'AAF', 'AJA', 'AFQ', 'APO', 'APU', 'AKA', 'AQX', 'AHY', 'AHP', 'AAS', 'AML']
['ACU', 'ACR', 'AOI', 'AFB', 'AJN', 'AFS', 'ASM', 'AIA', 'AFO', 'ABQ', 'AFF', 'ATI', 'AKE', 'AGJ', 'ARF', 'AMV', 'ACX', 'ANU']
['AKM', 'AQI', 'ASJ', 'ASW', 'AMW', 'AGM', 'ANL', 'ARY', 'APJ', 'ABR', 'ADX', 'ANS', 'ADG', 'APM', 'AQP', 'AJL', 'AFW', 'ATC']
['AMC', 'AGK', 'APE', 'AJQ', 'ADO', 'APK', 'AJB', 'AMR', 'ABF', 'ACE', 'AMK', 'ALD', 'ABU', 'ACJ', 'ADK', 'ARR', 'AEF', 'AIK']
['ABL', 'ADS', 'AJS', 'AJW', 'AQF', 'AGP', 'AFY', 'ASQ', 'AKY', 'AFI', 'ADY', 'ALH', 'AAE', 'ALB', 'ASU', 'ANA', 'ASY', 'ADU']
['ARU', 'AJU', 'ADW', 'AEX', 'ANT', 'AKK', 'AGB', 'AJH', 'ABH', 'AON', 'AGU', 'ASH', 'AQV', 'ALI', 'AIT', 'ART', 'AFE', 'AJV']
['AEQ', 'ABD', 'AIN', 'AFA', 'AMQ', 'ABN', 'AJT', 'AAH', 'AQU', 'AHO', 'ASF', 'AFL', 'ABG', 'ABJ', 'ATR', 'ADP', 'APN', 'AST']
['ALM', 'AOF', 'ADT', 'AGX', 'AQA', 'ATG', 'ATS', 'AHR', 'AFP', 'AHX', 'AQR', 'APT', 'ACS', 'AAD', 'AHM', 'AEI', 'ACG', 'APG']
['ANJ', 'AKN', 'AQN', 'ABA', 'AQS', 'ABC', 'AQB', 'AKC', 'ASC', 'AQT', 'ACV', 'AEB', 'ACK', 'AKU', 'AKQ', 'AKF', 'ANY', 'ATQ']
['ARN', 'AEE', 'AGQ', 'ACP', 'AGG', 'AHE', 'ASX', 'ACD', 'AAW', 'AGF', 'AKO', 'ACF', 'ANO', 'AJC', 'ARQ', 'ABX', 'AJR', 'AAR']
['AOH', 'ARI', 'AFG', 'ABY', 'AFJ', 'AHB', 'AGV', 'AGW', 'AFT', 'AOE', 'ALW', 'ALJ', 'ADN', 'AGL', 'AKP', 'AKT', 'AEJ', 'AQE']
['AGH', 'AJG', 'AQH', 'AKB', 'ASG', 'ANF', 'AHK', 'AHG', 'AEW', 'ANC', 'AEV', 'AHT', 'AHC', 'ABS', 'AAG', 'AFM', 'AME', 'AKR']
['AMF', 'ASI', 'ATX', 'ALN', 'AGS', 'APS', 'AOQ', 'ABP', 'AFN', 'ADH', 'APF', 'APC', 'ASN', 'ALS', 'AGC', 'ABI', 'ALQ', 'ARP']
['AEC', 'ATN', 'ACW', 'AFX', 'AOK', 'AMD', 'AQC', 'APL', 'AIS', 'ADL', 'ALY', 'AMY', 'AOC', 'APA', 'AJE', 'ADJ', 'APY', 'AIP']
['AQD', 'AFC', 'AMT', 'AHQ', 'AJX', 'ANR', 'ABO', 'ALV', 'ABK', 'AMO', 'ANQ', 'AQQ', 'AGR', 'ADV', 'APP', 'AEA', 'ARA', 'ADQ']
['AHU', 'AAM', 'AII', 'ACY', 'AIL', 'ATB', 'AJJ', 'AAI', 'AQL', 'AOL', 'AGD', 'AHN', 'AHW', 'ATP', 'AQK', 'ABV', 'ACT', 'ANP']
['ADM', 'ATO', 'AQM', 'AFV', 'ANX', 'ACL', 'AKH', 'AIG', 'AEN', 'ASK', 'ASV', 'AHF', 'AIC', 'ADC', 'AOG', 'AOB', 'AAA', 'ATL']
['AHD', 'ARS', 'ALE', 'AMU', 'AJI', 'AIO', 'AIF', 'AAO', 'ATM', 'AOO', 'AEG', 'ALP', 'AIX', 'AKS', 'AMM', 'AOX', 'AIJ', 'AOP']
['ALR', 'AIU', 'ARE', 'AHH', 'AKG', 'ARL', 'AOY', 'ANV', 'APH', 'AIB', 'ATW', 'ACB', 'AED', 'ALO', 'AOU', 'ARO', 'ABW', 'AHV']
['ASA', 'AMX', 'AJO', 'ARD', 'ADD', 'ARH', 'AEK', 'AOM', 'AQG', 'ADI', 'ACH', 'ALL', 'AIR', 'ARM', 'AIW', 'ATY', 'ASE', 'AKD']
['AIE', 'AMG', 'AFK', 'ATV', 'AHS', 'AMH', 'ADR', 'AAQ', 'AAT', 'AJD', 'ATE', 'AAX', 'AKW', 'AFH', 'AQW', 'ACM', 'ABB', 'AKJ']
['AID', 'ACI', 'ALC', 'ATA', 'ALT', 'ANN', 'AEU', 'ARB', 'ADE', 'AAC', 'ABT', 'AAY', 'AJK', 'AFD', 'ACA', 'APR', 'AES', 'AJF']
['AAK', 'AEY', 'AHJ', 'ANB', 'ATJ', 'ALX', 'AOT', 'ASP', 'AEO', 'ATU', 'ARX', 'AKV', 'AIV', 'AOJ', 'ARJ', 'AAL', 'AOW', 'ABM']
['AKX', 'AMS', 'ATH', 'AJM', 'AAV', 'AHL', 'ARK', 'AOR', 'AAB', 'AGI', 'AOA', 'ABE', 'ASR', 'AKI', 'AJP', 'AEP', 'AAN', 'AIY']
['APV', 'AOV', 'ASO', 'ARV', 'ATT', 'ACC', 'ASB', 'ASD', 'AMN', 'AGY', 'APB', 'ACQ', 'ADA', 'AMA', 'APX', 'AEM', 'ANW', 'AIM']
['AER', 'ALF', 'ANI', 'AET', 'ATK', 'AMB', 'API', 'AMI', 'ANE', 'AOD', 'AMP', 'AAP', 'APQ', 'AFR', 'AQY', 'ANG', 'ATD', 'ALU']
['ADB', 'ASL', 'ARG', 'ANM', 'AND', 'APW']
