['104']
['107']
['244']
['249']
['379']
['498']
['144']
['191']
['139', '44', '27', '159', '209', '88', '129', '130', '168', '172', '97', '75', '100', '201', '202', '198', '165', '20', '152', '115']
['32', '61', '404', '199', '148', '9', '19', '108', '13', '120', '153', '85', '127', '111', '173', '113', '99', '188', '214', '136', '181', '119', '8', '40', '224', '31', '187', '7', '180', '58']
['26', '302', '131', '125', '39', '82', '138', '102', '395', '421', '154', '196', '84', '52', '205', '73', '174', '383', '158', '15', '140', '60', '74', '204', '16', '251', '169', '87', '225', '18']
['221', '12', '1', '155', '67', '77', '142', '79', '170', '29', '164', '343', '101', '53', '43', '133', '122', '194', '193', '210', '36', '171', '422', '112', '207', '68', '349', '38', '57', '223']
['183', '56', '145', '5', '157', '213', '211', '366', '37', '34', '106', '150', '212', '21', '283', '23', '259', '297', '179', '392', '123', '47', '3', '186', '110', '94', '161', '81', '147']
['222', '217', '271', '25', '292', '219', '166', '400', '182', '65', '220', '51', '98', '42', '48', '327', '17', '70', '46', '64', '185', '114', '218', '313', '80', '335', '41', '149', '69', '49']
['91', '54', '377', '389', '2', '116', '135', '124', '250', '45', '190', '200', '72', '203', '118', '78', '93', '358', '132', '376', '4', '387', '156', '143', '338', '317', '105', '11', '126', '415']
['381', '66', '245', '396', '326', '321', '146', '282', '289', '371', '255', '328', '275', '342', '109', '103', '178', '62', '76', '24', '28', '356', '10', '86', '399', '137', '92', '385']
['117', '266', '331', '177', '248', '176', '262', '175', '409', '239', '208', '141', '312', '272', '305', '323', '197', '414', '50', '378', '287', '311', '333', '420', '258', '83', '95', '71', '243', '96']
['288', '189', '411', '242', '279', '240', '405', '63', '192', '285', '160', '329', '407', '291', '352', '184', '306', '90', '367', '361', '419', '128', '418', '304', '216', '134', '324', '269', '276']
['330', '253', '280', '236', '365', '372', '401', '293', '6', '286', '357', '247', '261', '55', '206', '267', '35', '30', '308', '363', '256', '246', '394', '121', '382', '274', '162', '337', '360']
['334', '345', '319', '294', '322', '264', '268', '273', '388', '314', '299', '346', '300', '350', '320', '355', '263', '386', '393', '353', '370', '167', '233', '397', '295', '364', '195', '33', '307', '22']
['270', '290', '59', '260', '301', '310', '391', '265', '151', '390', '412', '226', '318', '403', '417', '230', '339', '369', '257', '14', '368', '89', '278', '252', '413', '231', '229', '234', '375', '332']
['281', '340', '374', '424', '423', '215', '398', '296', '406', '410', '380', '416', '373', '384', '408', '241', '359', '228', '298', '325', '315', '232', '309', '354', '227', '402', '348', '238']
['497', '441', '429', '437', '440', '452', '428', '444', '432', '435', '448', '438', '425', '483', '472', '284', '482', '235', '303', '316', '351', '336', '163', '237', '344', '341', '362', '347', '277', '254']
['473', '433', '465', '436', '426', '478', '477', '454', '495', '470', '442', '489', '471', '484', '451', '488', '443', '450', '453', '479', '457', '460', '499', '446', '439', '480', '456', '474', '469', '455']
['475', '461', '492', '430', '449', '485', '494', '476', '434', '481', '466', '493', '459', '467', '491', '431', '490', '486', '463', '458', '468', '496', '500', '445', '447', '487', '427', '464', '462']
