['Ryan']
['Nicole']
['Michele']
['Thomas']
['Pamella']
['Martha']
['Joseph']
['Debra']
['Myron']
['Mary']
['Tara']
['Roberto']
['Rolf']
['Rosie']
['Karren']
['Irving']
['Shirley']
['Alison']
['Kylie']
['Troy']
['Angela']
['Jesse']
['Kirk']
['Ann']
['Jose']
['Ida']
['Katherine']
['Paul']
['Fernando']
['Mike']
['Adam']
['Steven']
['Miguel']
['Anna']
['Catherine']
['Marilyn']
['Joe']
['Edwin']
['Warren']
['Marie']
['Karen']
['Robyn']
['Mabel']
['Marlene']
['Dennis']
['Booker']
['Beverly']
['Pete']
['Ernest']
['Cheryl']
['Leticia']
['Donna']
['Virginia']
['Loraine']
['Judith']
['Stephanie']
['Lena']
['Brandon']
['Robert']
['Alvin']
['Connie']
['Barbara']
['Mack']
['Marjorie']
['Joni']
['Ruby']
['Hugh']
['Kathleen']
['Glen']
['Belinda']
['Mireya']
['Everett']
['Jeffrey']
['Carl']
['Kristine']
['Robin']
['Joann']
['Frank']
['Walter']
['Victor']
['Berta']
['Bertha']
['Marlin']
['Sylvia']
['Melanie']
['Derrick']
['Moses']
['Heather']
['Gordon']
['Juanita']
['Adele']
['Linda']
['Freda']
['Reginald']
['Annette']
['Leona']
['Ralph']
['Travis']
['Marian']
['Constance']
['Lessie']
['Scot']
['Marion']
['Hedwig']
['Rosa']
['Eura']
['Jesus']
['Jane', 'Del', 'Bruce', 'Stacie', 'Lulu', 'Derek', 'Burl', 'William', 'Rebecca', 'Francisco', 'Cesar', 'Tanya', 'Gilda', 'Calvin', 'Kerrie', 'Kelly', 'Corey', 'Daniel', 'Gloria', 'Janene', 'Judy', 'Reuben', 'Harvey', 'Willis', 'Eleanor', 'Bobby', 'Alice', 'Albert', 'Vella', 'Kevin', 'Steve', 'Rhonda', 'Morris', 'Molly', 'Diana', 'John', 'April', 'Elsie', 'Maureen', 'Viola', 'Ana', 'Ingeborg', 'Peggy', 'Lynne', 'Wayne', 'Bessie', 'Shannon', 'Jennifer', 'Roberta', 'Angelica', 'Philip', 'Ouida', 'Bernard', 'Kathryn', 'Roosevelt', 'Suzie', 'Pat']
['Wanda', 'Matt', 'Amy', 'Janet', 'Peter', 'Tommy', 'Charlotte', 'Stephen', 'Georgette', 'Winnifred', 'Miles', 'Maryann', 'Michael', 'Donald', 'Guy', 'Audrey', 'Lloyd', 'Susanna', 'Sheryl', 'Sherri', 'Cecilia', 'Ruth', 'Lisha', 'Geraldine', 'Rosalyn', 'Ellis', 'Morgan', 'Laurence', 'Tracy', 'Cornelius', 'Marquerite', 'Paula', 'Quintin', 'Raymond', 'Ernestine', 'Jeremy', 'Tim', 'Charles', 'Glenna', 'Lilian', 'Tuan', 'Raeann', 'Laura', 'Chris', 'Susan', 'Cory', 'Andres', 'Gwen', 'Rafael', 'Deborah', 'Kellie', 'Joshua', 'Fred', 'Rick', 'Wilson', 'Caridad', 'Seth', 'Sally', 'Patricia', 'Ray', 'Mae', 'Tony', 'Theodore', 'Carmelita', 'Alexander', 'Marco', 'Helen', 'Sharon', 'Justin', 'Jean', 'Ashley', 'Sam', 'Richard', 'David', 'Gertrude', 'Juan', 'Thelma', 'Domingo', 'Lucie', 'Lawrence', 'Leanne', 'Jessica', 'Latisha', 'Raul', 'Darlene', 'Bradley', 'Dale', 'Elia', 'Dean', 'Gary', 'Jo', 'Olivia', 'George', 'Harold', 'Antonio', 'Clarence', 'Mario', 'Gerardo', 'Lorraine', 'James']
['Stacy', 'Jason', 'Therese', 'Beth', 'Pamela', 'Veronica', 'Danielle', 'Reggie', 'Ellen', 'Evelyn', 'Mark', 'Gerald', 'Laurie', 'Deanna', 'Terry', 'Patrick', 'Betty', 'Kenneth', 'Jayme', 'Christian', 'Ward', 'Clarissa', 'Dawn', 'Jodi', 'Wilma', 'Carlos', 'Glennie', 'Beulah', 'Garrett', 'Theresa', 'Lori', 'Danny', 'Christopher', 'Brenda', 'Sylvester', 'Dorothea', 'Blair', 'Jimmy', 'Willie', 'Nina', 'Erik', 'Randolph', 'Darrell', 'Jacque', 'Kristin', 'Nola', 'Bonnie', 'Dorothy', 'Gladys', 'Pablo', 'Wallace', 'Priscilla', 'Imogene', 'Lahoma', 'Keri', 'Raphael', 'Pauline', 'Ronald', 'Martin', 'Winifred', 'Clyde', 'Myriam', 'Alfred', 'Ronda', 'Teresa', 'Carmen', 'Krysten', 'Christina', 'Matthew', 'Stephany', 'Lewis', 'Reinaldo', 'Nelson', 'Gail', 'Ivonne', 'Michelle', 'Frederick', 'Margert', 'Jeffery', 'Emily', 'Annalee', 'Fredda', 'Kaitlyn', 'Carole', 'Ursula', 'Amos', 'Selma']
['Wesley', 'Brian', 'Kim', 'Bethany', 'Samuel', 'Eugene', 'Phillip', 'Dawna', 'Timothy', 'Nancy', 'Sarita', 'Leigh', 'Cathy', 'Toni', 'Jeff', 'Herbert', 'Lonnie', 'Cassie', 'Stanley', 'Tamika', 'Cecile', 'Kerri', 'Joanne', 'Douglas', 'Andrew', 'Josephine', 'Lane', 'Cindy', 'Eva', 'Lucille', 'Eric', 'Larry', 'Dana', 'Irene', 'Arturo', 'Louis', 'Sofia', 'Andre', 'Lydia', 'Jacob', 'Mildred', 'Wendy', 'Rosalee', 'Esther', 'Andrea', 'Alex', 'Lyle', 'Alicia', 'Crystal', 'Polly', 'Mable', 'Edward', 'Selina', 'Margarito', 'Craig', 'Jonathan', 'Roy', 'Jeanine', 'Anthony', 'Emery', 'Jorge', 'Doris', 'Cassandra', 'Monica', 'Grant', 'Kimberly', 'Melissa', 'Christine', 'Elizabeth', 'Lillian', 'Fredrick', 'Maria', 'Marcella', 'Emmie', 'Will', 'Marcelino', 'Ollie', 'Don', 'Eugenia', 'Clayton', 'Lucy', 'Ricky', 'Norma', 'Rachel', 'Norman', 'Margaret', 'Inez', 'Kisha', 'Phyllis', 'Lana', 'Gregory', 'Carol', 'Curtis', 'Roger', 'Natalie']
