['49']
['152']
['237']
['239']
['265']
['293']
['328']
['389']
['393']
['54']
['108']
['171']
['206']
['362']
['21']
['80']
['252']
['313']
['63']
['164']
['209']
['215']
['230']
['351']
['34']
['65']
['140']
['222']
['284']
['331']
['355']
['375']
['390']
['153']
['275']
['364']
['57']
['93']
['107']
['156']
['244']
['305']
['333']
['340']
['361']
['55']
['90']
['105']
['184']
['212']
['261']
['394']
['91']
['242']
['279']
['132']
['148']
['170']
['240']
['358']
['192']
['266']
['368']
['4']
['51']
['306']
['312']
['317']
['396']
['114']
['71']
['77']
['179']
['180']
['92']
['100']
['104']
['227']
['236']
['397']
['33', '319', '325', '308', '50', '173', '7', '38', '89', '35', '76', '262', '10', '142', '292', '193', '84', '255', '234', '318']
['198', '320', '44', '95', '101', '199', '276', '145', '288', '218', '3', '256', '214', '283', '126', '172', '9', '22']
['336', '58', '82', '174', '129', '31', '194', '387', '28', '382', '268', '99', '341', '42', '350', '391', '195', '281', '335', '366']
['228', '287', '339', '157', '250', '182', '285', '5', '300', '260', '131', '158', '249', '183', '399', '98']
['190', '102', '322', '155', '264', '60', '332', '294', '67', '200', '392', '161', '167', '334', '20', '373', '356', '39', '272', '327']
['56', '248', '290', '1', '187', '15', '213', '310', '134', '357', '231', '342', '216', '232', '24', '186', '226', '377', '11', '246']
['149', '151', '388', '46', '75', '188', '37', '123', '117', '130', '217', '25', '125', '136', '324', '69', '378', '302', '86', '185']
['159', '135', '371', '277', '207', '343', '78', '137', '68']
['309', '315', '36', '83', '168', '14', '267', '251', '314', '383', '381', '189', '233', '367', '119', '225', '116', '196', '311', '243']
['220', '16', '112', '301', '204', '329', '0', '13', '127', '133', '178', '369', '395', '274', '169', '370', '349', '208', '12', '73']
['47', '338', '296', '347', '304', '307', '346', '353', '2', '191', '253', '352', '221', '211', '263', '113', '229', '106', '280', '59']
['18', '19', '120', '205', '17', '354', '141', '259']
['363', '203', '384', '271', '299', '270', '175', '219', '111', '6', '247', '94', '8']
['176', '278', '197', '348', '330', '26', '146', '289', '64', '103', '96', '257', '40', '223', '201', '321', '376', '385', '88', '323']
['360', '122', '144', '202', '316', '379', '147', '143', '181', '41', '72', '128']
['74', '139', '177', '110', '66', '30', '235', '224', '345', '245', '359', '115']
['70', '81', '291', '295', '326', '138', '53', '337', '150', '43', '386', '241', '298', '162', '210', '365', '48', '61']
['29', '372', '286', '398', '166', '97', '124', '282', '303', '62', '165', '374', '163', '269']
['160', '79', '87', '52', '258', '23', '85', '344', '154', '121', '109']
['273', '27', '32', '45', '118', '238', '297', '380', '254']
