['134']
['170']
['142']
['69']
['80']
['227']
['160']
['78']
['173']
['117']
['3']
['32']
['28']
['241']
['108']
['213']
['16', '129', '136', '56', '76', '50', '60', '37', '190']
['229', '207', '201', '131', '145', '120', '216', '119', '164', '219']
['198', '68', '112', '195', '98', '152', '8', '233', '218', '174']
['246', '9', '6', '64', '0', '208', '58', '41', '183', '46']
['228', '215', '144', '244', '154', '169', '247', '130', '178', '143']
['103', '133', '102', '181', '167', '239', '197', '53', '34', '209']
['188', '20', '140', '182', '192', '81', '101', '61', '234', '124']
['230', '84', '45', '27', '44', '5', '22', '65', '93', '168']
['186', '49', '48', '204', '126', '70', '153', '196', '156', '33']
['57', '121']
['176', '24', '172', '179', '135', '231', '155', '87', '147']
['2', '149', '36', '97', '141', '180', '211', '77', '11', '243']
['96', '235', '240', '107', '115']
['51', '47', '26', '128', '21', '238', '223', '189']
