['Carson']
['Nicole']
['Yevette']
['Byron']
['Sharlene']
['Hilario']
['Kurtis']
['Chan']
['Zoraida']
['Marvin']
['Tarah']
['Ok']
['Piedad']
['Annabel']
['Kristopher']
['Jeremy']
['Tressa']
['Angeline']
['Shaun', 'Marcos', 'Nohemi', 'Dorthea', 'Vada', 'Leonida', 'Herlinda', 'Stanford', 'Jeanette', 'Milissa', 'Pa']
['Isabel', 'Loria', 'Jama', 'Clarice', 'Tanisha', 'Neida', 'Harvey', 'Terry', 'Jennie', 'Frederic', 'Kirstin', 'Selma', 'Renea', 'Lyndon', 'Taneka', 'Mariano', 'Tamala', 'Spencer', 'Almeta', 'Lisa', 'Junior', 'Jae', 'Christiane', 'Deirdre', 'Tyisha', 'Brendon', 'Elvie', 'Angella', 'Clyde', 'Hyun']
['Florencio', 'Hortense', 'Lucia', 'Dagmar', 'Lashay', 'Fanny', 'Chester', 'Eufemia', 'Enola', 'Cleotilde', 'Marcie', 'Russell', 'Kareem', 'Florinda', 'Audie', 'Marion', 'Percy', 'Alexandra', 'Merrill', 'Naomi', 'In', 'Leontine', 'Elenora', 'Loren', 'Chance', 'Joye', 'Louise', 'Darrel', 'Janetta', 'Nickolas']
['Adah', 'Vernia', 'Chas', 'Orval', 'Alex', 'Eloisa', 'Annamarie', 'Aretha', 'Kim', 'Rosalee', 'Grant', 'Travis', 'Bertha', 'Hassan', 'Nieves', 'Leilani', 'Lauren', 'Logan', 'Riley', 'Gerard', 'Lola', 'Kelly', 'Lizabeth', 'Renetta', 'Edmond', 'Imogene', 'Jay', 'Sharan', 'Nadia', 'Oswaldo']
['Retta', 'Arcelia', 'Kitty', 'Chun', 'Kasey', 'Garland', 'Naida', 'Emmanuel', 'Stephani', 'Carolee', 'Marvis', 'Rolando', 'Raul', 'Valorie', 'Joan', 'Elicia', 'Alicia', 'Charisse', 'Raleigh', 'Jefferey', 'Tracie', 'Hillary', 'Debora', 'Oscar', 'Treena', 'Alane', 'Joelle', 'Leila', 'Glenda', 'Irena']
['Danial', 'Anabel', 'Rita', 'Easter', 'Leonard', 'Susannah', 'Juliet', 'Rima', 'Garret', 'Louella', 'Lilly', 'Lue', 'Son', 'Laticia', 'Alton', 'Doyle', 'Caitlyn', 'Shonda', 'Reita', 'Gisela', 'Margart', 'Odell', 'Antoinette', 'Dewitt', 'Roxane', 'Kylie', 'Claretha', 'Laraine', 'Amada', 'Randa']
['Johnny', 'Sharilyn', 'Altagracia', 'Pearlie', 'Nathalie', 'Tameika', 'Sheldon', 'Camelia', 'Jesus', 'Freddie', 'Alfred', 'June', 'Dora', 'Artie', 'Latoya', 'Osvaldo', 'Clarinda', 'Mariah', 'Cristi', 'Murray', 'Tai', 'Vernon', 'Antonette', 'Houston', 'Dion', 'Antonina', 'Esperanza', 'Allena', 'Oma', 'Elliott']
['Marquis', 'Tamisha', 'Robert', 'Dewayne', 'Alvera', 'Honey', 'Marcella', 'Miranda', 'Rodrigo', 'Flavia', 'Glenna', 'Charmaine', 'Jina', 'Trena', 'Meagan', 'Vivien', 'Theo', 'Rosalba', 'Ella', 'Wes', 'Jami', 'German', 'Michaela', 'Alvin', 'Verona', 'Clara', 'Porter', 'Chang', 'Hayden', 'Griselda']
['Delmar', 'Marilynn', 'Kris', 'Jacque', 'Elfrieda', 'Hershel', 'Stanley', 'Lyn', 'Sharla', 'Hui', 'Vincenzo', 'Trey', 'Tammi', 'Ambrose', 'Shavon', 'Randall', 'Susan', 'Jade', 'Lorelei', 'Winford', 'Lasonya', 'Destiny', 'Phylis', 'Latia', 'Shelton', 'Irma', 'Rachael', 'Ocie', 'Eustolia']
['Beverley', 'Clarissa', 'Heide', 'Ryann', 'Ema', 'Hiroko', 'Helene', 'Lamonica', 'Earnest', 'Oneida', 'Ron', 'Cassie', 'Dusti', 'Danita', 'An', 'Kay', 'Sherwood', 'Lana', 'Kyung', 'Joanne', 'Martin', 'Elvia', 'Alethia', 'Bonnie', 'Aaron', 'Lezlie', 'Savanna', 'Kimbra', 'Marlo', 'Jeffrey']
['Tina', 'Xuan', 'Xavier', 'Gerardo', 'Jan', 'Lucas', 'Toya', 'Elena', 'Loura', 'Eve', 'Sharell', 'Clinton', 'Deana', 'Marci', 'Clarence', 'Darnell', 'Dorene', 'Saul', 'Darwin', 'Eugene', 'Zena', 'Kendall', 'Millicent', 'Felix', 'Whitney', 'Claudie', 'Dong', 'Carmon', 'Inga', 'Clifton']
['Kristi', 'Princess', 'Mariette', 'Olevia', 'Pinkie', 'Horace', 'Tiffani', 'Rachel', 'Alexa', 'Cortney', 'Refugio', 'Marquitta', 'Madison']
