['191']
['416']
['166']
['200']
['105']
['241']
['80']
['171']
['257']
['112']
['383']
['333']
['253']
['306']
['270']
['174']
['85']
['368']
['450']
['186']
['73']
['9']
['240']
['182']
['351']
['268']
['40']
['212']
['197']
['381']
['88', '420', '193', '95', '214', '315', '466', '102', '298', '129', '375', '473', '100', '67', '320', '91', '454', '316', '479', '79', '483', '481', '412', '1', '47']
['440', '431', '363', '22', '44', '427', '337', '8', '175', '14', '48', '329', '140', '11', '276', '391', '206', '261', '222', '147', '146', '413', '51', '49', '239']
['377', '299', '348', '224', '243', '165', '230', '130', '163', '118', '372', '173', '98', '251', '249', '331', '116', '87', '119', '13', '443', '264', '36']
['134', '19', '81', '272', '69', '389', '218', '495', '327', '323', '263', '216', '407', '438', '271', '350', '463', '403', '283', '289', '498', '297', '441', '183']
['233', '52', '449', '176', '84', '345', '86', '108', '33', '64', '322', '144', '177', '468', '496', '398', '77', '15', '235', '419', '301', '458']
['453', '115', '491', '384', '290', '205', '99', '319', '472', '168', '27', '335', '287', '72', '295', '258', '109', '387', '360', '89', '155', '341', '376', '28', '433']
['478', '121', '128', '92', '104', '225', '152', '178', '477', '467', '318', '489', '172', '120', '455', '484', '447', '31', '204', '207', '107', '426', '425', '35', '66']
['340', '2', '149', '68', '408', '397', '280', '181', '266', '90', '385', '242', '5', '417', '394', '378', '76', '45', '485', '314', '490']
['395', '321', '209', '10', '132', '267', '482', '430', '26', '436', '285', '292', '497', '269', '461', '198', '460', '252', '415', '414', '189', '148', '223', '386', '154']
['114', '459', '53', '312', '307', '74', '192', '7', '493', '347', '185', '423', '103', '94', '380', '370', '20', '54', '325', '30', '184', '494', '58', '78', '338']
['424', '143', '300', '126', '111', '291', '157', '349', '284', '169', '25', '145', '465', '110', '247', '274', '138', '43', '232', '162', '410', '211', '245', '334', '150']
['399', '259', '313', '194', '141', '439', '390', '250', '474', '151', '432', '326', '379', '231', '457', '255', '156', '180', '16', '153', '374', '462']
['328', '429', '406', '369', '160', '422', '159', '373', '355', '411', '487', '21', '246', '71', '367', '161', '499', '475', '12', '179', '227', '6', '434', '402', '278']
['65', '29', '113', '236', '359', '23', '139', '317', '471', '210', '202', '464', '279', '366', '342', '195', '409', '388', '296', '82', '46', '63', '122']
['480', '293', '418', '357', '437', '135', '311', '400', '470', '59', '382', '215', '57', '55', '304', '201', '39', '358', '3', '469', '448', '60', '265', '392', '117']
['435', '332', '34', '330', '229', '226', '61', '220', '308', '486', '50', '339', '442', '219', '309', '142', '24', '123', '0', '4', '237', '421']
['488', '305', '137', '124', '101', '96', '302', '428', '213', '97', '303', '344', '248', '56', '361', '352', '93', '158', '199', '75', '136']
['37', '336', '170', '324', '371', '452', '401', '238', '228', '260', '445', '256', '106', '405', '41', '133', '190', '38', '282', '203', '492', '196']
['127', '273', '70', '294', '32', '217', '188', '208', '353', '244', '277', '262', '131', '234', '446', '364', '286', '62', '393', '310', '275', '125']
['221', '451', '187', '17', '444', '343', '476', '365', '362', '404', '254', '83', '346', '281', '396', '356', '18', '456', '288', '167', '354', '42', '164']
