['423']
['465']
['298']
['84']
['381']
['347']
['286']
['106']
['479']
['139']
['332']
['444']
['74']
['312']
['1']
['284']
['395']
['491']
['309']
['285']
['215']
['427']
['126']
['28']
['117']
['326']
['158']
['115']
['442']
['203']
['323']
['337']
['99']
['214']
['402']
['473']
['66']
['179']
['293']
['264']
['499', '161', '436', '297', '329', '291', '209', '130', '486', '107', '492', '102', '370', '164', '342', '33', '295', '2', '217', '303', '487', '116', '171', '354', '281', '247', '205', '453', '355', '155', '133', '181', '254', '411', '244', '128', '147', '9', '165', '350', '127', '252', '316', '344', '112', '361', '229', '234', '468', '398']
['191', '48', '496', '340', '228', '189', '30', '345', '334', '376', '362', '31', '456', '15', '373', '467', '419', '459', '404', '206', '14', '67', '197', '65', '17', '443', '469', '227', '176', '319', '195', '109', '11', '75', '406', '336', '348', '38', '82', '330', '240', '365', '198', '320', '328', '311', '230', '310', '449']
['120', '474', '233', '460', '352', '263', '13', '290', '432', '49', '192', '145', '378', '256', '241', '276', '485', '317', '187', '493', '167', '194', '8', '148', '3', '204', '424', '260', '237', '97', '414', '416', '280', '21', '407', '294', '222', '494', '272', '498', '387', '374', '141', '24', '118', '315', '4']
['462', '356', '5', '289', '261', '371', '433', '7', '35', '253', '235', '157', '86', '200', '19', '296', '85', '125', '476', '23', '497', '478', '208', '489', '451', '226', '440', '196', '144', '94', '12', '251', '89', '160', '182', '490', '190', '421', '364', '56', '368', '177', '367', '39', '447', '242', '55']
['457', '219', '18', '123', '448', '113', '482', '154', '132', '52', '325', '111', '150', '136', '131', '243', '98', '307', '220', '379', '168', '428', '463', '101', '236', '184', '393', '73', '369', '10', '76', '27', '429', '173', '282', '121', '450', '172', '452', '45', '302', '383', '103', '304', '183', '327', '119', '399']
['129', '142', '77', '359', '401', '218', '95', '415', '472', '248', '426', '20', '273', '413', '305', '79', '382', '54', '470', '339', '400', '349', '358', '212', '259', '61', '313', '343', '445', '16', '180', '87', '51', '202', '268', '174', '351', '278', '88', '292', '300', '270', '250', '391']
['40', '59', '483', '80', '397', '137', '384', '91', '257', '100', '417', '308', '166', '223', '265', '333', '37', '338', '314', '477', '175', '372', '193', '396', '63', '439', '149', '279', '458', '341', '481', '169', '110', '283', '44', '380', '425', '32', '231', '363', '216', '146', '385', '188', '418', '388', '266']
['135', '438', '25', '46', '83', '92', '238', '34', '394', '178', '435', '36', '318', '271', '29', '124', '41', '301', '420', '90', '306', '403', '366', '389', '405', '488', '224', '199', '454', '153', '464', '26', '455', '324', '437', '163', '412', '357', '134', '108', '50', '156', '152', '43', '321', '375']
['104', '221', '6', '269', '81', '96', '159', '213', '162', '287', '72', '461', '484', '69', '277', '246', '143', '322', '60', '210', '42', '410', '346', '434', '0', '258', '114', '105', '466', '331', '386', '62', '71', '249', '122', '186', '409', '353', '275', '299', '93', '170', '471']
['64', '239', '185', '78', '57', '431', '138', '262', '201', '22', '441', '288', '480', '422', '140', '274', '211', '225', '446', '207', '495', '377', '267', '255', '360', '47', '70', '392', '475', '151', '390', '58', '53', '245', '408', '68', '430', '232', '335']
