['AGH', 'AME', 'AOD', 'APR', 'AIM', 'AQL', 'AHJ', 'ALG', 'ACX', 'AFR', 'AAU', 'AET', 'AGP']
['ACD', 'AJV', 'AQM', 'ALZ', 'AJR', 'AML', 'AEI', 'AOM', 'AGE', 'APV', 'AHG', 'ANO', 'AFF', 'AFK', 'AMM', 'ADW', 'AOI', 'ACE', 'ACM']
['AIQ', 'AMT', 'ANW', 'AGU', 'AKA', 'AKT', 'AMQ', 'AJJ', 'AJZ', 'AKI', 'AMY', 'AQD', 'AOU', 'AAX', 'ACI', 'AQE', 'AIA', 'AHR', 'AAT']
['AKY', 'ALC', 'AHN', 'AHS', 'AAA', 'ABN', 'AOQ', 'ADF', 'AKQ', 'AKE', 'AFJ', 'ANJ', 'AKM', 'ACL', 'AEL', 'AOY', 'AGT', 'ADC', 'AGM']
['ACY', 'ADN', 'AIP', 'APC', 'APN', 'ALW', 'ABO', 'AOA', 'AHC', 'ABF', 'ACQ', 'APW', 'APB', 'AEY', 'ALR', 'AED', 'AEP', 'AAL', 'ANC']
['APJ', 'ANS', 'ABK', 'ANV', 'AIH', 'AHZ', 'APK', 'ABG', 'AFC', 'AAQ', 'AMP', 'ABZ', 'AAM', 'ACP', 'AFS', 'AGI', 'ABJ', 'ADZ', 'AHB']
['AOH', 'AHK', 'ACA', 'AKH', 'AOL', 'AAP', 'ANR', 'ADK', 'AEA', 'AAI', 'AMX', 'AMD', 'APF', 'AIY', 'AJG', 'AEM', 'APZ', 'AHV', 'ABR']
['ABB', 'ACH', 'AKL', 'AOT', 'AQI', 'AKD', 'ANB', 'ANZ', 'ANK', 'ADS', 'AQH', 'AAH', 'AII', 'AIT', 'AJO', 'AGQ', 'AHO', 'AJN', 'AMI']
['ADR', 'AEE', 'AEU', 'AEX', 'APG', 'ABC', 'ADV', 'ALS', 'ALJ', 'AJW', 'AKU', 'AFV', 'AQA', 'ADG', 'AFZ', 'AAY', 'APS', 'AJC', 'ADB']
['ANF', 'ADJ', 'AFW', 'AJF', 'AFG', 'AJK', 'ALK', 'ACT', 'AMA', 'AFB', 'ALB', 'ABW', 'AOE', 'ANN', 'AJB', 'AIE', 'AAE', 'AOX', 'AFN']
['ACU', 'AGA', 'ABS', 'AIL', 'ALN', 'AOP', 'AAD', 'AGX', 'APO', 'ANG', 'AJS', 'AID', 'AHW', 'ALO', 'ALF', 'AEH', 'AKP', 'ALV', 'AIX']
['AMS', 'AAV', 'AAW', 'AGF', 'AGG', 'AHH', 'AHI', 'AEQ', 'AFO', 'AKX', 'ADO', 'AGD', 'ABV', 'AIU', 'AGL', 'AGY', 'AMU', 'AHF', 'AMH']
['AIN', 'AIO', 'ALX', 'ALY', 'AOB', 'AOC', 'AOZ', 'APA', 'ADD', 'ADE', 'AKR', 'AKS', 'ACJ', 'ACK', 'AEJ', 'AEK', 'AGN', 'AGO', 'AMR']
['ABQ', 'ANT', 'ANU', 'ABL', 'ABM', 'APL', 'APM', 'ABH', 'ABI', 'AFD', 'AFE', 'AAR', 'AAS', 'AMN', 'AMO', 'ACN', 'ACO', 'ADX', 'ADY']
['ADL', 'ADM', 'AEB', 'AEC', 'AAJ', 'AAK', 'APD', 'APE', 'AJH', 'AJI', 'AEN', 'AEO', 'APX', 'APY', 'AHT', 'AHU', 'AQN', 'AQO', 'ABP']
['AJQ', 'AGR', 'AGS', 'AHP', 'AHQ', 'AMJ', 'AMK', 'AHL', 'AHM', 'ACB', 'ACC', 'AKF', 'AKG', 'AOJ', 'AOK', 'AAN', 'AAO', 'ANP', 'ANQ']
['ACF', 'ACG', 'AKJ', 'AKK', 'AOR', 'AOS', 'AQJ', 'AQK', 'AKB', 'AKC', 'AMZ', 'ANA', 'ANX', 'ANY', 'AQF', 'AQG', 'AIR', 'AIS', 'AJP']
['API', 'ABD', 'ABE', 'ADT', 'ADU', 'ALH', 'ALI', 'AJX', 'AJY', 'AFT', 'AFU', 'AQB', 'AQC', 'AAZ', 'ABA', 'APT', 'APU', 'ACZ', 'ADA']
['ABX', 'ABY', 'AOF', 'AOG', 'ANL', 'ANM', 'AIZ', 'AJA', 'AIF', 'AIG', 'AAF', 'AAG', 'AOV', 'AOW', 'AFL', 'AFM', 'AEV', 'AEW', 'APH']
['ANE', 'ADH', 'ADI', 'AFX', 'AFY', 'AJD', 'AJE', 'AFH', 'AFI', 'AJL', 'AJM', 'ACR', 'ACS', 'AMB', 'AMC', 'AEZ', 'AFA', 'AKZ', 'ALA']
['ANH', 'ANI', 'AJT', 'AJU', 'AIB', 'AIC', 'AHX', 'AHY', 'ALP', 'ALQ', 'ALD', 'ALE', 'AEF', 'AEG', 'AKN', 'AKO', 'ALT', 'ALU', 'AND']
['AMW', 'AHD', 'AHE', 'AMF', 'AMG', 'ACV', 'ACW', 'AIJ', 'AIK', 'ALL', 'ALM', 'AON', 'AOO', 'AAB', 'AAC', 'AGV', 'AGW', 'APP', 'APQ']
['AER', 'AES', 'AFP', 'AFQ', 'AKV', 'AKW', 'ADP', 'ADQ', 'AGB', 'AGC', 'ABT', 'ABU', 'AIV', 'AIW', 'AGJ', 'AGK', 'AGZ', 'AHA', 'AMV']
