['3']
['14']
['15']
['16']
['1']
['4']
['5']
['10']
['11']
['12']
['28']
['39']
['40']
['41']
['26']
['29']
['30']
['35']
['36']
['37']
['53']
['64']
['65']
['66']
['51']
['54']
['55']
['60']
['61']
['62']
['78']
['89']
['90']
['241', '229', '230', '237']
['216', '204', '205', '212', '239', '240']
['191', '179', '180', '187', '214', '215']
['166', '154', '155', '162', '189', '190']
['141', '129', '130', '137', '164', '165']
['116', '104', '105', '112', '139', '140']
['87', '114', '115']
['91']
['76']
['79']
['211', '226', '235', '236']
['161', '176', '185', '186', '201', '210']
['111', '126', '135', '136', '151', '160']
['85', '86', '101', '110']
['80']
['153', '178', '203', '228']
['103', '128']
