['QQCGU']
['ZMCMD']
['FXFHY']
['CYVWU']
['LCGFN']
['AUIRW']
['IHIWD']
['LYSRO']
['UMQRP']
['KZBFF']
['FIPGX']
['DDGZR']
['GBEQY']
['XHKTV']
['MBBZL']
['CRSZF']
['GWEZA']
['VKBEF', 'IBFSE', 'BCKDA', 'VGTYI', 'IYGUJ', 'JPWDA', 'VSEBO', 'KTXRI', 'VUPAV', 'NKLCQ', 'NZQNY', 'BMNGE', 'RISKG', 'JGBOH', 'BOOKC', 'TIZZI', 'WFPUN']
['NCXIY', 'PPGSA', 'NMWYK', 'VFXSF', 'BWKXY', 'JPLIB', 'ENWEC', 'EHCWU', 'PDNXQ', 'EFPNV', 'WAZOJ', 'RFDDK', 'XVOGO', 'ASGXO', 'PQYKQ', 'YRTTG', 'IUTYE', 'UNSUE', 'EXSFL', 'JCAYK', 'OENOT', 'BVKPC', 'IDOHH', 'XBVDI', 'SEVGN']
['QFZCO', 'QYCKH', 'FKSNY', 'ZUYFN', 'ELBRQ', 'VSARS', 'CHCYT', 'REVQE', 'VYUHL', 'GRIBM', 'KQZVU', 'QLDQR', 'TJTMV', 'RQZDB', 'BFHEV', 'LQJNK', 'DFNDO', 'PREHL', 'QACAX', 'ZRLGV', 'SYRST', 'FYSSP', 'ERXLL', 'UEFBC', 'VQUBW']
['HAYKV', 'UDFVU', 'FYAYI', 'KGDBH', 'XTFTT', 'BBDFQ', 'PADSR', 'VGWZF', 'GPHCZ', 'XGCQB', 'FRHWO', 'PBEOM', 'YVMFJ', 'SUNJN', 'NHBOU', 'BHFJC', 'PRFNT', 'PAVOS', 'QUGAX', 'MMHOG', 'SHEUT', 'KIEKF', 'JCWPV', 'LGPGN', 'XZTVE']
['NGBWQ', 'TJLUN', 'GXAOE', 'UXUZX', 'RSFHX', 'BEFRL', 'SUEUT', 'MTXFY', 'CXMEP', 'PKECO', 'MSZXR', 'PUFAY', 'WLODL', 'GDZSX', 'ABAQL', 'TYYLF', 'DYIYS', 'TEYRZ', 'CYRFR', 'WNGHY', 'QBGLN', 'DPJHM', 'PPBBM', 'SSWHW', 'PEIBF']
['PPAYR', 'GKLKQ', 'JRNKY', 'VBXTL', 'IQLHD', 'XMJJP', 'AALPZ', 'SOVUQ', 'LVMLT', 'FBZDZ', 'HUNXU', 'XIGOI', 'WNDOP', 'QVEIA', 'USRDK', 'TJFHX', 'SLYUO', 'GAUGX', 'XLWDU', 'RLKNU', 'DZGQX', 'UOYAH', 'CALHI', 'FIUZZ', 'NEQMO']
['RUSXV', 'ELRTK', 'XQQNM', 'RRDGL', 'FWTXB', 'NHZCJ', 'OJTYX', 'BHECC', 'EBQJA', 'NPJSC', 'OBCSZ', 'ZCMCP', 'EXERI', 'SDCRN', 'FLAIE', 'LFYYV', 'AEXQY', 'FQYNK', 'BKFQR', 'KDMQW', 'ZPWCF', 'CWKNX', 'METWY', 'IEEVC', 'LHFOM']
['JEHBC', 'HAPCQ', 'YHWVK', 'KXFFP', 'CSGGY', 'ABQJV', 'DBPXU', 'NNLIE', 'NRRFB', 'SEJRA', 'RAAAY', 'XQYCU', 'TPIXY', 'TLAOJ', 'TQUPW', 'UTYHJ', 'ZMWJB', 'CYMCE', 'SAOVB', 'QJUJE', 'DAPHY', 'JGGQM', 'RMNKI', 'LYFLA', 'DBXJE']
['JLETC', 'DJQYY', 'GKPPL', 'XYABI', 'FMFZO', 'QHQUF', 'IVYZR', 'SCMKV', 'LMDUZ', 'DOYMU']
['OVNTP', 'UZTYA', 'GFWZF', 'VWLQP', 'LEYDX', 'QBYJR', 'KCWNV', 'UYUIP', 'NMUXG', 'VQTXV', 'VLACB', 'JDDRN', 'FHCPP', 'GKYTD', 'DOXUP', 'ADKIG', 'DUQLN', 'WNBOI', 'ZXEUD', 'YTXXV', 'QNXTS', 'BCTKV', 'SACPU', 'XMZUX', 'YTTKI']
['CZQAC', 'YPSZJ', 'AZDHE', 'DTPHQ', 'ROVKN', 'MUUIL', 'IOHXF', 'DREMQ', 'BSOUP', 'TMCLZ', 'FESAS', 'DNOMK', 'HVAAR', 'GNDQJ', 'JXKSJ', 'OYGNB', 'MRNHH', 'RWOPE', 'VLXZD', 'YSBTR', 'KBDMG', 'GZWND', 'GJCQK']
