['281']
['347']
['268']
['441']
['325']
['499']
['398']
['227']
['205']
['48']
['397']
['473']
['207']
['251']
['380']
['334']
['249']
['262']
['328']
['57']
['368']
['270']
['208']
['240']
['30']
['137']
['142']
['140']
['210', '228', '135']
['478', '427', '285', '117', '39', '184', '233']
['32', '337', '157', '430', '445', '456', '275']
['106', '440', '136', '197', '491', '31', '72']
['284', '58', '90', '99', '308', '364', '496']
['97', '344', '449', '158', '444', '278', '356']
['331', '40', '167', '351', '460', '190', '220']
['203', '7', '396', '35', '20', '383', '304']
['60', '464', '34', '198', '166', '244', '435']
['239', '452', '335', '24', '59', '472', '89']
['395', '494', '266', '216', '363', '132', '165']
['162', '11', '156', '336', '102', '306']
['487', '394', '143', '164', '211', '193', '355']
['477', '256', '451', '385', '302', '376', '279']
['410', '69', '322', '104', '361', '493', '280']
['265', '295', '219', '288', '490', '333', '340']
['15', '293', '100', '195', '129', '261', '54']
['387', '319', '49', '109', '236', '498', '114']
['238', '443', '320', '309', '400', '407', '241']
['442', '386', '418', '414', '19', '214', '23']
['141', '258', '346', '434', '217', '481', '226']
['323', '354', '259', '187', '314', '338', '245']
['213', '489', '358', '71', '378', '276', '297']
['486', '155', '332', '341', '231']
['87', '229', '221', '250', '283', '206', '462']
['70', '388', '83', '260', '252', '186', '3']
['12', '103', '179', '159', '339', '255', '173']
['411', '447', '401', '123', '235', '488', '146']
['483', '365', '91', '274', '51', '313', '133']
['466', '422', '16', '263', '290', '180', '150']
['14', '38', '86', '311', '47', '17', '22']
['317', '36', '81', '269', '300', '381', '264']
['384', '0', '482', '119', '175', '145', '467']
['128', '50', '480', '112', '66']
['437', '232', '429', '403', '75', '348', '73']
['194', '343', '10', '122', '28', '108', '64']
['406', '330', '126', '29', '318', '96', '199']
['315', '130', '161', '492', '191', '468', '148']
['327', '131', '93', '450', '9', '476', '21']
['373', '312', '415', '44', '2', '45', '61']
['369', '431', '116', '272', '277', '183', '6']
['144', '5', '367', '389', '27', '289', '33']
['372', '342', '282', '419', '46', '13']
['469', '463', '470', '362']
['154', '379', '353', '188', '95', '163', '409']
['485', '357', '412', '301', '182', '299', '248']
['56', '215', '79', '18', '484', '257', '209']
['105', '471', '457', '316', '127', '454', '151']
['4', '360', '408', '310', '147', '107', '8']
['413', '176', '63', '417', '303', '120', '446']
['448', '393', '371', '237', '42', '92', '438']
['41', '121', '174', '111', '53']
['67', '359', '326']
['139', '78', '125', '292', '52', '138', '424']
['404', '181', '305', '192', '25', '200', '425']
['212', '204', '185', '247', '225', '453', '118']
['271', '433', '234', '196', '76', '253', '428']
['230', '169', '160', '172', '416', '80', '349']
['421', '218', '287', '458', '37', '124', '382']
['1', '242', '273', '88', '465', '115', '432']
['171', '329', '455', '439', '254', '26', '321']
['461', '62', '152', '68']
['134', '399', '474']
['423', '402', '296', '350', '149', '426', '201']
['405', '291', '479', '370', '82', '170', '85']
['286', '375', '352', '224', '43', '110', '324']
['223', '366', '55', '392', '420']
['202', '94', '222', '84', '497', '459', '345']
['374', '74', '113', '390', '168', '153', '101']
['178', '98', '77']
['475', '267', '391', '495', '307', '294', '377']
['177', '298', '243', '246', '436', '65', '189']
