['12']
['272']
['146']
['275']
['148']
['21']
['23']
['28']
['32']
['289']
['167']
['171']
['175']
['306']
['54']
['58']
['61']
['69']
['325']
['327']
['202']
['74']
['81', '285', '234', '282']
['231', '245', '131', '130', '283', '223', '299', '216']
['196', '25', '257', '99', '274', '136', '125', '92']
['323', '87', '254', '2', '71', '119', '212', '262', '161']
['105', '53', '93', '267', '312', '288', '158', '107', '311']
['215', '96', '114', '163', '48', '219', '199']
['190', '251', '307', '111', '36', '78', '47', '9', '160']
['281', '94', '72', '24', '264', '127', '43', '294', '210']
['232', '173', '139', '89', '147', '30', '182', '126']
['60', '55', '79', '247', '76', '207', '176', '85']
['27', '309', '276', '187', '149', '318', '193', '198']
['253', '255', '284', '29', '35', '156', '129', '206', '82']
['143', '73', '50', '133', '238', '213', '278', '38']
['300', '80', '246', '159', '68', '22', '134', '135', '308']
['90', '97', '166', '52', '181', '225', '6', '153', '250']
['218', '292', '291', '63', '120', '20', '169', '184', '261']
['180', '65', '316', '13', '62', '8', '271', '303', '122']
['259', '132', '70', '266', '244', '209', '106', '3']
['221', '165', '194', '228', '39', '31', '197', '33']
['240', '117', '98', '5', '10', '155', '162', '185', '273']
['145', '144', '205', '15', '204', '100', '224', '11']
['305', '220', '203', '123', '152', '301', '226', '37', '263']
['86', '118', '191', '157', '280', '19', '151', '189', '49']
['265', '59', '314', '302', '326', '124', '4', '1']
['208', '56', '41', '297', '102', '252', '217', '242', '91']
['104', '287', '67', '77', '241', '319']
['295', '154', '249', '95', '101', '26', '320', '258', '315']
['268', '178', '200', '177', '201', '141', '115', '40']
['109', '186', '18', '230', '304', '179', '236', '290', '237']
['112', '142', '188', '233', '270', '17', '14', '150']
['116', '83', '110', '298', '45', '229', '88']
['168', '322', '239', '195', '64', '324', '170', '108', '256']
['293', '0', '222', '260', '248', '140', '211', '121']
['84', '183', '269', '57', '66', '286', '310', '46', '16']
['7', '296', '51', '313', '75', '243', '174', '227']
['113', '214', '103', '42', '192', '279', '34', '164', '128']
['44', '317', '321', '277', '138', '172', '235', '137']
