['QSYML']
['TAHXC']
['ACJRU']
['YWCZV']
['EADHZ']
['HGJEC']
['OVYDG']
['ZHVLK']
['AWDBE']
['HNXEZ']
['INTFC']
['OKPQW']
['SYIZZ']
['ABYHN']
['SZXFW']
['WLCAR']
['XXRUC']
['CPTCX']
['GBGAG']
['VYDDY']
['XIDUV']
['ALMIE']
['BJTHH']
['DFBMK']
['EHHWX']
['UGVLA']
['KSCIB']
['SRFIJ']
['VNVFZ']
['VSPLU']
['WSVIR']
['ZCVZT']
['NUSHB']
['VLQCW']
['CIUZU']
['IVZGD']
['QGXZJ']
['APXMD', 'DSUJE', 'KGIPC', 'FEUEQ', 'FXFUX']
['GOXXP', 'RQZPM', 'OKQTW', 'TEFPC', 'ZIJNW']
['OLFRP', 'EOCJX', 'WGGGP', 'WJAIQ', 'CPJBS']
['VGUGP', 'WNYYG', 'CHIJG', 'JMYIA', 'OJGET']
['FGDHQ', 'QQXNO', 'ZJNIT', 'CIBMR', 'TVCFA']
['RMUXW', 'RUYNY', 'KXUES', 'BNJLP', 'FCWUA']
['OQSOU', 'TKYGG', 'UJESQ', 'VTOZN', 'PVVAV']
['IZMEQ', 'JTHWI', 'CVNCZ', 'NVSYK', 'NWAHL']
['ZJQQO', 'YXPNV', 'BWWYB', 'HTJHJ', 'KCHSD']
['SHLYA', 'VPSEI', 'IGQNP', 'UDTFQ', 'RUGKU']
['MYAVD', 'WJIWZ', 'CLLNQ', 'ENKVR', 'LBKGE']
['QCRLR', 'QNUDR', 'TKJBK', 'GEQFC', 'KPECP']
['UHOTV', 'WOIJX', 'NSAJQ', 'VXIFI', 'VXLZU']
['BVCTY', 'GCQTP', 'RURLC', 'CIPCP', 'EWNSH']
['PTRTD', 'CIOFH', 'MEKWP', 'LYGHF', 'XCTJB']
['QGGOH', 'SVMGK', 'GWJWE', 'WPGRW', 'MXMMA']
['QPVND', 'SEYUH', 'BNYBV', 'CBNUD', 'MQDQQ']
['TBPZM', 'JXGHX', 'EYFRR', 'OXRUQ', 'JOZYK']
['MXBHP', 'VQDCT', 'WUTXG', 'ARMIC', 'SKBJW']
['MRXML', 'OCOQX', 'QGRPC', 'WAQDW', 'NDLFM']
['JHGWB', 'YBAFX', 'AICHQ', 'QUECI', 'SROSJ']
['CSQHY']
['PABIC']
['ENWEP']
['IRNCA', 'AXQPJ', 'DUAEB', 'KHNJL']
['AGDTK', 'EBLCO', 'OXRDD', 'RCZHM', 'XBTFE']
['PECLI', 'TLZCG', 'DSQUZ', 'TFGVT', 'PKHDM']
['ORRXP', 'DLKKW', 'DVRRV', 'TFEWH', 'XNYRJ']
['HNKDE', 'UCLPW', 'CCNPM', 'FXUHH', 'EFKRH']
['FDGQA', 'GNCHO', 'NKCOJ', 'QECFT', 'XUHAP']
['NLRBO', 'BBVXC', 'VFFHE', 'CBJEL', 'DKHZJ']
['GJRAV', 'KUMCW', 'BEIFF']
['NSDMC']
['QQUYY']
['XFNKQ']
['UBCVC', 'IXMQO', 'XWMKT', 'MIKDS', 'HWSJL']
[]
['ZEPYJ']
