['379']
['162']
['105']
['398']
['58']
['207']
['339']
['33']
['153', '259', '85', '440', '437', '478']
['434', '333', '155', '275', '493', '238', '286', '309', '487', '92', '237', '303', '262', '179', '323', '461', '470', '165', '276', '231', '213', '452', '197', '31', '426', '256', '190', '368', '20', '280', '346', '319', '258', '266', '79', '349', '463', '212']
['160', '21', '15', '418', '46', '424', '375', '8', '170', '11', '211', '99', '285', '118', '172', '297', '273', '18', '264', '82', '465', '467', '372', '214', '473', '320', '488', '101', '16', '322', '247', '387', '124', '325', '86', '38', '121', '219']
['441', '77', '263', '173', '220', '196', '158', '37', '65', '103', '357', '364', '239', '210', '477', '235', '122', '142', '308', '48', '60', '287', '425', '234', '254', '73', '450', '182', '292', '217', '282', '381', '134', '176', '107', '88', '419', '204']
['7', '227', '3', '78', '228', '215', '24', '59', '494', '127', '331', '459', '56', '446', '342', '388', '417', '232', '242', '175', '135', '454', '42', '57', '384', '26', '317', '389', '100', '347', '464', '442', '94', '311', '439', '397', '376']
['332', '184', '222', '482', '367', '39', '51', '69', '451', '330', '260', '443', '193', '411', '177', '126', '353', '68', '109', '491', '29', '496', '481', '358', '27', '430', '296', '295', '6', '423', '363', '337', '314', '499', '362', '137', '471']
['128', '47', '41', '96', '447', '236', '371', '386', '89', '490', '407', '226', '93', '350', '274', '54', '98', '243', '269', '383', '420', '168', '338', '154', '189', '408', '399', '84', '432', '301', '90', '374', '246', '129', '373', '205', '245', '139']
['492', '133', '71', '181', '427', '291', '145', '138', '312', '429', '70', '5', '474', '392', '194', '169', '152', '475', '370', '185', '187', '208', '167', '97', '421', '223', '166', '498', '64', '458', '253', '428', '334', '382', '35', '336', '108', '164']
['318', '479', '174', '4', '75', '191', '203', '284', '43', '1', '188', '114', '80', '438', '52', '270', '359', '354', '460', '74', '34', '307', '251', '321', '344', '55', '186', '206', '435', '393', '406', '395', '161', '316', '132', '271', '72', '63']
['355', '229', '369', '123', '394', '380', '361', '341', '272', '257', '44', '156', '335', '348', '267', '40', '66', '36', '225', '252', '448', '414', '472', '304', '28', '136', '278', '240', '14', '343', '300', '281', '116', '444', '400', '415', '390']
['409', '146', '81', '233', '102', '456', '310', '180', '449', '216', '10', '457', '19', '480', '299', '183', '289', '221', '404', '141', '195', '9', '377', '230', '497', '171', '455', '495', '157', '53', '489', '462', '202', '433', '249', '445', '277']
['62', '466', '119', '218', '149', '248', '49', '305', '125', '345', '268', '209', '0', '366', '329', '294', '159', '45', '290', '413', '431', '486', '192', '12', '468', '324', '244', '13', '120', '378', '151', '112', '453', '476', '288', '365', '265']
['113', '340', '148', '391', '147', '405', '385', '130', '401', '483', '327', '200', '469', '484', '224', '23', '250', '201', '315', '163', '91', '32', '293', '328', '416', '115', '396', '298', '255', '30', '117', '279', '95', '110', '83', '178', '50', '241']
['402', '198', '352', '283', '140', '2', '143', '410', '76', '17', '61', '22', '111', '261', '436', '150', '326', '485', '144', '106', '302', '313', '306', '351', '412', '131', '422', '67', '25', '199', '104', '403', '360', '356', '87']
