['Uta']
['Janaya']
['Zandt']
['Plantagenet']
['Catherin']
['Jori', 'Selma', 'Higgs', 'Blondell', 'Matthew', 'Antonetta', 'Fast', 'Haldane', 'Fruin', 'Gerianne']
['Astto', 'Fifine', 'Auroora', 'Gibun', 'Weirick', 'Kaufmann', 'Milore', 'Lauree', 'Ardehs', 'Shelby', 'Rani', 'Janenna', 'Sosanna', 'Foulk', 'Bello', 'Tay', 'Cheria', 'Groh', 'Watson', 'Robbin', 'Jobyna', 'Cardwell', 'Darrow', 'Mikol', 'Lorilyn', 'Merth', 'Prince', 'Epstein', 'Adriane', 'Gombosi', 'Brittnee', 'Derinna', 'Durante', 'Fitz']
['Margeaux', 'Meingolda', 'Vevay', 'Tuttle', 'Uzzia', 'Cal', 'Shannah', 'Shelbi', 'Padget', 'Bui', 'Jenness', 'Turrell', 'Maribel', 'Masterson', 'Yim', 'Dearman', 'Prebo', 'Griffin', 'Arianna', 'Alvinia', 'Krystalle', 'Ultun', 'Mackenzie', 'Danna', 'Dole', 'Acacia', 'Tonya', 'Reste', 'Polish', 'Everick', 'Kronick', 'Derril', 'Nafis', 'Tillford', 'Chemush']
['Nari', 'Burkhart', 'Antonino', 'Jenkel', 'Wendye', 'Lynett', 'Vesta', 'Baldridge', 'Franek', 'Dumas', 'Druce', 'Bluhm', 'Rooke', 'Ottinger', 'Willis', 'Fredkin', 'Oscar', 'Costin', 'Ardys', 'Saville', 'Debera', 'Mitchiner', 'Ferullo', 'Kerwon', 'Dare', 'Risteau', 'Perloff', 'Willetta', 'Glenn', 'Matthaeus', 'Harmony', 'Wight', 'Birck', 'Cicely']
['Hotze', 'McClimans', 'Oakes', 'Flo', 'Kanya', 'Ber', 'Saxen', 'Coh', 'Velda', 'Caines', 'Kassi', 'Damon', 'Dott', 'Safire', 'Dotson', 'Newton', 'Biggs', 'Hillegass', 'Tennes', 'Towne', 'Raynor', 'Gillian', 'Florentia', 'Till', 'Letta', 'Micheal', 'Buxton', 'Berneta', 'Ammadis', 'Ragland', 'Neille', 'Atkins', 'Wistrup', 'Danais', 'Karon']
['Pippo', 'Hillel', 'Marijo', 'Arel', 'Buckler', 'Gunn', 'Rik', 'Salomi', 'Ainslee', 'Erlewine', 'Worlock', 'Thorman', 'Tiphane', 'Kinzer', 'Evangeline', 'Renick', 'Nessy', 'Placido', 'Sumer', 'Midian', 'Ebba', 'Hett', 'Vikky', 'Bruns', 'Holton', 'Manaker', 'Klapp', 'Hittel', 'Pinto', 'Ubana', 'Karie', 'McCullough', 'Formenti', 'McKinney', 'Bran']
['Woo', 'Holms', 'Earlene', 'Beaver', 'Delila', 'Grochow', 'Clymer', 'Faunia', 'Schnabel', 'Anuska', 'Nicolis', 'Javler', 'Delinda', 'Darsie', 'Carter', 'Japeth', 'Winer', 'Eleni', 'Ludovico', 'Ashling', 'Koetke', 'Osrick', 'Cristoforo', 'Melburn', 'Candyce', 'Balcer', 'Chancellor', 'Carrillo', 'Lamb', 'Marijn', 'Verras', 'Leiser', 'Akeyla', 'Mauchi']
['Sievert', 'Elmira', 'Kudva', 'Mansoor', 'Virginia', 'Jeniece', 'Danita', 'Paulita', 'Freddy', 'Kylah', 'Beebe', 'Brazee', 'Crompton', 'Roanna', 'Hatch', 'Coumas', 'Janerich', 'Melda', 'Australia', 'Adaurd', 'Hudis', 'Holofernes', 'Jehiel', 'Tarkany', 'Halimeda', 'Love', 'McCoy', 'Uchida', 'Minier', 'Rhonda', 'Genie', 'Desi', 'Merola', 'Edrick', 'Tavy']
['Firman', 'Smukler', 'Schreck', 'Lentha', 'Fillender', 'Eldwen', 'Ashford', 'Agosto', 'Lombardi', 'Clovah', 'Ursi', 'Fidelio', 'Chae', 'Barby', 'Leanna', 'Balliett', 'Bevon', 'Behlau', 'Corkhill', 'Katzir', 'Cyd', 'Girovard', 'Cerracchio', 'Leod', 'Basso', 'Felicie', 'Fadiman', 'Mathur', 'Saylor', 'Knute', 'Pryce', 'Barsky', 'Hermon', 'Flemming', 'Monahan']
['Karlise', 'Les', 'Jimmy', 'Holey', 'Nestor', 'Bounds', 'Moonier', 'Groos', 'Lyle', 'Sandstrom', 'Carlick', 'Ciapas', 'Yarvis', 'Flieger', 'Jason', 'Raul', 'Maye', 'Yasu', 'Aviv', 'Gloriana', 'Ebneter', 'Kerianne', 'Fairfax', 'Emelia', 'Doroteya', 'Ruyle', 'Dedric', 'Harland', 'Demetria', 'Odin', 'Lux', 'Hakim', 'Sinnard', 'Dowlen', 'Elburr']
['Hanway', 'Lon', 'Binette', 'Shanly', 'Gowrie', 'Enid', 'Montagna', 'Lamson', 'Chaddie', 'Mushro', 'Lou', 'Griswold', 'Cavallaro', 'Emmer', 'Donn', 'Bhayani', 'Lacy', 'Celestyn', 'Pappas', 'Noyes', 'Grimona', 'Moyers', 'Lindell', 'Feinstein', 'Zobe', 'Tessy', 'Lunetta', 'Kile', 'Nisse', 'Blasius', 'Lenhart', 'Melisa', 'Eudocia', 'Nannette']
['Hannover', 'Avril', 'Questa', 'Billy', 'Woodhead', 'Latimer', 'Vonni', 'Dimitry', 'Puklich', 'Hankins', 'Hamlin', 'Stearns', 'Nanette', 'Eilis', 'Ursola', 'Dietrich', 'Clea', 'Rombert', 'Bernj', 'Ted', 'Nance', 'Joed', 'Dulcea', 'Hardej', 'Udell', 'Felise', 'Adolphus', 'Grath', 'Gwenette', 'Summons', 'Clere', 'Neva', 'Mokas', 'Dela']
['Elberta', 'Barnett', 'Cristiona', 'Jestude', 'Ratcliffe', 'Crean', 'Tutankhamen', 'Ginzburg', 'Jillana', 'Busey', 'Hook', 'Toh', 'Zelma', 'Morville', 'Quitt', 'Larson', 'Norean', 'Cherry', 'Marina', 'Hayyim', 'Lawler', 'Hawger', 'Fokos', 'Sandeep', 'Wing', 'Utas', 'Rue', 'Malo', 'Ruhnke', 'Emelita', 'Saudra', 'Marilou', 'Vaish', 'Lenes', 'Minda']
['Harriet', 'Danuloff', 'Halstead', 'Cutty', 'Cataldo', 'Fausta', 'Stephenson', 'Henrique', 'Benilda', 'Klute', 'Tristam', 'Eno', 'Meras', 'Balling', 'Jorgenson', 'Scherman', 'Sigsmond', 'Girardo', 'Pontius', 'Myrvyn', 'Charin', 'Yerxa', 'Tine', 'Lotus', 'Ace', 'Galligan', 'Swanhilda', 'Farro', 'Cloots', 'Ferro', 'Favian', 'Rodolphe', 'Ng', 'Hadleigh', 'Utica']
['Shea', 'Starinsky', 'Larry', 'Proudfoot', 'Converse', 'Kimon', 'Dett', 'Alf', 'Rocray', 'Ashman', 'Augustina', 'Nath', 'Winebaum', 'Fabrice', 'Hong', 'Colly', 'Serafine', 'Livingston', 'Sheeran', 'Davidde', 'Wunder', 'Neveda', 'Ches', 'Elihu', 'Berner', 'Volkan', 'McIntosh', 'Jessalin', 'Lynnelle', 'Sachi', 'Shepp', 'Maude', 'Won', 'Hako', 'Deni']
