['254']
['201']
['855']
['787']
['522']
['333']
['284']
['278']
['746']
['219']
['217']
['244']
['481']
['259']
['101']
['381']
['69']
['774']
['815']
['473']
['478']
['635']
['463']
['93', '331', '187', '704', '293', '256', '449', '850', '671', '844', '848', '45']
['629', '648', '664', '292', '104', '207', '300', '77', '528', '859', '169', '150', '816']
['683', '432', '373', '191', '181', '609', '482', '989', '415', '958', '738', '186', '340']
['7', '660', '4', '343', '135', '759', '547', '925', '476', '440', '193', '19', '218']
['216', '823', '790', '673', '742', '174', '705', '327', '933', '778', '347', '612', '681']
['342', '215', '708', '608', '616', '395', '360', '371', '984', '885', '597', '980', '601']
['354', '634', '435', '503', '267', '747', '322', '685', '413', '49', '724', '887', '644']
['846', '630', '164', '952', '247', '754', '675', '941', '803', '337', '794', '307', '35']
['967', '884', '607', '185', '443', '781', '973', '811', '627', '96', '987', '399', '305']
['427', '832', '70', '981', '357', '837', '711', '511', '500', '801', '865', '474', '504']
['944', '188', '80', '922', '698', '348', '161', '352', '310', '382', '176', '82', '419']
['238', '934', '570', '58', '851', '762', '915', '590', '654', '646', '638', '281', '585']
['797', '546', '749', '408', '451', '396', '688', '586', '269', '721', '223', '645', '936']
['872', '901', '824', '134', '148', '744', '971', '669', '914', '89', '518', '454', '14']
['540', '717', '516', '923', '65', '121', '697', '487', '405', '520', '172', '690', '318']
['532', '860', '992', '686', '485', '985', '119', '913', '679', '317', '401', '98', '751']
['324', '766', '692', '367', '929', '346', '204', '817', '460', '297', '533', '948', '375']
['328', '611', '780', '552', '142', '47', '173', '828', '899', '881', '266', '41', '441']
['3', '376', '64', '763', '549', '818', '434', '997', '554', '966', '999', '444', '542']
['404', '149', '653', '272', '979', '250', '276', '55', '565', '802', '886', '889', '789']
['529', '674', '728', '263', '821', '344', '390', '208', '741', '521', '151', '356', '519']
['198', '725', '456', '662', '37', '165', '513', '945', '111', '799', '896', '631', '236']
['580', '603', '334', '556', '602', '364', '988', '421', '822', '510', '857', '793', '13']
['99', '462', '229', '114', '626', '258', '894', '931', '890', '734', '753']
['88', '739', '578', '772', '120', '691', '321', '957', '775', '904', '261', '279', '869']
['309', '92', '428', '252', '761', '437', '625', '131', '910', '568', '835', '950', '46']
['693', '126', '107', '970', '248', '102', '928', '523', '574', '94', '60', '190', '330']
['839', '40', '335', '192', '561', '100', '152', '54', '573', '538', '613', '814', '584']
['656', '30', '406', '377', '0', '113', '465', '241', '845', '841', '495', '976', '447']
['489', '531', '302', '614', '895', '388', '852', '700', '464', '62', '806', '866', '76']
['838', '710', '115', '714', '257', '468', '888', '771', '867', '16', '338', '361', '325']
['320', '471', '893', '5', '224', '220', '582', '709', '764', '882', '433', '6', '779']
['836', '455', '29', '472', '410', '81', '417', '667', '937', '715', '194', '726', '617']
['196', '537', '397', '652', '610', '870', '594', '416', '448', '924', '249', '858', '226']
['313', '969', '378', '718', '978', '777', '234', '703', '605', '589', '110', '968', '534']
['75', '507', '737', '727', '222', '991', '339', '668', '1', '452', '182', '116', '368']
['559', '9', '95', '719', '955', '260', '112', '11', '515', '83']
['239', '864', '59', '458', '237', '212', '380', '990', '873', '438', '242', '807', '245']
['386', '467', '105', '129', '795', '553', '592', '285', '757', '564', '235', '480', '621']
['974', '374', '136', '576', '146', '877', '730', '422', '804', '566', '805', '23', '604']
['345', '439', '264', '505', '946', '707', '558', '849', '756', '446', '398', '640', '319']
['262', '492', '243', '702', '143', '68', '830', '457', '696', '569', '277', '676', '228']
['874', '833', '109', '536', '270', '197', '927', '875', '906', '628', '303', '598', '951']
['15', '902', '820', '274', '225', '189', '731', '713', '842', '483', '301', '486', '312']
['783', '498', '912', '137', '776', '358', '583', '788', '289', '678', '720', '170', '650']
['332', '213', '883', '853', '619', '403', '655', '812', '128', '10', '202', '66', '624']
['355', '154', '366', '768', '639', '810', '942', '365', '551', '351', '949', '38', '636']
['8', '52', '127', '525', '623', '508', '178', '175', '943', '133', '687', '539', '695']
['488', '214', '409', '729', '179', '588', '898', '156', '813', '918']
['689', '752', '808', '436', '847', '389', '48', '144', '362', '982', '132', '878', '291']
['411', '414', '315', '658', '909', '863', '938', '600', '36', '326', '506', '798', '283']
['659', '51', '562', '445', '157', '73', '27', '530', '618', '499', '670', '34', '353']
['349', '517', '665', '268', '424', '892', '74', '200', '784', '44', '141', '745', '701']
['393', '86', '2', '994', '964', '122', '666', '184', '834', '206', '195', '282', '431']
['541', '879', '287', '430', '897', '123', '22', '163', '959', '231', '595', '599', '947']
['265', '512', '63', '159', '663', '606', '145', '125', '138', '930', '940', '716', '773']
['496', '647', '387', '684', '740', '420', '956', '306', '637', '385', '162', '911', '227']
['108', '581', '767', '733', '876', '78', '735', '124', '412', '591', '466', '275', '160']
['856', '369', '158', '825', '130', '298', '577', '271']
['843', '53', '722', '962', '891', '429', '571', '147', '861', '682', '563', '712', '903']
['26', '477', '350', '304', '996', '792', '633', '311', '555', '199', '67', '140', '87']
['871', '953', '736', '384', '296', '316', '117', '221', '280', '993', '907', '579', '391']
['862', '819', '442', '71', '977', '209', '758', '567', '341', '168', '926', '139', '572']
['79', '497', '418', '394', '166', '72', '527', '299', '453', '765', '545', '632', '450']
['180', '965', '425', '502', '526', '85', '21', '17', '514', '782', '491', '917', '400']
['557', '31', '587', '240', '288', '827', '251', '657', '210', '651', '155']
['211', '868', '921', '800', '699', '916', '372', '509', '972', '544', '336', '732', '323']
['103', '490', '314', '118', '760', '253', '905', '786', '246', '286', '167', '975', '840']
['826', '43', '791', '61', '954', '880', '615', '32', '493', '983', '97', '106', '91']
['649', '494', '379', '960', '550', '769', '908', '750', '919', '461', '407', '620', '295']
['548', '796', '920', '363', '755', '294', '596', '423', '183', '661', '203', '543', '329']
['748', '308', '593', '809', '469', '723', '25', '501']
['998', '829', '205', '524', '575', '232', '57', '963', '20', '459', '18', '694', '995']
['383', '470', '290', '39', '33', '24', '560', '90', '475', '28', '359']
['12', '42', '622', '680', '171', '392', '402', '900', '535', '273', '961', '153', '785']
['255', '854', '672', '706', '831', '770', '426', '641', '56', '177', '233', '370', '479']
['484', '50', '935', '743', '932', '642', '643', '677', '986', '84', '230', '939']
