['195']
['800']
['619']
['318']
['772']
['91']
['569']
['577']
['767']
['519']
['706', '178', '842', '289', '361', '278', '784', '80', '45', '545', '275', '537', '799', '436', '288', '422', '124', '680', '501', '77', '922', '25', '707', '31', '255', '830', '325', '720', '268', '221', '937', '633', '795', '531', '482', '816', '803', '493', '649', '34']
['413', '136', '808', '652', '437', '961', '394', '656', '898', '102', '405', '933', '521', '229', '384', '968', '670', '539', '695', '994', '274', '997', '6', '703', '518', '331', '789', '834', '806', '644', '551', '552', '877', '585', '663', '593', '15', '743', '387', '228']
['121', '948', '857', '388', '941', '187', '39', '535', '106', '804', '995', '654', '814', '875', '68', '283', '742', '904', '987', '712', '307', '406', '787', '788', '310', '378', '494', '613', '404', '126', '461', '164', '83', '950', '926', '114', '669', '99', '146']
['408', '645', '972', '281', '496', '915', '252', '818', '282', '566', '775', '248', '116', '874', '294', '791', '887', '400', '327', '969', '475', '33', '991', '544', '336', '647', '916', '728', '560', '135', '277', '979', '687', '280', '607', '665', '525', '912', '82', '484']
['786', '105', '618', '740', '366', '813', '144', '57', '194', '570', '550', '271', '753', '865', '148', '534', '863', '89', '109', '37', '153', '467', '427', '805', '132', '260', '296', '676', '204', '780', '817', '235', '256', '931', '798', '423', '630', '760', '445', '498']
['861', '314', '449', '472', '714', '359', '986', '41', '358', '594', '341', '696', '399', '679', '978', '454', '729', '205', '47', '975', '43', '101', '943', '858', '232', '947', '363', '599', '870', '344', '514', '985', '476', '267', '64', '440', '112', '925', '563', '257']
['416', '166', '845', '74', '308', '727', '888', '851', '297', '747', '10', '491', '323', '149', '419', '697', '762', '499', '345', '843', '828', '207', '370', '631', '377', '528', '172', '253', '967', '410', '215', '481', '646', '909', '819', '225', '737', '586', '14']
['36', '223', '351', '960', '72', '896', '209', '733', '556', '595', '848', '240', '168', '965', '276', '557', '811', '650', '434', '754', '716', '572', '763', '55', '169', '489', '174', '993', '732', '655', '807', '426', '183', '905', '661', '42', '263', '634', '354', '66']
['479', '163', '989', '508', '638', '821', '457', '304', '286', '190', '295', '497', '414', '854', '444', '571', '930', '524', '769', '542', '992', '684', '181', '242', '305', '893', '233', '609', '360', '415', '527', '396', '249', '357', '197', '131', '944', '584', '347']
['982', '832', '614', '966', '292', '231', '722', '623', '751', '220', '517', '418', '879', '5', '886', '17', '921', '846', '694', '142', '724', '891', '130', '455', '506', '431', '509', '62', '674', '312', '428', '605', '756', '137', '541', '201', '710', '411', '640', '75']
['829', '96', '567', '823', '395', '516', '119', '962', '342', '871', '458', '691', '465', '196', '673', '500', '575', '154', '749', '284', '210', '730', '309', '565', '265', '615', '237', '604', '69', '398', '51', '715', '243', '852', '678', '448', '573']
['884', '322', '88', '639', '672', '977', '90', '574', '766', '369', '356', '773', '953', '159', '123', '21', '319', '473', '273', '487', '18', '3', '385', '755', '602', '951', '826', '251', '22', '734', '725', '29', '598', '152', '81', '230', '13', '84', '85', '49']
['549', '699', '167', '492', '441', '543', '746', '592', '745', '127', '660', '547', '58', '840', '675', '597', '771', '641', '844', '258', '850', '214', '796', '513', '303', '353', '213', '859', '456', '0', '964', '111', '379', '38', '601', '139', '984', '24', '155', '245']
['882', '876', '692', '61', '117', '626', '138', '776', '470', '668', '797', '429', '924', '234', '910', '911', '503', '71', '778', '704', '206', '526', '974', '244', '973', '901', '783', '559', '443', '785', '939', '453', '451', '32', '648', '612', '617', '907', '227', '76']
['750', '701', '923', '20', '157', '719', '945', '794', '510', '156', '259', '940', '536', '439', '856', '642', '54', '952', '430', '381', '92', '486', '78', '362', '600', '468', '340', '193', '365', '52', '511', '779', '996', '459', '711', '391', '364', '957', '212', '23']
['165', '530', '632', '46', '913', '959', '435', '883', '179', '892', '48', '914', '708', '285', '122', '180', '505', '774', '407', '815', '515', '591', '300', '869', '587', '690', '658', '621', '935', '452', '334', '226', '667', '894', '145', '161', '627', '87', '736', '425']
['238', '878', '895', '718', '9', '26', '709', '532', '512', '919', '578', '191', '4', '873', '264', '409', '333', '671', '867', '474', '382', '835', '866', '657', '902', '802', '386', '677', '765', '279', '480', '624', '471', '880', '504', '261', '689', '963', '622', '316']
['555', '855', '202', '367', '860', '460', '246', '368', '741', '616', '929', '758', '881', '1', '447', '298', '782', '40', '686', '343', '93', '956', '744', '793', '651', '65', '217', '118', '927', '790', '346', '355', '836', '949', '653', '636', '125', '113']
['934', '971', '269', '757', '946', '186', '579', '700', '290', '864', '241', '608', '825', '8', '936', '540', '266', '200', '917', '955', '158', '128', '581', '188', '625', '182', '831', '520', '748', '129', '643', '938', '287', '442', '222', '777', '589', '44', '682', '376']
['315', '329', '424', '610', '495', '781', '770', '507', '134', '326', '546', '764', '693', '899', '558', '469', '739', '705', '838', '313', '872', '19', '372', '768', '801', '792', '218', '302', '903', '306', '920', '236', '576', '2', '462', '86', '12', '348', '713', '97']
['561', '738', '478', '564', '208', '976', '397', '50', '133', '392', '224', '483', '176', '11', '606', '666', '403', '759', '35', '352', '688', '63', '262', '502', '100', '603', '254', '374', '628', '412', '908', '320', '79', '611', '177', '120', '103', '463', '868', '150']
['702', '211', '321', '108', '900', '349', '588', '390', '988', '332', '393', '110', '198', '375', '889', '827', '151', '420', '820', '324', '721', '380', '30', '841', '849', '853', '723', '438', '620', '317', '568', '162', '56', '98', '328', '27', '291', '250', '115', '488']
['53', '522', '580', '299', '28', '464', '389', '339', '170', '73', '338', '635', '662', '847', '698', '583', '717', '735', '809', '726', '958', '301', '970', '7', '432', '175', '553', '942', '450', '143', '548', '999', '928', '466', '173', '897', '906', '189', '67', '446']
['885', '990', '890', '533', '160', '685', '184', '199', '417', '421', '932', '16', '239', '335', '171', '185', '433', '350', '529', '192', '824', '485', '862', '94', '981', '664', '59', '401', '590', '337', '637', '402', '629', '147', '270', '761', '839', '659']
['247', '954', '980', '833', '383', '983', '562', '216', '107', '141', '752', '582', '731', '477', '998', '104', '219', '203', '140', '293', '490', '596', '60', '810', '837', '683', '523', '95', '822', '554', '681', '918', '812', '330', '272', '311', '70', '538', '371', '373']
