['52']
['482']
['518']
['576']
['362']
['176']
['329']
['378']
['506']
['596']
['318']
['481']
['293', '190', '434', '200', '525', '262', '256', '213', '231', '193', '5', '90', '534', '376', '260', '533', '208', '35', '572', '479', '130', '375', '643', '406', '295', '618', '330', '500', '612', '323', '626', '84', '62', '118', '214', '134', '174', '599', '49', '379', '119', '314', '259', '382', '192']
['110', '394', '590', '593', '307', '425', '442', '88', '583', '408', '527', '622', '172', '511', '263', '369', '436', '264', '337', '151', '552', '103', '81', '104', '570', '483', '604', '420', '413', '560', '187', '557', '76', '568', '228', '340', '116', '4', '125', '352', '633', '137', '78', '391', '577', '635', '563', '180', '79']
['148', '472', '105', '246', '361', '290', '25', '586', '537', '267', '31', '402', '292', '377', '310', '302', '582', '53', '498', '147', '531', '89', '303', '131', '153', '328', '304', '338', '48', '477', '171', '611', '515', '257', '388', '6', '198', '389', '224', '385', '544', '56', '23', '541', '516', '623', '519', '248', '357', '440']
['639', '588', '343', '638', '226', '581', '455', '339', '463', '67', '540', '144', '71', '363', '592', '331', '95', '168', '254', '298', '432', '600', '321', '412', '16', '296', '297', '97', '562', '642', '286', '538', '255', '542', '158', '466', '607', '114', '135', '458', '41', '221', '558', '567', '244', '133', '141', '15', '354', '100']
['575', '271', '397', '315', '602', '421', '101', '253', '564', '43', '86', '127', '507', '120', '464', '514', '191', '112', '595', '371', '47', '350', '251', '154', '3', '609', '199', '446', '613', '347', '57', '589', '461', '96', '475', '98', '553', '405', '636', '188', '87', '429', '448', '403', '355', '443', '279', '319', '160', '108']
['426', '37', '536', '215', '36', '275', '178', '501', '367', '530', '502', '486', '313', '427', '122', '424', '143', '411', '209', '242', '473', '625', '218', '465', '136', '469', '551', '573', '247', '332', '431', '234', '334', '549', '40', '364', '161', '327', '380', '381', '73', '194', '308', '237', '452', '630', '50', '605', '126']
['480', '353', '460', '212', '124', '217', '543', '608', '70', '111', '468', '82', '317', '99', '449', '410', '428', '521', '414', '270', '326', '456', '423', '14', '324', '499', '211', '496', '640', '19', '435', '373', '2', '470', '291', '619', '591', '453', '399', '351', '601', '22', '387', '94', '556', '18', '490', '195', '173', '179']
['478', '106', '444', '202', '150', '457', '311', '585', '132', '113', '416', '283', '441', '580', '11', '142', '68', '384', '395', '1', '430', '238', '282', '44', '546', '241', '115', '550', '64', '274', '505', '225', '485', '60', '474', '0', '344', '128', '594', '169', '333', '300', '287', '152', '129', '204', '149', '138', '163']
['554', '493', '66', '232', '93', '535', '145', '258', '184', '512', '645', '610', '641', '309', '58', '20', '522', '273', '320', '462', '159', '80', '146', '629', '285', '9', '157', '278', '45', '524', '365', '366', '269', '276', '579', '510', '360', '597', '459', '265', '587', '189', '637', '236', '341', '316', '312', '359']
['517', '409', '603', '484', '91', '181', '392', '121', '272', '349', '165', '407', '617', '250', '620', '117', '548', '368', '39', '182', '207', '102', '419', '196', '222', '451', '17', '123', '571', '528', '508', '266', '445', '621', '624', '85', '162', '627', '488', '322', '628', '186', '201', '177', '69', '156', '345', '249', '109']
['393', '55', '631', '383', '230', '164', '342', '65', '21', '513', '529', '92', '51', '574', '210', '268', '489', '494', '243', '346', '644', '281', '396', '294', '504', '252', '491', '261', '476', '614', '24', '565', '418', '555', '83', '305', '503', '532', '30', '223', '386', '38', '8', '63', '598', '559', '140', '13', '220', '632']
['336', '284', '227', '471', '277', '495', '467', '235', '185', '155', '175', '245', '566', '54', '203', '46', '216', '139', '415', '404', '166', '447', '289', '197', '634', '523', '509', '569', '75', '206', '487', '398', '229', '374', '356', '29', '219', '615', '422', '205', '33', '59', '492', '72', '547', '280', '107', '348']
['306', '61', '539', '584', '437', '299', '606', '372', '42', '358', '26', '183', '10', '439', '12', '497', '526', '561', '450', '77', '288', '400', '438', '390', '167', '233', '325', '616', '520', '301', '74', '545', '433', '27', '170', '578', '32', '401', '370', '240', '417', '7', '239', '454', '28', '335', '34']
