['527']
['21']
['580']
['100']
['122']
['344']
['717']
['219']
['151']
['623']
['301']
['163']
['29']
['53']
['481']
['531']
['129']
['44']
['476']
['355']
['74']
['256']
['116']
['669']
['36']
['688']
['416']
['535']
['460']
['148']
['590']
['127']
['575']
['512']
['455']
['470']
['194']
['97']
['392']
['419']
['34']
['518']
['508']
['346']
['693']
['607']
['106']
['442', '40', '510']
['494', '169', '107', '422', '548', '128']
['540', '452', '609', '555', '338', '183']
['345', '601', '691', '343', '324', '347']
['110', '253', '135', '704', '468', '235']
['578', '260', '388', '569', '325', '15']
['357', '435', '437', '204', '292', '634']
['277', '76', '158', '341', '354', '216']
['389', '83', '139', '554', '352', '228']
['155', '91', '43', '551', '268', '93']
['12', '667', '185', '627', '1', '386']
['695', '544', '482', '374', '537', '624']
['258', '165', '84', '274', '687', '674']
['433', '507', '133', '6', '579', '560']
['322', '617', '581', '417', '407', '349']
['428', '594', '497', '633', '236', '421']
['350', '146', '96', '562', '457', '177']
['205', '193', '164', '39', '440', '118']
['502', '377', '363', '641', '467', '311']
['264', '237', '570', '288', '334', '290']
['675', '696', '218', '462', '451', '568']
['662', '515', '8', '524', '509', '92']
['483', '398', '657', '441', '289', '147']
['478', '656', '101', '320', '499', '94']
['0', '251', '328', '142', '360', '364']
['20', '359', '259', '586', '287', '172']
['308', '80', '666', '559', '566', '645']
['643', '529', '672', '271', '703', '120']
['400', '402', '27', '246', '650', '293']
['317', '278', '167', '719', '300', '184']
['243', '206', '605', '265', '67', '3']
['367', '13', '212', '157', '464', '411']
['28', '203', '491', '7', '195', '448']
['427', '337', '55', '474', '410', '412']
['58', '215', '121', '522', '709', '589']
['85', '612', '550', '353', '50', '487']
['174', '488', '9', '552', '298', '563']
['249', '323', '599', '420', '408', '5']
['170', '658', '314', '75', '115', '651']
['705', '282', '4', '596', '664', '659']
['500', '613', '673', '466', '576', '475']
['661', '189', '391', '254', '652', '35']
['525', '439', '226', '14', '699', '413']
['37', '312', '72', '649', '598', '220']
['231', '381', '628', '676', '104', '479']
['698', '539', '111', '614', '644', '70']
['572', '530', '585', '313', '153', '296']
['123', '678', '701', '152', '332', '144']
['208', '461', '233', '561']
['62']
['25', '567', '284']
['112', '636', '368', '281', '404', '276']
['176', '603', '683', '238', '463', '48']
['141', '269', '526', '196', '620', '712']
['154', '397', '61', '573', '671', '361']
['109', '57', '506', '95', '492', '425']
['387', '434', '217', '52', '660', '409']
['202', '406', '285']
['503', '11', '415', '160', '140', '418']
['637', '376', '31', '297', '321', '98']
['663', '543', '549', '496', '436', '495']
['223', '443', '523', '621', '616', '280']
['149', '375', '622', '222', '351', '379']
['46', '38', '444', '245', '711', '198']
['210', '681', '188', '647', '68', '10']
['593', '438', '697', '625', '640', '294']
['211', '234']
['130']
['131']
['486']
['618']
['255']
['47']
