['493']
['30']
['651']
['704']
['193']
['930']
['889']
['725']
['55']
['210']
['658']
['517']
['476']
['602']
['167']
['107']
['102']
['758']
['370']
['453']
['778']
['239']
['736']
['603']
['570']
['742']
['854']
['192']
['515']
['306']
['900', '435', '415', '274', '206', '937', '235', '416', '532', '233', '357', '918', '936', '342', '521', '247', '686', '881', '929', '708', '577', '84']
['430', '891', '285', '615', '920', '629', '180', '700', '125', '855', '538', '308', '492', '841', '461', '388', '951', '748', '964', '488', '628', '382', '408', '879', '810']
['228', '448', '827', '743', '751', '338', '691', '482', '263', '633', '831', '173', '892', '909', '760', '117', '897', '786', '727', '866', '886', '848', '638']
['296', '729', '621', '389', '673', '393', '689', '640', '684', '232', '109', '769', '281', '524', '508', '31', '188', '51', '216', '240', '637', '431', '383', '155']
['816', '40', '477', '553', '399', '887', '923', '23', '614', '446', '139', '968', '89', '298', '327', '3', '441', '73', '747', '267', '754', '527', '227']
['779', '862', '120', '264', '163', '721', '128', '516', '336', '750', '707', '806', '582', '728', '844', '356', '460', '433', '234', '919', '385']
['92', '411', '387', '975', '996', '204', '422', '959', '623', '421', '961', '151', '546', '770', '50', '752', '401', '16', '185', '366', '815', '641', '414']
['60', '190', '584', '938', '716', '413', '39', '971', '88', '650', '945', '376', '666', '804', '955', '983', '759', '374', '283', '473', '179']
['99', '363', '560', '782', '583', '340', '674', '962', '575', '251', '481', '568', '738', '676', '463', '398', '162', '864', '347', '484']
['11', '731', '371', '883', '989', '365', '940', '973', '977', '555', '717', '468', '328', '559', '331', '24', '467', '564']
