['623']
['355']
['594']
['461']
['52']
['158']
['286']
['134']
['8']
['23']
['274']
['549']
['487']
['478']
['11']
['552']
['24']
['102']
['472']
['597', '198', '600', '471', '433', '295', '203', '476', '379', '613', '326', '493', '80', '41', '410', '498', '570']
['501', '581', '331', '300', '473', '632', '368', '172', '455', '146', '119', '56', '395', '582', '486', '277', '79', '309', '535', '113', '323', '354', '299', '183', '141']
['190', '557', '565', '117', '390', '236', '605', '58', '95', '303', '311', '428', '181', '202', '235', '608', '509', '511', '153', '466', '175', '607', '83', '313', '636']
['563', '240', '387', '291', '187', '216', '585', '192', '49', '483', '531', '603', '89', '91', '111', '534', '135', '152', '169', '518', '269', '526', '275', '230', '32']
['437', '432', '206', '271', '606', '525', '398', '329', '463', '438', '409', '186', '164', '453', '289']
['566', '540', '641', '337', '204', '488', '436', '131', '514', '352', '522', '212', '112', '270', '423', '145', '439', '316', '460', '375', '86', '321', '227', '50', '114']
['516', '464', '396', '481', '109', '617', '386', '573', '530', '148', '414', '36', '241', '616', '151', '160']
