['452']
['525']
['100']
['773']
['757']
['179']
['98']
['728']
['195']
['40']
['316']
['69']
['255']
['340']
['114']
['352']
['385']
['22']
['594']
['364']
['754']
['500']
['402']
['382']
['502']
['667']
['732']
['299']
['194']
['714']
['756']
['824']
['304']
['330', '490', '2', '829', '673', '279', '643', '117', '38', '76', '36', '610', '191', '772', '306', '577', '551', '697', '482', '587', '791', '171', '746', '134', '649', '600', '583', '317', '244', '602', '467', '730', '526', '640', '786', '359', '581', '363', '719', '224']
['648', '814', '254', '799', '60', '192', '747', '206', '446', '45', '706', '553', '717', '792', '450', '812', '288', '592', '597', '642', '20', '436', '52', '354', '527', '459', '107', '307', '313', '478', '654', '780', '557', '702', '10', '181', '391', '293', '132', '9', '366', '156', '207', '520', '372', '707', '283', '396', '332', '522']
['516', '375', '180', '676', '470', '688', '217', '399', '533', '552', '503', '386', '405', '337', '604', '135', '805', '47', '802', '453', '681', '781', '161', '629', '339', '237', '245', '212', '19', '186', '460', '267', '347', '750', '357', '235', '266', '474', '428', '644', '613', '834', '675', '483', '631', '650', '611', '641', '146', '837']
['321', '541', '423', '62', '209', '794', '193', '454', '607', '318', '743', '163', '257', '461', '703', '809', '432', '573', '378', '247', '539', '626', '735', '445', '448', '175', '720', '787', '14', '360', '41', '294', '411', '168', '403', '139', '457', '559', '72', '835', '238', '737', '368', '438', '806', '555', '270', '248', '376', '723']
['733', '657', '505', '509', '361', '356', '740', '240', '596', '242', '798', '701', '816', '188', '687', '833', '424', '818', '507', '99', '184', '118', '473', '571', '684', '37', '421', '497', '545', '537', '820', '634', '528', '766', '498', '616', '749', '822', '530', '105', '495', '137', '221', '200', '721', '277', '12', '762']
['170', '8', '779', '606', '295', '68', '827', '808', '39', '620', '801', '420', '435', '0', '678', '836', '136', '387', '736', '810', '289', '510', '44', '176', '823', '32', '77', '612', '109', '178', '764', '578', '228', '690', '608', '770', '618', '696', '131', '475', '203', '632', '825', '18', '485', '97', '271', '61', '278', '609']
['598', '88', '27', '282', '775', '24', '656', '542', '334', '165', '741', '638', '265', '312', '208', '56', '395', '166', '301', '233', '49', '298', '605', '832', '148', '715', '722', '739', '699', '407', '315', '692', '734', '258', '260', '727', '433', '742', '85', '663', '104', '75', '173', '21', '58', '67', '149', '645', '216', '251']
['550', '501', '614', '126', '234', '489', '122', '119', '499', '90', '729', '427', '342', '303', '477', '144', '574', '51', '443', '80', '198', '236', '515', '468', '310', '17', '367', '46', '362', '575', '380', '182', '214', '724', '548', '6', '305', '210', '803', '585', '353', '390', '202', '177', '389', '370', '579', '87', '637', '442']
['91', '311', '540', '440', '726', '486', '769', '513', '665', '713', '409', '197', '444', '252', '341', '582', '538', '763', '268', '232', '580', '463', '400', '521', '239', '280', '672', '529', '418', '124', '147', '731', '169', '755', '223', '262', '183', '617', '83', '55', '589', '622', '291', '785', '712', '102']
['494', '451', '4', '322', '412', '130', '66', '698', '408', '662', '141', '397', '777', '603', '26', '568', '220', '222', '496', '249', '800', '441', '218', '43', '219', '398', '374', '686', '54', '94', '709', '536', '591', '300', '320', '377', '652', '53', '349', '142', '213', '590', '413', '789', '159', '309', '745', '674', '231', '140']
['101', '492', '384', '284', '761', '415', '449', '588', '691', '290', '782', '250', '752', '429', '143', '365', '437', '531', '133', '358', '96', '70', '269', '487', '694', '243', '716', '465', '447', '287', '371', '646', '199', '615', '112', '406', '564', '57', '679', '817', '333', '430', '758', '710', '150', '153', '434', '379', '196', '324']
['683', '705', '561', '718', '784', '160', '819', '369', '504', '351', '225', '92', '116', '839', '778', '394', '546', '426', '7', '476', '13', '388', '273', '164', '776', '343', '71', '493', '263', '633', '425', '472', '462', '628', '246', '110', '469', '455', '158', '711', '286', '795', '48']
['120', '314', '830', '189', '647', '373', '15', '639', '16', '689', '821', '796', '619', '601', '93', '549', '89', '704', '348', '558', '624', '308', '560', '145', '565', '275', '813', '554', '383', '253', '344', '682', '128', '319', '744', '272', '63', '155', '524', '576', '491', '50', '281', '392', '511', '302', '230', '297', '325', '34']
['659', '65', '30', '783', '838', '508', '593', '680', '725', '3', '329', '410', '129', '625', '167', '33', '471', '831', '768', '518', '759', '563', '586', '595', '670', '666', '422', '671', '29', '416', '535', '788', '327', '660', '151', '572', '668', '25', '439', '630']
['28', '127', '748', '534', '264', '204', '514', '562', '635', '566', '828', '174', '5', '419', '86', '569', '328', '355', '261', '664', '226', '323', '113', '336', '512', '345', '807', '760', '484', '215', '162', '95', '523', '466', '738', '431', '201', '708', '187', '655', '811', '790', '123', '771', '229', '331', '78', '621', '154', '685']
['292', '111', '636', '157', '31', '274', '326', '458', '205', '543', '488', '627', '1', '417', '138', '401', '480', '82', '653', '42', '259', '381', '464', '414', '81', '241', '519', '661', '121', '570', '74', '695', '296', '797', '677', '190', '350', '765', '23', '59', '532', '804', '35', '152', '79', '479']
['623', '185', '556', '584', '767', '774', '227', '103', '73', '276', '658', '338', '115', '346', '793', '285', '125', '567', '506', '815', '700', '404', '11', '335', '651', '599', '456', '669', '211', '751', '544', '256', '106', '693', '481', '108', '753', '826', '547', '84', '172', '393', '517', '64']
