['456']
['99']
['363']
['468']
['940']
['430']
['21']
['161']
['61']
['236']
['954']
['282']
['277']
['254']
['624']
['773', '744', '606', '739', '387', '884', '164', '316', '564', '891', '531', '398', '27', '461', '64', '390', '839', '741', '312', '220', '906', '147', '725', '867', '787', '602', '541', '211', '199', '827', '691', '861', '412', '640', '323', '101', '479', '227', '955', '182', '459', '434', '431', '493', '219', '421']
['866', '899', '917', '677', '821', '816', '757', '796', '492', '612', '544', '797', '66', '731', '728', '59', '149', '276', '799', '921', '833', '511', '173', '609', '429', '850', '480', '915', '870', '582', '687', '958', '455', '474', '422', '814', '436', '321', '283', '416', '645', '837', '232', '894', '745', '869', '469', '893', '679', '158', '144', '26', '433', '552', '931', '472', '333', '597', '698', '300']
['776', '148', '643', '824', '713', '443', '122', '723', '141', '298', '118', '157', '124', '197', '588', '935', '633', '84', '905', '382', '262', '939', '452', '260', '344', '423', '81', '481', '76', '896', '384', '695', '764', '862', '789', '414', '786', '213', '74', '454', '185', '239', '573', '697', '835', '716', '406', '659', '397', '31', '177', '32', '515', '29', '160', '639', '586', '707', '719', '165', '909']
['255', '568', '938', '929', '18', '290', '930', '270', '440', '208', '341', '216', '680', '500', '626', '523', '98', '706', '604', '287', '864', '295', '726', '357', '46', '729', '67', '693', '631', '25', '956', '897', '790', '934', '113', '471', '842', '261', '794', '167', '603', '34', '85', '37', '383', '263', '135', '425', '418', '873', '328', '595', '560', '491', '19', '195', '482', '86', '569', '831', '572']
['249', '293', '593', '307', '780', '947', '852', '517', '625', '289', '791', '660', '258', '266', '308', '377', '142', '684', '324', '77', '848', '689', '389', '521', '755', '475', '759', '473', '901', '763', '825', '189', '598', '887', '809', '427', '746', '581', '859', '451', '311', '536', '409', '82', '346', '692', '168', '56', '559', '110', '483', '202', '895', '244', '140', '551', '432', '345', '5']
['771', '285', '854', '95', '347', '174', '153', '785', '533', '613', '669', '355', '441', '132', '131', '381', '393', '530', '733', '769', '855', '777', '60', '370', '396', '505', '231', '466', '675', '250', '151', '94', '317', '371', '888', '918', '265', '662', '340', '154', '126', '578', '820', '145', '329', '419', '577', '458', '550', '234', '490', '170', '758', '411', '299', '686', '326', '596', '775', '942', '207']
['130', '724', '12', '41', '129', '699', '554', '501', '96', '71', '297', '279', '651', '913', '950', '273', '477', '506', '301', '748', '137', '359', '336', '166', '711', '537', '79', '892', '932', '498', '673', '143', '916', '620', '546', '510', '526', '191', '450', '184', '749', '7', '92', '732', '767', '224', '209', '44', '188', '128', '522', '621', '395', '502', '948', '358', '890']
['696', '15', '700', '570', '610', '872', '587', '518', '730', '648', '268', '920', '80', '650', '836', '176', '524', '2', '247', '528', '162', '539', '654', '874', '78', '636', '683', '676', '100', '343', '428', '736', '877', '116', '242', '214', '447', '553', '291', '685', '503', '117', '112', '642', '637', '248', '803', '58', '49', '288', '806', '801', '335', '795', '496', '233', '87', '400', '765', '309', '927']
['670', '678', '119', '42', '812', '294', '710', '721', '275', '928', '201', '561', '805', '822', '846', '4', '858', '305', '349', '115', '540', '111', '600', '401', '772', '36', '507', '605', '519', '823', '924', '464', '941', '462', '332', '563', '306', '933', '718', '486', '476', '420', '747', '952', '925', '943', '304', '426', '720', '366', '22', '782', '375', '665', '853', '405', '28', '829', '286', '221', '863']
['840', '778', '770', '152', '667', '658', '272', '487', '627', '922', '69', '376', '417', '857', '562', '674', '527', '91', '53', '296', '960', '223', '592', '663', '437', '40', '163', '949', '33', '372', '394', '205', '834', '444', '240', '48', '206', '760', '385', '781', '380', '590', '339', '322', '402', '657', '584', '373', '186', '753', '709', '638', '360', '644', '89', '856', '656', '123', '903', '944']
['701', '558', '641', '125', '251', '109', '885', '88', '356', '647', '369', '882', '630', '902', '585', '325', '8', '804', '841', '415', '802', '525', '529', '754', '623', '617', '635', '181', '514', '661', '463', '808', '331', '768', '253', '442', '908', '368', '136', '457', '792', '320', '959', '542', '55', '139', '734', '601', '439', '900', '352', '868', '618', '318', '838', '0', '374', '682', '68', '722', '557']
['800', '104', '446', '159', '712', '449', '599', '664', '330', '51', '229', '245', '830', '319', '622', '235', '705', '535', '172', '127', '14', '798', '936', '547', '146', '226', '460', '180', '246', '513', '616', '911', '634', '762', '252', '179', '813', '494', '860', '556', '681', '13', '865', '878', '215', '10', '889', '516', '230', '826', '353', '628', '817', '807', '690', '413', '688', '23', '467']
['70', '228', '190', '204', '278', '338', '107', '72', '50', '845', '16', '138', '653', '342', '83', '47', '655', '751', '740', '520', '175', '257', '52', '788', '923', '121', '715', '497', '9', '774', '717', '668', '203', '583', '509', '399', '504', '222', '784', '243', '404', '63', '608', '435', '735', '75', '945', '225', '828', '90', '1', '448', '714', '93', '485', '407', '217', '512', '392']
['62', '54', '904', '194', '632', '310', '453', '611', '350', '478', '549', '761', '259', '614', '555', '489', '410', '351', '256', '108', '292', '155', '495', '114', '591', '615', '313', '871', '241', '280', '210', '652', '738', '303', '880', '73', '607', '106', '11', '743', '499', '39', '567', '508', '327', '594', '361', '403', '57', '484', '649', '424', '20', '752', '24', '470', '45', '267', '629', '364']
['379', '574', '362', '849', '576', '334', '910', '196', '156', '844', '274', '302', '875', '847', '571', '271', '337', '465', '926', '694', '766', '378', '881', '532', '178', '30', '120', '445', '150', '566', '218', '238', '545', '666', '953', '171', '672', '907', '946', '589', '704', '737', '811', '103', '284', '17', '832', '212', '367', '619', '105', '951', '438', '187', '818', '192', '348', '937', '883', '134']
['6', '579', '957', '38', '193', '565', '35', '354', '315', '727', '851', '914', '756', '898', '575', '365', '388', '97', '742', '876', '548', '3', '314', '133', '237', '534', '538', '102', '543', '783', '750', '646', '391', '269', '408', '879', '488', '703', '200', '912', '793', '65', '43', '843', '702', '886', '810', '169', '580', '386', '671', '819', '183', '264', '281', '198', '779', '708', '919', '815']
