['560']
['61']
['961']
['572']
['783']
['408']
['341']
['970']
['755']
['896']
['368']
['371']
['523']
['301']
['485']
['427']
['719']
['59']
['772']
['769']
['290']
['442']
['204']
['906']
['114']
['331']
['784']
['233']
['107']
['595']
['196']
['716']
['849']
['829', '843', '349', '180', '861', '934', '370', '493', '165', '803']
['26', '984', '34', '921', '940', '804', '874', '515', '904', '851', '757', '268', '834', '756', '917']
['644', '264', '658', '248', '955', '751', '138', '743', '9', '685', '184', '236', '477', '805']
['376', '619', '308', '351', '323', '786', '683', '754', '307', '350', '328', '71', '277', '27', '278']
['3', '415', '566', '261', '207', '937', '577', '181', '588', '152', '417', '655', '260', '816']
['836', '505', '274', '668', '54', '93', '536', '390', '135', '939', '252', '638', '826', '145', '603']
['12', '315', '14', '38', '101', '430', '609', '115', '284', '498', '630', '576', '120', '712', '439']
['974', '250', '823', '956', '758', '157', '654', '586', '305', '192', '399', '634', '864', '51', '206']
['690', '561', '794', '39', '886', '389', '339', '958', '203', '325', '840', '665', '369', '651', '313']
['777', '928', '717', '724', '945', '79', '526', '908', '677', '58', '60', '141', '437']
['171', '7', '688', '311', '548', '263', '324', '481', '31', '844', '948', '556', '193', '320']
['363', '780', '882', '693', '738', '789', '386', '10', '575', '373', '550', '774', '318', '867', '447']
['200', '796', '737', '781', '327', '797', '429', '143', '558', '636', '975', '709', '779', '930']
['760', '393', '549', '925', '531', '96', '865', '952', '585', '703', '332', '909', '532', '953', '98']
['782', '218', '672', '571', '67', '887', '742', '765', '149', '997', '596', '188', '748', '245']
['383', '223', '36', '622', '422', '249', '637', '517', '163', '451', '81', '547', '191', '759']
['591', '19', '835', '178', '581', '734', '705', '741', '767', '960', '468', '87', '983', '964']
['883', '811', '899', '456', '854', '520', '610', '995', '459', '711', '773', '134', '337', '443']
['633', '841', '993', '728', '869', '291', '832', '466', '926', '785', '317', '189', '50', '966']
['132', '652', '944', '476', '391', '990', '90', '731', '736', '973', '224', '62', '860', '401']
['259', '979', '395', '943', '330', '885', '156', '771', '455', '729', '33', '470', '435', '366']
['375', '221', '942', '828', '890', '254', '533', '360', '732', '727', '790', '255', '32', '552', '938']
['91', '147', '977', '89', '666', '521', '298', '670', '706', '173', '539', '580', '764', '175']
['568', '746', '457', '963', '407', '213', '227', '210', '594', '681', '355', '436', '679', '63', '329']
['918', '605', '85', '151', '297', '49', '243', '166', '624', '878', '628', '744', '791', '503', '612']
['345', '491', '996', '730', '450', '160', '722', '431', '645', '68', '276', '648', '810', '502']
['793', '352', '384', '680', '392', '336', '358', '913', '153', '579', '815', '15', '388', '565', '881']
['697', '838', '300', '299', '159', '169', '340', '901', '52', '850', '86', '929', '127', '599']
['553', '65', '915', '217', '527', '776', '578', '18', '543', '247', '6', '733', '253', '562']
['40', '570', '923', '129', '932', '710', '916', '589', '859', '512', '924', '528', '600', '813', '676']
['598', '669', '809', '689', '656', '842', '289', '900', '136', '957', '292', '471', '546', '426', '412']
['508', '540', '492', '176', '488', '460', '155', '361', '22', '226', '608', '905', '747']
['986', '920', '84', '799', '989', '357', '661', '484', '616', '474', '641', '555', '319', '73', '839']
['378', '13', '768', '228', '892', '530', '821', '632', '225', '35', '161', '244', '976', '118', '479']
['919', '640', '726', '914', '702', '991', '414', '69', '208', '80', '17', '699', '16']
['778', '673', '377', '574', '525', '845', '501', '402', '583', '379', '201', '877', '235', '42']
['606', '825', '801', '356', '972', '723', '448', '126', '739', '441', '753', '537', '563', '295', '99']
['179', '954', '411', '462', '270', '286', '400', '627', '148', '701', '607', '933', '912', '686']
['700', '273', '28', '333', '500', '432', '362', '279', '186', '573', '650', '623', '708', '162', '56']
['707', '72', '338', '519', '240', '66', '494', '449', '582', '613', '57', '280', '965', '302']
['237', '487', '140', '584', '544', '11', '752', '618', '657', '158', '283', '495', '199', '82', '365']
['275', '592', '846', '831', '664', '959', '78', '873', '326', '446', '271', '735', '434', '467']
['139', '304', '167', '894', '824', '385', '1', '611', '872', '21', '353', '423', '25', '857', '696']
['538', '902', '674', '951', '428', '567', '105', '808', '745', '164', '631', '4', '374', '177', '587']
['761', '659', '507', '187', '444', '316', '440', '478', '806', '663', '620', '936', '94', '344', '818']
['907', '112', '190', '775', '653', '367', '74', '510', '962', '406', '387', '242', '403', '647', '53']
['714', '413', '691', '113', '104', '335', '130', '347', '643', '720', '282', '601', '678', '698']
['848', '982', '251', '453', '116', '214', '37', '334', '853', '267', '978', '398', '212', '830', '604']
['55', '343', '47', '987', '554', '106', '195', '671', '168', '490', '150', '642', '827', '465', '281']
['425', '625', '174', '144', '847', '694', '798', '820', '922', '410', '496', '621', '257', '687', '483']
['117', '234', '675', '814', '182', '219', '314', '819', '44', '807', '866', '194', '649', '862']
['110', '232', '111', '740', '967', '103', '750', '911', '529', '409', '202', '535', '241', '617', '396']
['472', '802', '354', '910', '92', '514', '380', '458', '509', '795', '45', '170', '346', '133', '766']
['994', '692', '128', '522', '172', '704', '463', '0', '941', '256', '419', '822', '718', '88', '77']
['988', '947', '215', '489', '999', '310', '2', '20', '41', '968', '137', '109', '83', '75']
['461', '183', '639', '998', '499', '405', '888', '660', '513', '721', '154', '646', '504', '569', '971']
['222', '8', '564', '124', '475', '309', '185', '480', '211', '497', '863', '518', '5', '197', '615']
['876', '511', '43', '381', '833', '855', '322', '123', '239', '420', '895', '382', '238', '424', '931']
['198', '868', '897', '891', '903', '792', '858', '23', '506', '980', '551', '614', '230', '763', '24']
['800', '372', '788', '125', '870', '981', '812', '715', '770', '76', '121', '482', '258']
['29', '285', '296', '30', '590', '216', '684', '682', '269', '303', '856', '889', '852', '486']
['542', '817', '695', '288', '294', '559', '205', '762', '787', '452', '100', '541', '312', '397', '597']
['635', '898', '342', '949', '879', '837', '122', '404', '364', '749', '394', '725', '48', '46', '418']
['557', '359', '950', '927', '97', '421', '884', '445', '626', '985', '229', '946', '713', '545', '473']
['293', '95', '119', '306', '246', '146', '348', '209', '416', '266', '231', '516', '272', '321', '102']
['262', '131', '629', '524', '433', '70', '992', '464', '108', '893', '880', '454', '662', '602']
['534', '935', '593', '875', '438', '871', '469', '969', '142', '64', '667', '287', '220', '265']
