['34']
['893']
['724']
['823']
['826']
['770']
['830']
['332']
['664']
['622']
['408']
['189']
['836']
['367']
['134']
['956', '12', '927', '751', '295', '620', '233', '792', '849', '737', '858', '209', '573', '961', '203', '452', '19', '264', '671', '527', '227', '569', '259', '589', '49', '538', '269', '316', '257', '284', '788', '640', '55', '483', '665', '841', '934', '587', '135', '472']
['532', '13', '226', '444', '68', '120', '947', '488', '170', '278', '835', '481', '666', '37', '843', '158', '651', '852', '955', '382', '86', '112', '897', '103', '727', '783', '658', '925', '16', '24', '497', '263', '298', '376', '322', '851', '760', '157', '76', '594', '613', '948', '563', '633', '207', '557', '40', '526', '119', '364', '308', '150', '966', '202', '647', '874', '475', '593', '431', '204', '744', '101', '551']
['201', '420', '288', '638', '872', '417', '959', '315', '286', '971', '59', '810', '32', '115', '932', '370', '743', '296', '15', '438', '280', '89', '345', '686', '424', '506', '552', '321', '540', '494', '576', '470', '409', '682', '190', '11', '769', '756', '411', '499', '58', '598', '294', '374', '349', '490', '403', '654', '968', '767', '304', '901', '246', '782', '25', '831', '229', '868', '707', '981', '940', '67', '88']
['582', '561', '716', '303', '525', '899', '493', '839', '199', '521', '337', '318', '725', '779', '399', '251', '369', '171', '9', '539', '344', '973', '572', '568', '870', '260', '967', '479', '404', '508', '474', '323', '200', '105', '462', '811', '800', '554', '887', '282', '386', '510', '442', '454', '422', '371', '162', '522', '0', '407', '149', '378', '168', '1', '814', '464', '46', '193', '20', '535', '311', '48', '944', '333']
['600', '681', '136', '935', '898', '984', '747', '228', '509', '435', '942', '915', '965', '750', '461', '440', '986', '360', '857', '362', '742', '400', '972', '616', '801', '979', '17', '774', '50', '903', '394', '987', '185', '458', '928', '183', '685', '706', '108', '118', '765', '224', '243', '346', '266', '276', '595', '496', '184', '786', '574', '548', '761', '650', '388', '65', '913', '340', '668', '884', '541', '533', '883', '419']
['358', '359', '498', '30', '711', '888', '969', '758', '815', '79', '504', '602', '252', '661', '81', '467', '492', '957', '618', '84', '489', '614', '624', '253', '689', '546', '603', '733', '808', '795', '581', '196', '722', '268', '221', '232', '450', '524', '377', '794', '439', '688', '719', '74', '2', '753', '803', '381', '709', '859', '900', '355', '62', '809', '517', '642', '163', '455', '287', '777', '580']
['515', '712', '904', '590', '138', '98', '819', '181', '214', '771', '943', '85', '505', '451', '300', '426', '989', '502', '816', '205', '476', '645', '995', '128', '909', '529', '54', '159', '946', '372', '176', '886', '230', '757', '879', '217', '578', '717', '7', '916', '206', '669', '741', '531', '970', '126', '178', '862', '129', '312', '818', '636', '110', '164', '920', '906', '155', '929', '992', '570', '910', '579', '327']
['601', '94', '564', '555', '553', '789', '480', '335', '869', '982', '220', '437', '469', '10', '715', '797', '997', '133', '179', '456', '949', '485', '368', '876', '245', '80', '194', '677', '27', '607', '29', '279', '39', '720', '242', '855', '363', '144', '864', '342', '781', '132', '976', '116', '941', '785', '763', '123', '754', '625', '285', '166', '306', '188', '477', '802', '923', '612', '21', '66', '299', '261', '575']
['90', '121', '880', '152', '507', '980', '215', '732', '338', '140', '678', '395', '930', '72', '867', '629', '109', '662', '672', '644', '33', '384', '565', '317', '850', '186', '247', '627', '762', '908', '102', '536', '249', '641', '516', '293', '736', '735', '82', '674', '391', '410', '676', '292', '446', '937', '534', '240', '621', '512', '793', '415', '64', '373', '960', '708', '683', '974', '875', '297', '953', '675', '491']
['313', '331', '87', '592', '459', '326', '301', '71', '832', '558', '812', '768', '389', '911', '560', '853', '690', '877', '130', '697', '634', '500', '766', '748', '91', '319', '169', '952', '693', '817', '586', '977', '518', '684', '223', '599', '501', '281', '749', '583', '83', '70', '734', '591', '804', '473', '701', '274', '978', '885', '4', '556', '951', '545', '414', '96', '425', '291', '436', '806', '619', '543', '258']
['776', '142', '413', '828', '902', '652', '357', '550', '218', '838', '460', '487', '746', '562', '759', '865', '740', '222', '854', '649', '958', '366', '611', '93', '988', '523', '113', '56', '731', '726', '933', '605', '146', '837', '314', '145', '844', '398', '466', '325', '680', '273', '351', '718', '821', '167', '434', '18', '730', '383', '385', '127', '36', '752', '197', '698', '646', '655', '255', '430', '813', '939', '387']
['713', '643', '700', '336', '356', '924', '584', '92', '919', '699', '195', '468', '77', '354', '390', '856', '702', '428', '443', '791', '447', '212', '421', '895', '544', '100', '187', '208', '283', '921', '796', '537', '630', '873', '926', '244', '153', '432', '648', '151', '122', '236', '302', '993', '106', '350', '433', '392', '380', '161', '235', '271', '845', '596', '191', '41', '334', '31', '418', '891', '73']
['441', '694', '687', '798', '393', '585', '822', '290', '307', '896', '871', '104', '547', '778', '637', '35', '964', '471', '829', '738', '834', '861', '254', '860', '143', '270', '912', '945', '990', '975', '239', '825', '922', '696', '511', '219', '457', '729', '353', '114', '936', '775', '429', '807', '397', '216', '878', '320', '423', '365', '894', '610', '962', '787', '42', '670', '445', '755', '341', '237', '542', '277', '99', '14']
['890', '22', '866', '635', '784', '530', '632', '339', '528', '3', '213', '639', '905', '882', '45', '328', '780', '772', '999', '833', '60', '305', '69', '267', '703', '156', '597', '6', '673', '361', '663', '773', '396', '577', '918', '659', '416', '559', '764', '514', '211', '846', '234', '482', '691', '97', '820', '848', '160', '805', '347', '412', '23', '309', '26', '609', '628', '180', '329', '983', '53', '47', '111', '566']
['256', '352', '606', '463', '95', '567', '513', '484', '262', '615', '38', '177', '343', '954', '985', '465', '847', '131', '604', '148', '679', '617', '310', '626', '723', '705', '695', '238', '5', '289', '739', '198', '324', '998', '250', '78', '139', '125', '44', '248', '503', '172', '107', '175', '141', '721', '124', '623', '210', '75', '653', '8', '660', '714', '631', '519', '520', '790', '330', '379', '571', '265']
['728', '61', '889', '225', '117', '182', '745', '656', '667', '427', '608', '43', '963', '401', '272', '402', '275', '51', '907', '827', '863', '657', '165', '486', '52', '710', '692', '799', '154', '704', '938', '174', '994', '449', '241', '192', '406', '917', '137', '405', '931', '996', '173', '991', '375', '549', '892', '914', '448', '231', '348', '950', '453', '63', '147', '881', '840', '824', '842', '495', '588', '57', '28', '478']
