['552']
['275']
['455']
['408']
['2']
['539']
['851']
['696']
['30']
['6', '655', '144', '134', '110', '978', '787']
['779', '876', '97', '445', '644', '642', '184', '129', '875', '768', '914', '312', '105', '989', '727', '469', '330', '44', '719', '264', '494', '268', '96', '558', '698', '816', '106', '9', '817']
['227', '608', '522', '394', '953', '592', '702', '205', '634', '933', '712', '837', '402', '250', '303', '886', '95', '521', '212', '713', '548', '833', '256', '678', '934', '512', '403', '322', '62']
['274', '499', '204', '614', '37', '313', '191', '519', '563', '908', '412', '783', '663', '233', '206', '795', '545', '368', '991', '542', '674', '677', '510', '457', '611', '883', '163', '690', '894']
['43', '491', '84', '216', '739', '223', '55', '858', '757', '945', '78', '501', '379', '843', '323', '823', '146', '359', '633', '143', '213', '12', '820', '188', '649', '538', '640', '414', '555']
['553', '320', '587', '341', '420', '226', '715', '358', '26', '504', '849', '160', '971', '524', '385', '949', '511', '427', '789', '568', '798', '15', '384', '425', '139', '232', '108', '267', '853']
['16', '985', '905', '928', '919', '815', '124', '936', '289', '828', '121', '423', '392', '140', '827', '597', '257', '179', '986', '464', '133', '128', '909', '860', '705', '132', '158', '722']
['785', '940', '252', '966', '237', '887', '195', '308', '288', '916', '161', '374', '980', '438', '477', '152', '911', '616', '673', '50', '834', '583', '440', '903', '356', '780', '36', '666', '380']
['279', '71', '711', '254', '880', '784', '166', '444', '460', '82', '679', '244', '559', '442', '486', '375', '627', '747', '686', '879', '14', '433', '292', '372', '239', '652', '761', '502', '304']
['150', '549', '658', '571', '240', '404', '900', '443', '496', '185', '854', '387', '721', '962', '865', '546', '75', '220', '809', '474', '315', '410', '505', '462', '193', '465', '742', '57', '67']
['939', '766', '963', '352', '59', '758', '333', '599', '422', '424', '612', '389', '164', '990', '856', '576', '273', '446', '831', '201', '20', '667', '707', '628', '567', '27', '76', '762', '63']
['381', '885', '31', '388', '852', '180', '693', '841', '604', '671', '271', '172', '269', '701', '295', '41', '700', '68', '917', '961', '260', '937', '107', '4', '537', '987', '506', '580', '74']
['912', '230', '171', '566', '361', '246', '61', '148', '557', '475', '507', '716', '813', '393', '890', '38', '187', '595', '778', '893', '311', '136', '992', '857', '710', '774', '339', '17', '345']
['285', '198', '547', '918', '432', '298', '624', '266', '299', '901', '54', '100', '24', '641', '729', '265', '685', '565', '376', '958', '952', '47', '307', '247', '577', '904', '276', '593', '186']
['199', '948', '253', '123', '569', '234', '517', '590', '975', '661', '735', '625', '155', '850', '763', '286', '294', '629', '291', '596', '165', '221', '637', '829', '736', '868', '157', '287', '681']
['544', '805', '812', '621', '821', '650', '751', '463', '196', '755', '965', '503', '363', '73', '176', '551', '925', '1', '332', '951', '623', '600', '984', '740', '670', '481', '48', '752', '448']
['556', '335', '540', '122', '135', '400', '791', '325', '495', '938', '421', '907', '631', '617', '659', '259', '357', '407', '703', '792', '91', '859', '419', '416', '154', '281', '493', '331', '120']
['725', '53', '467', '417', '377', '782', '87', '86', '190', '639', '447', '470', '847', '328', '112', '178', '970', '383', '327', '920', '137', '976', '643', '528', '697', '988', '810', '45', '594']
['800', '588', '284', '862', '21', '351', '589', '981', '609', '855', '508', '80', '390', '77', '913', '731', '746', '13', '321', '878', '797', '531', '69', '219', '3', '373', '771', '839', '726']
['869', '796', '877', '64', '60', '487', '738', '159', '453', '776', '560', '367', '882', '5', '873', '799', '32', '101', '142', '125', '924', '19', '117', '534', '578', '759', '562', '665']
['720', '579', '723', '959', '336', '130', '688', '473', '526', '964', '263', '956', '694', '8', '606', '632', '79', '405', '772', '947', '224', '456', '411', '889', '923', '42', '714', '98', '591']
['836', '355', '208', '488', '529', '118', '581', '484', '395', '675', '844', '973', '765', '10', '482', '807', '300', '214', '638', '626', '515', '109', '602', '804', '500', '115', '582', '668', '750']
['822', '23', '34', '127', '695', '56', '217', '709', '941', '737', '687', '353', '81', '181', '182', '354', '126', '704', '615', '691', '347', '786', '151', '532', '536', '297', '346', '33']
['39', '397', '967', '819', '646', '743', '242', '803', '370', '149', '861', '793', '434', '458', '147', '459', '781', '818', '509', '102', '200', '749', '603', '92', '362', '863', '483', '49', '431']
['192', '808', '657', '497', '790', '730', '141', '94', '682', '662', '249', '842', '490', '635', '145', '310', '520', '296', '870', '630', '574', '235', '472', '168', '846', '773', '245', '0']
['838', '360', '270', '514', '225', '689', '683', '573', '802', '954', '349', '864', '452', '222', '777', '153', '415', '480', '207', '554', '699', '175', '167', '618', '255', '103', '741', '391', '85']
['174', '881', '902', '664', '211', '22', '83', '348', '744', '977', '99', '114', '732', '896', '955', '156', '935', '93', '708', '104', '338', '806', '489', '334', '541', '290', '619', '316', '899']
['461', '943', '369', '564', '932', '329', '575', '969', '527', '90', '343', '921', '326', '7', '449', '399', '891', '764', '910', '622', '138', '435', '319', '366', '927', '523', '426', '238', '760']
['162', '884', '378', '364', '814', '979', '302', '88', '647', '516', '277', '892', '258', '365', '183', '471', '930', '492', '386', '525', '801', '915', '518', '513', '680', '398', '209', '745', '476']
['173', '306', '418', '202', '340', '131', '867', '733', '613', '931', '89', '983', '215', '439', '301', '648', '651', '35', '830', '692', '189', '717', '28', '756', '454', '413', '305', '371', '550']
['70', '248', '533', '218', '788', '350', '960', '29', '895', '194', '344', '748', '485', '72', '382', '113', '832', '950', '636', '929', '11', '676', '794', '653', '282', '18']
['607', '283', '888', '906', '734', '605', '572', '428', '436', '429', '872', '570', '656', '770', '317', '598', '835', '601', '466', '342', '40', '871', '944', '811', '210', '660', '620', '972', '119']
['866', '586', '922', '65', '684', '753', '530', '672', '177', '406', '645', '293', '706', '754', '318', '236', '942', '669', '272', '968', '46', '197', '437', '479', '396', '116', '543', '66', '241']
['584', '170', '824', '825', '848', '450', '535', '874', '561', '845', '498', '430', '898', '724', '401', '229', '974', '280', '946', '769', '228', '51', '585', '203', '826', '441', '25', '324', '337']
['314', '654', '58', '982', '718', '926', '478', '409', '52', '261', '251', '775', '169', '897', '468', '243', '610', '231', '111', '262', '957', '278', '840', '451', '767', '309', '728']
