['507']
['758']
['889']
['461']
['77']
['785']
['122']
['935']
['596']
['567']
['236']
['748']
['316']
['246']
['968']
['877']
['49']
['444']
['218']
['847']
['100']
['97']
['562']
['265']
['298']
['231']
['315']
['385']
['24']
['820']
['717']
['864']
['695']
['694']
['948']
['368']
['190']
['862']
['726']
['582']
['798']
['531']
['463']
['215']
['59']
['224', '794', '306', '897', '514', '934', '764', '634', '518', '685', '908', '267', '216', '260', '914', '745']
['843', '21', '520', '164', '767', '538', '898', '978', '557', '26', '17']
['720', '828', '987', '74', '660', '92', '428', '358', '925', '64', '822', '449', '289']
['903', '860', '393', '336', '491', '711', '226']
['136', '109', '551', '790', '994', '913', '909', '475']
