['448']
['931']
['116']
['958']
['852']
['179']
['649']
['909']
['445']
['292']
['27']
['42']
['81']
['517']
['522']
['213']
['857']
['339']
['957']
['766']
['411']
['826']
['523']
['969']
['432']
['62']
['96']
['656']
['219']
['125']
['612']
['174']
['603']
['137']
['119']
['149']
['245']
['377']
['621']
['765']
['154']
['944']
['268']
['265']
['510']
['138']
['642']
['653']
['614']
['783']
['636']
['978']
['521']
['269']
['345']
['582']
['809']
['152']
['10']
['479']
['850']
['355']
['881']
['572']
['465']
['596']
['37']
['151']
['668']
['786']
['117']
['868']
['40']
['222']
['767']
['426']
['864']
['641']
['144']
['372']
['543']
['917']
['979']
['142']
['28']
['229']
['970']
['106']
['977']
['419']
['940']
['984']
['159']
['554']
['59']
['530']
['924']
['682']
['908']
['915']
['772']
['322']
['506']
['158']
['84']
['791']
['528']
['674']
['352']
['435']
['367']
['88']
['579']
['758']
['318']
['537']
['12']
['698']
['966']
['70']
['932']
['644']
['934']
['956']
['546']
['425']
['206']
['0']
['456']
['919']
['947']
['122']
['988']
['814']
['616']
['660']
['128']
['300']
['816']
['859']
['176']
['518']
['363']
['844']
['784']
['592']
['841']
['102']
['410']
['747']
['113', '664', '840', '266', '899', '498', '388', '143', '771', '914', '52', '378', '920', '942', '473', '203', '595', '296', '821', '230']
['424', '879', '690', '241', '48', '793', '246', '834', '299', '589', '955', '490', '891', '160', '240', '778', '423', '349', '202']
['900', '611', '55', '310', '361', '147', '187', '68', '467', '796', '107', '71', '248', '949', '921', '397', '670', '878', '329', '408']
['270', '580', '451', '459', '918', '853', '384', '109', '228', '907', '976', '781', '60', '755', '967', '846', '893', '24', '466', '600']
['735', '575', '114', '496', '460', '231', '581', '441', '369', '627', '73', '953', '325', '139', '512']
['470', '9', '77', '278', '180', '725', '390', '617', '99', '865', '731', '780', '50', '828', '394', '404', '884', '223', '336', '974']
['680', '126', '273', '252', '965', '262', '936', '730', '824', '11', '429', '930', '431', '272', '815', '951', '32', '994', '602', '671']
['331', '200', '544', '504', '282', '212', '618', '800', '502', '897', '51', '232', '992', '422', '72', '672', '892', '39', '438', '847']
['307', '620', '199', '858', '194', '991', '806', '249', '685', '562', '804', '458', '927', '293', '714', '44', '482', '715', '148', '993']
['526', '901', '584', '66', '807', '964', '53', '14', '609', '280', '210', '895', '439', '344', '457', '121', '80', '332', '536']
['651', '513', '277', '995', '182', '289', '785', '302', '678', '860', '597', '700', '161', '501']
['606', '712', '330', '688', '760', '177', '169', '904', '661', '744', '754', '787', '150', '673', '527', '726', '464', '702', '129', '58']
['645', '615', '93', '954', '563', '215', '532', '2', '837', '990', '822', '759', '389', '935', '519', '276', '392', '64', '655', '794']
['550', '968', '283', '605', '716', '170', '186', '820', '255', '691', '220', '450', '939', '444', '406', '811', '131', '727', '872', '303']
['443', '573', '779', '812', '447', '105', '36', '29', '873', '183', '136', '261', '633', '326', '452', '440', '395', '981', '637', '258']
['475', '309', '227', '211', '748', '319', '79', '706', '288', '486', '111', '351', '49', '338', '648', '534', '46', '825', '511', '659']
['789', '484', '274', '474', '722', '632', '386', '350', '306', '838', '768', '945', '946', '19', '745']
['5', '430', '805', '590', '810', '928', '489', '912', '453', '539', '531', '251', '598', '885', '707', '751', '963', '428', '971', '217']
['708', '41', '665', '831', '342', '348', '569', '819', '675', '681', '133', '224', '321', '980', '625', '485', '626', '875', '112', '777']
['776', '387', '654', '337', '696', '120', '291', '925', '156', '763', '848', '740', '996', '795', '359', '540', '643', '973', '20', '86']
['7', '260', '898', '610', '555', '770', '67', '571', '619', '640', '488', '710', '308', '34', '153', '548', '420', '962', '856', '818']
['629', '382', '483', '585', '499', '739', '18', '720', '6', '827', '817', '95', '630', '989', '124', '297', '134', '843', '699', '613']
['305', '140', '312', '508', '797', '145', '583', '552', '742', '938', '922', '926', '290', '599']
['774']
['559', '236', '398', '132', '743', '31', '717', '173', '832', '634', '669', '721', '842', '259', '941', '163', '168', '997', '189', '104']
['76', '396', '271', '13', '433', '525', '577', '732', '234', '493', '327', '171', '871', '701', '250', '188', '244', '764', '750', '923']
['736', '515', '436', '380', '141', '520', '646', '551', '854', '666', '487', '982', '591', '866', '697', '63', '887', '267', '190', '677']
['23', '418', '366', '896', '164', '146', '950', '803', '254', '43', '719', '874', '313', '888', '33', '798', '836', '78', '157', '54']
['130', '30', '360', '833', '371', '89', '417', '294', '90', '383', '607', '100', '902', '226', '45', '689', '402', '414', '867', '275']
['695', '608', '757', '830', '15', '788', '516', '247', '987', '491', '561', '746']
['427', '578', '195', '604', '370', '368', '26', '374', '449', '57', '851', '495', '279', '975', '861', '437']
['196', '239', '323', '565', '497', '298', '704', '631', '235', '500', '533', '738', '478', '421', '558', '709', '937', '961', '761', '455']
['586', '205', '960', '214', '221', '399', '65', '679', '471', '253', '802', '201', '21', '409', '894', '463', '365', '855', '529', '295']
['849', '799', '333', '639', '373', '317', '566', '657', '287', '353', '650', '285', '401', '694', '469', '952', '792', '316', '808', '314']
['693', '17', '257', '362', '863', '379', '123', '713', '403', '87', '587', '135', '594', '635', '762', '658', '574', '56', '886', '3']
['662', '782']
['801', '557', '718', '734', '400', '324', '756', '393', '110', '381', '624', '165', '185', '347', '103', '225']
['8', '998', '281', '948', '286', '829', '218', '118', '320', '845', '481', '376', '737', '98', '724', '22', '1', '343', '357', '535']
['741', '877', '197', '749', '913', '983', '567', '340', '683', '264', '549', '472', '705', '416', '74', '167', '556', '175', '209', '181']
['193', '75']
['172', '986', '538', '524', '623', '752', '35', '883', '335', '684', '85', '652', '862', '192', '480', '405', '155', '184', '692', '999']
['127', '198', '638', '876', '243', '108', '588', '676', '476', '454', '890', '839', '943', '542', '769', '178', '906', '911', '870', '790']
['69', '375', '667', '687', '415', '407', '622']
['4', '728', '311', '115', '83', '82', '256', '813', '101', '929', '434', '733', '341', '576', '47', '216']
['328', '385', '162', '442', '905', '703', '601', '166', '97', '413', '346', '301', '933', '237', '191', '593', '356', '204', '903']
['492', '647', '553', '729', '207', '916', '92', '545']
['233', '711', '514', '835', '284', '507', '354', '823', '775', '509', '723', '91', '882', '568']
['570', '446', '315', '869', '412', '61', '547', '334', '564', '461', '910', '880', '364', '391']
['462', '985', '494', '773', '503', '263', '25', '663', '468', '628', '242', '541', '38', '505', '477']
['959', '753', '889', '358', '560', '972', '238', '94', '16', '304', '208', '686']
