['143']
['363']
['640']
['133']
['62']
['286']
['667']
['725']
['427']
['431']
['172']
['188']
['125']
['673']
['416']
['289']
['883']
['893']
['379']
['530']
['308']
['856']
['749']
['382']
['847']
['368']
['22']
['701']
['474']
['971']
['845']
['798']
['823']
['325']
['177']
['513']
['736']
['216']
['890']
['669']
['979']
['444']
['655', '658', '51', '913', '82', '53', '44', '624', '68', '428']
['15', '579', '844', '572', '494', '989', '696', '944', '184', '610', '688', '545', '37', '905', '233', '351', '89', '878']
['523', '155', '70', '242', '962', '770', '375', '345', '194', '741', '357', '654', '440', '546', '662', '453']
['805', '35', '695', '96', '605', '550', '810', '603', '601', '794', '765', '378', '891', '260', '202', '38', '256', '652']
['525', '404', '451', '597', '850', '137', '659', '527', '108', '296', '901', '437', '682', '851', '981', '515', '611', '538']
['521', '74', '165', '964', '786', '744', '93', '505', '168', '360', '185', '877', '570', '822', '319', '77', '966', '544']
['181', '119', '189', '462', '211', '541', '796', '159', '970', '613', '271', '531', '759', '839', '583', '907', '829', '946']
['733', '885', '804', '433', '304', '731', '366', '179', '397', '678', '860', '372', '539', '279', '328', '923', '827']
['832', '974', '50', '594', '916', '909', '606', '249', '685', '884', '596', '614', '399', '421', '906', '496', '45', '61']
['941', '67', '27', '524', '25', '98', '350', '799', '641', '537', '648', '72', '386', '812', '943', '237', '704', '186']
['968', '992', '887', '775', '266', '449', '830', '318', '543', '626', '591', '800', '507', '225', '592', '772', '371']
['349', '620', '561', '13', '834', '503', '745', '419', '779', '549', '17', '1', '824', '874', '470', '768', '929', '865']
['773', '671', '60', '955', '244', '330', '6', '618', '278', '571', '212', '882', '315', '622', '497', '456', '91', '215']
['430', '576', '532', '504', '873', '435', '556', '868', '154', '322', '985', '417', '415', '201', '193', '774']
['705', '206', '793', '214', '313', '106', '898', '30', '460', '26', '195', '710', '871', '723', '485', '231', '752', '867']
['743', '986', '448', '41', '403', '660', '998', '720', '924', '987', '223', '285', '995', '581', '607', '11', '97']
['352', '892', '104', '814', '238', '852', '983', '643', '841', '424', '139', '210', '931', '314', '896', '771', '491']
['9', '708', '147', '900', '173', '383', '129', '566', '483', '952', '243', '94', '788', '947', '425', '911', '721', '141']
['661', '936', '122', '838', '477', '489', '276', '83', '84', '957', '182', '300', '463', '506', '312', '828', '162', '273']
['365', '183', '343', '502', '763', '261', '209', '918', '439', '729', '275', '792', '42', '49', '554']
['282', '413', '919', '481', '144', '848', '949', '526', '229', '940', '130', '694', '602', '665', '598', '836', '746', '326']
['782', '837', '346', '307', '608', '727', '604', '629', '19', '102', '646', '589', '250', '791', '246', '835', '241', '567']
['115', '728', '982', '309', '187', '267', '142', '534', '756', '305', '306', '240', '217', '251', '337', '124', '639']
['301', '917', '58', '157', '265', '264', '73', '522', '831', '118', '227', '370', '492', '925', '207', '92', '398', '88']
['584', '802', '436', '408', '373', '316', '166', '516', '795', '311', '948', '702', '880', '473', '785', '331', '677', '969']
['636', '623', '369', '690', '101', '135', '391', '668', '574', '291', '3', '928', '395', '536', '472', '336', '146', '945']
['288', '761', '78', '737', '699', '758', '385', '388', '993', '619', '813', '123', '980', '64']
['335', '821', '642', '204', '402', '393', '510', '258', '333', '340', '843', '910', '488', '587', '450', '707', '422', '47']
['975', '988', '582', '520', '438', '222', '321', '39', '150', '959', '59', '922', '514', '295', '904', '175', '196', '348']
['960', '203', '95', '854', '621', '54', '247', '213', '935', '208', '808', '327', '740', '886', '920', '672', '482', '161']
['753', '412', '374', '692', '861', '248', '577', '117', '197', '446', '819', '303', '329', '726', '647', '389', '90']
['994', '377', '396', '762', '353', '380', '649', '298', '467', '965', '738', '777', '625', '967', '277', '476', '633', '114']
['457', '359', '128', '426', '180', '487', '134', '33', '239', '411', '718', '686', '915', '171', '338', '899', '637', '684']
['803', '950', '811', '107', '458', '569', '228', '875', '418', '751', '354', '951', '356', '780', '475', '958']
['443', '163', '63', '683', '706', '879', '153', '703', '36', '573', '562', '381', '409', '48', '76', '339', '69', '600']
['512', '593', '552', '500', '842', '789', '341', '40', '401', '174', '110', '138', '116', '414', '855', '299', '801', '730']
['221', '991', '200', '56', '787', '105', '816', '691', '400', '29', '362', '268', '420', '434', '219', '996', '136', '663']
['849', '650', '121', '43', '934', '700', '681', '711', '469', '334', '464', '52', '638', '16']
['575', '236', '429', '778', '126', '783', '509', '75', '564', '894', '895', '81', '468', '815', '888', '158', '199', '742']
['930', '734', '717', '760', '956', '254', '977', '471', '914', '679', '390', '7', '698', '972', '465', '938', '283', '739']
['689', '466', '651', '776', '840', '226', '644', '280', '590', '10', '103', '631', '750', '722', '486', '498', '274', '615']
['933', '973', '245', '310', '712', '358', '332', '71', '31', '272', '65', '870', '866', '963', '548', '148']
['441', '632', '80', '954', '939', '599', '85', '347', '715', '12', '32', '872', '817', '781', '902', '269', '232', '912']
['656', '635', '86', '555', '755', '131', '140', '568', '432', '387', '903', '290', '34', '270', '324', '634']
['862', '145', '645', '833', '978', '152', '257', '560', '410', '716', '709', '653', '5', '198', '616', '806', '24', '323']
['664', '533', '164', '455', '558', '111', '528', '927', '384', '857', '657', '423', '790', '595', '585', '578', '784']
['675', '376', '846', '818', '826', '807', '235', '628', '997', '454', '612', '367', '220', '687', '112', '21']
['190', '192', '442', '557', '630', '406', '617', '517', '674', '262', '287', '714', '825', '680', '551', '999', '519']
['748', '961', '493', '869', '99', '724', '535', '253', '747', '176', '754', '364', '586', '361', '4', '565', '769', '937']
['953', '317', '713', '757', '302', '921', '407', '666', '66', '461', '259', '858', '670', '897', '263', '55']
['876', '344', '735', '320', '127', '191', '252', '501', '205', '797', '445', '559', '976', '28', '529', '292']
['764', '984', '452', '23', '627', '553', '293', '394', '932', '297', '392', '484', '281', '218', '284', '149', '170']
['355', '79', '57', '459', '2', '255', '224', '766', '113', '542', '676', '230', '156', '479', '490', '478', '109']
['609', '889', '511', '864', '151', '547', '342', '908', '20', '87', '447', '120', '169', '234', '732', '18', '588']
['8', '480', '0', '693', '132', '863', '719', '160', '859', '518', '508', '499', '14', '926', '809', '100', '563']
['820', '990', '881', '540', '697', '405', '580', '294', '178', '495', '853', '767', '46', '167', '942']
