['66']
['793']
['968']
['810']
['156']
['774']
['892']
['879']
['219']
['0']
['746', '117', '450', '323', '527', '440', '632', '895', '153', '976', '282', '598', '358', '41', '614', '525', '262', '421', '571', '334', '166', '994', '645', '52', '370', '48', '966', '945', '260', '748', '307', '996', '551', '419', '873', '163', '245', '174', '925', '59']
['410', '848', '690', '680', '631', '51', '861', '922', '187', '175', '264', '974', '577', '655', '843', '9', '22', '682', '365', '998', '868', '738', '176', '374', '698', '71', '666', '713', '252', '623', '726', '354', '587', '328', '847', '7', '615', '160', '907', '965']
['934', '202', '161', '56', '744', '369', '539', '526', '989', '224', '722', '530', '613', '141', '19', '392', '871', '651', '801', '995', '274', '625', '448', '438', '507', '37', '423', '929', '961', '822', '959', '850', '917', '553', '487', '452', '896', '964', '386']
['619', '515', '546', '505', '999', '863', '578', '768', '179', '4', '830', '367', '99', '904', '548', '116', '473', '233', '382', '836', '351', '15', '718', '762', '905', '302', '581', '198', '461', '518', '780', '414', '827', '716', '694', '572', '932', '731', '372', '952']
['478', '703', '50', '618', '201', '642', '34', '543', '701', '18', '144', '532', '967', '699', '114', '407', '248', '854', '490', '928', '626', '347', '83', '109', '143', '750', '283', '124', '960', '394', '42', '927', '416', '956', '49', '643', '45', '888', '361', '492']
['55', '155', '321', '729', '906', '134', '557', '158', '612', '512', '247', '916', '137', '357', '100', '796', '975', '870', '180', '380', '311', '488', '366', '53', '387', '381', '758', '269', '243', '474', '206', '259', '798', '185', '939', '445', '770', '714', '588', '63']
['465', '390', '222', '412', '781', '865', '646', '991', '537', '139', '823', '570', '131', '958', '484', '420', '295', '637', '362', '531', '96', '691', '818', '312', '81', '406', '65', '343', '901', '33', '75', '172', '504', '389', '834', '455', '241', '677', '755']
['237', '829', '813', '788', '707', '926', '859', '902', '6', '544', '681', '397', '377', '244', '893', '468', '91', '356', '118', '433', '564', '628', '102', '171', '199', '724', '263', '267', '668', '799', '223', '894', '436', '601', '196', '413', '216', '496', '943', '590']
['521', '178', '409', '772', '218', '972', '831', '430', '39', '107', '214', '949', '771', '560', '725', '912', '990', '360', '947', '467', '353', '763', '516', '954', '797', '709', '3', '190', '349', '641', '913', '561', '914', '61', '146', '675', '182', '935', '911', '20']
['982', '164', '192', '309', '898', '706', '162', '215', '289', '971', '480', '292', '876', '528', '574', '580', '899', '481', '665', '375', '229', '122', '154', '183', '316', '950', '782', '938', '197', '92', '337', '47', '903', '603', '64', '111', '429', '600']
['697', '842', '992', '742', '79', '67', '909', '140', '246', '298', '470', '721', '152', '494', '751', '555', '747', '435', '808', '415', '301', '803', '764', '582', '825', '253', '271', '852', '38', '251', '391', '933', '82', '969', '303', '715', '806', '363', '203', '737']
['424', '696', '270', '609', '787', '936', '325', '454', '702', '855', '485', '559', '208', '760', '520', '54', '897', '293', '635', '258', '340', '432', '469', '857', '275', '541', '286', '368', '807', '819', '10', '338', '944', '538', '257', '115', '145', '460']
['210', '918', '276', '984', '5', '542', '735', '513', '279', '93', '529', '332', '483', '86', '24', '181', '851', '385', '705', '676', '304', '446', '46', '453', '364', '23', '437', '130', '466', '76', '291', '650', '31', '475', '955', '607', '511', '249', '773', '815']
['240', '16', '985', '800', '126', '634', '784', '723', '173', '403', '205', '426', '43', '638', '74', '986', '649', '506', '335', '674', '482', '471', '795', '592', '213', '695', '85', '188', '937', '584', '165', '923', '777', '1', '211', '591', '963', '720', '184', '379']
['610', '25', '924', '622', '191', '326', '765', '333', '147', '849', '672', '616', '552', '431', '339', '988', '58', '833', '200', '957', '566', '217', '236', '891', '281', '371', '502', '719', '659', '805', '400', '930', '359', '209', '95', '759', '69', '545', '743', '595']
['766', '605', '458', '80', '981', '439', '256', '472', '35', '204', '549', '802', '462', '125', '268', '498', '987', '654', '255', '942', '684', '568', '195', '683', '910', '88', '11', '811', '234', '500', '89', '979', '266', '875', '670', '860', '886', '272', '734', '874']
['402', '704', '730', '127', '194', '547', '828', '693', '761', '951', '900', '167', '689', '728', '491', '87', '313', '68', '300', '128', '290', '657', '866', '398', '627', '405', '757', '261', '920', '317', '775', '948', '858', '814', '679', '29', '946', '411', '660', '329']
['678', '509', '308', '919', '953', '519', '342', '575', '789', '640', '464', '524', '593', '477', '931', '756', '522', '712', '783', '17', '476', '284', '120', '168', '554', '26', '846', '844', '501', '790', '877', '348', '534', '809', '447', '12', '630', '688', '754', '346']
['767', '44', '921', '434', '508', '686', '40', '456', '32', '662', '596', '108', '123', '862', '567', '983', '305', '443', '57', '856', '235', '350', '310', '838', '322', '673', '733', '106', '633', '884', '853', '749', '708', '832', '186', '327', '973', '299', '503', '306']
['869', '821', '278', '428', '883', '776', '786', '493', '740', '463', '671', '785', '13', '148', '941', '658', '908', '345', '331', '841', '84', '611', '427', '101', '499', '812', '604', '867', '624', '882', '230', '132', '639', '816', '401', '495', '540', '138', '90', '732']
['104', '239', '517', '449', '344', '585', '404', '459', '620', '594', '692', '417', '72', '280', '442', '425', '113', '669', '112', '314', '232', '330', '845', '717', '736', '711', '752', '663', '889', '265', '794', '962', '890', '78', '319', '320', '597', '817', '396', '277']
['297', '977', '824', '536', '273', '661', '373', '565', '753', '880', '228', '105', '608', '648', '2', '457', '550', '745', '778', '170', '231', '212', '408', '617', '586', '376', '177', '583', '479', '383', '399', '710', '885', '558', '119', '14', '225', '227', '489', '159']
['395', '193', '599', '837', '444', '352', '133', '378', '238', '60', '970', '685', '573', '826', '28', '315', '563', '288', '296', '835', '664', '285', '318', '294', '791', '523', '840', '497', '341', '915', '533', '881', '142', '510', '978', '324', '226', '779', '62']
['667', '653', '556', '94', '221', '388', '189', '135', '514', '129', '562', '993', '741', '864', '355', '254', '207', '887', '77', '27', '700', '606', '997', '149', '8', '70', '384', '647', '644', '727', '151', '136', '579', '73', '569', '486', '820']
['687', '30', '878', '36', '157', '652', '110', '336', '250', '220', '792', '656', '535', '418', '169', '804', '839', '422', '393', '739', '98', '441', '97', '21', '150', '629', '103', '242', '872', '451', '121', '602', '621', '769', '980', '940', '287', '576', '589', '636']
