['558']
['177']
['106']
['545']
['228']
['265']
['807']
['812']
['28']
['456']
['383']
['326']
['40']
['509']
['161']
['771']
['342']
['587']
['659']
['60']
['208']
['24']
['210']
['169']
['118']
['601']
['583']
['51']
['90']
['766']
['540']
['212']
['320']
['735']
['219']
['760']
['609']
['312']
['710']
['612']
['632']
['155']
['391']
['791']
['184']
['673']
['41']
['344']
['460']
['631']
['119']
['61']
['608']
['522']
['340']
['154']
['512']
['221']
['617']
['467']
['356']
['729']
['672']
['733']
['291']
['92']
['600']
['694']
['422']
['241']
['381']
['473']
['695']
['615']
['188']
['255']
['780']
['286']
['421']
['678']
['756']
['533']
['602']
['7']
['170']
['310']
['72']
['292']
['204']
['809']
['764']
['311']
['285']
['239']
['591']
['73']
['325']
['403']
['593']
['727']
['684']
['314']
['564']
['29']
['806']
['719']
['627']
['430']
['361']
['479']
['217']
['23']
['440']
['44']
['266']
['191']
['58']
['405']
['390']
['692']
['636']
['441']
['464']
['242']
['202']
['334']
['572']
['224']
['192']
['113']
['817']
['607']
['478']
['624']
['64']
['98']
['128']
['165']
['748']
['357']
['243']
['371']
['304']
['108']
['14']
['218']
['537']
['490']
['66']
['336']
['33']
['681']
['274']
['647']
['620']
['293']
['5']
['77']
['53']
['590']
['378']
['144']
['81']
['754']
['316']
['351']
['95']
['453']
['200']
['385']
['472']
['634']
['773', '606', '76', '784', '103', '114', '364', '32', '305', '146', '532', '149', '424', '359', '389', '703', '354', '520', '52']
['640', '499', '273', '397', '457', '790', '230', '484', '220', '141', '452', '172', '458', '701', '743', '15', '646', '160', '65', '203']
['527', '803', '635', '642', '498', '281', '483', '234', '548', '649', '524', '529', '31', '508', '523', '190', '89', '287', '258', '152']
['653', '365', '209', '253', '348', '386', '260', '468', '641', '574', '496', '227', '811', '404', '501', '554', '294', '194', '363', '9']
['691', '528', '747', '374', '674', '603', '782', '581', '94', '571', '495', '181', '700', '269', '568', '70', '599', '12', '225', '420']
['338', '663', '706', '645', '605', '150', '350', '134', '432', '555', '604', '586', '758', '726', '127', '755', '573', '505']
['290', '369', '709', '139', '746', '717', '774', '682', '623', '808', '723', '474', '370', '69', '156', '622', '447']
['798', '749', '639', '186', '595', '776', '377', '534', '750', '74', '669', '566', '93', '686', '765', '815', '416']
['207', '183', '199', '100', '596', '384', '444', '168', '97', '488', '238', '329', '690', '556', '372', '787', '254']
['737', '6', '666', '393', '813', '214', '716', '423', '151', '670', '629', '333', '412', '251', '638', '778', '25', '797', '500', '521']
['297', '0', '435', '734', '585', '761', '446', '728', '331', '718', '54', '4', '658', '245', '153']
['796', '588', '667', '546', '491', '233', '309', '592', '346', '450', '628', '597', '611', '62', '616', '367', '507', '322', '437', '158']
['804', '539', '180', '307', '215', '368', '410', '324', '677', '449', '247', '288', '327', '271', '87', '445']
['42', '353', '513', '552', '250', '166', '195', '99', '86', '179', '213', '96', '693', '105', '19', '668']
['426', '406', '38', '713', '129', '610', '563', '185', '644', '578', '783', '519', '436', '730', '443', '577', '249', '759', '679', '30']
['789', '35', '785', '360', '388', '236', '419', '102', '626', '321']
['55', '471', '125', '132', '80', '267', '226', '211', '481', '671', '300', '725', '463', '37', '261']
['396', '173', '145', '579', '504', '740', '497', '738', '739', '22', '557', '652', '722', '514', '434', '494', '619', '816', '270', '296']
['643', '223', '531', '745', '517', '182', '687', '503', '438', '109', '477', '277', '418', '448', '525', '162', '752', '20']
['380', '101', '536', '794', '308', '130']
['78', '303', '198', '779', '34', '675', '767', '510', '697', '511', '289', '282', '399', '439', '402', '373', '164', '775', '138', '1']
['46', '79', '315', '71', '518', '39', '613', '13', '770', '800', '407', '43', '264', '299', '618', '339', '352', '117', '565', '27']
['205', '401', '222', '256']
['16', '699', '318', '201', '347', '362', '67', '246', '302', '786', '398', '85', '560', '268', '244', '231', '259', '486', '8', '630']
['159', '470', '757', '235', '417', '306', '801', '455', '650', '395', '276', '466', '442', '157', '10', '712', '3', '358', '698', '167']
['487', '341', '475', '805', '68', '795', '589', '584', '57']
['17', '18', '621', '476', '376', '427', '26', '685', '542', '2', '332', '732', '148', '704', '337', '140', '792', '489']
['48', '47', '279', '147', '660', '543', '83', '662', '110', '298', '648', '454', '107', '559', '240', '724', '124', '175', '772', '614']
['163', '425', '515', '702', '382']
['59', '216', '814', '428', '696', '676', '731', '301', '295', '36', '433', '411', '187', '387', '88', '492']
['414', '651', '502', '75', '742', '530', '115', '317', '21', '637', '482', '349', '561', '50', '793', '131', '705', '280', '680', '461']
['394', '197', '229', '707', '252', '485', '263', '91']
['781', '720', '257', '120', '56', '576', '366', '189', '275', '818', '575', '656', '810', '768', '549', '516', '493']
['462', '343', '379', '625', '196', '664', '237', '45', '541', '126', '526', '721', '375', '392', '355', '753', '82', '551', '777']
['171', '708', '567', '689', '553', '313', '330', '319', '570', '683']
['547', '335', '655', '111', '84', '711', '137', '408', '283', '465', '49', '459', '123', '714', '262', '741', '272', '133', '569', '116']
['506', '769', '802', '136', '345']
['594', '104', '176', '762', '562', '135', '328', '278', '409', '799', '661', '763', '665', '744', '751']
['736', '122', '580', '323', '788', '550', '544', '688', '121', '142', '178', '415']
['538', '598', '654', '480', '11', '143', '400', '112', '63', '582', '469', '429', '174']
['451', '535', '232', '657', '248', '284', '431', '206', '193', '633', '413', '715']
