['441']
['399']
['166']
['302']
['44']
['133']
['249']
['105']
['266']
['497']
['392']
['367']
['235']
['295']
['267']
['38']
['189']
['351']
['260']
['10']
['195']
['394']
['3']
['173']
['338']
['478']
['141']
['461']
['414']
['400']
['340']
['31']
['479']
['468']
['361']
['264']
['380']
['128']
['288']
['207']
['200']
['124']
['184']
['422']
['448']
['425']
['370']
['252']
['12']
['320']
['60']
['262']
['41']
['436']
['381']
['201']
['352']
['456']
['33']
['325']
['35']
['115']
['438']
['404']
['236']
['225']
['206', '65']
['192', '447', '329', '382', '388', '317']
['203', '113', '217', '205', '402', '104']
['286', '356', '310', '335', '358', '357']
['261', '474', '23', '98', '243', '355']
['231', '423', '194', '303', '130', '219']
['202', '268', '293', '442', '59', '157']
['176', '79', '396', '421', '476', '401']
['499', '385', '168', '281', '1', '27']
['96', '84', '116', '56', '475', '460']
['491', '485', '255', '11', '57', '393']
['375', '498', '54', '40', '140', '66']
['251', '121', '237', '494', '69', '339']
['305', '127', '137', '398']
[]
['465']
['92']
['354']
['26']
['242']
['389', '58']
['323', '228', '51', '85', '223', '14']
['120', '233', '291', '343', '409', '188']
['455', '292', '480', '88', '309', '86']
['470', '336', '440', '446', '445', '119']
['193', '87', '473', '224', '30', '383']
['452', '247', '258', '132', '110', '437']
['371']
['6']
['348']
['170', '387']
['159', '432', '344', '482', '97', '312']
['238']
['477']
