['770']
['926']
['537']
['643']
['886']
['184']
['831']
['535']
['126']
['773']
['791']
['164']
['280']
['543']
['202']
['707']
['722']
['628']
['912']
['173']
['755']
['607']
['699']
['288']
['515']
['654']
['845']
['131']
['228']
['828']
['390']
['795']
['128']
['794']
['95']
['398']
['430']
['784']
['17']
['808']
['788']
['340']
['873']
['320']
['22']
['366']
['252']
['702']
['64']
['807']
['610']
['24']
['750']
['61']
['581']
['419']
['458']
['508']
['68']
['872']
['269']
['860']
['361']
['556']
['593']
['842']
['664']
['304']
['823']
['227']
['148']
['282']
['397']
['798']
['757']
['63']
['232']
['652']
['572']
['815']
['672']
['869']
['482']
['738']
['21']
['26']
['706']
['624']
['878']
['569']
['898']
['928']
['562']
['151']
['817']
['504']
['472']
['548']
['484']
['113']
['342']
['513']
['696']
['78']
['88']
['587']
['102']
['922']
['476']
['483']
['295']
['115']
['670']
['568']
['98']
['865']
['294']
['727']
['277']
['209']
['678']
['189']
['255']
['373']
['819']
['487']
['675']
['290']
['291']
['578']
['936']
['574']
['208']
['888']
['785']
['286']
['60']
['955']
['59']
['715']
['805']
['775']
['716']
['360']
['407']
['827']
['914']
['497']
['648']
['469']
['402']
['179']
['224']
['167']
['449']
['444']
['134']
['174']
['866']
['772']
['123']
['405']
['800']
['35']
['518']
['225']
['270']
['663']
['765']
['172']
['357']
['44']
['157']
['621']
['512']
['590']
['816']
['175']
['246']
['432']
['348']
['256']
['124']
['363']
['156']
['442']
['248']
['781']
['57']
['683']
['149']
['933']
['276']
['859']
['826']
['907']
['856']
['673']
['534']
['94']
['233']
['644']
['598']
['691']
['30']
['448']
['2']
['125']
['608']
['217']
['638']
['206']
['47']
['254']
['778']
['73']
['205']
['571']
['733']
['324']
['435']
['613']
['197']
['830']
['927']
['834']
['119']
['553']
['858']
['475']
['853']
['261']
['889']
['468']
['257']
['364', '308', '524', '481', '353', '764', '96', '311', '137', '786', '811', '502', '350', '34', '211', '529', '890', '560', '176', '659', '301', '422', '150', '243', '841', '31', '618', '694', '804', '642', '547', '884', '394', '345', '655', '92', '934', '726', '954', '614', '489', '531', '746', '268', '219', '265', '48', '144', '500', '424', '801', '915', '307', '3', '565', '530', '939', '658', '418', '471', '737', '278', '27', '369', '400', '723', '314', '822', '429', '636', '558', '510', '692', '216', '62', '594', '946', '169', '685', '19', '760', '65', '634', '601', '69', '338', '517', '116', '336', '75', '465', '892', '142', '171', '495', '218', '395', '240', '293', '326', '351', '403', '383', '748', '752', '506', '155', '877', '212', '485', '7', '101', '796', '79', '542', '554', '947', '627', '250', '802', '160', '645', '552', '479', '100', '200', '937', '443', '546', '852', '1', '188', '302', '386', '263', '70', '603', '632', '734', '688', '507', '490', '559', '420', '231', '777', '97', '229', '352', '379', '285', '409', '334', '533', '46', '32']
['213', '747', '71', '145', '339', '99', '595', '575', '555', '177', '639', '82', '210', '421', '941', '93', '840', '163', '359', '25', '441', '596', '330', '538', '362', '185', '303', '599', '545', '408', '198', '182', '241', '274', '40', '426', '470', '317', '378', '876', '412', '457', '377', '316', '313', '743', '847', '77', '39', '935', '281', '653', '12', '626', '309', '625', '870', '501', '550', '220', '756', '948', '680', '196', '83', '273', '29', '56', '190', '714', '940', '871', '260', '930', '438', '244', '882', '411', '104', '695', '951', '809', '651', '874', '857', '779', '272', '488', '711', '325', '433', '11', '631', '850', '647', '413', '526', '439', '701', '114', '191', '718', '660', '837', '496', '945', '519', '5', '797', '584', '55', '262', '183', '37', '536', '929', '745', '146', '427', '633', '8', '454', '289', '129', '193', '45', '911', '570', '895', '799', '451', '74', '763', '354', '600', '863', '436', '474', '698', '180', '891', '41', '774', '744', '367', '49', '445', '885', '855', '897', '924', '646', '428', '221', '415', '589', '318', '923', '404', '693', '602', '499', '51', '423', '810', '434', '332', '682', '573', '661', '374', '635', '649', '851', '406', '20', '416', '38', '159', '769', '331', '838', '122', '950', '835', '612', '527', '414', '242']
['253', '616', '606', '358', '503', '138', '650', '84', '178', '656', '327', '894', '704', '620', '170', '168', '780', '904', '121', '329', '0', '906', '540', '266', '385', '776', '703', '446', '910', '28', '58', '623', '899', '192', '4', '141', '736', '300', '343', '921', '215', '521', '768', '410', '729', '771', '203', '611', '392', '676', '417', '751', '719', '918', '298', '681', '264', '284', '549', '333', '814', '920', '440', '459', '668', '671', '344', '204', '617', '437', '117', '931', '862', '6', '14', '389', '720', '725', '689', '85', '42', '761', '812', '319', '758', '630', '848', '721', '328', '883', '384', '754', '909', '516', '577', '591', '687', '245', '509', '832', '207', '583', '498', '106', '462', '296', '956', '539', '903', '315', '522', '544', '365', '792', '790', '514', '396', '586', '813', '239', '67', '749', '622', '783', '787', '700', '321', '576', '669', '637', '154', '127', '87', '10', '943', '953', '452', '223', '53', '110', '453', '305', '133', '674', '528', '473', '194', '382', '730', '9', '875', '393', '861', '258', '214', '829', '505', '932', '833', '425', '222', '120', '391', '925', '15', '43', '455', '708', '717', '684', '825', '118', '541', '165', '766', '494', '839', '464', '782', '275', '161']
['604', '662', '158', '525', '854', '337', '267', '710', '880', '201', '463', '739', '905', '181', '431', '107', '712', '467', '677', '821', '492', '91', '349', '867', '237', '388', '697', '323', '592', '480', '864', '486', '478', '23', '824', '893', '271', '523', '561', '108', '657', '16', '90', '251', '629', '511', '916', '767', '532', '944', '477', '143', '900', '803', '713', '36', '806', '109', '186', '103', '619', '843', '759', '460', '566', '112', '896', '597', '665', '283', '917', '456', '836', '371', '605', '949', '375', '140', '81', '563', '238', '868', '346', '66', '76', '789', '641', '111', '368', '666', '153', '335', '136', '585', '567', '557', '493', '461', '579', '913', '849', '52', '753', '279', '450', '447', '33', '247', '292', '135', '742', '105', '312', '226', '844', '399', '147', '818', '54', '731', '740', '195', '166', '902', '287', '615', '387', '686', '520', '50', '376', '380', '580', '306', '13', '491', '938', '18', '310', '80', '152', '846', '901', '741', '952', '297', '236', '735', '249', '640', '372', '724', '381', '942', '139', '564', '401', '299', '879', '551', '341', '690', '466', '234', '356', '355', '887', '86', '919', '199', '72', '588', '130', '609', '705', '132', '259', '820', '728', '347', '881', '732', '679', '322', '762', '187', '235', '370', '89', '709', '793', '162', '230', '667', '908', '582']
