['267']
['270']
['689']
['764']
['492']
['193']
['342']
['512']
['651']
['130']
['365']
['39']
['508']
['363']
['522']
['5']
['309']
['382']
['45']
['152']
['697']
['774']
['494']
['153']
['27']
['640']
['449']
['124']
['190']
['842']
['752']
['286']
['827']
['29']
['200']
['103']
['145']
['340']
['139']
['840']
['46']
['354']
['626']
['88']
['283']
['57']
['549']
['678']
['773']
['402']
['715']
['50']
['28']
['15']
['814']
['373']
['836']
['377']
['665']
['624']
['468']
['367']
['778']
['641']
['467']
['639']
['244']
['65']
['396']
['320']
['667']
['552']
['418']
['116']
['221']
['401']
['839']
['566']
['284']
['784']
['596']
['6']
['672']
['656']
['696']
['168']
['240']
['783']
['826']
['809']
['102']
['311']
['513']
['528']
['259']
['681']
['720']
['670']
['644']
['94']
['835']
['357']
['100']
['479']
['213']
['211']
['227']
['314']
['310']
['592']
['829']
['296']
['436']
['516']
['131']
['645']
['410']
['551']
['312']
['141']
['454']
['406']
['796']
['114']
['484']
['250']
['437']
['384']
['636']
['507']
['126']
['584']
['341']
['807']
['785']
['780']
['706']
['586']
['412']
['146']
['762']
['298']
['518']
['136']
['151']
['271']
['301']
['257']
['457']
['414']
['291']
['148']
['228']
['243']
['49']
['692']
['319']
['129']
['19']
['772']
['293']
['828']
['86']
['237']
['281']
['690']
['529']
['160']
['579']
['741']
['675']
['601']
['703']
['105', '305', '157', '212', '171']
['142', '825', '611', '91', '517', '771', '478', '346', '637', '390']
['444', '465', '477', '575', '505', '699', '790', '511', '760', '306']
['793', '593', '225', '389', '82', '208', '594', '24', '691']
['350', '728', '490', '174', '556', '90', '661', '273', '669', '837']
['74', '61', '489', '246', '85', '441', '718', '469', '727', '738']
['680', '258', '480', '576', '694', '253', '652', '4']
['608', '538', '96', '120', '89', '795', '474', '424', '235', '799']
['220', '734', '599', '416', '539', '67', '806', '234', '203', '554']
['591', '48', '439', '265', '248', '143', '801', '729', '238', '578']
['170', '385', '509', '207', '844', '206', '564', '368', '621', '503']
['386', '117', '16', '135', '710', '254', '767', '495', '558', '723']
['366']
['278', '717', '519', '128', '617', '821', '233', '2']
['817', '545', '688', '224', '216', '297', '277', '10', '119', '521']
['299', '781', '553', '460', '352', '70', '497', '79', '812', '261']
['336', '324', '811', '659', '574', '753', '144', '476', '459', '181']
['514', '776', '804', '321', '393', '685', '724', '75', '187', '337']
['758', '646', '610', '403', '344', '405', '841', '55', '422', '757']
['155', '317', '251', '609']
['632', '570', '249', '830', '21', '464', '1']
['95', '23', '471', '725', '125', '559', '466', '543', '660', '217']
['188', '323', '473', '215', '415', '712', '577', '279', '550', '71']
['379', '322', '745', '56', '630', '51', '185', '338', '14', '555']
['149', '156', '101', '266', '52', '831', '627', '615', '649', '304']
['532', '196', '520', '60', '17', '222', '708', '115', '562', '183']
['572', '540', '782', '493', '361', '502', '232', '260', '623', '223']
['209']
['744']
['360', '7', '35', '325', '777', '3', '159', '663', '421', '544']
['761', '462', '650', '766', '499', '607', '407', '303', '588', '779']
['20', '843', '34', '132', '510', '488', '834', '11', '429', '104']
['398', '598', '26', '750', '289', '432', '111', '362', '568', '42']
['81', '72', '255', '705', '625', '496', '127', '671', '631', '252']
['695', '481', '482', '32', '420', '683', '802', '820', '33', '69']
['93', '210', '229', '62']
['567']
['163', '755', '655', '375', '686', '335', '687', '635']
['838', '204', '236', '180', '263', '381', '198', '431', '679', '84']
['787', '413', '307', '275', '794', '805', '164', '533', '202', '730']
['318', '230', '150', '315', '186', '763', '165', '726', '329', '735']
['524', '654', '9', '59', '754', '219', '397', '571', '504', '162']
['326', '394', '262', '668', '677', '30', '169', '349', '527', '740']
['92', '355', '58', '300', '714', '590', '542', '40', '122', '701']
['595', '589', '664', '192', '408', '602', '447', '268', '823', '605']
[]
['68']
['491', '600', '395', '158', '613', '276', '731', '269', '472']
['582', '176', '716', '76', '417', '197', '205', '620', '288', '388']
['819', '172', '560', '372', '798', '256', '500', '619', '642', '242']
['134', '369', '736', '573', '423', '580', '433', '440', '345', '328']
['463', '561', '666', '154', '409', '383', '506', '658', '201', '535']
['387', '770', '832', '274', '583', '743', '531', '280', '769', '108']
['498', '537']
['247']
['218', '822', '36', '110', '808', '629', '483']
['226', '711', '347', '536', '709', '448', '653', '292', '775', '334']
['264', '287', '713', '332', '425', '118', '704', '733', '810', '450']
['54', '546', '647', '530', '53', '327', '358', '634', '195', '633']
['138', '333', '446', '638', '66', '434', '78', '161', '791', '722']
['73', '113', '37', '435', '8', '438', '175', '707', '282', '107']
['525', '788']
['133']
['693', '231', '313', '606']
['563', '376', '371', '430', '612', '614', '475', '64', '22', '581']
['765', '427', '585', '364', '456', '147', '541', '461', '604', '331']
['751', '0', '682', '818', '63', '87', '25', '419', '618', '348']
['759', '453', '702', '426', '167', '742', '189', '112', '455', '194']
['792', '31', '294', '800', '41', '526']
['109']
['400', '557', '356', '98', '47', '137', '458']
['673', '721', '657', '443', '597', '662', '359', '698', '803', '747']
['547', '330', '719', '674', '486', '616', '199', '548', '290', '534']
['191', '83', '374', '748', '38', '308', '241', '245', '739', '239']
['316', '485']
['815', '756', '684', '214', '628', '179', '676']
['737', '746', '404', '816', '391', '370', '833', '648', '732', '523']
['339']
['44', '768', '121', '487', '501', '643', '749', '353', '43', '12']
['789', '302', '786', '452', '18', '140', '813']
['177', '824', '80', '470', '77', '451']
['378', '587', '285', '343', '428', '565', '399', '182']
['797', '603', '184', '351', '295', '445', '411', '99']
['13', '272', '178', '622', '97', '392', '700']
['106', '569', '442', '173', '380', '166', '515', '123']
