['79']
['44']
['403']
['456']
['217']
['778']
['713']
['223']
['655']
['211']
['78']
['18']
['386']
['0']
['706']
['597']
['528']
['145']
['668']
['435']
['71']
['488']
['353']
['602']
['317']
['219']
['448']
['518']
['326']
['348']
['419']
['113']
['161']
['726']
['561']
['310']
['155']
['22']
['308']
['432']
['367']
['604']
['540']
['38']
['531']
['497']
['423']
['146']
['576']
['91']
['467']
['751']
['230']
['441']
['40']
['77']
['306']
['134']
['639']
['226']
['279']
['759']
['239']
['775']
['327']
['103']
['81']
['768']
['6']
['690']
['287']
['688']
['663']
['193']
['382']
['546']
['534']
['373']
['115']
['755']
['198']
['545']
['335']
['492']
['183']
['720']
['569']
['481']
['355']
['11']
['680']
['623']
['288']
['370']
['120']
['715']
['723']
['350']
['679']
['560']
['733']
['377']
['262']
['771']
['88']
['164']
['630']
['153']
['30']
['411']
['439']
['316']
['384']
['298']
['170']
['763']
['140']
['325']
['694']
['533']
['584']
['215']
['391']
['20']
['265']
['267']
['123']
['14']
['52']
['498', '571', '147', '328', '514', '719', '5']
['197', '799', '222', '283', '66', '454', '449']
['260', '797', '221', '249', '642', '427', '4']
['558', '592', '32', '502', '356', '148', '615']
['214', '297', '619', '388', '205', '303', '625']
['174', '483', '128', '9', '281', '49', '259']
['93', '486', '236', '224', '696', '100', '372']
['354', '473', '537', '341', '714', '666', '186']
['587', '785', '124', '309', '138', '400', '487']
['289', '626', '404', '378', '640', '8', '280']
['329', '114', '798', '530', '72', '430', '137']
['550', '479', '364', '671', '450', '567', '65']
['517', '270', '664', '689', '412', '110', '643']
['632', '462', '268', '522', '591', '408', '380']
['529', '394', '255', '418', '607', '631', '574']
['90', '463', '708', '177', '244', '570', '86']
['750', '41', '676', '383', '773', '392', '220']
['154', '503', '225', '764', '272', '133', '37']
['330', '184', '250', '75', '700', '722', '7']
['599', '650', '15', '74', '731', '144', '656']
['544', '315', '760', '343', '130', '475', '536']
['593', '769', '641', '685', '258', '741', '242']
['543', '734', '509', '294', '70', '59', '117']
['678', '457', '493', '238', '89', '469', '34']
['102', '359', '312', '165', '761', '506', '196']
['500', '24', '56', '387', '564', '724', '580']
['452', '499', '29', '87', '55', '790', '321']
['737', '299', '422', '779', '323', '365', '168']
['793', '598', '766', '468', '207', '613', '727']
['62', '515', '13', '521', '610', '436', '111']
['247', '122', '351', '704', '575', '729', '252']
['108', '46', '675', '263', '581', '586', '151']
['273', '505', '192', '585', '652', '73', '319']
['45', '461', '470', '716', '313', '617', '762']
['465', '622', '777', '474', '494', '579', '179']
['396', '349', '525', '261', '647', '687', '320']
['132', '339', '424', '490', '572', '672', '415']
['568', '344', '638', '129', '770', '180', '637']
['628', '92', '472', '374', '368', '332', '17']
['438', '48', '358', '744', '399', '83', '69']
['740', '47', '357', '659', '605', '218', '302']
['616', '366']
[]
[]
['152']
['466']
['794']
['276']
['27']
['246']
['618']
['203']
['35']
['728']
['743']
['507']
['204', '300']
['739', '293', '513', '471', '99', '603', '362']
['718', '757', '636', '754', '477', '116', '670']
['231', '2', '160', '565', '275', '139', '50']
['620', '721', '658', '440', '745', '393', '195']
['143', '235', '277', '782', '105', '442', '712']
['577', '414', '274', '324', '489', '318', '254']
['266', '63', '588', '437', '256', '314', '125']
['691', '644', '458', '331', '776', '447', '187']
['126', '1', '101', '98']
['552']
['33']
['199']
['3']
['80']
