['622']
['697']
['748']
['689']
['638']
['70']
['526']
['202']
['714']
['750']
['767']
['139']
['867', '379', '49', '423', '501', '431', '238', '910', '10', '14', '212', '345', '225', '630', '645', '527', '873', '26', '259', '138', '108', '944', '420', '679', '498', '452', '772', '215']
['820', '833', '288', '79', '609', '482', '956', '386', '967', '709', '678', '585', '728', '433', '647', '901', '668', '461', '88', '849', '364', '347', '400', '964', '618', '692', '990', '263', '780', '22', '367', '799', '293', '590', '659', '641']
['577', '712', '755', '370', '224', '207', '128', '951', '63', '687', '554', '462', '236', '387', '988', '489', '311', '933', '155', '949', '210', '968', '660', '231', '507', '538', '112', '33', '738', '381', '596', '904', '684', '16', '142', '226']
['172', '828', '45', '121', '149', '929', '866', '594', '889', '397', '775', '843', '240', '275', '36', '523', '744', '188', '800', '19', '987', '999', '892', '803', '970', '631', '620', '940', '962', '122', '777', '821', '145', '550', '135', '766']
['670', '960', '17', '407', '326', '761', '283', '11', '871', '842', '682', '366', '511', '471', '472', '781', '297', '389', '24', '642', '991', '823', '752', '887', '763', '798', '536', '196', '5', '71', '295', '583', '984', '62', '266', '277']
['557', '27', '918', '171', '117', '324', '475', '598', '686', '129', '285', '726', '517', '214', '477', '783', '496', '624', '758', '459', '587', '884', '235', '669', '267', '847', '178', '919', '44', '954', '191', '921', '601', '729', '580', '721']
['50', '220', '234', '110', '69', '18', '685', '571', '696', '734', '78', '778', '61', '199', '913', '926', '467', '200', '60', '292', '30', '746', '852', '898', '372', '731', '351', '931', '505', '382', '627', '978', '671', '719', '845']
['639', '666', '254', '628', '653', '346', '25', '328', '352', '593', '584', '192', '354', '890', '258', '58', '298', '676', '996', '997', '87', '664', '335', '534', '500', '632', '123', '182', '198', '483', '261', '567', '392', '565', '808', '42']
['180', '592', '463', '244', '287', '509', '97', '204', '544', '857', '273', '173', '801', '116', '963', '286', '742', '839', '444', '65', '90', '788', '31', '280', '882', '91', '606', '447', '859', '754', '56', '553', '51', '115', '561', '579']
['985', '732', '384', '405', '89', '831', '393', '156', '980', '399', '865', '487', '385', '177', '38', '629', '332', '745', '677', '856', '673', '442', '969', '109', '927', '249', '124', '796', '208', '460', '815', '562', '651', '488', '302', '947']
['576', '530', '412', '206', '656', '268', '533', '953', '67', '179', '680', '607', '222', '437', '80', '239', '816', '189', '118', '672', '395', '453', '248', '950', '574', '1', '662', '353', '201', '81', '957', '903', '21', '96', '187', '616']
['390', '512', '246', '986', '551', '211', '13', '925', '540', '270', '476', '75', '373', '457', '619', '977', '320', '228', '358', '57', '503', '439', '314', '661', '723', '322', '559', '341', '855', '357', '749', '704', '74', '832', '646', '304']
['961', '130', '221', '143', '654', '829', '520', '998', '548', '175', '545', '952', '448', '125', '424', '398', '725', '216', '315', '260', '552', '822', '3', '371', '611', '359', '973', '494', '899', '916', '757', '784', '791', '184', '0', '102']
['614', '325', '894', '227', '716', '870', '531', '707', '790', '37', '307', '12', '568', '53', '435', '955', '237', '432', '106', '546', '317', '360', '485', '773', '269', '257', '456', '455', '995', '711', '691', '380', '771', '804', '743', '369']
['465', '959', '765', '640', '810', '256', '958', '289', '438', '72', '32', '814', '992', '830', '160', '982', '41', '573', '163', '193', '515', '391', '262', '875', '339', '429', '264', '797', '943', '981', '310', '556', '312', '722', '818', '377']
['922', '29', '504', '617', '252', '920', '608', '233', '144', '186', '430', '305', '274', '945', '85', '863', '40', '836', '888', '425', '195', '284', '519', '343', '2', '941', '440', '333', '422', '635', '127', '337', '120', '974', '760']
['522', '513', '166', '361', '649', '591', '864', '581', '362', '152', '502', '486', '150', '834', '891', '537', '306', '176', '434', '493', '265', '824', '253', '648', '942', '518', '979', '111', '281', '213', '623', '575', '136', '681', '665', '43']
['203', '881', '157', '733', '674', '805', '93', '490', '710', '134', '481', '59', '874', '64', '319', '868', '727', '375', '825', '217', '151', '131', '625', '232', '153', '47', '690', '720', '655', '105', '965', '464', '167', '909', '294', '9']
['394', '872', '508', '458', '54', '683', '861', '363', '349', '276', '853', '602', '658', '445', '164', '621', '539', '194', '383', '907', '165', '113', '703', '879', '55', '989', '365', '34', '911', '342', '329', '737', '924', '185']
['636', '446', '82', '336', '104', '936', '441', '330', '161', '906', '885', '558', '764', '242', '450', '101', '589', '701', '492', '334', '419', '702', '770', '491', '613', '880', '928', '776', '230', '736', '197', '132', '896', '86', '917', '876']
['971', '541', '480', '290', '474', '549', '633', '948', '597', '751', '278', '303', '741', '637', '114', '612', '410', '170', '46', '878', '327', '851', '313', '802', '229', '841', '893', '700', '774', '77', '850', '255']
['718', '421', '877', '374', '886', '840', '813', '4', '972', '521', '147', '409', '578', '413', '789', '417', '895', '169', '428', '411', '535', '976', '739', '615', '724', '582', '516', '756', '338', '219', '542', '605', '883', '643', '331', '309']
['416', '966', '443', '183', '251', '506', '905', '137', '247', '514', '902', '599', '525', '699', '404', '23', '355', '634', '610', '107', '415', '316', '76', '426', '667', '807', '858', '730', '402', '52', '414', '792', '706', '812']
['572', '510', '759', '148', '786', '8', '205', '271', '35', '119', '793', '356', '975', '543', '694', '83', '68', '547', '243', '223', '695', '983', '914', '809', '100', '604', '564', '94', '795', '95', '657', '915', '154', '403', '569', '340']
['650', '406', '98', '787', '350', '693', '174', '84', '296', '250', '449', '932', '935', '923', '321', '753', '479', '133', '652', '532', '937', '39', '190', '626', '141', '811', '181', '378', '912', '15', '73', '140', '159', '529', '348', '715']
['794', '318', '427', '436', '930', '466', '323', '698', '897', '835', '563', '946', '396', '299', '272', '376', '92', '308', '600', '495', '7', '241', '478', '418', '939', '854', '570', '218', '344', '827', '103', '368', '994', '806', '245', '469']
['209', '819', '301', '769', '938', '908', '566', '388', '747', '555', '768', '837', '499', '524', '688', '497', '663', '126', '869', '826', '451', '844', '708', '588', '470', '473', '291', '454', '993', '860', '934', '817', '279', '603', '28', '20']
['468', '705', '846', '717', '401', '6', '838', '644', '782', '848', '779', '713', '282', '762', '162', '48', '900', '735', '586', '675', '158', '300', '560', '99', '862', '740', '484', '408', '168', '595', '528', '146', '785', '66']
