['403']
['284']
['628']
['615']
['318']
['443']
['83', '47', '59', '545', '383', '353', '40', '72', '153', '3']
['578', '222', '376', '564', '328', '425', '143', '66', '591', '579', '699', '362', '629', '238', '332', '29', '621', '693', '283', '76', '387', '609', '389', '282', '439', '492', '114', '688', '22', '111']
['570', '386', '593', '118', '418', '172', '480', '308', '319', '207', '279', '336', '571', '212', '21', '536', '107', '459', '264', '663', '604', '503', '682', '374', '256', '159', '530', '147', '597', '200']
['483', '145', '50', '303', '100', '326', '472', '265', '687', '60', '685', '185', '364', '547', '413', '37', '358', '657', '117', '54', '404', '277', '86', '75', '51', '640', '484', '424', '44']
['175', '539', '229', '527', '616', '351', '127', '402', '53', '361', '342', '300', '315', '644', '199', '109', '268', '333', '5', '218', '121', '655', '291', '476', '489', '24', '491', '226', '30', '203']
['138', '357', '518', '437', '341', '116', '631', '384', '275', '204', '321', '394', '426', '294', '220', '259', '242', '607', '110', '228', '427', '501', '463', '461', '504', '592', '214', '133', '93', '664']
['636', '494', '239', '48', '292', '614', '227', '691', '240', '359', '347', '586', '587', '310', '676', '142', '243', '535', '520', '1', '603', '324', '549', '192', '438', '45', '412', '273', '537', '565']
['224', '514', '177', '266', '455', '231', '451', '193', '180', '191', '331', '42', '77', '448', '511', '680', '692', '106', '454', '641', '236', '278', '96', '524', '396', '560', '276', '619', '274', '219']
['411', '526', '156', '553', '683', '486', '510', '620', '393', '450', '165', '410', '352', '197', '601', '349', '70', '166', '73', '487', '381', '409', '670', '196', '368', '567', '589', '633', '596', '176']
['652', '400', '626', '538', '678', '408', '690', '108', '647', '345', '262', '46', '465', '561', '695', '205', '516', '559', '136', '102', '105', '306', '637', '660', '27', '540', '569', '624', '89', '190']
['104', '453', '134', '272', '82', '658', '360', '225', '250', '419', '562', '155', '34', '33', '311', '126', '375', '558', '370', '446', '440', '124', '237', '135', '32', '25', '686', '162']
['334', '373', '661', '90', '617', '482', '289', '583', '12', '471', '26', '154', '648', '665', '513', '456', '541', '293', '505', '414', '677', '123', '528', '158', '613', '64', '152', '244', '312', '230']
['69', '174', '343', '330', '189', '496', '585', '261', '179', '188', '206', '297', '131', '606', '245', '635', '674', '612', '531', '139', '645', '271', '287', '322', '350', '246', '653', '169', '380', '20']
['36', '63', '434', '58', '130', '618', '390', '415', '488', '17', '363', '598', '115', '309', '314', '6', '407', '19', '595', '163', '184', '122', '339', '557', '366', '369', '379', '85', '304', '241']
['101', '157', '18', '490', '285', '301', '132', '39', '97', '523', '495', '267', '401', '405', '575', '74', '656', '0', '681', '646', '7', '9', '269', '533', '697', '302', '141', '659', '378']
['28', '529', '581', '194', '251', '323', '512', '91', '79', '92', '103', '643', '423', '555', '388', '499', '223', '377', '391', '632', '689', '457', '642', '399', '493', '669', '398', '667', '580', '577']
['62', '478', '55', '444', '572', '252', '421', '464', '120', '280', '4', '290', '173', '666', '672', '112', '382', '694', '298', '420', '422', '320', '556', '81', '348', '500', '651', '160', '654', '254']
['452', '436', '696', '84', '445', '202', '590', '506', '113', '406', '568', '235', '68', '344', '346', '431', '31', '430', '623', '625', '307', '209', '497', '52', '475', '71', '248', '129', '417', '125']
['327', '466', '258', '23', '316', '164', '253', '367', '546', '257', '521', '458', '550', '43', '498', '10', '201', '433', '599', '473', '213', '247', '338', '551', '573', '183', '639', '317', '554', '432']
['508', '428', '49', '217', '286', '146', '313', '441', '56', '281', '295', '522', '67', '187', '335', '442', '474', '181', '544', '2', '288', '210', '233', '477', '365', '372', '356', '16', '462', '574']
['80', '137', '519', '340', '13', '485', '161', '329', '98', '611', '662', '542', '470', '95', '634', '305', '186', '270', '449', '232', '87', '429', '140', '14', '435', '385', '517', '149']
['78', '447', '600', '594', '208', '263', '576', '602', '588', '57', '8', '167', '534', '698', '584', '65', '502', '337', '605', '94', '144', '507', '128', '395', '481', '638', '608', '216', '649', '215']
['509', '11', '182', '479', '416', '260', '684', '460', '548', '299', '627', '234', '622', '99', '15', '355', '563', '255', '566', '469', '88', '532', '525', '325', '552', '650', '582', '151', '397', '515']
['296', '668', '679', '198', '178', '671', '371', '211', '673', '195', '467', '354', '150', '119', '171', '610', '170', '630', '38', '249', '168', '543', '61', '675', '35', '392', '221', '41', '148', '468']
